number,value,params_lambda_prior,params_one_minus_gamma,params_ucb_alpha,user_attrs_bandit_consulted_ratio_overall,user_attrs_constraints_values,user_attrs_cv_finite_objective,user_attrs_cv_min_symbol_trades,user_attrs_decision_point_ratio_overall,user_attrs_dro_alpha,user_attrs_dro_minimax_max,user_attrs_dro_minimax_mean,user_attrs_dro_minimax_median,user_attrs_dro_minimax_min,user_attrs_dro_minimax_std,user_attrs_dro_pure_min_mean,user_attrs_dro_pure_min_median,user_attrs_dro_pure_min_std,user_attrs_forced_singleton_ratio_overall,user_attrs_full_mean_aggregate_median,user_attrs_h1_mean_aggregate_median,user_attrs_h2_mean_aggregate_median,user_attrs_mean_holding_bars_overall,user_attrs_median_holding_bars_overall,user_attrs_median_max_drawdown_abs,user_attrs_median_min_symbol_trades,user_attrs_median_profit_factor,user_attrs_median_time_between_entries_overall,user_attrs_median_total_trades,user_attrs_memory_horizon_bars,user_attrs_n_seeds,user_attrs_objective_metric_name,user_attrs_objective_score,user_attrs_observed_dro_minimax_median,user_attrs_observed_dro_pure_min_median,user_attrs_observed_median_max_drawdown_abs,user_attrs_observed_median_min_symbol_trades,user_attrs_observed_median_profit_factor,user_attrs_observed_median_total_trades,user_attrs_p25_holding_bars_overall,user_attrs_p75_holding_bars_overall,user_attrs_pending_update_queued_ratio_overall,user_attrs_seeds_used,user_attrs_share_trades_closed_after_horizon_overall,user_attrs_share_trades_closed_before_horizon_overall,user_attrs_valid,state
0,-4.313726568942774,1.0,0.003076923076923077,0.1,0.61,"[-137.0, 0.0]",0.0,-137.0,0.61,0.5,-4.313726568942774,-4.313726568942774,-4.313726568942774,-4.313726568942774,0.0,-4.913518418278126,-4.913518418278126,0.0,0.39,-7.305285931571966,-2.5143510209367186,-4.913518418278126,5.8,4.0,9.203409235355842,187.0,0.7315657272977509,7.0,579.0,325.0,1,dro_minimax_median,-4.313726568942774,-4.313726568942774,-4.913518418278126,9.203409235355842,187.0,0.7315657272977509,579.0,4.0,5.0,0.608,3142,0.11282051282051282,0.8871794871794871,True,COMPLETE
1,-3.638733362039941,10.849298953354761,0.0030642138437545026,0.04743552925961268,0.6615,"[-112.0, 0.0]",0.0,-112.0,0.6615,0.5,-3.638733362039941,-3.638733362039941,-3.638733362039941,-3.638733362039941,0.0,-4.502988443741821,-4.502988443741821,0.0,0.3385,-5.495067993347732,-1.0459681169343,-4.502988443741821,6.165680473372781,4.0,7.54424114155775,162.0,0.7719580906066801,9.0,515.0,326.34798058830177,1,dro_minimax_median,-3.638733362039941,-3.638733362039941,-4.502988443741821,7.54424114155775,162.0,0.7719580906066801,515.0,4.0,6.0,0.657,3142,0.15976331360946747,0.8402366863905325,True,COMPLETE
2,-5.437968352749664,1.391787756481205,0.003938698768606472,0.005020523174778083,0.618,"[-137.0, 0.0]",0.0,-137.0,0.618,0.5,-5.437968352749664,-5.437968352749664,-5.437968352749664,-5.437968352749664,0.0,-6.567885298171006,-6.567885298171006,0.0,0.382,-8.488822006250237,-2.048217516485636,-6.567885298171006,5.059701492537314,4.0,9.829331284130905,187.0,0.674102679213409,7.0,579.0,253.89095707712733,1,dro_minimax_median,-5.437968352749664,-5.437968352749664,-6.567885298171006,9.829331284130905,187.0,0.674102679213409,579.0,4.0,5.0,0.6155,3142,0.06951871657754011,0.93048128342246,True,COMPLETE
3,-6.061415356981197,6.117025522674068,0.002964161000843622,0.011290461803700183,0.666,"[-91.0, 0.0]",0.0,-91.0,0.666,0.5,-6.061415356981197,-6.061415356981197,-6.061415356981197,-6.061415356981197,0.0,-7.673176147990865,-7.673176147990865,0.0,0.33399999999999996,-8.81907612267897,-1.2261329839521957,-7.673176147990865,5.910179640718563,4.0,11.253168068855334,141.0,0.6420562421851883,8.0,503.0,337.36359115290725,1,dro_minimax_median,-6.061415356981197,-6.061415356981197,-7.673176147990865,11.253168068855334,141.0,0.6420562421851883,503.0,4.0,6.0,0.6625,3142,0.1377245508982036,0.8622754491017964,True,COMPLETE
4,-6.351302696099958,2.825279658780465,0.005549829143785145,0.005577587269233879,0.616,"[-102.0, 0.0]",0.0,-102.0,0.616,0.5,-6.351302696099958,-6.351302696099958,-6.351302696099958,-6.351302696099958,0.0,-8.010233034842619,-8.010233034842619,0.0,0.384,-9.24109344128959,-1.3745116798719739,-8.010233034842619,5.479166666666667,4.0,13.844640124701558,152.0,0.6111584578747581,8.0,544.0,180.18572718041744,1,dro_minimax_median,-6.351302696099958,-6.351302696099958,-8.010233034842619,13.844640124701558,152.0,0.6111584578747581,544.0,4.0,5.0,0.614,3142,0.08854166666666667,0.9114583333333334,True,COMPLETE
5,-5.247326846048658,2.068236356427619,0.002782356838882368,0.04988514469775409,0.6355,"[-100.0, 0.0]",0.0,-100.0,0.6355,0.5,-5.247326846048658,-5.247326846048658,-5.247326846048658,-5.247326846048658,0.0,-6.1629546975372,-6.1629546975372,0.0,0.36450000000000005,-8.502877003689044,-2.5004432915830357,-6.1629546975372,6.102702702702703,4.0,11.247409527228914,150.0,0.6633628286104195,8.0,517.0,359.4075303445569,1,dro_minimax_median,-5.247326846048658,-5.247326846048658,-6.1629546975372,11.247409527228914,150.0,0.6633628286104195,517.0,4.0,6.0,0.6325,3142,0.15384615384615385,0.8461538461538461,True,COMPLETE
6,-6.414978257981641,2.1146024497025016,0.004701851255990697,0.006235003999783108,0.636,"[-116.0, 0.0]",0.0,-116.0,0.636,0.5,-6.414978257981641,-6.414978257981641,-6.414978257981641,-6.414978257981641,0.0,-7.2647176171489,-7.2647176171489,0.0,0.364,-10.821381015903958,-3.865760180479864,-7.2647176171489,5.873626373626373,4.0,11.051938621431667,166.0,0.5832918966636844,7.0,552.0,212.6821852830596,1,dro_minimax_median,-6.414978257981641,-6.414978257981641,-7.2647176171489,11.051938621431667,166.0,0.5832918966636844,552.0,4.0,5.0,0.634,3142,0.12087912087912088,0.8791208791208791,True,COMPLETE
7,-4.443556375351813,10.570638336996952,0.0041043442058153745,0.02372545702135237,0.648,"[-111.0, 0.0]",0.0,-111.0,0.648,0.5,-4.443556375351813,-4.443556375351813,-4.443556375351813,-4.443556375351813,0.0,-5.287512585868625,-5.287512585868625,0.0,0.352,-7.0778663498567385,-1.9116877438013749,-5.287512585868625,6.051136363636363,4.0,9.126992133667933,161.0,0.7048830632803088,8.0,518.0,243.6442827049245,1,dro_minimax_median,-4.443556375351813,-4.443556375351813,-5.287512585868625,9.126992133667933,161.0,0.7048830632803088,518.0,4.0,6.0,0.645,3142,0.1534090909090909,0.8465909090909091,True,COMPLETE
8,-3.8852416634802474,4.95612888468418,0.0025078424756698682,0.021074635636296444,0.6855,"[-83.0, 0.0]",0.0,-83.0,0.6855,0.5,-3.8852416634802474,-3.8852416634802474,-3.8852416634802474,-3.8852416634802474,0.0,-4.62187473008235,-4.62187473008235,0.0,0.3145,-6.234321818400857,-1.675342463673938,-4.62187473008235,6.819277108433735,4.0,9.273845270787739,133.0,0.6776350848179347,9.0,456.0,398.7491278665302,1,dro_minimax_median,-3.8852416634802474,-3.8852416634802474,-4.62187473008235,9.273845270787739,133.0,0.6776350848179347,456.0,4.0,7.0,0.683,3142,0.1910828025477707,0.8089171974522293,True,COMPLETE
9,-3.080952348457029,4.967208533643981,0.0038214070313964924,0.018175600264839935,0.632,"[-103.0, 0.0]",0.0,-103.0,0.632,0.5,-3.080952348457029,-3.080952348457029,-3.080952348457029,-3.080952348457029,0.0,-3.917624122036186,-3.917624122036186,0.0,0.368,-4.4709393752740745,-0.5709370277195572,-3.917624122036186,5.880434782608695,4.0,6.489939379269516,153.0,0.7725939963837094,7.0,526.0,261.68371800858927,1,dro_minimax_median,-3.080952348457029,-3.080952348457029,-3.917624122036186,6.489939379269516,153.0,0.7725939963837094,526.0,4.0,5.0,0.63,3142,0.125,0.875,True,COMPLETE
10,-5.840330331668863,29.079954423066432,0.005489920117545557,0.013150035712541036,0.6835,"[-82.0, 0.0]",0.0,-82.0,0.6835,0.5,-5.840330331668863,-5.840330331668863,-5.840330331668863,-5.840330331668863,0.0,-7.937631916972738,-7.937631916972738,0.0,0.3165,-7.552385899927457,0.4515744242427622,-7.937631916972738,6.19620253164557,4.0,10.911063805459575,132.0,0.6517313384554081,9.0,466.0,182.15201288704392,1,dro_minimax_median,-5.840330331668863,-5.840330331668863,-7.937631916972738,10.911063805459575,132.0,0.6517313384554081,466.0,4.0,6.0,0.681,3142,0.14556962025316456,0.8544303797468354,True,COMPLETE
11,-3.474360479399799,24.712969264636598,0.0025316682809664384,0.05353001093108912,0.662,"[-97.0, 0.0]",0.0,-97.0,0.662,0.5,-3.474360479399799,-3.474360479399799,-3.474360479399799,-3.474360479399799,0.0,-4.280198340640691,-4.280198340640691,0.0,0.33799999999999997,-5.294889260423171,-1.0568468956771215,-4.280198340640691,6.384615384615385,4.0,9.753490880903215,147.0,0.7718454371744595,9.0,492.0,394.9964564940002,1,dro_minimax_median,-3.474360479399799,-3.474360479399799,-4.280198340640691,9.753490880903215,147.0,0.7718454371744595,492.0,4.0,7.0,0.6595,3142,0.13609467455621302,0.863905325443787,True,COMPLETE
12,-3.9685610983593698,15.141697034252298,0.002298929668810476,0.19511341450062492,0.6255,"[-112.0, 0.0]",0.0,-112.0,0.6255,0.5,-3.9685610983593698,-3.9685610983593698,-3.9685610983593698,-3.9685610983593698,0.0,-4.904143520364412,-4.904143520364412,0.0,0.37450000000000006,-6.006977380264471,-1.1618138323442422,-4.904143520364412,5.754010695187166,4.0,8.481207464278462,162.0,0.7475038879321109,7.0,550.0,434.9850339342591,1,dro_minimax_median,-3.9685610983593698,-3.9685610983593698,-4.904143520364412,8.481207464278462,162.0,0.7475038879321109,550.0,4.0,5.5,0.621,3142,0.12834224598930483,0.8716577540106952,True,COMPLETE
13,-4.77346764894386,24.663802392907797,0.002716432224580882,0.014678910718641365,0.71,"[-84.0, 0.0]",0.0,-84.0,0.71,0.5,-4.77346764894386,-4.77346764894386,-4.77346764894386,-4.77346764894386,0.0,-6.268631438765538,-6.268631438765538,0.0,0.29000000000000004,-6.539782009817967,-0.28797627947882615,-6.268631438765538,7.13103448275862,4.0,10.629346982634225,134.0,0.7108903696088817,10.0,450.0,368.1299282754201,1,dro_minimax_median,-4.77346764894386,-4.77346764894386,-6.268631438765538,10.629346982634225,134.0,0.7108903696088817,450.0,4.0,8.0,0.705,3142,0.20689655172413793,0.7931034482758621,True,COMPLETE
14,-5.563885436829645,2.8643621860105903,0.004591135446303195,0.05113972358059198,0.628,"[-128.0, 0.0]",0.0,-128.0,0.628,0.5,-5.563885436829645,-5.563885436829645,-5.563885436829645,-5.563885436829645,0.0,-6.833951877525602,-6.833951877525602,0.0,0.372,-8.462937104408763,-1.7536861147417742,-6.833951877525602,5.989247311827957,4.0,12.158692413314064,178.0,0.6793172648051455,7.0,569.0,217.81104297526335,1,dro_minimax_median,-5.563885436829645,-5.563885436829645,-6.833951877525602,12.158692413314064,178.0,0.6793172648051455,569.0,4.0,6.0,0.6255,3142,0.13440860215053763,0.8655913978494624,True,COMPLETE
15,-4.544942107139262,22.353152054507657,0.0025881362014781267,0.053898931663718015,0.6665,"[-103.0, 0.0]",0.0,-103.0,0.6665,0.5,-4.544942107139262,-4.544942107139262,-4.544942107139262,-4.544942107139262,0.0,-5.616505306442413,-5.616505306442413,0.0,0.3335,-6.873993501929295,-1.3302525092298085,-5.616505306442413,6.544910179640719,4.0,9.612370843533569,153.0,0.6841119815452993,9.0,489.0,386.37842916801816,1,dro_minimax_median,-4.544942107139262,-4.544942107139262,-5.616505306442413,9.612370843533569,153.0,0.6841119815452993,489.0,4.0,7.0,0.664,3142,0.16766467065868262,0.8323353293413174,True,COMPLETE
16,-5.111439478436371,1.4297112554736209,0.002956776086317232,0.011556884437339201,0.6585,"[-113.0, 0.0]",0.0,-113.0,0.6585,0.5,-5.111439478436371,-5.111439478436371,-5.111439478436371,-5.111439478436371,0.0,-6.097830256050174,-6.097830256050174,0.0,0.3415,-8.133018120490599,-2.1522671455949625,-6.097830256050174,5.6647058823529415,4.0,11.109393402684297,163.0,0.6260767926079653,8.0,526.0,338.2061985104645,1,dro_minimax_median,-5.111439478436371,-5.111439478436371,-6.097830256050174,11.109393402684297,163.0,0.6260767926079653,526.0,4.0,6.0,0.657,3142,0.1,0.9,True,COMPLETE
17,-3.648826374237975,17.558875615589788,0.003535429136882366,0.1609835072793477,0.6255,"[-119.0, 0.0]",0.0,-119.0,0.6255,0.5,-3.648826374237975,-3.648826374237975,-3.648826374237975,-3.648826374237975,0.0,-4.270896384226115,-4.270896384226115,0.0,0.37450000000000006,-5.974999434623292,-1.7826163442735539,-4.270896384226115,5.846153846153846,4.0,8.289376099586466,169.0,0.6914789414257461,7.0,551.0,282.85109424702716,1,dro_minimax_median,-3.648826374237975,-3.648826374237975,-4.270896384226115,8.289376099586466,169.0,0.6914789414257461,551.0,4.0,5.0,0.621,3142,0.13368983957219252,0.8663101604278075,True,COMPLETE
18,-6.503568953328454,13.219912021211915,0.0052854568783927,0.107255830353027,0.644,"[-112.0, 0.0]",0.0,-112.0,0.644,0.5,-6.503568953328454,-6.503568953328454,-6.503568953328454,-6.503568953328454,0.0,-7.6868789333138166,-7.6868789333138166,0.0,0.356,-10.411204866796266,-2.953639013372367,-7.6868789333138166,6.207865168539326,4.0,14.326388655520217,162.0,0.5975255354681787,8.0,530.0,189.1984029021345,1,dro_minimax_median,-6.503568953328454,-6.503568953328454,-7.6868789333138166,14.326388655520217,162.0,0.5975255354681787,530.0,4.0,6.0,0.6415,3142,0.1348314606741573,0.8651685393258427,True,COMPLETE
19,-6.7277278120637165,0.6514843360244341,0.004269981831332324,0.01724871925472355,0.627,"[-100.0, 0.0]",0.0,-100.0,0.627,0.5,-6.7277278120637165,-6.7277278120637165,-6.7277278120637165,-6.7277278120637165,0.0,-8.58902967492215,-8.58902967492215,0.0,0.373,-9.640347703123897,-1.1438222234884148,-8.58902967492215,5.666666666666667,4.0,10.503018598104653,150.0,0.6138293336890179,8.0,525.0,234.1930339520857,1,dro_minimax_median,-6.7277278120637165,-6.7277278120637165,-8.58902967492215,10.503018598104653,150.0,0.6138293336890179,525.0,4.0,6.0,0.6245,3142,0.10052910052910052,0.8994708994708994,True,COMPLETE
20,-5.23138192381027,3.2138741481994706,0.004333662840303737,0.018869603931579118,0.6445,"[-95.0, 0.0]",0.0,-95.0,0.6445,0.5,-5.23138192381027,-5.23138192381027,-5.23138192381027,-5.23138192381027,0.0,-6.578223419759411,-6.578223419759411,0.0,0.35550000000000004,-7.688535618057787,-1.190857435962848,-6.578223419759411,6.067415730337078,4.0,11.613303562625877,145.0,0.6347188522595613,8.0,523.0,230.75168439497529,1,dro_minimax_median,-5.23138192381027,-5.23138192381027,-6.578223419759411,11.613303562625877,145.0,0.6347188522595613,523.0,4.0,6.0,0.643,3142,0.15168539325842698,0.848314606741573,True,COMPLETE
21,-3.8547797590242423,6.197059580731719,0.003161635901315752,0.04322169923309103,0.6435,"[-103.0, 0.0]",0.0,-103.0,0.6435,0.5,-3.8547797590242423,-3.8547797590242423,-3.8547797590242423,-3.8547797590242423,0.0,-4.831946475696358,-4.831946475696358,0.0,0.35650000000000004,-5.70942131045807,-0.9232796090078951,-4.831946475696358,6.021857923497268,4.0,8.222926137171438,153.0,0.7219073396248311,8.0,514.0,316.2919549287248,1,dro_minimax_median,-3.8547797590242423,-3.8547797590242423,-4.831946475696358,8.222926137171438,153.0,0.7219073396248311,514.0,4.0,5.75,0.639,3142,0.14754098360655737,0.8524590163934426,True,COMPLETE
22,-3.791925310778907,7.255149305046217,0.002324065063254113,0.05918485421775255,0.686,"[-89.0, 0.0]",0.0,-89.0,0.686,0.5,-3.791925310778907,-3.791925310778907,-3.791925310778907,-3.791925310778907,0.0,-4.7470500195036625,-4.7470500195036625,0.0,0.31399999999999995,-5.626508280035221,-0.9265511846046404,-4.7470500195036625,6.726114649681529,4.0,9.707293835804387,139.0,0.707095548790343,9.0,495.0,430.280552731092,1,dro_minimax_median,-3.791925310778907,-3.791925310778907,-4.7470500195036625,9.707293835804387,139.0,0.707095548790343,495.0,4.0,7.0,0.683,3142,0.18471337579617833,0.8152866242038217,True,COMPLETE
23,-4.625200025335269,13.582892560102442,0.003326105468469045,0.05311557158032529,0.6615,"[-101.0, 0.0]",0.0,-101.0,0.6615,0.5,-4.625200025335269,-4.625200025335269,-4.625200025335269,-4.625200025335269,0.0,-5.765589087367761,-5.765589087367761,0.0,0.3385,-6.8916841308984305,-1.2040328392377935,-5.765589087367761,6.1301775147929,4.0,8.829719902526623,151.0,0.7143495815157316,8.0,510.0,300.65192143780234,1,dro_minimax_median,-4.625200025335269,-4.625200025335269,-5.765589087367761,8.829719902526623,151.0,0.7143495815157316,510.0,4.0,6.0,0.657,3142,0.15976331360946747,0.8402366863905325,True,COMPLETE
24,-3.4686354581223515,23.86765014051994,0.00226451683582144,0.050378922605330376,0.6815,"[-84.0, 0.0]",0.0,-84.0,0.6815,0.5,-3.4686354581223515,-3.4686354581223515,-3.4686354581223515,-3.4686354581223515,0.0,-4.403370865267974,-4.403370865267974,0.0,0.3185,-5.039433475429322,-0.664429236685482,-4.403370865267974,6.427672955974843,4.0,7.109256770220796,134.0,0.7558066793680425,9.0,474.0,441.5953037669759,1,dro_minimax_median,-3.4686354581223515,-3.4686354581223515,-4.403370865267974,7.109256770220796,134.0,0.7558066793680425,474.0,4.0,6.5,0.677,3142,0.16981132075471697,0.8301886792452831,True,COMPLETE
25,-4.32211914663722,28.027480944523504,0.0022585984838503948,0.020897765867403176,0.7015,"[-87.0, 0.0]",0.0,-87.0,0.7015,0.5,-4.32211914663722,-4.32211914663722,-4.32211914663722,-4.32211914663722,0.0,-5.304673501683925,-5.304673501683925,0.0,0.2985,-6.593382789290051,-1.374456081497107,-5.304673501683925,7.120805369127517,4.0,9.744916763373567,137.0,0.6532535736511106,9.0,456.0,442.75244455810855,1,dro_minimax_median,-4.32211914663722,-4.32211914663722,-5.304673501683925,9.744916763373567,137.0,0.6532535736511106,456.0,4.0,7.0,0.697,3142,0.18248175182481752,0.8175182481751825,True,COMPLETE
26,-4.206507251278499,14.141456318531459,0.0024416270659427747,0.04189154487865332,0.674,"[-83.0, 0.0]",0.0,-83.0,0.674,0.5,-4.206507251278499,-4.206507251278499,-4.206507251278499,-4.206507251278499,0.0,-5.297598234129623,-5.297598234129623,0.0,0.32599999999999996,-6.189451762027027,-0.9332343027251278,-5.297598234129623,6.251533742331288,4.0,10.13329947317082,133.0,0.7210771947828564,9.0,488.0,409.56295658275496,1,dro_minimax_median,-4.206507251278499,-4.206507251278499,-5.297598234129623,10.13329947317082,133.0,0.7210771947828564,488.0,4.0,6.0,0.671,3142,0.17791411042944785,0.8220858895705522,True,COMPLETE
27,-3.9529928547539894,25.121149927723632,0.0023118651184002026,0.05196179739101449,0.6755,"[-104.0, 0.0]",0.0,-104.0,0.6755,0.5,-3.9529928547539894,-3.9529928547539894,-3.9529928547539894,-3.9529928547539894,0.0,-4.703524857322143,-4.703524857322143,0.0,0.3245,-6.345504935074028,-1.70139684704953,-4.703524857322143,6.4753086419753085,4.0,9.601717297006795,154.0,0.6912081239986868,9.0,495.0,432.5511865034731,1,dro_minimax_median,-3.9529928547539894,-3.9529928547539894,-4.703524857322143,9.601717297006795,154.0,0.6912081239986868,495.0,4.0,6.75,0.671,3142,0.16233766233766234,0.8376623376623377,True,COMPLETE
28,-4.452573571521385,23.846750253291777,0.0029254533027447123,0.08361873019276757,0.6375,"[-96.0, 0.0]",0.0,-96.0,0.6375,0.5,-4.452573571521385,-4.452573571521385,-4.452573571521385,-4.452573571521385,0.0,-5.257431072580476,-5.257431072580476,0.0,0.36250000000000004,-7.182483327232755,-2.038001068344112,-5.257431072580476,6.175824175824176,4.0,10.604278320500516,146.0,0.6774490978555094,8.0,509.0,341.8273670824902,1,dro_minimax_median,-4.452573571521385,-4.452573571521385,-5.257431072580476,10.604278320500516,146.0,0.6774490978555094,509.0,4.0,6.0,0.633,3142,0.16483516483516483,0.8351648351648352,True,COMPLETE
29,-3.785722784124679,0.5504787184539409,0.003352823495831814,0.04396226483671372,0.622,"[-95.0, 0.0]",0.0,-95.0,0.622,0.5,-3.785722784124679,-3.785722784124679,-3.785722784124679,-3.785722784124679,0.0,-4.81390707394388,-4.81390707394388,0.0,0.378,-5.476488506698696,-0.7011699146670769,-4.81390707394388,5.851851851851852,4.0,7.45201845541591,145.0,0.7428193403285087,7.0,529.0,298.2560821478336,1,dro_minimax_median,-3.785722784124679,-3.785722784124679,-4.81390707394388,7.45201845541591,145.0,0.7428193403285087,529.0,4.0,5.0,0.6195,3142,0.12169312169312169,0.8783068783068783,True,COMPLETE
30,-6.131142737714068,0.5254879944538777,0.0024220094138913493,0.1870173106955373,0.6255,"[-131.0, 0.0]",0.0,-131.0,0.6255,0.5,-6.131142737714068,-6.131142737714068,-6.131142737714068,-6.131142737714068,0.0,-7.130596295671718,-7.130596295671718,0.0,0.37450000000000006,-10.03393358884677,-3.1327820638411183,-7.130596295671718,5.748663101604278,4.0,11.316792116218632,181.0,0.6489350205139679,8.0,582.0,412.88031097837,1,dro_minimax_median,-6.131142737714068,-6.131142737714068,-7.130596295671718,11.316792116218632,181.0,0.6489350205139679,582.0,4.0,6.0,0.6225,3142,0.0962566844919786,0.9037433155080213,True,COMPLETE
