number,value,params_lambda_prior,params_one_minus_gamma,params_ucb_alpha,user_attrs_bandit_consulted_ratio_overall,user_attrs_constraints_values,user_attrs_cv_finite_objective,user_attrs_cv_min_symbol_trades,user_attrs_decision_point_ratio_overall,user_attrs_dro_alpha,user_attrs_dro_minimax_max,user_attrs_dro_minimax_mean,user_attrs_dro_minimax_median,user_attrs_dro_minimax_min,user_attrs_dro_minimax_std,user_attrs_dro_pure_min_mean,user_attrs_dro_pure_min_median,user_attrs_dro_pure_min_std,user_attrs_forced_singleton_ratio_overall,user_attrs_full_mean_aggregate_median,user_attrs_h1_mean_aggregate_median,user_attrs_h2_mean_aggregate_median,user_attrs_mean_holding_bars_overall,user_attrs_median_holding_bars_overall,user_attrs_median_max_drawdown_abs,user_attrs_median_min_symbol_trades,user_attrs_median_profit_factor,user_attrs_median_time_between_entries_overall,user_attrs_median_total_trades,user_attrs_memory_horizon_bars,user_attrs_n_seeds,user_attrs_objective_metric_name,user_attrs_objective_score,user_attrs_observed_dro_minimax_median,user_attrs_observed_dro_pure_min_median,user_attrs_observed_median_max_drawdown_abs,user_attrs_observed_median_min_symbol_trades,user_attrs_observed_median_profit_factor,user_attrs_observed_median_total_trades,user_attrs_p25_holding_bars_overall,user_attrs_p75_holding_bars_overall,user_attrs_pending_update_queued_ratio_overall,user_attrs_seeds_used,user_attrs_share_trades_closed_after_horizon_overall,user_attrs_share_trades_closed_before_horizon_overall,user_attrs_valid,state
31,-5.251350562363547,8.181970315076248,0.0036589527679234345,0.00856599107122336,0.662,"[-105.0, 0.0]",0.0,-105.0,0.662,0.5,-5.251350562363547,-5.251350562363547,-5.251350562363547,-5.251350562363547,0.0,-6.657173160304212,-6.657173160304212,0.0,0.33799999999999997,-7.625735600493299,-1.0338827685415535,-6.657173160304212,6.171428571428572,4.0,10.019688823204332,155.0,0.6468816136719923,9.0,499.0,273.30224340871445,1,dro_minimax_median,-5.251350562363547,-5.251350562363547,-6.657173160304212,10.019688823204332,155.0,0.6468816136719923,499.0,4.0,6.0,0.657,3142,0.14285714285714285,0.8571428571428571,True,COMPLETE
32,-2.3811854306433378,4.17617894569081,0.0035646988113557476,0.014744047178852818,0.6495,"[-96.0, 0.0]",0.0,-96.0,0.6495,0.5,-2.3811854306433378,-2.3811854306433378,-2.3811854306433378,-2.3811854306433378,0.0,-3.0294994482130426,-3.0294994482130426,0.0,0.35050000000000003,-3.4504004660829515,-0.4362433779342238,-3.0294994482130426,5.8742857142857146,4.0,7.51932655974592,146.0,0.8111848921051626,8.0,504.0,280.52860926549755,1,dro_minimax_median,-2.3811854306433378,-2.3811854306433378,-3.0294994482130426,7.51932655974592,146.0,0.8111848921051626,504.0,4.0,5.0,0.647,3142,0.13142857142857142,0.8685714285714285,True,COMPLETE
33,-5.4571741876317,4.453444387861006,0.0037839460410284444,0.022730986940213208,0.6335,"[-115.0, 0.0]",0.0,-115.0,0.6335,0.5,-5.4571741876317,-5.4571741876317,-5.4571741876317,-5.4571741876317,0.0,-6.567412973089027,-6.567412973089027,0.0,0.36650000000000005,-8.56996797908768,-2.126457831259717,-6.567412973089027,5.7105263157894735,4.0,10.284131989005928,165.0,0.6381581053168688,8.0,538.0,264.2743815998519,1,dro_minimax_median,-5.4571741876317,-5.4571741876317,-6.567412973089027,10.284131989005928,165.0,0.6381581053168688,538.0,4.0,5.0,0.6305,3142,0.11475409836065574,0.8852459016393442,True,COMPLETE
34,-3.9872798997628576,2.8261670515857116,0.003353868279950271,0.010303125969559535,0.624,"[-97.0, 0.0]",0.0,-97.0,0.624,0.5,-3.9872798997628576,-3.9872798997628576,-3.9872798997628576,-3.9872798997628576,0.0,-4.884027221235913,-4.884027221235913,0.0,0.376,-6.121278112464908,-1.2970379353436923,-4.884027221235913,5.382978723404255,4.0,9.466755813858384,147.0,0.7389351869176396,8.0,538.0,298.1631705628067,1,dro_minimax_median,-3.9872798997628576,-3.9872798997628576,-4.884027221235913,9.466755813858384,147.0,0.7389351869176396,538.0,4.0,5.0,0.6225,3142,0.11170212765957446,0.8882978723404256,True,COMPLETE
35,-4.41971367010945,0.780073625674293,0.003662269932774783,0.15281875975259795,0.604,"[-129.0, 0.0]",0.0,-129.0,0.604,0.5,-4.41971367010945,-4.41971367010945,-4.41971367010945,-4.41971367010945,0.0,-5.188554022758141,-5.188554022758141,0.0,0.396,-7.197431349036942,-2.1131926121633797,-5.188554022758141,5.762626262626263,4.0,9.646810853423704,179.0,0.7311276937681043,7.0,582.0,273.0546951361208,1,dro_minimax_median,-4.41971367010945,-4.41971367010945,-5.188554022758141,9.646810853423704,179.0,0.7311276937681043,582.0,4.0,5.0,0.6015,3142,0.1111111111111111,0.8888888888888888,True,COMPLETE
36,-4.436719212213733,2.9783627765122063,0.0035222154715552818,0.028006969548553813,0.6265,"[-102.0, 0.0]",0.0,-102.0,0.6265,0.5,-4.436719212213733,-4.436719212213733,-4.436719212213733,-4.436719212213733,0.0,-5.136485062708496,-5.136485062708496,0.0,0.37350000000000005,-7.342734232534447,-2.337421660729444,-5.136485062708496,5.775401069518717,4.0,10.843313940852905,152.0,0.6768279790456254,8.0,548.0,283.91221606849524,1,dro_minimax_median,-4.436719212213733,-4.436719212213733,-5.136485062708496,10.843313940852905,152.0,0.6768279790456254,548.0,4.0,5.5,0.624,3142,0.12834224598930483,0.8716577540106952,True,COMPLETE
37,-6.44846409483608,6.439456668311509,0.0032876182948021458,0.015444907741322577,0.654,"[-81.0, 0.0]",0.0,-81.0,0.654,0.5,-6.44846409483608,-6.44846409483608,-6.44846409483608,-6.44846409483608,0.0,-8.431734825272848,-8.431734825272848,0.0,0.346,-8.858470381812582,-0.4986519035257782,-8.431734825272848,6.317919075144508,4.0,9.500863766893419,131.0,0.683635197069935,8.0,505.0,304.17156443649174,1,dro_minimax_median,-6.44846409483608,-6.44846409483608,-8.431734825272848,9.500863766893419,131.0,0.683635197069935,505.0,4.0,6.0,0.6495,3142,0.15028901734104047,0.8497109826589595,True,COMPLETE
38,-4.424916745058408,13.350047692797025,0.0022921294011060203,0.06308868767533495,0.6715,"[-91.0, 0.0]",0.0,-91.0,0.6715,0.5,-4.424916745058408,-4.424916745058408,-4.424916745058408,-4.424916745058408,0.0,-5.03990190820807,-5.03990190820807,0.0,0.3285,-7.48388494364827,-2.579961255609424,-5.03990190820807,6.5182926829268295,4.0,9.787070585627466,141.0,0.6234024385902783,9.0,491.0,436.2755433953556,1,dro_minimax_median,-4.424916745058408,-4.424916745058408,-5.03990190820807,9.787070585627466,141.0,0.6234024385902783,491.0,4.0,7.0,0.667,3142,0.1951219512195122,0.8048780487804879,True,COMPLETE
39,-4.695732185427051,2.3754402528589194,0.0051732678333435865,0.19616457302707957,0.5665,"[-133.0, 0.0]",0.0,-133.0,0.5665,0.5,-4.695732185427051,-4.695732185427051,-4.695732185427051,-4.695732185427051,0.0,-5.385466490668345,-5.385466490668345,0.0,0.4335,-7.866833549068583,-2.626529269703171,-5.385466490668345,5.2592592592592595,4.0,10.307616220493765,183.0,0.6922264093318355,7.0,620.0,193.30141647695825,1,dro_minimax_median,-4.695732185427051,-4.695732185427051,-5.385466490668345,10.307616220493765,183.0,0.6922264093318355,620.0,4.0,5.0,0.564,3142,0.07407407407407407,0.9259259259259259,True,COMPLETE
40,-5.912606290411302,6.750341611739969,0.004264987907650344,0.011793046721290078,0.668,"[-103.0, 0.0]",0.0,-103.0,0.668,0.5,-5.912606290411302,-5.912606290411302,-5.912606290411302,-5.912606290411302,0.0,-7.2816857294964015,-7.2816857294964015,0.0,0.33199999999999996,-8.929377397289114,-1.8053679731560024,-7.2816857294964015,5.981927710843373,4.0,13.103742672779962,153.0,0.6408035392594027,9.0,504.0,234.46725328487915,1,dro_minimax_median,-5.912606290411302,-5.912606290411302,-7.2816857294964015,13.103742672779962,153.0,0.6408035392594027,504.0,4.0,6.0,0.663,3142,0.14457831325301204,0.8554216867469879,True,COMPLETE
41,-4.240168657447505,24.99991563919446,0.002477682596254491,0.0810628967643726,0.657,"[-100.0, 0.0]",0.0,-100.0,0.657,0.5,-4.240168657447505,-4.240168657447505,-4.240168657447505,-4.240168657447505,0.0,-5.303430026151875,-5.303430026151875,0.0,0.34299999999999997,-6.30402445323434,-1.0503845513343935,-5.303430026151875,6.169590643274854,4.0,10.279851895801118,150.0,0.7084256320217373,9.0,505.0,403.6029479771536,1,dro_minimax_median,-4.240168657447505,-4.240168657447505,-5.303430026151875,10.279851895801118,150.0,0.7084256320217373,505.0,4.0,6.0,0.653,3142,0.1695906432748538,0.8304093567251462,True,COMPLETE
42,-4.206476289733245,11.04990579488667,0.0030141336915392647,0.022093177822949693,0.6645,"[-108.0, 0.0]",0.0,-108.0,0.6645,0.5,-4.206476289733245,-4.206476289733245,-4.206476289733245,-4.206476289733245,0.0,-5.097204028501619,-5.097204028501619,0.0,0.3355,-6.549482904332486,-1.5342930734281204,-5.097204028501619,6.209580838323354,4.0,10.923255252541097,158.0,0.6857448195113716,8.0,504.0,331.770287033724,1,dro_minimax_median,-4.206476289733245,-4.206476289733245,-5.097204028501619,10.923255252541097,158.0,0.6857448195113716,504.0,4.0,7.0,0.663,3142,0.1377245508982036,0.8622754491017964,True,COMPLETE
43,-4.2674766858510464,5.55401190003376,0.00562524809789817,0.025784532554622507,0.6345,"[-128.0, 0.0]",0.0,-128.0,0.6345,0.5,-4.2674766858510464,-4.2674766858510464,-4.2674766858510464,-4.2674766858510464,0.0,-5.37457262544465,-5.37457262544465,0.0,0.36550000000000005,-6.284191865963222,-0.9461888670702338,-5.37457262544465,5.918032786885246,4.0,7.716541969081836,178.0,0.7135288527420907,7.0,555.0,177.76993700484823,1,dro_minimax_median,-4.2674766858510464,-4.2674766858510464,-5.37457262544465,7.716541969081836,178.0,0.7135288527420907,555.0,4.0,5.0,0.633,3142,0.13114754098360656,0.8688524590163934,True,COMPLETE
44,-4.572278246102182,11.647567524104312,0.0038530784138618877,0.03584959398984042,0.6415,"[-95.0, 0.0]",0.0,-95.0,0.6415,0.5,-4.572278246102182,-4.572278246102182,-4.572278246102182,-4.572278246102182,0.0,-5.624308196577584,-5.624308196577584,0.0,0.35850000000000004,-6.960821574512522,-1.4161883946759766,-5.624308196577584,5.913978494623656,4.0,9.000670295471846,145.0,0.7209290825926983,8.0,510.0,259.53274047119993,1,dro_minimax_median,-4.572278246102182,-4.572278246102182,-5.624308196577584,9.000670295471846,145.0,0.7209290825926983,510.0,4.0,5.0,0.639,3142,0.12903225806451613,0.8709677419354839,True,COMPLETE
45,-4.958288472478117,24.120004927850527,0.0027927284302831437,0.035780798283859085,0.666,"[-112.0, 0.0]",0.0,-112.0,0.666,0.5,-4.958288472478117,-4.958288472478117,-4.958288472478117,-4.958288472478117,0.0,-5.82030159286947,-5.82030159286947,0.0,0.33399999999999996,-8.083552921572208,-2.372249111304059,-5.82030159286947,6.290123456790123,4.0,11.007562361887702,162.0,0.6474512172472565,9.0,503.0,358.0727682492973,1,dro_minimax_median,-4.958288472478117,-4.958288472478117,-5.82030159286947,11.007562361887702,162.0,0.6474512172472565,503.0,4.0,6.75,0.6635,3142,0.14942528735632185,0.8505747126436781,True,COMPLETE
46,-5.448171677965815,4.801664402529469,0.002829119398612995,0.08183797007176227,0.62,"[-115.0, 0.0]",0.0,-115.0,0.62,0.5,-5.448171677965815,-5.448171677965815,-5.448171677965815,-5.448171677965815,0.0,-6.577352222720641,-6.577352222720641,0.0,0.38,-8.469004891362435,-2.060630043701339,-6.577352222720641,5.813471502590674,4.0,11.654310021018455,165.0,0.6351472881225734,8.0,548.0,353.4668775344937,1,dro_minimax_median,-5.448171677965815,-5.448171677965815,-6.577352222720641,11.654310021018455,165.0,0.6351472881225734,548.0,4.0,6.0,0.615,3142,0.11917098445595854,0.8808290155440415,True,COMPLETE
47,-3.3766646466866224,5.501570070722496,0.0036632181821915594,0.014065611383770079,0.6575,"[-92.0, 0.0]",0.0,-92.0,0.6575,0.5,-3.3766646466866224,-3.3766646466866224,-3.3766646466866224,-3.3766646466866224,0.0,-4.127254374858769,-4.127254374858769,0.0,0.3425,-5.196955898446876,-1.1248954621701834,-4.127254374858769,6.068181818181818,4.0,8.249257091813666,142.0,0.7950892873485014,8.0,489.0,272.98401303570165,1,dro_minimax_median,-3.3766646466866224,-3.3766646466866224,-4.127254374858769,8.249257091813666,142.0,0.7950892873485014,489.0,4.0,6.0,0.6535,3142,0.14619883040935672,0.8538011695906432,True,COMPLETE
48,-3.177346974045926,2.2965322615845127,0.00356449680308974,0.016679856796505813,0.679,"[-91.0, 0.0]",0.0,-91.0,0.679,0.5,-3.177346974045926,-3.177346974045926,-3.177346974045926,-3.177346974045926,0.0,-4.5078491915650725,-4.5078491915650725,0.0,0.32099999999999995,-3.729801541570003,0.8141596785115132,-4.5078491915650725,6.35,4.0,6.739986544391274,141.0,0.820890609625299,9.0,492.0,280.54450746966313,1,dro_minimax_median,-3.177346974045926,-3.177346974045926,-4.5078491915650725,6.739986544391274,141.0,0.820890609625299,492.0,4.0,7.0,0.675,3142,0.16875,0.83125,True,COMPLETE
49,-5.578340360208973,2.4203019287827092,0.004024525213854725,0.009118230798895887,0.6565,"[-108.0, 0.0]",0.0,-108.0,0.6565,0.5,-5.578340360208973,-5.578340360208973,-5.578340360208973,-5.578340360208973,0.0,-6.6903068013223175,-6.6903068013223175,0.0,0.3435,-8.774808772113666,-2.2424410368689363,-6.6903068013223175,6.192982456140351,4.0,10.69762627184172,158.0,0.6243562252356196,8.0,512.0,248.47651508243166,1,dro_minimax_median,-5.578340360208973,-5.578340360208973,-6.6903068013223175,10.69762627184172,158.0,0.6243562252356196,512.0,4.0,6.0,0.655,3142,0.14556962025316456,0.8544303797468354,True,COMPLETE
