number,value,params_lambda_prior,params_one_minus_gamma,params_ucb_alpha,user_attrs_bandit_consulted_ratio_overall,user_attrs_constraints_values,user_attrs_cv_finite_objective,user_attrs_cv_min_symbol_trades,user_attrs_decision_point_ratio_overall,user_attrs_dro_alpha,user_attrs_dro_minimax_max,user_attrs_dro_minimax_mean,user_attrs_dro_minimax_median,user_attrs_dro_minimax_min,user_attrs_dro_minimax_std,user_attrs_dro_pure_min_mean,user_attrs_dro_pure_min_median,user_attrs_dro_pure_min_std,user_attrs_forced_singleton_ratio_overall,user_attrs_full_mean_aggregate_median,user_attrs_h1_mean_aggregate_median,user_attrs_h2_mean_aggregate_median,user_attrs_mean_holding_bars_overall,user_attrs_median_holding_bars_overall,user_attrs_median_max_drawdown_abs,user_attrs_median_min_symbol_trades,user_attrs_median_profit_factor,user_attrs_median_time_between_entries_overall,user_attrs_median_total_trades,user_attrs_memory_horizon_bars,user_attrs_n_seeds,user_attrs_objective_metric_name,user_attrs_objective_score,user_attrs_observed_dro_minimax_median,user_attrs_observed_dro_pure_min_median,user_attrs_observed_median_max_drawdown_abs,user_attrs_observed_median_min_symbol_trades,user_attrs_observed_median_profit_factor,user_attrs_observed_median_total_trades,user_attrs_p25_holding_bars_overall,user_attrs_p75_holding_bars_overall,user_attrs_pending_update_queued_ratio_overall,user_attrs_seeds_used,user_attrs_share_trades_closed_after_horizon_overall,user_attrs_share_trades_closed_before_horizon_overall,user_attrs_valid,state
0,-2.98220116926996,1.0,0.003076923076923077,0.1,1.0,"[-47.0, 0.0]",0.0,-47.0,0.7225,0.5,-2.98220116926996,-2.98220116926996,-2.98220116926996,-2.98220116926996,0.0,-4.219477082474458,-4.219477082474458,0.0,0.27749999999999997,-3.5404028068776476,0.7296265703435334,-4.219477082474458,7.316546762589928,4.0,7.370575126785117,97.0,0.7466850899777523,9.0,388.0,325.0,1,dro_minimax_median,-2.98220116926996,-2.98220116926996,-4.219477082474458,7.370575126785117,97.0,0.7466850899777523,388.0,4.0,7.0,0.995,3142,0.17266187050359713,0.8273381294964028,True,COMPLETE
1,-3.191261824736858,7.81704884789038,0.002847451917166893,0.00702157848922566,1.0,"[-40.0, 0.0]",0.0,-40.0,0.7905,0.5,-3.191261824736858,-3.191261824736858,-3.191261824736858,-3.191261824736858,0.0,-4.087947957253987,-4.087947957253987,0.0,0.20950000000000002,-4.564468218325749,-0.5012034271854704,-4.087947957253987,7.625850340136054,4.0,7.2005746732620395,90.0,0.6626094210797383,9.0,342.0,351.19118042736335,1,dro_minimax_median,-3.191261824736858,-3.191261824736858,-4.087947957253987,7.2005746732620395,90.0,0.6626094210797383,342.0,4.0,6.5,0.995,3142,0.17006802721088435,0.8299319727891157,True,COMPLETE
2,-4.716258040785591,2.590090864414888,0.003745408351713363,0.09949317499572201,1.0,"[-60.0, 0.0]",0.0,-60.0,0.7385,0.5,-4.716258040785591,-4.716258040785591,-4.716258040785591,-4.716258040785591,0.0,-6.718911950210053,-6.718911950210053,0.0,0.26149999999999995,-5.524835777342666,1.2917036874877958,-6.718911950210053,7.9465648854961835,4.0,9.449152899301705,110.0,0.6580967054557726,9.0,391.0,266.99358416887793,1,dro_minimax_median,-4.716258040785591,-4.716258040785591,-6.718911950210053,9.449152899301705,110.0,0.6580967054557726,391.0,4.0,7.0,0.995,3142,0.19083969465648856,0.8091603053435115,True,COMPLETE
3,-1.9638198835480756,0.5284870869571748,0.003089870527825383,0.008990555046899766,1.0,"[-18.0, 0.0]",0.0,-18.0,0.8325,0.5,-1.9638198835480756,-1.9638198835480756,-1.9638198835480756,-1.9638198835480756,0.0,-2.5803087080489284,-2.5803087080489284,0.0,0.16749999999999998,-2.7100489203785973,-0.11435341004551643,-2.5803087080489284,7.785714285714286,4.0,6.198797877129247,68.0,0.7805514541263164,11.0,269.0,323.63815603101955,1,dro_minimax_median,-1.9638198835480756,-1.9638198835480756,-2.5803087080489284,6.198797877129247,68.0,0.7805514541263164,269.0,4.0,7.0,0.995,3142,0.19117647058823528,0.8088235294117647,True,COMPLETE
4,-3.2390206085769173,28.740722242299118,0.0022629914502750744,0.10555184813338764,1.0,"[-53.0, 0.0]",0.0,-53.0,0.7325,0.5,-3.2390206085769173,-3.2390206085769173,-3.2390206085769173,-3.2390206085769173,0.0,-4.755024123449817,-4.755024123449817,0.0,0.26749999999999996,-3.4787673506901893,1.3089899360417823,-4.755024123449817,7.93006993006993,4.0,5.8697163663167355,103.0,0.672624331478006,10.0,379.0,441.89296423477276,1,dro_minimax_median,-3.2390206085769173,-3.2390206085769173,-4.755024123449817,5.8697163663167355,103.0,0.672624331478006,379.0,4.0,7.0,0.995,3142,0.18045112781954886,0.8195488721804511,True,COMPLETE
5,-2.6658958963352455,0.7139044928825661,0.0034067657393192243,0.030296681370239158,1.0,"[-45.0, 0.0]",0.0,-45.0,0.7945,0.5,-2.6658958963352455,-2.6658958963352455,-2.6658958963352455,-2.6658958963352455,0.0,-3.476647821832731,-3.476647821832731,0.0,0.20550000000000002,-3.7174566688338366,-0.23364011984278918,-3.476647821832731,7.88421052631579,4.0,5.433781056408793,95.0,0.693653766923381,10.0,329.0,293.5335378240097,1,dro_minimax_median,-2.6658958963352455,-2.6658958963352455,-3.476647821832731,5.433781056408793,95.0,0.693653766923381,329.0,4.0,8.0,0.995,3142,0.21359223300970873,0.7864077669902912,True,COMPLETE
6,-3.9342229925351084,2.17612266083751,0.004485790240303859,0.18186660645231062,1.0,"[-83.0, 0.0]",0.0,-83.0,0.7145,0.5,-3.9342229925351084,-3.9342229925351084,-3.9342229925351084,-3.9342229925351084,0.0,-5.333840542013967,-5.333840542013967,0.0,0.2855,-5.10870260976064,0.26462965590146786,-5.333840542013967,7.413533834586466,4.0,9.573686789013857,133.0,0.7351758302464412,8.0,430.0,222.92616159695015,1,dro_minimax_median,-3.9342229925351084,-3.9342229925351084,-5.333840542013967,9.573686789013857,133.0,0.7351758302464412,430.0,4.0,7.0,0.995,3142,0.18796992481203006,0.8120300751879699,True,COMPLETE
7,-4.626983542904888,23.022867216257907,0.004545808231066923,0.007975385916005766,1.0,"[-45.0, 0.0]",0.0,-45.0,0.7425,0.5,-4.626983542904888,-4.626983542904888,-4.626983542904888,-4.626983542904888,0.0,-5.4584937159464175,-5.4584937159464175,0.0,0.25749999999999995,-7.476578436937554,-2.1324530237803008,-5.4584937159464175,7.0,4.0,9.900278856023192,95.0,0.5887062309508901,8.5,357.0,219.98288294825304,1,dro_minimax_median,-4.626983542904888,-4.626983542904888,-5.4584937159464175,9.900278856023192,95.0,0.5887062309508901,357.0,4.0,5.75,0.995,3142,0.12686567164179105,0.8731343283582089,True,COMPLETE
8,-1.0937349678553465,0.6439637565109974,0.002326440398553068,0.01849983452420057,1.0,"[-20.0, 0.0]",0.0,-20.0,0.8545,0.5,-1.0937349678553465,-1.0937349678553465,-1.0937349678553465,-1.0937349678553465,0.0,-1.5701800662910081,-1.5701800662910081,0.0,0.14549999999999996,-1.2666332243196725,0.33560032745163876,-1.5701800662910081,8.657142857142857,4.0,3.899745450854053,70.0,0.7977228108972134,12.0,226.0,429.8412289530181,1,dro_minimax_median,-1.0937349678553465,-1.0937349678553465,-1.5701800662910081,3.899745450854053,70.0,0.7977228108972134,226.0,4.0,6.0,0.995,3142,0.15714285714285714,0.8428571428571429,True,COMPLETE
9,-3.0836969149799636,7.5575562191217465,0.005296647490352715,0.08740299821425777,1.0,"[-73.0, 0.0]",0.0,-73.0,0.7125,0.5,-3.0836969149799636,-3.0836969149799636,-3.0836969149799636,-3.0836969149799636,0.0,-3.7052839365430725,-3.7052839365430725,0.0,0.2875,-4.878980978102853,-1.2189358502906367,-3.7052839365430725,7.0979020979020975,4.0,7.336574065107316,123.0,0.7133116187060576,8.0,413.0,188.79866969085532,1,dro_minimax_median,-3.0836969149799636,-3.0836969149799636,-3.7052839365430725,7.336574065107316,123.0,0.7133116187060576,413.0,4.0,5.5,0.995,3142,0.17482517482517482,0.8251748251748252,True,COMPLETE
10,-4.169063096413348,2.5261334080919204,0.002317750943806291,0.025261865407876588,1.0,"[-28.0, 0.0]",0.0,-28.0,0.7665,0.5,-4.169063096413348,-4.169063096413348,-4.169063096413348,-4.169063096413348,0.0,-5.112684754335328,-5.112684754335328,0.0,0.23350000000000004,-6.392340816035383,-1.3381981226474087,-5.112684754335328,7.6068376068376065,4.0,8.559775935509995,78.0,0.6308887702097542,11.0,357.0,431.4527420093573,1,dro_minimax_median,-4.169063096413348,-4.169063096413348,-5.112684754335328,8.559775935509995,78.0,0.6308887702097542,357.0,4.0,6.0,0.995,3142,0.17094017094017094,0.8290598290598291,True,COMPLETE
11,-2.5845145926437434,0.5339370112355133,0.002939508225013445,0.006058992372914131,1.0,"[-24.0, 0.0]",0.0,-24.0,0.8185,0.5,-2.5845145926437434,-2.5845145926437434,-2.5845145926437434,-2.5845145926437434,0.0,-3.44717162002353,-3.44717162002353,0.0,0.1815,-3.464733151036377,0.003456489495616092,-3.44717162002353,8.41891891891892,4.0,6.459249736600759,74.0,0.7426008409197105,13.5,283.0,340.19295863525815,1,dro_minimax_median,-2.5845145926437434,-2.5845145926437434,-3.44717162002353,6.459249736600759,74.0,0.7426008409197105,283.0,4.0,9.0,0.995,3142,0.24175824175824176,0.7582417582417582,True,COMPLETE
12,-2.7222409340698697,0.7530055762169792,0.0024969732659839597,0.019835938884906982,1.0,"[-25.0, 0.0]",0.0,-25.0,0.7825,0.5,-2.7222409340698697,-2.7222409340698697,-2.7222409340698697,-2.7222409340698697,0.0,-3.760883705993853,-3.760883705993853,0.0,0.21750000000000003,-3.421285194360483,0.3936873817020792,-3.760883705993853,7.130434782608695,4.0,5.431285544396902,75.0,0.7129389172605007,11.0,298.0,400.4848644648741,1,dro_minimax_median,-2.7222409340698697,-2.7222409340698697,-3.760883705993853,5.431285544396902,75.0,0.7129389172605007,298.0,4.0,5.0,0.995,3142,0.13043478260869565,0.8695652173913043,True,COMPLETE
13,-3.0969084277894794,0.65305419119359,0.0047169841473543965,0.007631019834109262,1.0,"[-19.0, 0.0]",0.0,-19.0,0.8425,0.5,-3.0969084277894794,-3.0969084277894794,-3.0969084277894794,-3.0969084277894794,0.0,-3.9068747903879526,-3.9068747903879526,0.0,0.15749999999999997,-4.5513573671172844,-0.6670093399940588,-3.9068747903879526,8.256410256410257,4.0,8.039770566561122,69.0,0.6737047247901827,14.5,282.0,211.99986448139063,1,dro_minimax_median,-3.0969084277894794,-3.0969084277894794,-3.9068747903879526,8.039770566561122,69.0,0.6737047247901827,282.0,4.0,11.0,0.995,3142,0.2948717948717949,0.7051282051282052,True,COMPLETE
14,-2.500280499973825,1.5312910748657496,0.003614813394781538,0.006660069328675981,1.0,"[-33.0, 0.0]",0.0,-33.0,0.7905,0.5,-2.500280499973825,-2.500280499973825,-2.500280499973825,-2.500280499973825,0.0,-3.5783770667639274,-3.5783770667639274,0.0,0.20950000000000002,-2.86972226857023,0.734009200396483,-3.5783770667639274,7.409638554216867,4.0,5.849335472822437,83.0,0.7503531878624904,10.0,295.0,276.63945293652847,1,dro_minimax_median,-2.500280499973825,-2.500280499973825,-3.5783770667639274,5.849335472822437,83.0,0.7503531878624904,295.0,4.0,7.0,0.995,3142,0.19230769230769232,0.8076923076923077,True,COMPLETE
15,-3.0370770074678193,26.635704915061076,0.004037170674769727,0.0751991843822069,1.0,"[-65.0, 0.0]",0.0,-65.0,0.7405,0.5,-3.0370770074678193,-3.0370770074678193,-3.0370770074678193,-3.0370770074678193,0.0,-3.476573062816668,-3.476573062816668,0.0,0.25949999999999995,-5.134848003956738,-1.718588841421272,-3.476573062816668,7.686567164179104,4.0,7.202306699541417,115.0,0.6283514851659876,8.0,378.0,247.69822248276344,1,dro_minimax_median,-3.0370770074678193,-3.0370770074678193,-3.476573062816668,7.202306699541417,115.0,0.6283514851659876,378.0,4.0,6.0,0.995,3142,0.16417910447761194,0.835820895522388,True,COMPLETE
16,-3.3054319562241177,2.1621506994899615,0.0025613309971191265,0.006724549093426332,1.0,"[-34.0, 0.0]",0.0,-34.0,0.8305,0.5,-3.3054319562241177,-3.3054319562241177,-3.3054319562241177,-3.3054319562241177,0.0,-4.277017677794518,-4.277017677794518,0.0,0.16949999999999998,-4.672116077373437,-0.39067479151291645,-4.277017677794518,7.1768707482993195,4.0,6.445502944467718,84.0,0.6840281860043875,10.0,316.0,390.42201149510015,1,dro_minimax_median,-3.3054319562241177,-3.3054319562241177,-4.277017677794518,6.445502944467718,84.0,0.6840281860043875,316.0,4.0,7.0,0.995,3142,0.19047619047619047,0.8095238095238095,True,COMPLETE
17,-3.2706617145087336,0.5411355757992977,0.005149945305944355,0.05585129414253426,1.0,"[-50.0, 0.0]",0.0,-50.0,0.7905,0.5,-3.2706617145087336,-3.2706617145087336,-3.2706617145087336,-3.2706617145087336,0.0,-4.361042645681683,-4.361042645681683,0.0,0.20950000000000002,-4.377848232811137,0.0004810790101135905,-4.361042645681683,8.451923076923077,4.0,7.263642224325972,100.0,0.6855755312068517,10.0,346.0,194.17681947917853,1,dro_minimax_median,-3.2706617145087336,-3.2706617145087336,-4.361042645681683,7.263642224325972,100.0,0.6855755312068517,346.0,4.0,7.0,0.995,3142,0.23076923076923078,0.7692307692307693,True,COMPLETE
18,-4.073718263641808,0.634627316800196,0.00223394693987536,0.1939875993054834,1.0,"[-52.0, 0.0]",0.0,-52.0,0.7465,0.5,-4.073718263641808,-4.073718263641808,-4.073718263641808,-4.073718263641808,0.0,-5.425177181685966,-5.425177181685966,0.0,0.25349999999999995,-5.441018526245808,-0.01934150950933337,-5.425177181685966,8.299212598425196,4.0,8.991627149053228,102.0,0.6904123466002399,10.0,380.0,447.63820579185005,1,dro_minimax_median,-4.073718263641808,-4.073718263641808,-5.425177181685966,8.991627149053228,102.0,0.6904123466002399,380.0,4.0,8.0,0.995,3142,0.2125984251968504,0.7874015748031497,True,COMPLETE
19,-3.3913986507265963,0.6010733465547539,0.0024316971050009338,0.008075848357041813,1.0,"[-24.0, 0.0]",0.0,-24.0,0.8265,0.5,-3.3913986507265963,-3.3913986507265963,-3.3913986507265963,-3.3913986507265963,0.0,-4.290495265744313,-4.290495265744313,0.0,0.1735,-4.991251957541006,-0.6941088056734471,-4.290495265744313,7.333333333333333,4.0,8.893539454545207,74.0,0.6589174952400649,10.0,309.0,411.2354281063373,1,dro_minimax_median,-3.3913986507265963,-3.3913986507265963,-4.290495265744313,8.893539454545207,74.0,0.6589174952400649,309.0,4.0,7.0,0.995,3142,0.20689655172413793,0.7931034482758621,True,COMPLETE
20,-2.332554046969511,0.5452918549631313,0.0023720558568286593,0.05570438967626225,1.0,"[-34.0, 0.0]",0.0,-34.0,0.7945,0.5,-2.332554046969511,-2.332554046969511,-2.332554046969511,-2.332554046969511,0.0,-3.4332192764826126,-3.4332192764826126,0.0,0.20550000000000002,-2.5144235037588376,0.9694416415697941,-3.4332192764826126,8.41747572815534,4.0,6.863063462688979,84.0,0.8316034541538234,10.0,316.0,421.5752327759089,1,dro_minimax_median,-2.332554046969511,-2.332554046969511,-3.4332192764826126,6.863063462688979,84.0,0.8316034541538234,316.0,4.0,8.0,0.995,3142,0.21359223300970873,0.7864077669902912,True,COMPLETE
21,-2.439556456910873,0.8729340111238039,0.002356951553817272,0.057769309685000964,1.0,"[-31.0, 0.0]",0.0,-31.0,0.7585,0.5,-2.439556456910873,-2.439556456910873,-2.439556456910873,-2.439556456910873,0.0,-3.333416681907375,-3.333416681907375,0.0,0.24150000000000005,-3.115174439685242,0.24202421807863286,-3.333416681907375,8.008264462809917,4.0,6.077653933117078,81.0,0.7387666585281807,10.5,328.0,424.27685812227236,1,dro_minimax_median,-2.439556456910873,-2.439556456910873,-3.333416681907375,6.077653933117078,81.0,0.7387666585281807,328.0,4.0,7.0,0.995,3142,0.19008264462809918,0.8099173553719008,True,COMPLETE
22,-2.885039147642321,0.5196276263704102,0.0038053330993088347,0.01507121787407355,1.0,"[-19.0, 0.0]",0.0,-19.0,0.8305,0.5,-2.885039147642321,-2.885039147642321,-2.885039147642321,-2.885039147642321,0.0,-3.540961958310799,-3.540961958310799,0.0,0.16949999999999998,-4.4503856861846804,-0.9172707156368864,-3.540961958310799,7.6117647058823525,4.0,6.9042765737798995,69.0,0.6998110664865257,11.0,312.0,262.7890841360591,1,dro_minimax_median,-2.885039147642321,-2.885039147642321,-3.540961958310799,6.9042765737798995,69.0,0.6998110664865257,312.0,4.0,7.0,0.995,3142,0.21176470588235294,0.788235294117647,True,COMPLETE
23,-2.8481251818082245,0.6944094970368744,0.0022800270843748175,0.03551838174759773,1.0,"[-23.0, 0.0]",0.0,-23.0,0.8205,0.5,-2.8481251818082245,-2.8481251818082245,-2.8481251818082245,-2.8481251818082245,0.0,-3.8733071279082245,-3.8733071279082245,0.0,0.1795,-3.6797359963728353,0.22742065649177615,-3.8733071279082245,8.122222222222222,4.0,5.690598624586862,73.0,0.7426101415607979,14.0,296.0,438.5912811532235,1,dro_minimax_median,-2.8481251818082245,-2.8481251818082245,-3.8733071279082245,5.690598624586862,73.0,0.7426101415607979,296.0,4.0,8.0,0.995,3142,0.18888888888888888,0.8111111111111111,True,COMPLETE
24,-3.7918499397524323,0.6674026389612889,0.003063439556952402,0.017918946592740476,1.0,"[-35.0, 0.0]",0.0,-35.0,0.7765,0.5,-3.7918499397524323,-3.7918499397524323,-3.7918499397524323,-3.7918499397524323,0.0,-4.608414759691629,-4.608414759691629,0.0,0.22350000000000003,-5.923233428560645,-1.3421554799348403,-4.608414759691629,7.552941176470588,4.0,8.14901852961183,85.0,0.609658169831863,10.0,321.0,326.4304653018285,1,dro_minimax_median,-3.7918499397524323,-3.7918499397524323,-4.608414759691629,8.14901852961183,85.0,0.609658169831863,321.0,4.0,7.0,0.995,3142,0.21176470588235294,0.788235294117647,True,COMPLETE
25,-3.7783278433147736,13.735026722913489,0.0029240761550203133,0.03118843722029561,1.0,"[-37.0, 0.0]",0.0,-37.0,0.7505,0.5,-3.7783278433147736,-3.7783278433147736,-3.7783278433147736,-3.7783278433147736,0.0,-4.81017697842601,-4.81017697842601,0.0,0.24950000000000006,-5.442591425719139,-0.6827804379810639,-4.81017697842601,7.330645161290323,4.0,8.302630729346882,87.0,0.5849667417046922,9.0,361.0,341.9883570005902,1,dro_minimax_median,-3.7783278433147736,-3.7783278433147736,-4.81017697842601,8.302630729346882,87.0,0.5849667417046922,361.0,4.0,6.0,0.995,3142,0.12903225806451613,0.8709677419354839,True,COMPLETE
26,-4.113848037991197,8.523882714900125,0.0028958178885991432,0.16243542340606076,1.0,"[-64.0, 0.0]",0.0,-64.0,0.7345,0.5,-4.113848037991197,-4.113848037991197,-4.113848037991197,-4.113848037991197,0.0,-5.367048227756359,-5.367048227756359,0.0,0.26549999999999996,-5.697538650181985,-0.3542474686957083,-5.367048227756359,8.135338345864662,4.0,7.7130071772474995,114.0,0.5736932591103909,9.0,396.0,345.32558277818765,1,dro_minimax_median,-4.113848037991197,-4.113848037991197,-5.367048227756359,7.7130071772474995,114.0,0.5736932591103909,396.0,4.0,7.0,0.995,3142,0.20300751879699247,0.7969924812030075,True,COMPLETE
27,-3.120814590719678,0.5468554228175478,0.0028037275121077674,0.06674270472756319,1.0,"[-50.0, 0.0]",0.0,-50.0,0.7785,0.5,-3.120814590719678,-3.120814590719678,-3.120814590719678,-3.120814590719678,0.0,-4.0717666296567705,-4.0717666296567705,0.0,0.22150000000000003,-4.334775562566999,-0.26795847390839916,-4.0717666296567705,8.32,4.0,7.255287467166127,100.0,0.7126316365988603,9.0,343.0,356.66804127061073,1,dro_minimax_median,-3.120814590719678,-3.120814590719678,-4.0717666296567705,7.255287467166127,100.0,0.7126316365988603,343.0,4.0,7.5,0.995,3142,0.1981981981981982,0.8018018018018018,True,COMPLETE
28,-3.6300936540008486,2.9623436627479585,0.004856697617745465,0.005524439819084096,1.0,"[-39.0, 0.0]",0.0,-39.0,0.7725,0.5,-3.6300936540008486,-3.6300936540008486,-3.6300936540008486,-3.6300936540008486,0.0,-4.539823668164922,-4.539823668164922,0.0,0.22750000000000004,-5.374768749045999,-0.90090361150863,-4.539823668164922,6.964601769911504,4.0,8.085575047980365,89.0,0.6886664359402146,9.0,341.0,205.90122727554356,1,dro_minimax_median,-3.6300936540008486,-3.6300936540008486,-4.539823668164922,8.085575047980365,89.0,0.6886664359402146,341.0,4.0,6.0,0.995,3142,0.1504424778761062,0.8495575221238938,True,COMPLETE
29,-2.7697867296227727,1.2539600416048216,0.0023493186698771863,0.014222838178700705,1.0,"[-27.0, 0.0]",0.0,-27.0,0.8345,0.5,-2.7697867296227727,-2.7697867296227727,-2.7697867296227727,-2.7697867296227727,0.0,-3.6850498325993883,-3.6850498325993883,0.0,0.16549999999999998,-3.7266232862063546,-0.023997420692926468,-3.6850498325993883,7.585365853658536,4.0,5.35172455190045,77.0,0.7325268263904398,12.5,300.0,425.65532416778365,1,dro_minimax_median,-2.7697867296227727,-2.7697867296227727,-3.6850498325993883,5.35172455190045,77.0,0.7325268263904398,300.0,4.0,7.75,0.995,3142,0.1951219512195122,0.8048780487804879,True,COMPLETE
