number,value,params_lambda_prior,params_ucb_alpha,params_window_size,user_attrs_all_symbols_active_share,user_attrs_all_symbols_have_long_share,user_attrs_calmar_drawdown_floor_abs,user_attrs_calmar_drawdown_floor_applied,user_attrs_calmar_like,user_attrs_constraint_drawdown_ok,user_attrs_constraint_finite_objective_return_ok,user_attrs_constraint_max_trades_ok,user_attrs_constraint_min_trades_ok,user_attrs_constraint_profit_factor_ok,user_attrs_constraint_symbols_active_ok,user_attrs_constraint_symbols_have_long_ok,user_attrs_constraint_value_all_symbols_active,user_attrs_constraint_value_all_symbols_have_long,user_attrs_constraint_value_drawdown,user_attrs_constraint_value_finite_objective_return,user_attrs_constraint_value_max_trades,user_attrs_constraint_value_min_trades,user_attrs_constraint_value_profit_factor,user_attrs_constraints_values,user_attrs_diagnostic_mean_of_seed_mean_return_pct,user_attrs_diagnostic_median_mean_turnover,user_attrs_effective_drawdown_abs_for_calmar,user_attrs_invalid_score,user_attrs_max_drawdown_abs,user_attrs_max_seed_median_return_pct,user_attrs_max_total_trades,user_attrs_mean_of_seed_mean_return_pct,user_attrs_mean_of_seed_median_return_pct,user_attrs_mean_seed_half_return_gap_pct,user_attrs_mean_seed_max_half_median_return_pct,user_attrs_mean_seed_min_half_median_return_pct,user_attrs_mean_seed_second_minus_first_half_median_return_pct,user_attrs_mean_seed_val_first_max_drawdown_abs,user_attrs_mean_seed_val_first_mean_constraint_applied_ratio,user_attrs_mean_seed_val_first_mean_executed_action_1_ratio,user_attrs_mean_seed_val_first_mean_return_pct,user_attrs_mean_seed_val_first_mean_threshold_applied_ratio,user_attrs_mean_seed_val_first_mean_turnover,user_attrs_mean_seed_val_first_median_profit_factor,user_attrs_mean_seed_val_first_median_return_pct,user_attrs_mean_seed_val_first_positive_return_symbols,user_attrs_mean_seed_val_first_total_trade_events,user_attrs_mean_seed_val_first_total_trades,user_attrs_mean_seed_val_second_max_drawdown_abs,user_attrs_mean_seed_val_second_mean_constraint_applied_ratio,user_attrs_mean_seed_val_second_mean_executed_action_1_ratio,user_attrs_mean_seed_val_second_mean_return_pct,user_attrs_mean_seed_val_second_mean_threshold_applied_ratio,user_attrs_mean_seed_val_second_mean_turnover,user_attrs_mean_seed_val_second_median_profit_factor,user_attrs_mean_seed_val_second_median_return_pct,user_attrs_mean_seed_val_second_positive_return_symbols,user_attrs_mean_seed_val_second_total_trade_events,user_attrs_mean_seed_val_second_total_trades,user_attrs_median_active_symbols,user_attrs_median_long_action_symbols,user_attrs_median_max_drawdown_abs,user_attrs_median_mean_turnover,user_attrs_median_of_seed_mean_return_pct,user_attrs_median_of_seed_median_return_pct,user_attrs_median_positive_return_symbols,user_attrs_median_profit_factor,user_attrs_median_seed_half_return_gap_pct,user_attrs_median_seed_max_half_median_return_pct,user_attrs_median_seed_min_half_median_return_pct,user_attrs_median_seed_second_minus_first_half_median_return_pct,user_attrs_median_seed_val_first_max_drawdown_abs,user_attrs_median_seed_val_first_mean_constraint_applied_ratio,user_attrs_median_seed_val_first_mean_executed_action_1_ratio,user_attrs_median_seed_val_first_mean_return_pct,user_attrs_median_seed_val_first_mean_threshold_applied_ratio,user_attrs_median_seed_val_first_mean_turnover,user_attrs_median_seed_val_first_median_profit_factor,user_attrs_median_seed_val_first_median_return_pct,user_attrs_median_seed_val_first_positive_return_symbols,user_attrs_median_seed_val_first_total_trade_events,user_attrs_median_seed_val_first_total_trades,user_attrs_median_seed_val_second_max_drawdown_abs,user_attrs_median_seed_val_second_mean_constraint_applied_ratio,user_attrs_median_seed_val_second_mean_executed_action_1_ratio,user_attrs_median_seed_val_second_mean_return_pct,user_attrs_median_seed_val_second_mean_threshold_applied_ratio,user_attrs_median_seed_val_second_mean_turnover,user_attrs_median_seed_val_second_median_profit_factor,user_attrs_median_seed_val_second_median_return_pct,user_attrs_median_seed_val_second_positive_return_symbols,user_attrs_median_seed_val_second_total_trade_events,user_attrs_median_seed_val_second_total_trades,user_attrs_median_total_trade_events,user_attrs_median_total_trades,user_attrs_memory_horizon,user_attrs_memory_horizon_bars,user_attrs_min_profit_factor,user_attrs_min_seed_median_return_pct,user_attrs_min_total_trades,user_attrs_n_seeds,user_attrs_objective_metric_name,user_attrs_objective_score,user_attrs_observed_all_symbols_active_share,user_attrs_observed_all_symbols_have_long_share,user_attrs_observed_mean_of_seed_mean_return_pct,user_attrs_observed_median_max_drawdown_abs,user_attrs_observed_median_of_seed_median_return_pct,user_attrs_observed_median_profit_factor,user_attrs_observed_median_total_trades,user_attrs_optuna_constraints_convention,user_attrs_required_all_symbols_active_share,user_attrs_required_all_symbols_have_long_share,user_attrs_seeds_used,user_attrs_std_of_seed_median_return_pct,user_attrs_valid,state
7,-2.623856756896359,0.79317899451327,0.15352522514476788,300,1.0,1.0,1.0,False,-0.24265953491150685,True,True,True,True,True,True,True,0.0,0.0,-4.187085692498226,0.0,-129.0,-421.0,-0.016225071103585065,"[-4.187085692498226, -0.016225071103585065, -421.0, -129.0, 0.0, 0.0, 0.0]",-1.0668495778392597,0.10469999999999999,10.812914307501774,-1000000.0,15.0,-2.623856756896359,650.0,-1.0668495778392597,-2.623856756896359,4.452108747188932,0.3611925283213191,-4.090916218867613,-4.452108747188932,5.038845501114753,0.09440000000000001,0.48040000000000005,3.3557544039230143,0.06520000000000001,0.1014,1.034598132422941,0.3611925283213191,3.0,507.0,252.0,10.027585164785357,0.11739999999999999,0.48200000000000004,-4.2633935423729845,0.0546,0.10799999999999998,0.6201559932184885,-4.090916218867613,0.0,540.0,269.0,5.0,5.0,10.812914307501774,0.10469999999999999,-1.0668495778392597,-2.623856756896359,1.0,0.866225071103585,4.452108747188932,0.3611925283213191,-4.090916218867613,-4.452108747188932,5.038845501114753,0.09440000000000001,0.48040000000000005,3.3557544039230143,0.06520000000000001,0.1014,1.034598132422941,0.3611925283213191,3.0,507.0,252.0,10.027585164785357,0.11739999999999999,0.48200000000000004,-4.2633935423729845,0.0546,0.10799999999999998,0.6201559932184885,-4.090916218867613,0.0,540.0,269.0,1047.0,521.0,300.0,300.0,0.85,-2.623856756896359,100.0,1,median_of_seed_median_return_pct,-2.623856756896359,1.0,1.0,-1.0668495778392597,10.812914307501774,-2.623856756896359,0.866225071103585,521.0,feasible_if_all_values_le_0,1.0,1.0,3142,0.0,True,COMPLETE
8,-0.29959327791417856,3.4614584571772786,0.03540412798638139,300,1.0,1.0,1.0,False,-0.027379192465368244,True,True,True,True,True,True,True,0.0,0.0,-4.057629135953075,0.0,-150.0,-400.0,-0.10527221777491214,"[-4.057629135953075, -0.10527221777491214, -400.0, -150.0, 0.0, 0.0, 0.0]",-0.5184224131407401,0.10049999999999999,10.942370864046925,-1000000.0,15.0,-0.29959327791417856,650.0,-0.5184224131407401,-0.29959327791417856,1.875744829473136,0.1252395965669173,-1.7505052329062187,-1.875744829473136,5.524075201085066,0.09179999999999999,0.46740000000000004,2.0479730629261605,0.06960000000000001,0.09759999999999999,0.9860884144534913,0.1252395965669173,3.0,488.0,243.0,9.7437096689442,0.10640000000000001,0.42699999999999994,-2.596822940380037,0.0512,0.1034,0.8567670435421436,-1.7505052329062187,2.0,517.0,257.0,5.0,5.0,10.942370864046925,0.10049999999999999,-0.5184224131407401,-0.29959327791417856,2.0,0.9552722177749121,1.875744829473136,0.1252395965669173,-1.7505052329062187,-1.875744829473136,5.524075201085066,0.09179999999999999,0.46740000000000004,2.0479730629261605,0.06960000000000001,0.09759999999999999,0.9860884144534913,0.1252395965669173,3.0,488.0,243.0,9.7437096689442,0.10640000000000001,0.42699999999999994,-2.596822940380037,0.0512,0.1034,0.8567670435421436,-1.7505052329062187,2.0,517.0,257.0,1005.0,500.0,300.0,300.0,0.85,-0.29959327791417856,100.0,1,median_of_seed_median_return_pct,-0.29959327791417856,1.0,1.0,-0.5184224131407401,10.942370864046925,-0.29959327791417856,0.9552722177749121,500.0,feasible_if_all_values_le_0,1.0,1.0,3142,0.0,True,COMPLETE
9,-0.9127353712441111,1.5878414490220365,0.1368026505584583,275,1.0,1.0,1.0,False,-0.08988643765179632,True,True,True,True,True,True,True,0.0,0.0,-4.845683118738318,0.0,-120.0,-430.0,-0.07469774969575649,"[-4.845683118738318, -0.07469774969575649, -430.0, -120.0, 0.0, 0.0, 0.0]",-0.9183702836711014,0.1065,10.154316881261682,-1000000.0,15.0,-0.9127353712441111,650.0,-0.9183702836711014,-0.9127353712441111,2.37141498882536,0.06339543106328449,-2.3080195577620755,-2.37141498882536,5.833217493133668,0.096,0.5024,1.9879924969753393,0.0644,0.0974,0.9235692044472623,0.06339543106328449,3.0,487.0,243.0,8.284145133839704,0.1232,0.4830000000000001,-2.867568107480396,0.057999999999999996,0.1156,0.804205984828406,-2.3080195577620755,0.0,578.0,287.0,5.0,5.0,10.154316881261682,0.1065,-0.9183702836711014,-0.9127353712441111,2.0,0.9246977496957565,2.37141498882536,0.06339543106328449,-2.3080195577620755,-2.37141498882536,5.833217493133668,0.096,0.5024,1.9879924969753393,0.0644,0.0974,0.9235692044472623,0.06339543106328449,3.0,487.0,243.0,8.284145133839704,0.1232,0.4830000000000001,-2.867568107480396,0.057999999999999996,0.1156,0.804205984828406,-2.3080195577620755,0.0,578.0,287.0,1065.0,530.0,275.0,275.0,0.85,-0.9127353712441111,100.0,1,median_of_seed_median_return_pct,-0.9127353712441111,1.0,1.0,-0.9183702836711014,10.154316881261682,-0.9127353712441111,0.9246977496957565,530.0,feasible_if_all_values_le_0,1.0,1.0,3142,0.0,True,COMPLETE
10,-0.6423135517365397,0.5309224525595473,0.04074018593750444,325,1.0,1.0,1.0,False,-0.07823880967285748,True,True,True,True,True,True,True,0.0,0.0,-6.790346064539241,0.0,-219.0,-331.0,-0.09193984105752118,"[-6.790346064539241, -0.09193984105752118, -331.0, -219.0, 0.0, 0.0, 0.0]",-0.3473535576618737,0.0867,8.209653935460759,-1000000.0,15.0,-0.6423135517365397,650.0,-0.3473535576618737,-0.6423135517365397,2.595974883335883,0.3726809811643417,-2.2232939021715414,-2.595974883335883,5.093270177014142,0.0634,0.4466,2.4866800174368704,0.05739999999999999,0.07620000000000002,1.0400674197759578,0.3726809811643417,3.0,381.0,189.0,7.453823157258565,0.09359999999999999,0.437,-2.696075174526724,0.04820000000000001,0.09720000000000001,0.8724629606569458,-2.2232939021715414,0.0,486.0,242.0,5.0,5.0,8.209653935460759,0.0867,-0.3473535576618737,-0.6423135517365397,2.0,0.9419398410575212,2.595974883335883,0.3726809811643417,-2.2232939021715414,-2.595974883335883,5.093270177014142,0.0634,0.4466,2.4866800174368704,0.05739999999999999,0.07620000000000002,1.0400674197759578,0.3726809811643417,3.0,381.0,189.0,7.453823157258565,0.09359999999999999,0.437,-2.696075174526724,0.04820000000000001,0.09720000000000001,0.8724629606569458,-2.2232939021715414,0.0,486.0,242.0,867.0,431.0,325.0,325.0,0.85,-0.6423135517365397,100.0,1,median_of_seed_median_return_pct,-0.6423135517365397,1.0,1.0,-0.3473535576618737,8.209653935460759,-0.6423135517365397,0.9419398410575212,431.0,feasible_if_all_values_le_0,1.0,1.0,3142,0.0,True,COMPLETE
11,-0.796151556513014,2.5632732938270206,0.10381647020200621,350,1.0,1.0,1.0,False,-0.05812565407047839,True,True,True,True,True,True,True,0.0,0.0,-1.3029230510220842,0.0,-172.0,-378.0,-0.08814479633941386,"[-1.3029230510220842, -0.08814479633941386, -378.0, -172.0, 0.0, 0.0, 0.0]",1.9486057744429286,0.09609999999999999,13.697076948977916,-1000000.0,15.0,-0.796151556513014,650.0,1.9486057744429286,-0.796151556513014,2.3955104890817203,1.1677957214682122,-1.227714767613508,-2.3955104890817203,4.866846157378657,0.0608,0.4758,4.124545684494472,0.08180000000000001,0.08120000000000001,1.1658767593180472,1.1677957214682122,3.0,406.0,202.0,12.662710512050923,0.12220000000000002,0.46699999999999997,-2.2652726920831334,0.059,0.11099999999999999,0.8286742399417844,-1.227714767613508,2.0,555.0,276.0,5.0,5.0,13.697076948977916,0.09609999999999999,1.9486057744429286,-0.796151556513014,2.0,0.9381447963394138,2.3955104890817203,1.1677957214682122,-1.227714767613508,-2.3955104890817203,4.866846157378657,0.0608,0.4758,4.124545684494472,0.08180000000000001,0.08120000000000001,1.1658767593180472,1.1677957214682122,3.0,406.0,202.0,12.662710512050923,0.12220000000000002,0.46699999999999997,-2.2652726920831334,0.059,0.11099999999999999,0.8286742399417844,-1.227714767613508,2.0,555.0,276.0,961.0,478.0,350.0,350.0,0.85,-0.796151556513014,100.0,1,median_of_seed_median_return_pct,-0.796151556513014,1.0,1.0,1.9486057744429286,13.697076948977916,-0.796151556513014,0.9381447963394138,478.0,feasible_if_all_values_le_0,1.0,1.0,3142,0.0,True,COMPLETE
12,2.7582713290911665,1.9996812600265013,0.07652959111414268,400,1.0,1.0,1.0,False,0.28347397669871216,True,True,True,True,True,True,True,0.0,0.0,-5.26975470124804,0.0,-180.0,-370.0,-0.20937363451067037,"[-5.26975470124804, -0.20937363451067037, -370.0, -180.0, 0.0, 0.0, 0.0]",3.1834250173501877,0.0945,9.73024529875196,-1000000.0,15.0,2.7582713290911665,650.0,3.1834250173501877,2.7582713290911665,6.0738136106152645,4.042629490256222,-2.031184120359042,-6.0738136106152645,4.8734829516577705,0.06939999999999999,0.48260000000000003,5.535193270645694,0.0846,0.082,1.4380644699847778,4.042629490256222,4.0,410.0,204.0,9.24080392053106,0.11240000000000001,0.4492,-2.290255959170606,0.0636,0.10700000000000001,0.7890220733277828,-2.031184120359042,2.0,535.0,266.0,5.0,5.0,9.73024529875196,0.0945,3.1834250173501877,2.7582713290911665,3.0,1.0593736345106703,6.0738136106152645,4.042629490256222,-2.031184120359042,-6.0738136106152645,4.8734829516577705,0.06939999999999999,0.48260000000000003,5.535193270645694,0.0846,0.082,1.4380644699847778,4.042629490256222,4.0,410.0,204.0,9.24080392053106,0.11240000000000001,0.4492,-2.290255959170606,0.0636,0.10700000000000001,0.7890220733277828,-2.031184120359042,2.0,535.0,266.0,945.0,470.0,400.0,400.0,0.85,2.7582713290911665,100.0,1,median_of_seed_median_return_pct,2.7582713290911665,1.0,1.0,3.1834250173501877,9.73024529875196,2.7582713290911665,1.0593736345106703,470.0,feasible_if_all_values_le_0,1.0,1.0,3142,0.0,True,COMPLETE
13,-2.8883078986794097,1.8437234885651022,0.023905555144307138,400,1.0,1.0,1.0,False,-0.30249851795471744,True,True,True,True,False,True,True,0.0,0.0,-5.4518279355280175,0.0,-218.0,-332.0,0.08985774655560586,"[-5.4518279355280175, 0.08985774655560586, -332.0, -218.0, 0.0, 0.0, 0.0]",0.3704344500980447,0.0869,9.548172064471983,-1000000.0,15.0,-2.8883078986794097,650.0,0.3704344500980447,-2.8883078986794097,3.9165693112121924,1.3759611746058331,-2.5406081366063593,-3.9165693112121924,7.243270182376493,0.06459999999999999,0.4636,3.7568266170765257,0.0622,0.078,1.239751709047602,1.3759611746058331,3.0,390.0,194.0,8.849474402898617,0.0934,0.41479999999999995,-3.326525841272494,0.0506,0.0958,0.7204552039542945,-2.5406081366063593,1.0,479.0,238.0,5.0,5.0,9.548172064471983,0.0869,0.3704344500980447,-2.8883078986794097,2.0,0.7601422534443941,3.9165693112121924,1.3759611746058331,-2.5406081366063593,-3.9165693112121924,7.243270182376493,0.06459999999999999,0.4636,3.7568266170765257,0.0622,0.078,1.239751709047602,1.3759611746058331,3.0,390.0,194.0,8.849474402898617,0.0934,0.41479999999999995,-3.326525841272494,0.0506,0.0958,0.7204552039542945,-2.5406081366063593,1.0,479.0,238.0,869.0,432.0,400.0,400.0,0.85,-2.8883078986794097,100.0,1,median_of_seed_median_return_pct,-2.8883078986794097,1.0,1.0,0.3704344500980447,9.548172064471983,-2.8883078986794097,0.7601422534443941,432.0,feasible_if_all_values_le_0,1.0,1.0,3142,0.0,False,COMPLETE
14,-0.08165841372586025,1.9086579092120761,0.06642262592193403,375,1.0,1.0,1.0,False,-0.0073807263087349775,True,True,True,True,True,True,True,0.0,0.0,-3.936263138599415,0.0,-176.0,-374.0,-0.10106092717296422,"[-3.936263138599415, -0.10106092717296422, -374.0, -176.0, 0.0, 0.0, 0.0]",3.214191045788586,0.0953,11.063736861400585,-1000000.0,15.0,-0.08165841372586025,650.0,3.214191045788586,-0.08165841372586025,3.053982806490929,2.6557274939855935,-0.39825531250533563,-3.053982806490929,8.999899319078875,0.0774,0.4784,6.488760258358113,0.0758,0.08199999999999999,1.2971757074215464,2.6557274939855935,5.0,410.0,204.0,10.59913146141932,0.11140000000000001,0.44539999999999996,-3.105978589250829,0.059,0.10859999999999999,0.9275452628599092,-0.39825531250533563,2.0,543.0,270.0,5.0,5.0,11.063736861400585,0.0953,3.214191045788586,-0.08165841372586025,2.0,0.9510609271729642,3.053982806490929,2.6557274939855935,-0.39825531250533563,-3.053982806490929,8.999899319078875,0.0774,0.4784,6.488760258358113,0.0758,0.08199999999999999,1.2971757074215464,2.6557274939855935,5.0,410.0,204.0,10.59913146141932,0.11140000000000001,0.44539999999999996,-3.105978589250829,0.059,0.10859999999999999,0.9275452628599092,-0.39825531250533563,2.0,543.0,270.0,953.0,474.0,375.0,375.0,0.85,-0.08165841372586025,100.0,1,median_of_seed_median_return_pct,-0.08165841372586025,1.0,1.0,3.214191045788586,11.063736861400585,-0.08165841372586025,0.9510609271729642,474.0,feasible_if_all_values_le_0,1.0,1.0,3142,0.0,True,COMPLETE
15,1.0941416048000585,4.583390911997225,0.06717851739705093,400,1.0,1.0,1.0,False,0.16542545142574247,True,True,True,True,True,True,True,0.0,0.0,-8.385893190134617,0.0,-192.0,-358.0,-0.18125962955065444,"[-8.385893190134617, -0.18125962955065444, -358.0, -192.0, 0.0, 0.0, 0.0]",3.167369710273127,0.09209999999999999,6.614106809865383,-1000000.0,15.0,1.0941416048000585,650.0,3.167369710273127,1.0941416048000585,4.116204542574408,2.533564545868061,-1.5826399967063476,-4.116204542574408,5.370846236535831,0.058199999999999995,0.4948,5.314371515310241,0.09060000000000001,0.0786,1.3140795008561026,2.533564545868061,5.0,393.0,195.0,6.216856232943724,0.1032,0.4346,-2.0040232581534645,0.067,0.1056,0.822260191610253,-1.5826399967063476,1.0,528.0,263.0,5.0,5.0,6.614106809865383,0.09209999999999999,3.167369710273127,1.0941416048000585,4.0,1.0312596295506544,4.116204542574408,2.533564545868061,-1.5826399967063476,-4.116204542574408,5.370846236535831,0.058199999999999995,0.4948,5.314371515310241,0.09060000000000001,0.0786,1.3140795008561026,2.533564545868061,5.0,393.0,195.0,6.216856232943724,0.1032,0.4346,-2.0040232581534645,0.067,0.1056,0.822260191610253,-1.5826399967063476,1.0,528.0,263.0,921.0,458.0,400.0,400.0,0.85,1.0941416048000585,100.0,1,median_of_seed_median_return_pct,1.0941416048000585,1.0,1.0,3.167369710273127,6.614106809865383,1.0941416048000585,1.0312596295506544,458.0,feasible_if_all_values_le_0,1.0,1.0,3142,0.0,True,COMPLETE
16,2.926434739683681,5.452696741480571,0.08952281796020753,400,1.0,1.0,1.0,False,0.4233620476328288,True,True,True,True,True,True,True,0.0,0.0,-8.087630891700279,0.0,-211.0,-339.0,-0.26809258561106375,"[-8.087630891700279, -0.26809258561106375, -339.0, -211.0, 0.0, 0.0, 0.0]",3.919396601018319,0.08829999999999999,6.912369108299721,-1000000.0,15.0,2.926434739683681,650.0,3.919396601018319,2.926434739683681,5.163584096038864,3.923039978846443,-1.2405441171924214,-5.163584096038864,5.316425358466715,0.039,0.497,5.812568146693049,0.0808,0.06920000000000001,1.4766094196505664,3.923039978846443,4.0,346.0,172.0,6.912369108299721,0.1096,0.44580000000000003,-1.8208540493406324,0.0668,0.10739999999999998,0.9101321096497773,-1.2405441171924214,1.0,537.0,267.0,5.0,5.0,6.912369108299721,0.08829999999999999,3.919396601018319,2.926434739683681,3.0,1.1180925856110637,5.163584096038864,3.923039978846443,-1.2405441171924214,-5.163584096038864,5.316425358466715,0.039,0.497,5.812568146693049,0.0808,0.06920000000000001,1.4766094196505664,3.923039978846443,4.0,346.0,172.0,6.912369108299721,0.1096,0.44580000000000003,-1.8208540493406324,0.0668,0.10739999999999998,0.9101321096497773,-1.2405441171924214,1.0,537.0,267.0,883.0,439.0,400.0,400.0,0.85,2.926434739683681,100.0,1,median_of_seed_median_return_pct,2.926434739683681,1.0,1.0,3.919396601018319,6.912369108299721,2.926434739683681,1.1180925856110637,439.0,feasible_if_all_values_le_0,1.0,1.0,3142,0.0,True,COMPLETE
17,0.9900550733183078,5.981985922884897,0.061615505426509246,350,1.0,1.0,1.0,False,0.08724214729101333,True,True,True,True,True,True,True,0.0,0.0,-3.651642536768559,0.0,-157.0,-393.0,-0.2161266876718292,"[-3.651642536768559, -0.2161266876718292, -393.0, -157.0, 0.0, 0.0, 0.0]",1.5708049042787287,0.0991,11.34835746323144,-1000000.0,15.0,0.9900550733183078,650.0,1.5708049042787287,0.9900550733183078,1.1782948050428899,0.10598852768859413,-1.0723062773542957,-1.1782948050428899,5.430274174704741,0.072,0.4848,3.2808073151330435,0.0916,0.0868,0.9898771838244455,0.10598852768859413,4.0,434.0,216.0,9.688262104319179,0.11240000000000001,0.442,-1.7268114193786446,0.0688,0.11139999999999999,0.848857458757888,-1.0723062773542957,2.0,557.0,277.0,5.0,5.0,11.34835746323144,0.0991,1.5708049042787287,0.9900550733183078,3.0,1.0661266876718292,1.1782948050428899,0.10598852768859413,-1.0723062773542957,-1.1782948050428899,5.430274174704741,0.072,0.4848,3.2808073151330435,0.0916,0.0868,0.9898771838244455,0.10598852768859413,4.0,434.0,216.0,9.688262104319179,0.11240000000000001,0.442,-1.7268114193786446,0.0688,0.11139999999999999,0.848857458757888,-1.0723062773542957,2.0,557.0,277.0,991.0,493.0,350.0,350.0,0.85,0.9900550733183078,100.0,1,median_of_seed_median_return_pct,0.9900550733183078,1.0,1.0,1.5708049042787287,11.34835746323144,0.9900550733183078,1.0661266876718292,493.0,feasible_if_all_values_le_0,1.0,1.0,3142,0.0,True,COMPLETE
