number,value,params_lambda_prior,params_ucb_alpha,params_window_size,user_attrs_all_symbols_active_share,user_attrs_all_symbols_have_long_share,user_attrs_calmar_drawdown_floor_abs,user_attrs_calmar_drawdown_floor_applied,user_attrs_calmar_like,user_attrs_constraint_drawdown_ok,user_attrs_constraint_finite_objective_return_ok,user_attrs_constraint_max_trades_ok,user_attrs_constraint_min_trades_ok,user_attrs_constraint_profit_factor_ok,user_attrs_constraint_symbols_active_ok,user_attrs_constraint_symbols_have_long_ok,user_attrs_constraint_value_all_symbols_active,user_attrs_constraint_value_all_symbols_have_long,user_attrs_constraint_value_drawdown,user_attrs_constraint_value_finite_objective_return,user_attrs_constraint_value_max_trades,user_attrs_constraint_value_min_trades,user_attrs_constraint_value_profit_factor,user_attrs_constraints_values,user_attrs_diagnostic_mean_of_seed_mean_return_pct,user_attrs_diagnostic_median_mean_turnover,user_attrs_effective_drawdown_abs_for_calmar,user_attrs_invalid_score,user_attrs_max_drawdown_abs,user_attrs_max_seed_median_return_pct,user_attrs_max_total_trades,user_attrs_mean_of_seed_mean_return_pct,user_attrs_mean_of_seed_median_return_pct,user_attrs_mean_seed_half_return_gap_pct,user_attrs_mean_seed_max_half_median_return_pct,user_attrs_mean_seed_min_half_median_return_pct,user_attrs_mean_seed_second_minus_first_half_median_return_pct,user_attrs_mean_seed_val_first_max_drawdown_abs,user_attrs_mean_seed_val_first_mean_constraint_applied_ratio,user_attrs_mean_seed_val_first_mean_executed_action_1_ratio,user_attrs_mean_seed_val_first_mean_return_pct,user_attrs_mean_seed_val_first_mean_threshold_applied_ratio,user_attrs_mean_seed_val_first_mean_turnover,user_attrs_mean_seed_val_first_median_profit_factor,user_attrs_mean_seed_val_first_median_return_pct,user_attrs_mean_seed_val_first_positive_return_symbols,user_attrs_mean_seed_val_first_total_trade_events,user_attrs_mean_seed_val_first_total_trades,user_attrs_mean_seed_val_second_max_drawdown_abs,user_attrs_mean_seed_val_second_mean_constraint_applied_ratio,user_attrs_mean_seed_val_second_mean_executed_action_1_ratio,user_attrs_mean_seed_val_second_mean_return_pct,user_attrs_mean_seed_val_second_mean_threshold_applied_ratio,user_attrs_mean_seed_val_second_mean_turnover,user_attrs_mean_seed_val_second_median_profit_factor,user_attrs_mean_seed_val_second_median_return_pct,user_attrs_mean_seed_val_second_positive_return_symbols,user_attrs_mean_seed_val_second_total_trade_events,user_attrs_mean_seed_val_second_total_trades,user_attrs_median_active_symbols,user_attrs_median_long_action_symbols,user_attrs_median_max_drawdown_abs,user_attrs_median_mean_turnover,user_attrs_median_of_seed_mean_return_pct,user_attrs_median_of_seed_median_return_pct,user_attrs_median_positive_return_symbols,user_attrs_median_profit_factor,user_attrs_median_seed_half_return_gap_pct,user_attrs_median_seed_max_half_median_return_pct,user_attrs_median_seed_min_half_median_return_pct,user_attrs_median_seed_second_minus_first_half_median_return_pct,user_attrs_median_seed_val_first_max_drawdown_abs,user_attrs_median_seed_val_first_mean_constraint_applied_ratio,user_attrs_median_seed_val_first_mean_executed_action_1_ratio,user_attrs_median_seed_val_first_mean_return_pct,user_attrs_median_seed_val_first_mean_threshold_applied_ratio,user_attrs_median_seed_val_first_mean_turnover,user_attrs_median_seed_val_first_median_profit_factor,user_attrs_median_seed_val_first_median_return_pct,user_attrs_median_seed_val_first_positive_return_symbols,user_attrs_median_seed_val_first_total_trade_events,user_attrs_median_seed_val_first_total_trades,user_attrs_median_seed_val_second_max_drawdown_abs,user_attrs_median_seed_val_second_mean_constraint_applied_ratio,user_attrs_median_seed_val_second_mean_executed_action_1_ratio,user_attrs_median_seed_val_second_mean_return_pct,user_attrs_median_seed_val_second_mean_threshold_applied_ratio,user_attrs_median_seed_val_second_mean_turnover,user_attrs_median_seed_val_second_median_profit_factor,user_attrs_median_seed_val_second_median_return_pct,user_attrs_median_seed_val_second_positive_return_symbols,user_attrs_median_seed_val_second_total_trade_events,user_attrs_median_seed_val_second_total_trades,user_attrs_median_total_trade_events,user_attrs_median_total_trades,user_attrs_memory_horizon,user_attrs_memory_horizon_bars,user_attrs_min_profit_factor,user_attrs_min_seed_median_return_pct,user_attrs_min_total_trades,user_attrs_n_seeds,user_attrs_objective_metric_name,user_attrs_objective_score,user_attrs_observed_all_symbols_active_share,user_attrs_observed_all_symbols_have_long_share,user_attrs_observed_mean_of_seed_mean_return_pct,user_attrs_observed_median_max_drawdown_abs,user_attrs_observed_median_of_seed_median_return_pct,user_attrs_observed_median_profit_factor,user_attrs_observed_median_total_trades,user_attrs_optuna_constraints_convention,user_attrs_required_all_symbols_active_share,user_attrs_required_all_symbols_have_long_share,user_attrs_seeds_used,user_attrs_std_of_seed_median_return_pct,user_attrs_valid,state
18,-0.04911736300680092,7.789237647655465,0.11416217591912552,400,1.0,1.0,1.0,False,-0.005579703028040088,True,True,True,True,True,True,True,0.0,0.0,-6.197136700650939,0.0,-205.0,-345.0,-0.09811999491457135,"[-6.197136700650939, -0.09811999491457135, -345.0, -205.0, 0.0, 0.0, 0.0]",1.4563139079269183,0.0895,8.802863299349061,-1000000.0,15.0,-0.04911736300680092,650.0,1.4563139079269183,-0.04911736300680092,5.063655553598667,1.8582453458508619,-3.2054102077478053,-5.063655553598667,4.813043140079188,0.0508,0.5067999999999999,4.4129183882896195,0.1008,0.07999999999999999,1.2230178323928027,1.8582453458508619,4.0,400.0,199.0,8.802863299349061,0.09340000000000001,0.4526,-2.840266019654554,0.0706,0.099,0.6659932532731226,-3.2054102077478053,1.0,495.0,246.0,5.0,5.0,8.802863299349061,0.0895,1.4563139079269183,-0.04911736300680092,2.0,0.9481199949145713,5.063655553598667,1.8582453458508619,-3.2054102077478053,-5.063655553598667,4.813043140079188,0.0508,0.5067999999999999,4.4129183882896195,0.1008,0.07999999999999999,1.2230178323928027,1.8582453458508619,4.0,400.0,199.0,8.802863299349061,0.09340000000000001,0.4526,-2.840266019654554,0.0706,0.099,0.6659932532731226,-3.2054102077478053,1.0,495.0,246.0,895.0,445.0,400.0,400.0,0.85,-0.04911736300680092,100.0,1,median_of_seed_median_return_pct,-0.04911736300680092,1.0,1.0,1.4563139079269183,8.802863299349061,-0.04911736300680092,0.9481199949145713,445.0,feasible_if_all_values_le_0,1.0,1.0,3142,0.0,True,COMPLETE
19,0.9267319576193422,6.707213898238291,0.021152972912787442,350,1.0,1.0,1.0,False,0.09110098299913921,True,True,True,True,True,True,True,0.0,0.0,-4.827420878344434,0.0,-195.0,-355.0,-0.16245070874063672,"[-4.827420878344434, -0.16245070874063672, -355.0, -195.0, 0.0, 0.0, 0.0]",1.5968576021026304,0.0915,10.172579121655566,-1000000.0,15.0,0.9267319576193422,650.0,1.5968576021026304,0.9267319576193422,1.6509843502576116,1.3383006825003818,-0.3126836677572298,-1.6509843502576116,5.156209450209726,0.056600000000000004,0.46799999999999997,3.973235949071538,0.082,0.08,1.0596051442669285,1.3383006825003818,4.0,400.0,199.0,9.278982333938979,0.10120000000000003,0.4312,-2.2973268053124363,0.0644,0.10300000000000001,0.902201744639483,-0.3126836677572298,2.0,515.0,256.0,5.0,5.0,10.172579121655566,0.0915,1.5968576021026304,0.9267319576193422,3.0,1.0124507087406367,1.6509843502576116,1.3383006825003818,-0.3126836677572298,-1.6509843502576116,5.156209450209726,0.056600000000000004,0.46799999999999997,3.973235949071538,0.082,0.08,1.0596051442669285,1.3383006825003818,4.0,400.0,199.0,9.278982333938979,0.10120000000000003,0.4312,-2.2973268053124363,0.0644,0.10300000000000001,0.902201744639483,-0.3126836677572298,2.0,515.0,256.0,915.0,455.0,350.0,350.0,0.85,0.9267319576193422,100.0,1,median_of_seed_median_return_pct,0.9267319576193422,1.0,1.0,1.5968576021026304,10.172579121655566,0.9267319576193422,1.0124507087406367,455.0,feasible_if_all_values_le_0,1.0,1.0,3142,0.0,True,COMPLETE
20,-1.1865221849894692,0.7780313498247865,0.042727606285584564,250,1.0,1.0,1.0,False,-0.10387131816455285,True,True,True,True,True,True,True,0.0,0.0,-3.5769988678705147,0.0,-183.0,-367.0,-0.05412139284632134,"[-3.5769988678705147, -0.05412139284632134, -367.0, -183.0, 0.0, 0.0, 0.0]",-1.1108742350733358,0.0939,11.423001132129485,-1000000.0,15.0,-1.1865221849894692,650.0,-1.1108742350733358,-1.1865221849894692,5.364349899680931,0.7372005687660499,-4.6271493309148815,-5.364349899680931,7.135457705445991,0.055600000000000004,0.4466,2.4882771244859,0.0566,0.0774,1.1636086462199653,0.7372005687660499,3.0,387.0,193.0,10.96744833346417,0.12060000000000001,0.4636,-3.604414952279113,0.047799999999999995,0.11039999999999998,0.6481192746908361,-4.6271493309148815,1.0,552.0,274.0,5.0,5.0,11.423001132129485,0.0939,-1.1108742350733358,-1.1865221849894692,2.0,0.9041213928463213,5.364349899680931,0.7372005687660499,-4.6271493309148815,-5.364349899680931,7.135457705445991,0.055600000000000004,0.4466,2.4882771244859,0.0566,0.0774,1.1636086462199653,0.7372005687660499,3.0,387.0,193.0,10.96744833346417,0.12060000000000001,0.4636,-3.604414952279113,0.047799999999999995,0.11039999999999998,0.6481192746908361,-4.6271493309148815,1.0,552.0,274.0,939.0,467.0,250.0,250.0,0.85,-1.1865221849894692,100.0,1,median_of_seed_median_return_pct,-1.1865221849894692,1.0,1.0,-1.1108742350733358,11.423001132129485,-1.1865221849894692,0.9041213928463213,467.0,feasible_if_all_values_le_0,1.0,1.0,3142,0.0,True,COMPLETE
21,1.055119943038152,3.850033729031459,0.059300159411871854,400,1.0,1.0,1.0,False,0.126176020114009,True,True,True,True,True,True,True,0.0,0.0,-6.63771418622353,0.0,-207.0,-343.0,-0.15795506131151604,"[-6.63771418622353, -0.15795506131151604, -343.0, -207.0, 0.0, 0.0, 0.0]",4.304110506724841,0.0891,8.36228581377647,-1000000.0,15.0,1.055119943038152,650.0,4.304110506724841,1.055119943038152,8.813975549654696,5.464964480302159,-3.3490110693525366,-8.813975549654696,4.81371874027352,0.06,0.4928,7.046524673992529,0.08180000000000001,0.081,1.7548500145810386,5.464964480302159,5.0,405.0,201.0,8.357704029238267,0.09140000000000001,0.43520000000000003,-2.59007691695315,0.06539999999999999,0.0972,0.7056786363133628,-3.3490110693525366,2.0,486.0,242.0,5.0,5.0,8.36228581377647,0.0891,4.304110506724841,1.055119943038152,3.0,1.007955061311516,8.813975549654696,5.464964480302159,-3.3490110693525366,-8.813975549654696,4.81371874027352,0.06,0.4928,7.046524673992529,0.08180000000000001,0.081,1.7548500145810386,5.464964480302159,5.0,405.0,201.0,8.357704029238267,0.09140000000000001,0.43520000000000003,-2.59007691695315,0.06539999999999999,0.0972,0.7056786363133628,-3.3490110693525366,2.0,486.0,242.0,891.0,443.0,400.0,400.0,0.85,1.055119943038152,100.0,1,median_of_seed_median_return_pct,1.055119943038152,1.0,1.0,4.304110506724841,8.36228581377647,1.055119943038152,1.007955061311516,443.0,feasible_if_all_values_le_0,1.0,1.0,3142,0.0,True,COMPLETE
22,3.269555350018871,3.242596502633683,0.11376122884742042,400,1.0,1.0,1.0,False,0.35735304476929247,True,True,True,True,True,True,True,0.0,0.0,-5.850629656367698,0.0,-202.0,-348.0,-0.23813918711834792,"[-5.850629656367698, -0.23813918711834792, -348.0, -202.0, 0.0, 0.0, 0.0]",2.7595745684870048,0.0901,9.149370343632302,-1000000.0,15.0,3.269555350018871,650.0,2.7595745684870048,3.269555350018871,4.401969507535264,3.5226809705153794,-0.8792885370198844,-4.401969507535264,4.385254829123053,0.05600000000000001,0.5006,5.075629443763942,0.09340000000000001,0.0794,1.2518727808364434,3.5226809705153794,4.0,397.0,197.0,8.413326980846803,0.09659999999999999,0.44499999999999995,-2.2589174050760996,0.0674,0.1008,0.9151171725492104,-0.8792885370198844,2.0,504.0,251.0,5.0,5.0,9.149370343632302,0.0901,2.7595745684870048,3.269555350018871,3.0,1.088139187118348,4.401969507535264,3.5226809705153794,-0.8792885370198844,-4.401969507535264,4.385254829123053,0.05600000000000001,0.5006,5.075629443763942,0.09340000000000001,0.0794,1.2518727808364434,3.5226809705153794,4.0,397.0,197.0,8.413326980846803,0.09659999999999999,0.44499999999999995,-2.2589174050760996,0.0674,0.1008,0.9151171725492104,-0.8792885370198844,2.0,504.0,251.0,901.0,448.0,400.0,400.0,0.85,3.269555350018871,100.0,1,median_of_seed_median_return_pct,3.269555350018871,1.0,1.0,2.7595745684870048,9.149370343632302,3.269555350018871,1.088139187118348,448.0,feasible_if_all_values_le_0,1.0,1.0,3142,0.0,True,COMPLETE
23,2.772656092254211,2.6313864590445455,0.10615129779590042,400,1.0,1.0,1.0,False,0.3182287556914087,True,True,True,True,True,True,True,0.0,0.0,-6.287223286185682,0.0,-203.0,-347.0,-0.22857992309315323,"[-6.287223286185682, -0.22857992309315323, -347.0, -203.0, 0.0, 0.0, 0.0]",3.4554503421956895,0.0899,8.712776713814318,-1000000.0,15.0,2.772656092254211,650.0,3.4554503421956895,2.772656092254211,6.818344640564611,3.2624927229668144,-3.5558519175977965,-6.818344640564611,3.725480361340694,0.053000000000000005,0.4958,6.180250786030981,0.0814,0.0722,1.5941472233783043,3.2624927229668144,5.0,361.0,179.0,8.259139563017015,0.11000000000000001,0.4502,-2.609537357232017,0.059800000000000006,0.1076,0.7201520230228868,-3.5558519175977965,2.0,538.0,268.0,5.0,5.0,8.712776713814318,0.0899,3.4554503421956895,2.772656092254211,3.0,1.0785799230931532,6.818344640564611,3.2624927229668144,-3.5558519175977965,-6.818344640564611,3.725480361340694,0.053000000000000005,0.4958,6.180250786030981,0.0814,0.0722,1.5941472233783043,3.2624927229668144,5.0,361.0,179.0,8.259139563017015,0.11000000000000001,0.4502,-2.609537357232017,0.059800000000000006,0.1076,0.7201520230228868,-3.5558519175977965,2.0,538.0,268.0,899.0,447.0,400.0,400.0,0.85,2.772656092254211,100.0,1,median_of_seed_median_return_pct,2.772656092254211,1.0,1.0,3.4554503421956895,8.712776713814318,2.772656092254211,1.0785799230931532,447.0,feasible_if_all_values_le_0,1.0,1.0,3142,0.0,True,COMPLETE
24,0.27927836246988136,2.80936866621406,0.11025720788366816,400,1.0,1.0,1.0,False,0.030070370776270117,True,True,True,True,True,True,True,0.0,0.0,-5.712506854412567,0.0,-181.0,-369.0,-0.1042802484530918,"[-5.712506854412567, -0.1042802484530918, -369.0, -181.0, 0.0, 0.0, 0.0]",1.776843232274068,0.0943,9.287493145587433,-1000000.0,15.0,0.27927836246988136,650.0,1.776843232274068,0.27927836246988136,6.529574979322161,2.717197447955355,-3.8123775313668062,-6.529574979322161,5.230037938110499,0.047599999999999996,0.4917999999999999,4.884182042753817,0.0776,0.0762,1.290679882672584,2.717197447955355,4.0,381.0,189.0,7.587514530050965,0.11439999999999999,0.45,-3.0101414857088504,0.05900000000000001,0.11240000000000001,0.7436506695120553,-3.8123775313668062,1.0,562.0,280.0,5.0,5.0,9.287493145587433,0.0943,1.776843232274068,0.27927836246988136,3.0,0.9542802484530918,6.529574979322161,2.717197447955355,-3.8123775313668062,-6.529574979322161,5.230037938110499,0.047599999999999996,0.4917999999999999,4.884182042753817,0.0776,0.0762,1.290679882672584,2.717197447955355,4.0,381.0,189.0,7.587514530050965,0.11439999999999999,0.45,-3.0101414857088504,0.05900000000000001,0.11240000000000001,0.7436506695120553,-3.8123775313668062,1.0,562.0,280.0,943.0,469.0,400.0,400.0,0.85,0.27927836246988136,100.0,1,median_of_seed_median_return_pct,0.27927836246988136,1.0,1.0,1.776843232274068,9.287493145587433,0.27927836246988136,0.9542802484530918,469.0,feasible_if_all_values_le_0,1.0,1.0,3142,0.0,True,COMPLETE
25,-6.74030641642206,5.065101655530771,0.10306734027711187,250,1.0,1.0,1.0,False,-0.49597062040159856,True,True,True,True,False,True,True,0.0,0.0,-1.4098675623885093,0.0,-138.0,-412.0,0.15096452560147833,"[-1.4098675623885093, 0.15096452560147833, -412.0, -138.0, 0.0, 0.0, 0.0]",-2.2528585671363595,0.10289999999999999,13.59013243761149,-1000000.0,15.0,-6.74030641642206,650.0,-2.2528585671363595,-6.74030641642206,5.803203318250749,2.231999623480485,-3.571203694770264,-5.803203318250749,7.944766596668218,0.061399999999999996,0.5094000000000001,2.20783134487325,0.0774,0.087,1.093913282252554,2.231999623480485,3.0,435.0,217.0,11.02063831647343,0.1256,0.4734,-4.428410704965993,0.0586,0.11879999999999999,0.6425327720969978,-3.571203694770264,0.0,594.0,295.0,5.0,5.0,13.59013243761149,0.10289999999999999,-2.2528585671363595,-6.74030641642206,2.0,0.6990354743985217,5.803203318250749,2.231999623480485,-3.571203694770264,-5.803203318250749,7.944766596668218,0.061399999999999996,0.5094000000000001,2.20783134487325,0.0774,0.087,1.093913282252554,2.231999623480485,3.0,435.0,217.0,11.02063831647343,0.1256,0.4734,-4.428410704965993,0.0586,0.11879999999999999,0.6425327720969978,-3.571203694770264,0.0,594.0,295.0,1029.0,512.0,250.0,250.0,0.85,-6.74030641642206,100.0,1,median_of_seed_median_return_pct,-6.74030641642206,1.0,1.0,-2.2528585671363595,13.59013243761149,-6.74030641642206,0.6990354743985217,512.0,feasible_if_all_values_le_0,1.0,1.0,3142,0.0,False,COMPLETE
26,1.5802852129280565,4.262099712582745,0.15306004558753886,400,1.0,1.0,1.0,False,0.1687791862632959,True,True,True,True,True,True,True,0.0,0.0,-5.636966275789433,0.0,-158.0,-392.0,-0.2509439524527616,"[-5.636966275789433, -0.2509439524527616, -392.0, -158.0, 0.0, 0.0, 0.0]",2.8200236101792626,0.0989,9.363033724210567,-1000000.0,15.0,1.5802852129280565,650.0,2.8200236101792626,1.5802852129280565,1.8763650956754696,1.7449263471616572,-0.13143874851381243,-1.8763650956754696,5.00817204711006,0.055799999999999995,0.5109999999999999,5.208096361609475,0.10139999999999998,0.08199999999999999,1.2557787672417324,1.7449263471616572,4.0,410.0,204.0,9.134334312212122,0.12200000000000003,0.4704,-2.3643670044118137,0.06999999999999999,0.11579999999999999,0.9665278584923137,-0.13143874851381243,2.0,579.0,288.0,5.0,5.0,9.363033724210567,0.0989,2.8200236101792626,1.5802852129280565,3.0,1.1009439524527616,1.8763650956754696,1.7449263471616572,-0.13143874851381243,-1.8763650956754696,5.00817204711006,0.055799999999999995,0.5109999999999999,5.208096361609475,0.10139999999999998,0.08199999999999999,1.2557787672417324,1.7449263471616572,4.0,410.0,204.0,9.134334312212122,0.12200000000000003,0.4704,-2.3643670044118137,0.06999999999999999,0.11579999999999999,0.9665278584923137,-0.13143874851381243,2.0,579.0,288.0,989.0,492.0,400.0,400.0,0.85,1.5802852129280565,100.0,1,median_of_seed_median_return_pct,1.5802852129280565,1.0,1.0,2.8200236101792626,9.363033724210567,1.5802852129280565,1.1009439524527616,492.0,feasible_if_all_values_le_0,1.0,1.0,3142,0.0,True,COMPLETE
27,-0.9863887979130959,7.863651875381774,0.2982176345001052,400,1.0,1.0,1.0,False,-0.08291640541811755,True,True,True,True,True,True,True,0.0,0.0,-3.1038162117726564,0.0,-171.0,-379.0,-0.06496252673900793,"[-3.1038162117726564, -0.06496252673900793, -379.0, -171.0, 0.0, 0.0, 0.0]",-0.3372516137432104,0.0963,11.896183788227344,-1000000.0,15.0,-0.9863887979130959,650.0,-0.3372516137432104,-0.9863887979130959,3.115007263426961,1.133406008892024,-1.981601254534937,-3.115007263426961,6.393116779897168,0.0494,0.5267999999999999,2.4074180913198107,0.10600000000000001,0.0798,1.007291835034531,1.133406008892024,3.0,399.0,199.0,10.251477282804622,0.12080000000000002,0.4997999999999999,-2.7628481862482346,0.07559999999999999,0.11279999999999998,0.8252223440253564,-1.981601254534937,1.0,564.0,280.0,5.0,5.0,11.896183788227344,0.0963,-0.3372516137432104,-0.9863887979130959,2.0,0.9149625267390079,3.115007263426961,1.133406008892024,-1.981601254534937,-3.115007263426961,6.393116779897168,0.0494,0.5267999999999999,2.4074180913198107,0.10600000000000001,0.0798,1.007291835034531,1.133406008892024,3.0,399.0,199.0,10.251477282804622,0.12080000000000002,0.4997999999999999,-2.7628481862482346,0.07559999999999999,0.11279999999999998,0.8252223440253564,-1.981601254534937,1.0,564.0,280.0,963.0,479.0,400.0,400.0,0.85,-0.9863887979130959,100.0,1,median_of_seed_median_return_pct,-0.9863887979130959,1.0,1.0,-0.3372516137432104,11.896183788227344,-0.9863887979130959,0.9149625267390079,479.0,feasible_if_all_values_le_0,1.0,1.0,3142,0.0,True,COMPLETE
28,0.268913754982103,5.9431973978811525,0.024048352885807867,250,1.0,1.0,1.0,False,0.022253481025764386,True,True,True,True,True,True,True,0.0,0.0,-2.915879108047722,0.0,-186.0,-364.0,-0.11166394862058071,"[-2.915879108047722, -0.11166394862058071, -364.0, -186.0, 0.0, 0.0, 0.0]",1.0554017449969528,0.09330000000000001,12.084120891952278,-1000000.0,15.0,0.268913754982103,650.0,1.0554017449969528,0.268913754982103,8.376045065486949,3.1337541239059297,-5.242290941581018,-8.376045065486949,5.7919435274919495,0.0626,0.49700000000000005,4.712743385938667,0.076,0.0862,1.4827548951566445,3.1337541239059297,4.0,431.0,215.0,11.452843590918038,0.0952,0.44580000000000003,-3.619646595772919,0.054200000000000005,0.1004,0.5734552154366241,-5.242290941581018,1.0,502.0,249.0,5.0,5.0,12.084120891952278,0.09330000000000001,1.0554017449969528,0.268913754982103,3.0,0.9616639486205807,8.376045065486949,3.1337541239059297,-5.242290941581018,-8.376045065486949,5.7919435274919495,0.0626,0.49700000000000005,4.712743385938667,0.076,0.0862,1.4827548951566445,3.1337541239059297,4.0,431.0,215.0,11.452843590918038,0.0952,0.44580000000000003,-3.619646595772919,0.054200000000000005,0.1004,0.5734552154366241,-5.242290941581018,1.0,502.0,249.0,933.0,464.0,250.0,250.0,0.85,0.268913754982103,100.0,1,median_of_seed_median_return_pct,0.268913754982103,1.0,1.0,1.0554017449969528,12.084120891952278,0.268913754982103,0.9616639486205807,464.0,feasible_if_all_values_le_0,1.0,1.0,3142,0.0,True,COMPLETE
