number,value,params_lambda_prior,params_noise_std,params_window_size,user_attrs_bandit_consulted_ratio_overall,user_attrs_constraints_values,user_attrs_cv_finite_objective,user_attrs_cv_min_symbol_trades,user_attrs_decision_point_ratio_overall,user_attrs_dro_alpha,user_attrs_dro_minimax_max,user_attrs_dro_minimax_mean,user_attrs_dro_minimax_median,user_attrs_dro_minimax_min,user_attrs_dro_minimax_std,user_attrs_dro_pure_min_mean,user_attrs_dro_pure_min_median,user_attrs_dro_pure_min_std,user_attrs_forced_singleton_ratio_overall,user_attrs_full_mean_aggregate_median,user_attrs_h1_mean_aggregate_median,user_attrs_h2_mean_aggregate_median,user_attrs_mean_holding_bars_overall,user_attrs_median_holding_bars_overall,user_attrs_median_max_drawdown_abs,user_attrs_median_min_symbol_trades,user_attrs_median_profit_factor,user_attrs_median_time_between_entries_overall,user_attrs_median_total_trades,user_attrs_memory_horizon_bars,user_attrs_n_seeds,user_attrs_objective_metric_name,user_attrs_objective_score,user_attrs_observed_dro_minimax_median,user_attrs_observed_dro_pure_min_median,user_attrs_observed_median_max_drawdown_abs,user_attrs_observed_median_min_symbol_trades,user_attrs_observed_median_profit_factor,user_attrs_observed_median_total_trades,user_attrs_p25_holding_bars_overall,user_attrs_p75_holding_bars_overall,user_attrs_pending_update_queued_ratio_overall,user_attrs_seeds_used,user_attrs_share_trades_closed_after_horizon_overall,user_attrs_share_trades_closed_before_horizon_overall,user_attrs_valid,state
0,-4.784006631711947,1.0,0.03,325,1.0,"[-109.0, 0.0]",0.0,-109.0,0.6445,0.5,-3.4733681439499824,-4.873326998088271,-4.784006631711947,-6.908554029844069,1.2636305972556157,-5.8862696633997915,-5.559876155996288,1.606990323717504,0.35550000000000004,-7.448667633158853,-2.016340880698775,-5.559876155996288,6.178571428571429,4.0,10.026942410021999,159.0,0.6549050983080063,8.0,531.0,325.0,5,dro_minimax_median,-4.784006631711947,-4.784006631711947,-5.559876155996288,10.026942410021999,159.0,0.6549050983080063,531.0,4.0,6.0,0.995,3142|3143|3144|3145|3146,0.12,0.88,True,COMPLETE
1,-5.063873958870279,3.672477322050449,0.012496721473894587,225,1.0,"[-80.0, 0.0]",0.0,-80.0,0.6765,0.5,-3.08663938323832,-4.847821929341883,-5.063873958870279,-5.991350200289903,1.0667942108724087,-5.851491420127435,-5.93989486855218,1.242437376856395,0.3235,-8.337795122808641,-1.6800822616099538,-5.93989486855218,6.680981595092025,4.0,10.13593349948806,130.0,0.6430859300583547,8.0,456.0,225.0,5,dro_minimax_median,-5.063873958870279,-5.063873958870279,-5.93989486855218,10.13593349948806,130.0,0.6430859300583547,456.0,4.0,6.0,0.995,3142|3143|3144|3145|3146,0.13580246913580246,0.8641975308641975,True,COMPLETE
2,-4.729501899877983,24.45058168692544,0.019587875193323546,300,1.0,"[-104.0, 0.0]",0.0,-104.0,0.6805,0.5,-4.306130575094322,-4.885749904000552,-4.729501899877983,-5.6962806638662,0.5626411097618405,-5.9659395580381265,-5.828454546695521,0.7595416175364983,0.3195,-7.312597427300415,-1.5471034014097773,-5.828454546695521,6.573248407643312,4.0,9.581292337504177,154.0,0.6342712667364357,9.0,473.0,300.0,5,dro_minimax_median,-4.729501899877983,-4.729501899877983,-5.828454546695521,9.581292337504177,154.0,0.6342712667364357,473.0,4.0,7.0,0.995,3142|3143|3144|3145|3146,0.1592356687898089,0.8407643312101911,True,COMPLETE
3,-5.448616941341545,6.892590636575401,0.0017980330440959514,175,1.0,"[-66.0, 0.0]",0.0,-66.0,0.738,0.5,-4.591457781388444,-5.36892040333692,-5.448616941341545,-6.16545856560229,0.5686757166346861,-5.902502161653247,-5.927296342081838,0.6975793939773647,0.262,-9.559890043066298,-3.785455777664637,-5.927296342081838,8.037878787878787,4.0,12.964693603703392,116.0,0.5565518226819655,10.0,380.0,175.0,5,dro_minimax_median,-5.448616941341545,-5.448616941341545,-5.927296342081838,12.964693603703392,116.0,0.5565518226819655,380.0,4.0,9.5,0.995,3142|3143|3144|3145|3146,0.25190839694656486,0.7480916030534351,True,COMPLETE
4,-4.659837454842378,4.605578395334537,0.013618834376629212,300,1.0,"[-88.0, 0.0]",0.0,-88.0,0.6925,0.5,-3.669158616153175,-4.8215913167947795,-4.659837454842378,-6.540085358538082,1.0515409300725667,-6.005247674484169,-5.737359232398956,1.219029634170572,0.3075,-6.553759012249075,-1.0155854897121859,-5.737359232398956,6.8441558441558445,4.0,10.352858292230893,138.0,0.7012355567445493,9.0,457.0,300.0,5,dro_minimax_median,-4.659837454842378,-4.659837454842378,-5.737359232398956,10.352858292230893,138.0,0.7012355567445493,457.0,4.0,6.0,0.995,3142|3143|3144|3145|3146,0.14492753623188406,0.855072463768116,True,COMPLETE
5,-5.461127995267125,5.884459269971612,0.013297964459332606,300,1.0,"[-100.0, 0.0]",0.0,-100.0,0.6965,0.5,-3.9136277731109343,-5.039990202526079,-5.461127995267125,-5.670441652895267,0.7380376975302367,-6.500539735575086,-7.109158783496935,1.2126386347050386,0.3035,-6.931838480675516,-1.1603781410767458,-7.109158783496935,6.322368421052632,4.0,10.685317430773289,150.0,0.7264375907064009,8.5,464.0,300.0,5,dro_minimax_median,-5.461127995267125,-5.461127995267125,-7.109158783496935,10.685317430773289,150.0,0.7264375907064009,464.0,4.0,6.0,0.995,3142|3143|3144|3145|3146,0.1513157894736842,0.8486842105263158,True,COMPLETE
6,-3.5440477665596735,1.650846287730074,0.0018760743185387708,450,1.0,"[-80.0, 0.0]",0.0,-80.0,0.7225,0.5,-2.488338279095885,-3.3707212070218615,-3.5440477665596735,-3.8931598671057923,0.5280701046640495,-4.133898916357485,-4.3706777181555765,0.7400629599189495,0.27749999999999997,-5.374360726726342,-1.042691976852687,-4.3706777181555765,6.762589928057554,4.0,8.69735098284522,130.0,0.70792902366909,9.0,446.0,450.0,5,dro_minimax_median,-3.5440477665596735,-3.5440477665596735,-4.3706777181555765,8.69735098284522,130.0,0.70792902366909,446.0,4.0,7.0,0.995,3142|3143|3144|3145|3146,0.17687074829931973,0.8231292517006803,True,COMPLETE
7,-4.776186041361762,1.4429230661432635,0.002963670928442278,275,1.0,"[-78.0, 0.0]",0.0,-78.0,0.714,0.5,-3.9055974650722245,-4.542517033280619,-4.776186041361762,-5.032391232332686,0.47720399267630204,-6.202088137834378,-6.533058272012667,0.75348565658599,0.28600000000000003,-5.876486194357844,0.6511512320234947,-6.533058272012667,7.7304964539007095,4.0,10.276161937070105,128.0,0.7273638191520275,8.0,440.0,275.0,5,dro_minimax_median,-4.776186041361762,-4.776186041361762,-6.533058272012667,10.276161937070105,128.0,0.7273638191520275,440.0,4.0,8.0,0.995,3142|3143|3144|3145|3146,0.2198581560283688,0.7801418439716312,True,COMPLETE
8,-5.1508185599813405,0.7021639484127451,0.021127526447375734,350,1.0,"[-91.0, 0.0]",0.0,-91.0,0.6685,0.5,-4.249222143212022,-5.176410314420911,-5.1508185599813405,-5.87851073223532,0.624252715277984,-6.435828522288313,-6.548567138808603,0.9770432082126489,0.3315,-7.786086375996896,-1.1813535157195927,-6.548567138808603,7.149068322981367,4.0,10.564976277194283,141.0,0.6954887483819802,8.0,488.0,350.0,5,dro_minimax_median,-5.1508185599813405,-5.1508185599813405,-6.548567138808603,10.564976277194283,141.0,0.6954887483819802,488.0,4.0,6.0,0.995,3142|3143|3144|3145|3146,0.14619883040935672,0.8538011695906432,True,COMPLETE
9,-4.532181222863566,11.424454836885744,0.006813071239863482,375,1.0,"[-74.0, 0.0]",0.0,-74.0,0.7145,0.5,-4.193881977358599,-4.489407311731154,-4.532181222863566,-4.741675224078138,0.20895377820041103,-6.240152876679036,-6.338451180160765,0.2550882345054528,0.2855,-5.512246696732999,0.8866286490280281,-6.338451180160765,8.055555555555555,4.0,9.738722120304011,124.0,0.7126614736356023,9.0,423.0,375.0,5,dro_minimax_median,-4.532181222863566,-4.532181222863566,-6.338451180160765,9.738722120304011,124.0,0.7126614736356023,423.0,4.0,7.0,0.995,3142|3143|3144|3145|3146,0.19852941176470587,0.8014705882352942,True,COMPLETE
10,-4.504383994423517,1.3445996498552673,0.002717881572501547,450,1.0,"[-75.0, 0.0]",0.0,-75.0,0.7165,0.5,-3.576578613198142,-4.478001377583274,-4.504383994423517,-5.17562048067314,0.5838397388904653,-5.686242824536715,-5.735397425524387,0.6703995740673733,0.2835,-6.47557444622997,-0.7980941835114996,-5.735397425524387,6.638297872340425,4.0,9.31666819313527,125.0,0.6840036907676763,9.0,432.0,450.0,5,dro_minimax_median,-4.504383994423517,-4.504383994423517,-5.735397425524387,9.31666819313527,125.0,0.6840036907676763,432.0,4.0,6.0,0.995,3142|3143|3144|3145|3146,0.16778523489932887,0.8322147651006712,True,COMPLETE
11,-4.335447020680162,2.0263985899754697,0.0031486177021813424,450,1.0,"[-74.0, 0.0]",0.0,-74.0,0.7185,0.5,-2.756755014727191,-4.345380512019128,-4.335447020680162,-6.192538816059354,1.2496171263433775,-5.520295686598339,-5.436907254411449,1.6166394267500608,0.2815,-6.429886113916879,-1.0310663194862995,-5.436907254411449,6.692857142857143,4.0,9.21589888433858,124.0,0.6987919389869096,9.0,432.0,450.0,5,dro_minimax_median,-4.335447020680162,-4.335447020680162,-5.436907254411449,9.21589888433858,124.0,0.6987919389869096,432.0,4.0,6.0,0.995,3142|3143|3144|3145|3146,0.1793103448275862,0.8206896551724138,True,COMPLETE
12,-4.867895041021097,5.708627426290325,0.0012807647640856415,350,1.0,"[-75.0, 0.0]",0.0,-75.0,0.7285,0.5,-3.929094026511545,-4.955217621165786,-4.867895041021097,-6.075907006127311,0.8621474095856749,-6.368844255042371,-6.1997605449360575,1.0081136551884413,0.27149999999999996,-7.011948653290013,-0.8722985292762125,-6.1997605449360575,8.02127659574468,4.0,10.629463948524675,125.0,0.686950711992471,9.0,419.0,350.0,5,dro_minimax_median,-4.867895041021097,-4.867895041021097,-6.1997605449360575,10.629463948524675,125.0,0.686950711992471,419.0,4.0,7.0,0.995,3142|3143|3144|3145|3146,0.19424460431654678,0.8057553956834532,True,COMPLETE
13,-3.877886392873567,0.5201832638834379,0.0010510148983171,425,1.0,"[-85.0, 0.0]",0.0,-85.0,0.7185,0.5,-3.1354979690601263,-3.944285750590114,-3.877886392873567,-4.817233598105338,0.600088582237387,-5.08949018734216,-5.072337102041257,0.562448223569995,0.2815,-5.483451795738752,-0.3427270608078163,-5.072337102041257,7.573529411764706,4.0,8.796519282302295,135.0,0.7155566658623782,9.0,442.0,425.0,5,dro_minimax_median,-3.877886392873567,-3.877886392873567,-5.072337102041257,8.796519282302295,135.0,0.7155566658623782,442.0,4.0,7.0,0.995,3142|3143|3144|3145|3146,0.19548872180451127,0.8045112781954887,True,COMPLETE
14,-4.310276036368506,0.815551064736548,0.0013463361059138995,400,1.0,"[-75.0, 0.0]",0.0,-75.0,0.7085,0.5,-3.904062606879905,-4.4089536183362075,-4.310276036368506,-4.954837128061805,0.3926147115640591,-5.6325513454977365,-5.705490863662891,0.5879509595814005,0.2915,-6.2224512286306135,-0.8671280314568763,-5.705490863662891,7.904109589041096,4.0,8.692372621804745,125.0,0.7064314905615582,9.0,441.0,400.0,5,dro_minimax_median,-4.310276036368506,-4.310276036368506,-5.705490863662891,8.692372621804745,125.0,0.7064314905615582,441.0,4.0,7.0,0.995,3142|3143|3144|3145|3146,0.19083969465648856,0.8091603053435115,True,COMPLETE
15,-3.887431732979924,7.718908553080417,0.0015444852568081097,450,1.0,"[-67.0, 0.0]",0.0,-67.0,0.7325,0.5,-3.4069368662503194,-3.932440816041889,-3.887431732979924,-4.461925622508898,0.40460472367881506,-4.9913466634509,-5.066109079157177,0.5191158460214351,0.26749999999999996,-5.535990672112696,-0.7698002659318895,-5.066109079157177,7.201492537313433,4.0,9.826775526845033,117.0,0.7058062259852941,10.0,415.0,450.0,5,dro_minimax_median,-3.887431732979924,-3.887431732979924,-5.066109079157177,9.826775526845033,117.0,0.7058062259852941,415.0,4.0,7.0,0.995,3142|3143|3144|3145|3146,0.19083969465648856,0.8091603053435115,True,COMPLETE
16,-3.333621705066087,0.6498912272146787,0.001032021562567067,450,1.0,"[-75.0, 0.0]",0.0,-75.0,0.7185,0.5,-3.205145473314772,-3.646405241732238,-3.333621705066087,-4.308468538753883,0.5142688995125445,-4.55133461209852,-4.257543860653409,0.6534926588837553,0.2815,-5.098457555599663,-1.0733082545402544,-4.257543860653409,6.764285714285714,4.0,7.995849651059517,125.0,0.7315380110671407,9.0,432.0,450.0,5,dro_minimax_median,-3.333621705066087,-3.333621705066087,-4.257543860653409,7.995849651059517,125.0,0.7315380110671407,432.0,4.0,6.0,0.995,3142|3143|3144|3145|3146,0.17857142857142858,0.8214285714285714,True,COMPLETE
17,-3.6139908545622212,0.6184565631007594,0.004843996508089572,425,1.0,"[-84.0, 0.0]",0.0,-84.0,0.7245,0.5,-3.408915059295997,-3.8495987004938668,-3.6139908545622212,-4.845342126594128,0.5730709908661581,-5.076977620894348,-4.8268209615055255,0.7894013573685675,0.27549999999999997,-5.01583296167409,-0.11217505810618238,-4.8268209615055255,7.5,4.0,7.977464396059064,134.0,0.7752519190342622,9.0,443.0,425.0,5,dro_minimax_median,-3.6139908545622212,-3.6139908545622212,-4.8268209615055255,7.977464396059064,134.0,0.7752519190342622,443.0,4.0,7.0,0.995,3142|3143|3144|3145|3146,0.18840579710144928,0.8115942028985508,True,COMPLETE
18,-4.80029348192662,0.5270312669061049,0.001412354024842875,300,1.0,"[-90.0, 0.0]",0.0,-90.0,0.7005,0.5,-4.574637667742191,-4.87835299302577,-4.80029348192662,-5.307729704808455,0.2839406614891598,-6.001309247171514,-6.021517835822924,0.35354828683866063,0.2995,-7.119286904464425,-1.6365760885222975,-6.021517835822924,6.590277777777778,4.0,8.564954065924224,140.0,0.686069544454882,8.0,456.0,300.0,5,dro_minimax_median,-4.80029348192662,-4.80029348192662,-6.021517835822924,8.564954065924224,140.0,0.686069544454882,456.0,4.0,6.0,0.995,3142|3143|3144|3145|3146,0.1388888888888889,0.8611111111111112,True,COMPLETE
19,-4.876280879212658,6.077784086762197,0.023628529159362196,450,1.0,"[-103.0, 0.0]",0.0,-103.0,0.6765,0.5,-3.728948432510594,-4.774859737453076,-4.876280879212658,-5.545452310298577,0.7839841246094176,-5.8754359839630315,-6.14518100216953,0.9695490477648535,0.3235,-7.115801273266466,-1.379995166049001,-6.14518100216953,6.254777070063694,4.0,10.456855172469293,153.0,0.6532230830689908,8.0,501.0,450.0,5,dro_minimax_median,-4.876280879212658,-4.876280879212658,-6.14518100216953,10.456855172469293,153.0,0.6532230830689908,501.0,4.0,5.0,0.995,3142|3143|3144|3145|3146,0.12962962962962962,0.8703703703703703,True,COMPLETE
20,-4.131310769905319,2.685053568579301,0.0012113921170455344,450,1.0,"[-73.0, 0.0]",0.0,-73.0,0.7105,0.5,-3.453371952150058,-3.988993184035415,-4.131310769905319,-4.434130971245418,0.4351294837016707,-5.165433587444934,-5.2375103717891,0.5491409227161245,0.2895,-5.8154583119843934,-0.35715275932082235,-5.2375103717891,6.482758620689655,4.0,7.932674091893466,123.0,0.7061552231810756,9.0,433.0,450.0,5,dro_minimax_median,-4.131310769905319,-4.131310769905319,-5.2375103717891,7.932674091893466,123.0,0.7061552231810756,433.0,4.0,6.0,0.995,3142|3143|3144|3145|3146,0.17266187050359713,0.8273381294964028,True,COMPLETE
21,-4.964327326167873,1.867716110352173,0.005011069825280474,350,1.0,"[-77.0, 0.0]",0.0,-77.0,0.7185,0.5,-4.723909887610827,-5.101000566082947,-4.964327326167873,-5.477306758897742,0.31513063763684673,-6.529787963084092,-6.399821812170152,0.47456764073823277,0.2815,-7.053545582674233,-0.7856889882915367,-6.399821812170152,7.8671875,4.0,10.413334280616592,127.0,0.6648404657729378,9.0,442.0,350.0,5,dro_minimax_median,-4.964327326167873,-4.964327326167873,-6.399821812170152,10.413334280616592,127.0,0.6648404657729378,442.0,4.0,7.0,0.995,3142|3143|3144|3145|3146,0.1968503937007874,0.8031496062992126,True,COMPLETE
22,-3.908624366860468,0.753844315808311,0.0064361826220784265,425,1.0,"[-81.0, 0.0]",0.0,-81.0,0.7105,0.5,-2.643696781521186,-3.648799182813751,-3.908624366860468,-4.297073925863379,0.6315070861387985,-4.726168822076088,-4.873700551461025,0.950395469425443,0.2895,-5.08701469896834,-0.6388252347168962,-4.873700551461025,7.488372093023256,4.0,8.697592412963683,131.0,0.7881498176980952,8.0,447.0,425.0,5,dro_minimax_median,-3.908624366860468,-3.908624366860468,-4.873700551461025,8.697592412963683,131.0,0.7881498176980952,447.0,4.0,7.0,0.995,3142|3143|3144|3145|3146,0.1937984496124031,0.8062015503875969,True,COMPLETE
23,-4.1143732635129115,0.5787306288337236,0.004176199223552202,425,1.0,"[-80.0, 0.0]",0.0,-80.0,0.7205,0.5,-3.88159813833684,-4.298544543095143,-4.1143732635129115,-4.941101293044774,0.41102944248398515,-5.381019102144619,-5.2548563859144375,0.5868443946825915,0.27949999999999997,-6.325142917115175,-1.1282458220521467,-5.2548563859144375,7.548148148148148,4.0,8.870410650406924,130.0,0.7183973921655961,8.5,446.0,425.0,5,dro_minimax_median,-4.1143732635129115,-4.1143732635129115,-5.2548563859144375,8.870410650406924,130.0,0.7183973921655961,446.0,4.0,7.0,0.995,3142|3143|3144|3145|3146,0.2,0.8,True,COMPLETE
24,-3.7448281970239106,0.6443014811589268,0.0017961881975921965,450,1.0,"[-74.0, 0.0]",0.0,-74.0,0.7205,0.5,-2.905937126858599,-3.8024231699237063,-3.7448281970239106,-4.6078580627203065,0.613790457311556,-4.772894741013655,-4.754984428391702,0.8565994524208085,0.27949999999999997,-5.701982688335171,-0.8222409799367688,-4.754984428391702,6.864285714285714,4.0,8.7272671820115,124.0,0.71970253676629,9.0,439.0,450.0,5,dro_minimax_median,-3.7448281970239106,-3.7448281970239106,-4.754984428391702,8.7272671820115,124.0,0.71970253676629,439.0,4.0,7.0,0.995,3142|3143|3144|3145|3146,0.19285714285714287,0.8071428571428572,True,COMPLETE
25,-3.949785220397101,0.5203494244239054,0.007026472660487271,325,1.0,"[-84.0, 0.0]",0.0,-84.0,0.7005,0.5,-2.8508285720442963,-4.241611098839997,-3.949785220397101,-5.273870391132501,1.0217392538749277,-5.268602945714563,-5.141505329282759,1.3443047357742326,0.2995,-5.720389956297126,-1.3884495887723485,-5.141505329282759,7.384615384615385,4.0,10.248854019278841,134.0,0.7319760203128196,9.0,451.0,325.0,5,dro_minimax_median,-3.949785220397101,-3.949785220397101,-5.141505329282759,10.248854019278841,134.0,0.7319760203128196,451.0,4.0,6.0,0.995,3142|3143|3144|3145|3146,0.17164179104477612,0.8283582089552238,True,COMPLETE
26,-5.2852301569322835,17.0461426848587,0.0360642526478129,200,1.0,"[-129.0, 0.0]",0.0,-129.0,0.638,0.5,-4.8353858610534335,-5.417017692987985,-5.2852301569322835,-6.001534047151516,0.45734618975305447,-6.346550248803569,-6.592292293396485,0.5308136878242666,0.362,-9.266995303917499,-2.6755781370948992,-6.592292293396485,6.251396648044692,4.0,12.071287353035176,179.0,0.6391076596484876,8.0,547.0,200.0,5,dro_minimax_median,-5.2852301569322835,-5.2852301569322835,-6.592292293396485,12.071287353035176,179.0,0.6391076596484876,547.0,4.0,6.0,0.995,3142|3143|3144|3145|3146,0.1366120218579235,0.8633879781420765,True,COMPLETE
27,-5.272925777389476,0.6814923733305657,0.004218714399061623,175,1.0,"[-78.0, 0.0]",0.0,-78.0,0.718,0.5,-4.850859297547462,-5.311324296017146,-5.272925777389476,-5.768192009646292,0.32845578025449934,-6.174689601970462,-6.002060676667661,0.45393825346243655,0.28200000000000003,-8.89355010850678,-2.7582919863568236,-6.002060676667661,7.328767123287672,4.0,12.99736120699524,128.0,0.5868467054015685,9.0,424.0,175.0,5,dro_minimax_median,-5.272925777389476,-5.272925777389476,-6.002060676667661,12.99736120699524,128.0,0.5868467054015685,424.0,4.0,7.25,0.995,3142|3143|3144|3145|3146,0.19858156028368795,0.8014184397163121,True,COMPLETE
28,-3.1186664090249616,1.0421815029133665,0.001089726401747617,450,1.0,"[-76.0, 0.0]",0.0,-76.0,0.7195,0.5,-2.929950949342011,-3.5862452636967026,-3.1186664090249616,-4.665803018426492,0.7757559036658074,-4.495102060556322,-3.801395493610945,1.0692845282146868,0.28049999999999997,-4.8583241860963335,-0.8768881317955576,-3.801395493610945,6.642857142857143,4.0,7.099068739575487,126.0,0.7617358066438208,9.0,433.0,450.0,5,dro_minimax_median,-3.1186664090249616,-3.1186664090249616,-3.801395493610945,7.099068739575487,126.0,0.7617358066438208,433.0,4.0,6.0,0.995,3142|3143|3144|3145|3146,0.18382352941176472,0.8161764705882353,True,COMPLETE
29,-4.254412978647679,1.3876580482862462,0.0015150479474166437,375,1.0,"[-74.0, 0.0]",0.0,-74.0,0.7105,0.5,-3.6751820257532026,-4.080618977659372,-4.254412978647679,-4.363352712455143,0.3025010632178236,-5.42049581454581,-5.358432156183157,0.36978891472079645,0.2895,-5.348601386964106,0.0800480171789723,-5.358432156183157,7.689922480620155,4.0,8.50464766661031,124.0,0.7337961103244833,10.0,426.0,375.0,5,dro_minimax_median,-4.254412978647679,-4.254412978647679,-5.358432156183157,8.50464766661031,124.0,0.7337961103244833,426.0,4.0,8.0,0.995,3142|3143|3144|3145|3146,0.20270270270270271,0.7972972972972973,True,COMPLETE
