number,value,params_lambda_prior,params_ucb_alpha,params_window_size,user_attrs_all_symbols_active_share,user_attrs_all_symbols_have_long_share,user_attrs_calmar_drawdown_floor_abs,user_attrs_calmar_drawdown_floor_applied,user_attrs_calmar_like,user_attrs_constraint_drawdown_ok,user_attrs_constraint_finite_objective_return_ok,user_attrs_constraint_max_trades_ok,user_attrs_constraint_min_trades_ok,user_attrs_constraint_profit_factor_ok,user_attrs_constraint_symbols_active_ok,user_attrs_constraint_symbols_have_long_ok,user_attrs_constraint_value_all_symbols_active,user_attrs_constraint_value_all_symbols_have_long,user_attrs_constraint_value_drawdown,user_attrs_constraint_value_finite_objective_return,user_attrs_constraint_value_max_trades,user_attrs_constraint_value_min_trades,user_attrs_constraint_value_profit_factor,user_attrs_constraints_values,user_attrs_diagnostic_mean_of_seed_mean_return_pct,user_attrs_diagnostic_median_mean_turnover,user_attrs_effective_drawdown_abs_for_calmar,user_attrs_invalid_score,user_attrs_max_drawdown_abs,user_attrs_max_seed_median_return_pct,user_attrs_max_total_trades,user_attrs_mean_of_seed_mean_return_pct,user_attrs_mean_of_seed_median_return_pct,user_attrs_mean_seed_half_return_gap_pct,user_attrs_mean_seed_max_half_median_return_pct,user_attrs_mean_seed_min_half_median_return_pct,user_attrs_mean_seed_second_minus_first_half_median_return_pct,user_attrs_mean_seed_val_first_max_drawdown_abs,user_attrs_mean_seed_val_first_mean_constraint_applied_ratio,user_attrs_mean_seed_val_first_mean_executed_action_1_ratio,user_attrs_mean_seed_val_first_mean_return_pct,user_attrs_mean_seed_val_first_mean_threshold_applied_ratio,user_attrs_mean_seed_val_first_mean_turnover,user_attrs_mean_seed_val_first_median_profit_factor,user_attrs_mean_seed_val_first_median_return_pct,user_attrs_mean_seed_val_first_positive_return_symbols,user_attrs_mean_seed_val_first_total_trade_events,user_attrs_mean_seed_val_first_total_trades,user_attrs_mean_seed_val_second_max_drawdown_abs,user_attrs_mean_seed_val_second_mean_constraint_applied_ratio,user_attrs_mean_seed_val_second_mean_executed_action_1_ratio,user_attrs_mean_seed_val_second_mean_return_pct,user_attrs_mean_seed_val_second_mean_threshold_applied_ratio,user_attrs_mean_seed_val_second_mean_turnover,user_attrs_mean_seed_val_second_median_profit_factor,user_attrs_mean_seed_val_second_median_return_pct,user_attrs_mean_seed_val_second_positive_return_symbols,user_attrs_mean_seed_val_second_total_trade_events,user_attrs_mean_seed_val_second_total_trades,user_attrs_median_active_symbols,user_attrs_median_long_action_symbols,user_attrs_median_max_drawdown_abs,user_attrs_median_mean_turnover,user_attrs_median_of_seed_mean_return_pct,user_attrs_median_of_seed_median_return_pct,user_attrs_median_positive_return_symbols,user_attrs_median_profit_factor,user_attrs_median_seed_half_return_gap_pct,user_attrs_median_seed_max_half_median_return_pct,user_attrs_median_seed_min_half_median_return_pct,user_attrs_median_seed_second_minus_first_half_median_return_pct,user_attrs_median_seed_val_first_max_drawdown_abs,user_attrs_median_seed_val_first_mean_constraint_applied_ratio,user_attrs_median_seed_val_first_mean_executed_action_1_ratio,user_attrs_median_seed_val_first_mean_return_pct,user_attrs_median_seed_val_first_mean_threshold_applied_ratio,user_attrs_median_seed_val_first_mean_turnover,user_attrs_median_seed_val_first_median_profit_factor,user_attrs_median_seed_val_first_median_return_pct,user_attrs_median_seed_val_first_positive_return_symbols,user_attrs_median_seed_val_first_total_trade_events,user_attrs_median_seed_val_first_total_trades,user_attrs_median_seed_val_second_max_drawdown_abs,user_attrs_median_seed_val_second_mean_constraint_applied_ratio,user_attrs_median_seed_val_second_mean_executed_action_1_ratio,user_attrs_median_seed_val_second_mean_return_pct,user_attrs_median_seed_val_second_mean_threshold_applied_ratio,user_attrs_median_seed_val_second_mean_turnover,user_attrs_median_seed_val_second_median_profit_factor,user_attrs_median_seed_val_second_median_return_pct,user_attrs_median_seed_val_second_positive_return_symbols,user_attrs_median_seed_val_second_total_trade_events,user_attrs_median_seed_val_second_total_trades,user_attrs_median_total_trade_events,user_attrs_median_total_trades,user_attrs_memory_horizon,user_attrs_memory_horizon_bars,user_attrs_min_profit_factor,user_attrs_min_seed_median_return_pct,user_attrs_min_total_trades,user_attrs_n_seeds,user_attrs_objective_metric_name,user_attrs_objective_score,user_attrs_observed_all_symbols_active_share,user_attrs_observed_all_symbols_have_long_share,user_attrs_observed_mean_of_seed_mean_return_pct,user_attrs_observed_median_max_drawdown_abs,user_attrs_observed_median_of_seed_median_return_pct,user_attrs_observed_median_profit_factor,user_attrs_observed_median_total_trades,user_attrs_optuna_constraints_convention,user_attrs_required_all_symbols_active_share,user_attrs_required_all_symbols_have_long_share,user_attrs_seeds_used,user_attrs_std_of_seed_median_return_pct,user_attrs_valid,state
29,-0.7270377576650722,0.46764988118506007,0.2949485793449763,350,1.0,1.0,1.0,False,-0.08387865238619174,True,True,True,True,True,True,True,0.0,0.0,-6.332267066980698,0.0,-134.0,-416.0,-0.0825684079247887,"[-6.332267066980698, -0.0825684079247887, -416.0, -134.0, 0.0, 0.0, 0.0]",0.04905393453010998,0.10369999999999999,8.667732933019302,-1000000.0,15.0,-0.7270377576650722,650.0,0.04905393453010998,-0.7270377576650722,2.0207389067042225,0.5146923955503757,-1.5060465111538468,-2.0207389067042225,6.190142180871183,0.08259999999999999,0.5206,1.8760540767702196,0.064,0.0978,1.0361741585810857,0.5146923955503757,3.0,489.0,244.0,7.069219042013353,0.11279999999999998,0.5,-1.7757899725172366,0.05600000000000001,0.10959999999999999,0.822829526191919,-1.5060465111538468,0.0,548.0,272.0,5.0,5.0,8.667732933019302,0.10369999999999999,0.04905393453010998,-0.7270377576650722,2.0,0.9325684079247887,2.0207389067042225,0.5146923955503757,-1.5060465111538468,-2.0207389067042225,6.190142180871183,0.08259999999999999,0.5206,1.8760540767702196,0.064,0.0978,1.0361741585810857,0.5146923955503757,3.0,489.0,244.0,7.069219042013353,0.11279999999999998,0.5,-1.7757899725172366,0.05600000000000001,0.10959999999999999,0.822829526191919,-1.5060465111538468,0.0,548.0,272.0,1037.0,516.0,350.0,350.0,0.85,-0.7270377576650722,100.0,1,median_of_seed_median_return_pct,-0.7270377576650722,1.0,1.0,0.04905393453010998,8.667732933019302,-0.7270377576650722,0.9325684079247887,516.0,feasible_if_all_values_le_0,1.0,1.0,3142,0.0,True,COMPLETE
30,0.17977502064960849,4.49166155477934,0.04190369835563712,325,1.0,1.0,1.0,False,0.01618211238425629,True,True,True,True,True,True,True,0.0,0.0,-3.890509694858311,0.0,-171.0,-379.0,-0.10470784958320767,"[-3.890509694858311, -0.10470784958320767, -379.0, -171.0, 0.0, 0.0, 0.0]",0.5694826350977399,0.0962,11.109490305141689,-1000000.0,15.0,0.17977502064960849,650.0,0.5694826350977399,0.17977502064960849,0.8176854509412856,0.27035638620993563,-0.54732906473135,-0.8176854509412856,5.905909414605215,0.0944,0.49399999999999994,1.3035099769349046,0.059399999999999994,0.095,1.0037707771240956,0.27035638620993563,3.0,475.0,237.0,7.668669224339331,0.10300000000000001,0.4466,-0.6989029266016278,0.058399999999999994,0.09740000000000001,0.8807021136942965,-0.54732906473135,1.0,487.0,242.0,5.0,5.0,11.109490305141689,0.0962,0.5694826350977399,0.17977502064960849,3.0,0.9547078495832076,0.8176854509412856,0.27035638620993563,-0.54732906473135,-0.8176854509412856,5.905909414605215,0.0944,0.49399999999999994,1.3035099769349046,0.059399999999999994,0.095,1.0037707771240956,0.27035638620993563,3.0,475.0,237.0,7.668669224339331,0.10300000000000001,0.4466,-0.6989029266016278,0.058399999999999994,0.09740000000000001,0.8807021136942965,-0.54732906473135,1.0,487.0,242.0,962.0,479.0,325.0,325.0,0.85,0.17977502064960849,100.0,1,median_of_seed_median_return_pct,0.17977502064960849,1.0,1.0,0.5694826350977399,11.109490305141689,0.17977502064960849,0.9547078495832076,479.0,feasible_if_all_values_le_0,1.0,1.0,3142,0.0,True,COMPLETE
31,0.5811127211950096,6.049184298597318,0.0371895044645805,250,1.0,1.0,1.0,False,0.05255078449261616,True,True,True,True,True,True,True,0.0,0.0,-3.9418830412196613,0.0,-188.0,-362.0,-0.10408483912984423,"[-3.9418830412196613, -0.10408483912984423, -362.0, -188.0, 0.0, 0.0, 0.0]",0.14895012297955645,0.0927,11.058116958780339,-1000000.0,15.0,0.5811127211950096,650.0,0.14895012297955645,0.5811127211950096,5.4973727916308945,2.0865203631655893,-3.4108524284653052,-5.4973727916308945,3.689781070656306,0.058600000000000006,0.5236,2.90669317693391,0.0674,0.0834,1.1186535791972279,2.0865203631655893,3.0,417.0,208.0,9.630484844384746,0.1058,0.445,-2.6120315794243387,0.0506,0.10200000000000001,0.63518913563201,-3.4108524284653052,0.0,510.0,254.0,5.0,5.0,11.058116958780339,0.0927,0.14895012297955645,0.5811127211950096,3.0,0.9540848391298442,5.4973727916308945,2.0865203631655893,-3.4108524284653052,-5.4973727916308945,3.689781070656306,0.058600000000000006,0.5236,2.90669317693391,0.0674,0.0834,1.1186535791972279,2.0865203631655893,3.0,417.0,208.0,9.630484844384746,0.1058,0.445,-2.6120315794243387,0.0506,0.10200000000000001,0.63518913563201,-3.4108524284653052,0.0,510.0,254.0,927.0,462.0,250.0,250.0,0.85,0.5811127211950096,100.0,1,median_of_seed_median_return_pct,0.5811127211950096,1.0,1.0,0.14895012297955645,11.058116958780339,0.5811127211950096,0.9540848391298442,462.0,feasible_if_all_values_le_0,1.0,1.0,3142,0.0,True,COMPLETE
32,-2.029233714785428,8.720634375844218,0.059384914612301075,325,1.0,1.0,1.0,False,-0.16081936664359617,True,True,True,True,False,True,True,0.0,0.0,-2.381907060468878,0.0,-187.0,-363.0,0.006710134830258951,"[-2.381907060468878, 0.006710134830258951, -363.0, -187.0, 0.0, 0.0, 0.0]",-2.6267621120881985,0.093,12.618092939531122,-1000000.0,15.0,-2.029233714785428,650.0,-2.6267621120881985,-2.029233714785428,1.9258323667085242,-0.27033840766890194,-2.196170774377426,-1.9258323667085242,6.235353071743366,0.0864,0.484,-0.03237841170764746,0.069,0.0916,0.9058655478335729,-0.27033840766890194,2.0,458.0,228.0,10.51312044260515,0.08940000000000001,0.4436,-2.527787218974502,0.0696,0.0944,0.7185919568555775,-2.196170774377426,0.0,472.0,235.0,5.0,5.0,12.618092939531122,0.093,-2.6267621120881985,-2.029233714785428,1.0,0.843289865169741,1.9258323667085242,-0.27033840766890194,-2.196170774377426,-1.9258323667085242,6.235353071743366,0.0864,0.484,-0.03237841170764746,0.069,0.0916,0.9058655478335729,-0.27033840766890194,2.0,458.0,228.0,10.51312044260515,0.08940000000000001,0.4436,-2.527787218974502,0.0696,0.0944,0.7185919568555775,-2.196170774377426,0.0,472.0,235.0,930.0,463.0,325.0,325.0,0.85,-2.029233714785428,100.0,1,median_of_seed_median_return_pct,-2.029233714785428,1.0,1.0,-2.6267621120881985,12.618092939531122,-2.029233714785428,0.843289865169741,463.0,feasible_if_all_values_le_0,1.0,1.0,3142,0.0,False,COMPLETE
33,-0.7875174065562485,9.039744115221813,0.09102639909341714,275,1.0,1.0,1.0,False,-0.07039570016346833,True,True,True,True,True,True,True,0.0,0.0,-3.812989930812158,0.0,-188.0,-362.0,-0.03497893201385438,"[-3.812989930812158, -0.03497893201385438, -362.0, -188.0, 0.0, 0.0, 0.0]",-0.9343428536764377,0.0927,11.187010069187842,-1000000.0,15.0,-0.7875174065562485,650.0,-0.9343428536764377,-0.7875174065562485,3.7125152627127123,0.28423015803615836,-3.428285104676554,-3.7125152627127123,5.043024376018812,0.0764,0.5162,1.7343288156025216,0.0688,0.0898,0.9382317226249365,0.28423015803615836,3.0,449.0,224.0,8.915194710819884,0.09659999999999999,0.4706,-2.56113266590857,0.07400000000000001,0.09560000000000002,0.6613522460052926,-3.428285104676554,1.0,478.0,238.0,5.0,5.0,11.187010069187842,0.0927,-0.9343428536764377,-0.7875174065562485,1.0,0.8849789320138544,3.7125152627127123,0.28423015803615836,-3.428285104676554,-3.7125152627127123,5.043024376018812,0.0764,0.5162,1.7343288156025216,0.0688,0.0898,0.9382317226249365,0.28423015803615836,3.0,449.0,224.0,8.915194710819884,0.09659999999999999,0.4706,-2.56113266590857,0.07400000000000001,0.09560000000000002,0.6613522460052926,-3.428285104676554,1.0,478.0,238.0,927.0,462.0,275.0,275.0,0.85,-0.7875174065562485,100.0,1,median_of_seed_median_return_pct,-0.7875174065562485,1.0,1.0,-0.9343428536764377,11.187010069187842,-0.7875174065562485,0.8849789320138544,462.0,feasible_if_all_values_le_0,1.0,1.0,3142,0.0,True,COMPLETE
34,-0.07663556630658208,9.71136601821314,0.04175628032644519,250,1.0,1.0,1.0,False,-0.006686561820981346,True,True,True,True,True,True,True,0.0,0.0,-3.538868201874376,0.0,-191.0,-359.0,-0.07711047454895037,"[-3.538868201874376, -0.07711047454895037, -359.0, -191.0, 0.0, 0.0, 0.0]",-0.938749742593117,0.09219999999999999,11.461131798125624,-1000000.0,15.0,-0.07663556630658208,650.0,-0.938749742593117,-0.07663556630658208,3.0834511092836303,1.022798671836611,-2.060652437447019,-3.0834511092836303,5.0104334290596135,0.05720000000000001,0.5246,1.955065871817461,0.0638,0.0838,1.013481246982299,1.022798671836611,3.0,419.0,209.0,8.367738756252407,0.1058,0.4566,-2.7573861521418253,0.0624,0.1006,0.716164734990438,-2.060652437447019,0.0,503.0,250.0,5.0,5.0,11.461131798125624,0.09219999999999999,-0.938749742593117,-0.07663556630658208,2.0,0.9271104745489503,3.0834511092836303,1.022798671836611,-2.060652437447019,-3.0834511092836303,5.0104334290596135,0.05720000000000001,0.5246,1.955065871817461,0.0638,0.0838,1.013481246982299,1.022798671836611,3.0,419.0,209.0,8.367738756252407,0.1058,0.4566,-2.7573861521418253,0.0624,0.1006,0.716164734990438,-2.060652437447019,0.0,503.0,250.0,922.0,459.0,250.0,250.0,0.85,-0.07663556630658208,100.0,1,median_of_seed_median_return_pct,-0.07663556630658208,1.0,1.0,-0.938749742593117,11.461131798125624,-0.07663556630658208,0.9271104745489503,459.0,feasible_if_all_values_le_0,1.0,1.0,3142,0.0,True,COMPLETE
35,-0.48448958532145703,4.698379055299798,0.03223708490469506,250,1.0,1.0,1.0,False,-0.04392357714717367,True,True,True,True,True,True,True,0.0,0.0,-3.9697147457255255,0.0,-184.0,-366.0,-0.05904355828222041,"[-3.9697147457255255, -0.05904355828222041, -366.0, -184.0, 0.0, 0.0, 0.0]",0.06374730356670355,0.09359999999999999,11.030285254274474,-1000000.0,15.0,-0.48448958532145703,650.0,0.06374730356670355,-0.48448958532145703,3.4217786420011165,1.2501559100853044,-2.171622731915812,-3.4217786420011165,4.769817625635586,0.0674,0.5174000000000001,2.4609911820395847,0.055600000000000004,0.0866,1.0648099134527886,1.2501559100853044,4.0,433.0,216.0,8.797150601682446,0.1068,0.4476,-2.214939938121936,0.051000000000000004,0.1006,0.7338374751895755,-2.171622731915812,1.0,503.0,250.0,5.0,5.0,11.030285254274474,0.09359999999999999,0.06374730356670355,-0.48448958532145703,2.0,0.9090435582822204,3.4217786420011165,1.2501559100853044,-2.171622731915812,-3.4217786420011165,4.769817625635586,0.0674,0.5174000000000001,2.4609911820395847,0.055600000000000004,0.0866,1.0648099134527886,1.2501559100853044,4.0,433.0,216.0,8.797150601682446,0.1068,0.4476,-2.214939938121936,0.051000000000000004,0.1006,0.7338374751895755,-2.171622731915812,1.0,503.0,250.0,936.0,466.0,250.0,250.0,0.85,-0.48448958532145703,100.0,1,median_of_seed_median_return_pct,-0.48448958532145703,1.0,1.0,0.06374730356670355,11.030285254274474,-0.48448958532145703,0.9090435582822204,466.0,feasible_if_all_values_le_0,1.0,1.0,3142,0.0,True,COMPLETE
36,-2.3622284725838605,0.30143865542333614,0.14045057135383665,275,1.0,1.0,1.0,False,-0.2062570592454268,True,True,True,True,False,True,True,0.0,0.0,-3.5471630341969185,0.0,-157.0,-393.0,0.06363993351085839,"[-3.5471630341969185, 0.06363993351085839, -393.0, -157.0, 0.0, 0.0, 0.0]",-1.661757319548196,0.099,11.452836965803082,-1000000.0,15.0,-2.3622284725838605,650.0,-1.661757319548196,-2.3622284725838605,5.034576846385286,0.7021881659364348,-4.332388680448851,-5.034576846385286,4.794157693124346,0.0712,0.5442,1.9869037072931728,0.0548,0.0888,0.9942522547030637,0.7021881659364348,3.0,444.0,221.0,9.498290088190398,0.11180000000000001,0.4868,-3.4925399166312503,0.052000000000000005,0.10919999999999999,0.5818513898357108,-4.332388680448851,1.0,546.0,272.0,5.0,5.0,11.452836965803082,0.099,-1.661757319548196,-2.3622284725838605,1.0,0.7863600664891416,5.034576846385286,0.7021881659364348,-4.332388680448851,-5.034576846385286,4.794157693124346,0.0712,0.5442,1.9869037072931728,0.0548,0.0888,0.9942522547030637,0.7021881659364348,3.0,444.0,221.0,9.498290088190398,0.11180000000000001,0.4868,-3.4925399166312503,0.052000000000000005,0.10919999999999999,0.5818513898357108,-4.332388680448851,1.0,546.0,272.0,990.0,493.0,275.0,275.0,0.85,-2.3622284725838605,100.0,1,median_of_seed_median_return_pct,-2.3622284725838605,1.0,1.0,-1.661757319548196,11.452836965803082,-2.3622284725838605,0.7863600664891416,493.0,feasible_if_all_values_le_0,1.0,1.0,3142,0.0,False,COMPLETE
37,-2.205542748238176,3.8592987998327244,0.06929197861383687,350,1.0,1.0,1.0,False,-0.22471814240831628,True,True,True,True,True,True,True,0.0,0.0,-5.18529289802213,0.0,-163.0,-387.0,-0.023405935073966377,"[-5.18529289802213, -0.023405935073966377, -387.0, -163.0, 0.0, 0.0, 0.0]",-1.255151459397181,0.0979,9.81470710197787,-1000000.0,15.0,-2.205542748238176,650.0,-1.255151459397181,-2.205542748238176,1.225619701542524,-0.5897760971945054,-1.8153957987370295,-1.225619701542524,5.898468309164995,0.07359999999999998,0.5118,0.8272953871405232,0.0598,0.08399999999999999,0.8676527051817109,-0.5897760971945054,2.0,420.0,210.0,7.775870837784826,0.1236,0.4600000000000001,-2.080728770374633,0.059800000000000006,0.11179999999999998,0.798612519536344,-1.8153957987370295,1.0,559.0,277.0,5.0,5.0,9.81470710197787,0.0979,-1.255151459397181,-2.205542748238176,2.0,0.8734059350739664,1.225619701542524,-0.5897760971945054,-1.8153957987370295,-1.225619701542524,5.898468309164995,0.07359999999999998,0.5118,0.8272953871405232,0.0598,0.08399999999999999,0.8676527051817109,-0.5897760971945054,2.0,420.0,210.0,7.775870837784826,0.1236,0.4600000000000001,-2.080728770374633,0.059800000000000006,0.11179999999999998,0.798612519536344,-1.8153957987370295,1.0,559.0,277.0,979.0,487.0,350.0,350.0,0.85,-2.205542748238176,100.0,1,median_of_seed_median_return_pct,-2.205542748238176,1.0,1.0,-1.255151459397181,9.81470710197787,-2.205542748238176,0.8734059350739664,487.0,feasible_if_all_values_le_0,1.0,1.0,3142,0.0,True,COMPLETE
38,-1.3636693921486254,8.660891856740749,0.086516367040696,250,1.0,1.0,1.0,False,-0.12915324850963952,True,True,True,True,True,True,True,0.0,0.0,-4.441462697340935,0.0,-178.0,-372.0,-0.05680193194475014,"[-4.441462697340935, -0.05680193194475014, -372.0, -178.0, 0.0, 0.0, 0.0]",-0.8904183297588728,0.09469999999999999,10.558537302659065,-1000000.0,15.0,-1.3636693921486254,650.0,-0.8904183297588728,-1.3636693921486254,4.287717100929256,1.5406662605592203,-2.7470508403700356,-4.287717100929256,4.236049270372922,0.06040000000000001,0.524,2.233517517984258,0.06420000000000001,0.08499999999999999,1.1598673790454628,1.5406662605592203,3.0,425.0,212.0,8.238714572759854,0.11599999999999999,0.462,-2.986245462332961,0.06420000000000001,0.1044,0.6839565134363019,-2.7470508403700356,0.0,522.0,260.0,5.0,5.0,10.558537302659065,0.09469999999999999,-0.8904183297588728,-1.3636693921486254,2.0,0.9068019319447501,4.287717100929256,1.5406662605592203,-2.7470508403700356,-4.287717100929256,4.236049270372922,0.06040000000000001,0.524,2.233517517984258,0.06420000000000001,0.08499999999999999,1.1598673790454628,1.5406662605592203,3.0,425.0,212.0,8.238714572759854,0.11599999999999999,0.462,-2.986245462332961,0.06420000000000001,0.1044,0.6839565134363019,-2.7470508403700356,0.0,522.0,260.0,947.0,472.0,250.0,250.0,0.85,-1.3636693921486254,100.0,1,median_of_seed_median_return_pct,-1.3636693921486254,1.0,1.0,-0.8904183297588728,10.558537302659065,-1.3636693921486254,0.9068019319447501,472.0,feasible_if_all_values_le_0,1.0,1.0,3142,0.0,True,COMPLETE
39,-2.583788452787572,4.093304489922744,0.032014352611022846,275,1.0,1.0,1.0,False,-0.19364120571193766,True,True,True,True,False,True,True,0.0,0.0,-1.656825218124089,0.0,-166.0,-384.0,0.08741338379890451,"[-1.656825218124089, 0.08741338379890451, -384.0, -166.0, 0.0, 0.0, 0.0]",-1.7173104775269323,0.0972,13.343174781875911,-1000000.0,15.0,-2.583788452787572,650.0,-1.7173104775269323,-2.583788452787572,0.23707338466463224,-1.0649431554561661,-1.3020165401207984,0.23707338466463224,6.454587717256144,0.07919999999999999,0.5248,0.445666091307686,0.061399999999999996,0.0914,0.8183802229634342,-1.3020165401207984,2.0,457.0,228.0,11.034086765589201,0.1056,0.4354,-2.1383329622736307,0.056400000000000006,0.10300000000000001,0.8611209242523222,-1.0649431554561661,1.0,515.0,256.0,5.0,5.0,13.343174781875911,0.0972,-1.7173104775269323,-2.583788452787572,1.0,0.7625866162010955,0.23707338466463224,-1.0649431554561661,-1.3020165401207984,0.23707338466463224,6.454587717256144,0.07919999999999999,0.5248,0.445666091307686,0.061399999999999996,0.0914,0.8183802229634342,-1.3020165401207984,2.0,457.0,228.0,11.034086765589201,0.1056,0.4354,-2.1383329622736307,0.056400000000000006,0.10300000000000001,0.8611209242523222,-1.0649431554561661,1.0,515.0,256.0,972.0,484.0,275.0,275.0,0.85,-2.583788452787572,100.0,1,median_of_seed_median_return_pct,-2.583788452787572,1.0,1.0,-1.7173104775269323,13.343174781875911,-2.583788452787572,0.7625866162010955,484.0,feasible_if_all_values_le_0,1.0,1.0,3142,0.0,False,COMPLETE
