number,value,params_lambda_prior,params_ucb_alpha,params_window_size,user_attrs_all_symbols_active_share,user_attrs_all_symbols_have_long_share,user_attrs_calmar_drawdown_floor_abs,user_attrs_calmar_drawdown_floor_applied,user_attrs_calmar_like,user_attrs_constraint_drawdown_ok,user_attrs_constraint_finite_objective_return_ok,user_attrs_constraint_max_trades_ok,user_attrs_constraint_min_trades_ok,user_attrs_constraint_profit_factor_ok,user_attrs_constraint_symbols_active_ok,user_attrs_constraint_symbols_have_long_ok,user_attrs_constraint_value_all_symbols_active,user_attrs_constraint_value_all_symbols_have_long,user_attrs_constraint_value_drawdown,user_attrs_constraint_value_finite_objective_return,user_attrs_constraint_value_max_trades,user_attrs_constraint_value_min_trades,user_attrs_constraint_value_profit_factor,user_attrs_constraints_values,user_attrs_diagnostic_mean_of_seed_mean_return_pct,user_attrs_diagnostic_median_mean_turnover,user_attrs_effective_drawdown_abs_for_calmar,user_attrs_invalid_score,user_attrs_max_drawdown_abs,user_attrs_max_seed_median_return_pct,user_attrs_max_total_trades,user_attrs_mean_of_seed_mean_return_pct,user_attrs_mean_of_seed_median_return_pct,user_attrs_mean_seed_half_return_gap_pct,user_attrs_mean_seed_max_half_median_return_pct,user_attrs_mean_seed_min_half_median_return_pct,user_attrs_mean_seed_second_minus_first_half_median_return_pct,user_attrs_mean_seed_val_first_max_drawdown_abs,user_attrs_mean_seed_val_first_mean_constraint_applied_ratio,user_attrs_mean_seed_val_first_mean_executed_action_1_ratio,user_attrs_mean_seed_val_first_mean_return_pct,user_attrs_mean_seed_val_first_mean_threshold_applied_ratio,user_attrs_mean_seed_val_first_mean_turnover,user_attrs_mean_seed_val_first_median_profit_factor,user_attrs_mean_seed_val_first_median_return_pct,user_attrs_mean_seed_val_first_positive_return_symbols,user_attrs_mean_seed_val_first_total_trade_events,user_attrs_mean_seed_val_first_total_trades,user_attrs_mean_seed_val_second_max_drawdown_abs,user_attrs_mean_seed_val_second_mean_constraint_applied_ratio,user_attrs_mean_seed_val_second_mean_executed_action_1_ratio,user_attrs_mean_seed_val_second_mean_return_pct,user_attrs_mean_seed_val_second_mean_threshold_applied_ratio,user_attrs_mean_seed_val_second_mean_turnover,user_attrs_mean_seed_val_second_median_profit_factor,user_attrs_mean_seed_val_second_median_return_pct,user_attrs_mean_seed_val_second_positive_return_symbols,user_attrs_mean_seed_val_second_total_trade_events,user_attrs_mean_seed_val_second_total_trades,user_attrs_median_active_symbols,user_attrs_median_long_action_symbols,user_attrs_median_max_drawdown_abs,user_attrs_median_mean_turnover,user_attrs_median_of_seed_mean_return_pct,user_attrs_median_of_seed_median_return_pct,user_attrs_median_positive_return_symbols,user_attrs_median_profit_factor,user_attrs_median_seed_half_return_gap_pct,user_attrs_median_seed_max_half_median_return_pct,user_attrs_median_seed_min_half_median_return_pct,user_attrs_median_seed_second_minus_first_half_median_return_pct,user_attrs_median_seed_val_first_max_drawdown_abs,user_attrs_median_seed_val_first_mean_constraint_applied_ratio,user_attrs_median_seed_val_first_mean_executed_action_1_ratio,user_attrs_median_seed_val_first_mean_return_pct,user_attrs_median_seed_val_first_mean_threshold_applied_ratio,user_attrs_median_seed_val_first_mean_turnover,user_attrs_median_seed_val_first_median_profit_factor,user_attrs_median_seed_val_first_median_return_pct,user_attrs_median_seed_val_first_positive_return_symbols,user_attrs_median_seed_val_first_total_trade_events,user_attrs_median_seed_val_first_total_trades,user_attrs_median_seed_val_second_max_drawdown_abs,user_attrs_median_seed_val_second_mean_constraint_applied_ratio,user_attrs_median_seed_val_second_mean_executed_action_1_ratio,user_attrs_median_seed_val_second_mean_return_pct,user_attrs_median_seed_val_second_mean_threshold_applied_ratio,user_attrs_median_seed_val_second_mean_turnover,user_attrs_median_seed_val_second_median_profit_factor,user_attrs_median_seed_val_second_median_return_pct,user_attrs_median_seed_val_second_positive_return_symbols,user_attrs_median_seed_val_second_total_trade_events,user_attrs_median_seed_val_second_total_trades,user_attrs_median_total_trade_events,user_attrs_median_total_trades,user_attrs_memory_horizon,user_attrs_memory_horizon_bars,user_attrs_min_profit_factor,user_attrs_min_seed_median_return_pct,user_attrs_min_total_trades,user_attrs_n_seeds,user_attrs_objective_metric_name,user_attrs_objective_score,user_attrs_observed_all_symbols_active_share,user_attrs_observed_all_symbols_have_long_share,user_attrs_observed_mean_of_seed_mean_return_pct,user_attrs_observed_median_max_drawdown_abs,user_attrs_observed_median_of_seed_median_return_pct,user_attrs_observed_median_profit_factor,user_attrs_observed_median_total_trades,user_attrs_optuna_constraints_convention,user_attrs_required_all_symbols_active_share,user_attrs_required_all_symbols_have_long_share,user_attrs_seeds_used,user_attrs_std_of_seed_median_return_pct,user_attrs_valid,state
7,-0.7237858073924852,1.4196223716226133,0.0495700052756821,375,1.0,1.0,1.0,False,-0.08444122506024934,True,True,True,True,True,True,True,0.0,0.0,-6.428525499528702,0.0,-151.0,-399.0,-0.08064375013082958,"[-6.428525499528702, -0.08064375013082958, -399.0, -151.0, 0.0, 0.0, 0.0]",-0.8171788748669483,0.10029999999999999,8.571474500471298,-1000000.0,15.0,-0.7237858073924852,650.0,-0.8171788748669483,-0.7237858073924852,2.5564481577423748,1.0401265212188981,-1.5163216365234766,-2.5564481577423748,4.1332678297562815,0.08220000000000001,0.5062,1.6660193250717328,0.0598,0.08879999999999999,0.993662592281701,1.0401265212188981,4.0,444.0,221.0,7.982257445276231,0.11699999999999999,0.46020000000000005,-2.3997495508103284,0.0698,0.11179999999999998,0.8387271211849645,-1.5163216365234766,0.0,559.0,278.0,5.0,5.0,8.571474500471298,0.10029999999999999,-0.8171788748669483,-0.7237858073924852,1.0,0.9306437501308296,2.5564481577423748,1.0401265212188981,-1.5163216365234766,-2.5564481577423748,4.1332678297562815,0.08220000000000001,0.5062,1.6660193250717328,0.0598,0.08879999999999999,0.993662592281701,1.0401265212188981,4.0,444.0,221.0,7.982257445276231,0.11699999999999999,0.46020000000000005,-2.3997495508103284,0.0698,0.11179999999999998,0.8387271211849645,-1.5163216365234766,0.0,559.0,278.0,1003.0,499.0,375.0,375.0,0.85,-0.7237858073924852,100.0,1,median_of_seed_median_return_pct,-0.7237858073924852,1.0,1.0,-0.8171788748669483,8.571474500471298,-0.7237858073924852,0.9306437501308296,499.0,feasible_if_all_values_le_0,1.0,1.0,3142,0.0,True,COMPLETE
8,-3.569149367522162,4.624683587000661,0.11656726146834466,275,1.0,1.0,1.0,False,-0.2799681409262937,True,True,True,True,False,True,True,0.0,0.0,-2.2515874280788246,0.0,-152.0,-398.0,0.13628227456358144,"[-2.2515874280788246, 0.13628227456358144, -398.0, -152.0, 0.0, 0.0, 0.0]",-2.091487289061369,0.1,12.748412571921175,-1000000.0,15.0,-3.569149367522162,650.0,-2.091487289061369,-3.569149367522162,3.7569928657217977,-0.24201348151059454,-3.9990063472323922,-3.7569928657217977,5.270681968377977,0.0802,0.5206,0.6896170781670751,0.0608,0.09540000000000001,0.8949088034197251,-0.24201348151059454,2.0,477.0,238.0,9.915771342498426,0.1156,0.4864,-2.7315384015210453,0.064,0.1046,0.6192676186834976,-3.9990063472323922,1.0,523.0,260.0,5.0,5.0,12.748412571921175,0.1,-2.091487289061369,-3.569149367522162,2.0,0.7137177254364185,3.7569928657217977,-0.24201348151059454,-3.9990063472323922,-3.7569928657217977,5.270681968377977,0.0802,0.5206,0.6896170781670751,0.0608,0.09540000000000001,0.8949088034197251,-0.24201348151059454,2.0,477.0,238.0,9.915771342498426,0.1156,0.4864,-2.7315384015210453,0.064,0.1046,0.6192676186834976,-3.9990063472323922,1.0,523.0,260.0,1000.0,498.0,275.0,275.0,0.85,-3.569149367522162,100.0,1,median_of_seed_median_return_pct,-3.569149367522162,1.0,1.0,-2.091487289061369,12.748412571921175,-3.569149367522162,0.7137177254364185,498.0,feasible_if_all_values_le_0,1.0,1.0,3142,0.0,False,COMPLETE
9,-1.6502674347711133,1.4303209498497353,0.19038700880005283,300,1.0,1.0,1.0,False,-0.1579454745528247,True,True,True,True,False,True,True,0.0,0.0,-4.551663702658457,0.0,-129.0,-421.0,0.0004353051919521178,"[-4.551663702658457, 0.0004353051919521178, -421.0, -129.0, 0.0, 0.0, 0.0]",-0.5307916964716064,0.1045,10.448336297341543,-1000000.0,15.0,-1.6502674347711133,650.0,-0.5307916964716064,-1.6502674347711133,2.584796197201733,0.36028706812758493,-2.224509129074148,-2.584796197201733,5.253141858486988,0.0842,0.5386000000000001,2.6050173603709226,0.0588,0.1022,0.9919709446113477,0.36028706812758493,3.0,511.0,255.0,10.448336297341543,0.1068,0.489,-2.9666261820336715,0.05600000000000001,0.1068,0.7504301181028165,-2.224509129074148,0.0,534.0,266.0,5.0,5.0,10.448336297341543,0.1045,-0.5307916964716064,-1.6502674347711133,1.0,0.8495646948080479,2.584796197201733,0.36028706812758493,-2.224509129074148,-2.584796197201733,5.253141858486988,0.0842,0.5386000000000001,2.6050173603709226,0.0588,0.1022,0.9919709446113477,0.36028706812758493,3.0,511.0,255.0,10.448336297341543,0.1068,0.489,-2.9666261820336715,0.05600000000000001,0.1068,0.7504301181028165,-2.224509129074148,0.0,534.0,266.0,1045.0,521.0,300.0,300.0,0.85,-1.6502674347711133,100.0,1,median_of_seed_median_return_pct,-1.6502674347711133,1.0,1.0,-0.5307916964716064,10.448336297341543,-1.6502674347711133,0.8495646948080479,521.0,feasible_if_all_values_le_0,1.0,1.0,3142,0.0,False,COMPLETE
10,-1.1771461304856068,7.176816282533871,0.029492325324006162,400,1.0,1.0,1.0,False,-0.11614554359720712,True,True,True,True,True,True,True,0.0,0.0,-4.864904894087449,0.0,-176.0,-374.0,-0.017967475921810916,"[-4.864904894087449, -0.017967475921810916, -374.0, -176.0, 0.0, 0.0, 0.0]",-1.2787974842140934,0.09519999999999999,10.135095105912551,-1000000.0,15.0,-1.1771461304856068,650.0,-1.2787974842140934,-1.1771461304856068,2.426801711335569,0.5790854275884216,-1.8477162837471472,-2.426801711335569,5.052036439132779,0.0596,0.48279999999999995,1.572545339325302,0.07440000000000001,0.08059999999999999,1.0466727996794383,0.5790854275884216,3.0,403.0,201.0,9.64153980103417,0.1206,0.46420000000000006,-2.7913470917122774,0.0686,0.10979999999999998,0.6900406963136347,-1.8477162837471472,0.0,549.0,273.0,5.0,5.0,10.135095105912551,0.09519999999999999,-1.2787974842140934,-1.1771461304856068,1.0,0.8679674759218109,2.426801711335569,0.5790854275884216,-1.8477162837471472,-2.426801711335569,5.052036439132779,0.0596,0.48279999999999995,1.572545339325302,0.07440000000000001,0.08059999999999999,1.0466727996794383,0.5790854275884216,3.0,403.0,201.0,9.64153980103417,0.1206,0.46420000000000006,-2.7913470917122774,0.0686,0.10979999999999998,0.6900406963136347,-1.8477162837471472,0.0,549.0,273.0,952.0,474.0,400.0,400.0,0.85,-1.1771461304856068,100.0,1,median_of_seed_median_return_pct,-1.1771461304856068,1.0,1.0,-1.2787974842140934,10.135095105912551,-1.1771461304856068,0.8679674759218109,474.0,feasible_if_all_values_le_0,1.0,1.0,3142,0.0,True,COMPLETE
11,-1.961380157737025,2.5016107608656997,0.06335553483392456,400,1.0,1.0,1.0,False,-0.17563675435842224,True,True,True,True,False,True,True,0.0,0.0,-3.832746511960515,0.0,-149.0,-401.0,0.005362773400311993,"[-3.832746511960515, 0.005362773400311993, -401.0, -149.0, 0.0, 0.0, 0.0]",-1.0991480392972264,0.1006,11.167253488039485,-1000000.0,15.0,-1.961380157737025,650.0,-1.0991480392972264,-1.961380157737025,5.034751007490068,1.7701257610702736,-3.2646252464197945,-5.034751007490068,5.831381492125609,0.0766,0.5162000000000001,1.8277646317342566,0.0666,0.089,1.148621251600765,1.7701257610702736,3.0,445.0,222.0,9.073033839189094,0.1186,0.47319999999999995,-2.87128992991387,0.06420000000000001,0.1122,0.718175624529776,-3.2646252464197945,0.0,561.0,279.0,5.0,5.0,11.167253488039485,0.1006,-1.0991480392972264,-1.961380157737025,2.0,0.844637226599688,5.034751007490068,1.7701257610702736,-3.2646252464197945,-5.034751007490068,5.831381492125609,0.0766,0.5162000000000001,1.8277646317342566,0.0666,0.089,1.148621251600765,1.7701257610702736,3.0,445.0,222.0,9.073033839189094,0.1186,0.47319999999999995,-2.87128992991387,0.06420000000000001,0.1122,0.718175624529776,-3.2646252464197945,0.0,561.0,279.0,1006.0,501.0,400.0,400.0,0.85,-1.961380157737025,100.0,1,median_of_seed_median_return_pct,-1.961380157737025,1.0,1.0,-1.0991480392972264,11.167253488039485,-1.961380157737025,0.844637226599688,501.0,feasible_if_all_values_le_0,1.0,1.0,3142,0.0,False,COMPLETE
12,0.5407561589436893,5.6514893610554315,0.04596531306435748,325,1.0,1.0,1.0,False,0.048897504893855845,True,True,True,True,True,True,True,0.0,0.0,-3.9410275612726124,0.0,-169.0,-381.0,-0.12664579305528834,"[-3.9410275612726124, -0.12664579305528834, -381.0, -169.0, 0.0, 0.0, 0.0]",-0.29703262831006116,0.09659999999999999,11.058972438727388,-1000000.0,15.0,0.5407561589436893,650.0,-0.29703262831006116,0.5407561589436893,2.8942701385269,1.5897093469583012,-1.3045607915685986,-2.8942701385269,5.779999243237011,0.0988,0.48919999999999997,0.8008882848623378,0.059399999999999994,0.1012,1.094820910001466,1.5897093469583012,4.0,506.0,252.0,7.118988849897201,0.0876,0.44299999999999995,-1.0632330915555133,0.058399999999999994,0.092,0.8225894859543622,-1.3045607915685986,0.0,460.0,229.0,5.0,5.0,11.058972438727388,0.09659999999999999,-0.29703262831006116,0.5407561589436893,3.0,0.9766457930552883,2.8942701385269,1.5897093469583012,-1.3045607915685986,-2.8942701385269,5.779999243237011,0.0988,0.48919999999999997,0.8008882848623378,0.059399999999999994,0.1012,1.094820910001466,1.5897093469583012,4.0,506.0,252.0,7.118988849897201,0.0876,0.44299999999999995,-1.0632330915555133,0.058399999999999994,0.092,0.8225894859543622,-1.3045607915685986,0.0,460.0,229.0,966.0,481.0,325.0,325.0,0.85,0.5407561589436893,100.0,1,median_of_seed_median_return_pct,0.5407561589436893,1.0,1.0,-0.29703262831006116,11.058972438727388,0.5407561589436893,0.9766457930552883,481.0,feasible_if_all_values_le_0,1.0,1.0,3142,0.0,True,COMPLETE
13,-1.211695970489557,5.980044394062837,0.028640421592573233,325,1.0,1.0,1.0,False,-0.1315026483168548,True,True,True,True,True,True,True,0.0,0.0,-5.785767541578455,0.0,-179.0,-371.0,-0.042599644486115196,"[-5.785767541578455, -0.042599644486115196, -371.0, -179.0, 0.0, 0.0, 0.0]",-0.9482537412064218,0.09459999999999999,9.214232458421545,-1000000.0,15.0,-1.211695970489557,650.0,-0.9482537412064218,-1.211695970489557,1.1829676458171678,-0.42650842474247774,-1.6094760705596456,-1.1829676458171678,5.922086522812309,0.0974,0.4784,0.5587315367785672,0.056999999999999995,0.09519999999999999,0.9008357445852209,-0.42650842474247774,2.0,476.0,237.0,7.933907142269048,0.0868,0.4404,-1.4590484692038896,0.058600000000000006,0.094,0.7844321853981091,-1.6094760705596456,1.0,470.0,234.0,5.0,5.0,9.214232458421545,0.09459999999999999,-0.9482537412064218,-1.211695970489557,1.0,0.8925996444861152,1.1829676458171678,-0.42650842474247774,-1.6094760705596456,-1.1829676458171678,5.922086522812309,0.0974,0.4784,0.5587315367785672,0.056999999999999995,0.09519999999999999,0.9008357445852209,-0.42650842474247774,2.0,476.0,237.0,7.933907142269048,0.0868,0.4404,-1.4590484692038896,0.058600000000000006,0.094,0.7844321853981091,-1.6094760705596456,1.0,470.0,234.0,946.0,471.0,325.0,325.0,0.85,-1.211695970489557,100.0,1,median_of_seed_median_return_pct,-1.211695970489557,1.0,1.0,-0.9482537412064218,9.214232458421545,-1.211695970489557,0.8925996444861152,471.0,feasible_if_all_values_le_0,1.0,1.0,3142,0.0,True,COMPLETE
14,-1.4669398016382451,5.91737676460546,0.13112725482693252,350,1.0,1.0,1.0,False,-0.13880802715410936,True,True,True,True,True,True,True,0.0,0.0,-4.431880621647341,0.0,-168.0,-382.0,-0.048734594194418945,"[-4.431880621647341, -0.048734594194418945, -382.0, -168.0, 0.0, 0.0, 0.0]",-0.9391688974982838,0.0969,10.568119378352659,-1000000.0,15.0,-1.4669398016382451,650.0,-0.9391688974982838,-1.4669398016382451,2.151413061381491,0.31045222174514997,-1.8409608396363408,-2.151413061381491,5.57782277665132,0.0758,0.5161999999999999,1.0010662719643326,0.0692,0.0888,0.9976115403506954,0.31045222174514997,3.0,444.0,221.0,7.669856262612706,0.11239999999999999,0.4692,-1.871549490266755,0.065,0.10499999999999998,0.7734678368681669,-1.8409608396363408,1.0,525.0,261.0,5.0,5.0,10.568119378352659,0.0969,-0.9391688974982838,-1.4669398016382451,2.0,0.8987345941944189,2.151413061381491,0.31045222174514997,-1.8409608396363408,-2.151413061381491,5.57782277665132,0.0758,0.5161999999999999,1.0010662719643326,0.0692,0.0888,0.9976115403506954,0.31045222174514997,3.0,444.0,221.0,7.669856262612706,0.11239999999999999,0.4692,-1.871549490266755,0.065,0.10499999999999998,0.7734678368681669,-1.8409608396363408,1.0,525.0,261.0,969.0,482.0,350.0,350.0,0.85,-1.4669398016382451,100.0,1,median_of_seed_median_return_pct,-1.4669398016382451,1.0,1.0,-0.9391688974982838,10.568119378352659,-1.4669398016382451,0.8987345941944189,482.0,feasible_if_all_values_le_0,1.0,1.0,3142,0.0,True,COMPLETE
15,0.3155605365721792,6.095182303550645,0.03449626932627622,250,1.0,1.0,1.0,False,0.029011344151313345,True,True,True,True,True,True,True,0.0,0.0,-4.12285708217026,0.0,-169.0,-381.0,-0.07539742417505868,"[-4.12285708217026, -0.07539742417505868, -381.0, -169.0, 0.0, 0.0, 0.0]",-1.3509701416826259,0.09659999999999999,10.87714291782974,-1000000.0,15.0,0.3155605365721792,650.0,-1.3509701416826259,0.3155605365721792,2.3971574017898734,0.7535316547361504,-1.643625747053723,-2.3971574017898734,4.916811695860435,0.064,0.5212000000000001,1.651974559788858,0.06720000000000001,0.0858,0.9746782460094726,0.7535316547361504,3.0,429.0,214.0,10.253453765413234,0.11280000000000001,0.4553999999999999,-2.8637943778023156,0.057999999999999996,0.10740000000000001,0.790742869265303,-1.643625747053723,1.0,537.0,267.0,5.0,5.0,10.87714291782974,0.09659999999999999,-1.3509701416826259,0.3155605365721792,3.0,0.9253974241750587,2.3971574017898734,0.7535316547361504,-1.643625747053723,-2.3971574017898734,4.916811695860435,0.064,0.5212000000000001,1.651974559788858,0.06720000000000001,0.0858,0.9746782460094726,0.7535316547361504,3.0,429.0,214.0,10.253453765413234,0.11280000000000001,0.4553999999999999,-2.8637943778023156,0.057999999999999996,0.10740000000000001,0.790742869265303,-1.643625747053723,1.0,537.0,267.0,966.0,481.0,250.0,250.0,0.85,0.3155605365721792,100.0,1,median_of_seed_median_return_pct,0.3155605365721792,1.0,1.0,-1.3509701416826259,10.87714291782974,0.3155605365721792,0.9253974241750587,481.0,feasible_if_all_values_le_0,1.0,1.0,3142,0.0,True,COMPLETE
16,0.8094487476435486,7.268353930605005,0.022379403816452082,250,1.0,1.0,1.0,False,0.08120990182509048,True,True,True,True,True,True,True,0.0,0.0,-5.032634820973733,0.0,-175.0,-375.0,-0.13728660652903457,"[-5.032634820973733, -0.13728660652903457, -375.0, -175.0, 0.0, 0.0, 0.0]",0.16898524807613438,0.0954,9.967365179026267,-1000000.0,15.0,0.8094487476435486,650.0,0.16898524807613438,0.8094487476435486,4.412187400664824,2.365677426455104,-2.0465099742097204,-4.412187400664824,4.104002749934466,0.0654,0.5072,2.762045706954974,0.058800000000000005,0.08499999999999999,1.2490720063424139,2.365677426455104,3.0,425.0,212.0,7.542538681928512,0.12,0.44220000000000004,-2.4362289244466218,0.06,0.10579999999999998,0.7214558886018231,-2.0465099742097204,0.0,529.0,263.0,5.0,5.0,9.967365179026267,0.0954,0.16898524807613438,0.8094487476435486,3.0,0.9872866065290345,4.412187400664824,2.365677426455104,-2.0465099742097204,-4.412187400664824,4.104002749934466,0.0654,0.5072,2.762045706954974,0.058800000000000005,0.08499999999999999,1.2490720063424139,2.365677426455104,3.0,425.0,212.0,7.542538681928512,0.12,0.44220000000000004,-2.4362289244466218,0.06,0.10579999999999998,0.7214558886018231,-2.0465099742097204,0.0,529.0,263.0,954.0,475.0,250.0,250.0,0.85,0.8094487476435486,100.0,1,median_of_seed_median_return_pct,0.8094487476435486,1.0,1.0,0.16898524807613438,9.967365179026267,0.8094487476435486,0.9872866065290345,475.0,feasible_if_all_values_le_0,1.0,1.0,3142,0.0,True,COMPLETE
17,0.24373790701672782,8.08791509457349,0.02556809872098964,275,1.0,1.0,1.0,False,0.020263317445757933,True,True,True,True,True,True,True,0.0,0.0,-2.971470729352186,0.0,-171.0,-379.0,-0.07212439990334751,"[-2.971470729352186, -0.07212439990334751, -379.0, -171.0, 0.0, 0.0, 0.0]",-0.3496624415474578,0.0962,12.028529270647814,-1000000.0,15.0,0.24373790701672782,650.0,-0.3496624415474578,0.24373790701672782,5.887201584994051,2.863586663218687,-3.023614921775364,-5.887201584994051,5.084664156910723,0.0868,0.5152,2.896102458833938,0.0622,0.09340000000000001,1.2541699452044517,2.863586663218687,4.0,467.0,233.0,10.736874932579276,0.1024,0.45899999999999996,-3.1039245342137556,0.06040000000000001,0.099,0.6487007418204296,-3.023614921775364,1.0,495.0,246.0,5.0,5.0,12.028529270647814,0.0962,-0.3496624415474578,0.24373790701672782,3.0,0.9221243999033475,5.887201584994051,2.863586663218687,-3.023614921775364,-5.887201584994051,5.084664156910723,0.0868,0.5152,2.896102458833938,0.0622,0.09340000000000001,1.2541699452044517,2.863586663218687,4.0,467.0,233.0,10.736874932579276,0.1024,0.45899999999999996,-3.1039245342137556,0.06040000000000001,0.099,0.6487007418204296,-3.023614921775364,1.0,495.0,246.0,962.0,479.0,275.0,275.0,0.85,0.24373790701672782,100.0,1,median_of_seed_median_return_pct,0.24373790701672782,1.0,1.0,-0.3496624415474578,12.028529270647814,0.24373790701672782,0.9221243999033475,479.0,feasible_if_all_values_le_0,1.0,1.0,3142,0.0,True,COMPLETE
