number,value,params_lambda_prior,params_noise_std,params_one_minus_gamma,user_attrs_bandit_consulted_ratio_overall,user_attrs_constraints_values,user_attrs_cv_finite_objective,user_attrs_cv_min_symbol_trades,user_attrs_decision_point_ratio_overall,user_attrs_dro_alpha,user_attrs_dro_minimax_max,user_attrs_dro_minimax_mean,user_attrs_dro_minimax_median,user_attrs_dro_minimax_min,user_attrs_dro_minimax_std,user_attrs_dro_pure_min_mean,user_attrs_dro_pure_min_median,user_attrs_dro_pure_min_std,user_attrs_forced_singleton_ratio_overall,user_attrs_full_mean_aggregate_median,user_attrs_h1_mean_aggregate_median,user_attrs_h2_mean_aggregate_median,user_attrs_mean_holding_bars_overall,user_attrs_median_holding_bars_overall,user_attrs_median_max_drawdown_abs,user_attrs_median_min_symbol_trades,user_attrs_median_profit_factor,user_attrs_median_time_between_entries_overall,user_attrs_median_total_trades,user_attrs_memory_horizon_bars,user_attrs_n_seeds,user_attrs_objective_metric_name,user_attrs_objective_score,user_attrs_observed_dro_minimax_median,user_attrs_observed_dro_pure_min_median,user_attrs_observed_median_max_drawdown_abs,user_attrs_observed_median_min_symbol_trades,user_attrs_observed_median_profit_factor,user_attrs_observed_median_total_trades,user_attrs_p25_holding_bars_overall,user_attrs_p75_holding_bars_overall,user_attrs_pending_update_queued_ratio_overall,user_attrs_seeds_used,user_attrs_share_trades_closed_after_horizon_overall,user_attrs_share_trades_closed_before_horizon_overall,user_attrs_valid,state
0,-4.440726310429789,1.0,0.03,0.003076923076923077,0.5865,"[-137.0, 0.0]",0.0,-137.0,0.5865,0.5,-2.399409073566652,-4.3017774020154125,-4.440726310429789,-5.715618270570234,1.2495616891174033,-5.3627948687039035,-5.4215689448152355,1.814180021239735,0.4135,-6.836725024077555,-1.4304783456983678,-5.4215689448152355,5.555555555555555,4.0,8.903743167511792,187.0,0.7132643042348905,8.0,601.0,325.0,5,dro_minimax_median,-4.440726310429789,-4.440726310429789,-5.4215689448152355,8.903743167511792,187.0,0.7132643042348905,601.0,4.0,6.0,0.5845,3142|3143|3144|3145|3146,0.0825242718446602,0.9174757281553398,True,COMPLETE
1,-4.667699813045301,3.672477322050449,0.012496721473894587,0.002771362790917757,0.6475,"[-102.0, 0.0]",0.0,-102.0,0.6475,0.5,-3.339157027885399,-4.351627358899117,-4.667699813045301,-4.947479145001346,0.6612987815431335,-5.233454842944729,-5.581610225614205,0.8042161071856705,0.35250000000000004,-7.202534664287345,-1.7679531149814316,-5.581610225614205,5.767045454545454,4.0,8.934514213412603,152.0,0.6848623753997383,8.0,533.0,360.83330673168297,5,dro_minimax_median,-4.667699813045301,-4.667699813045301,-5.581610225614205,8.934514213412603,152.0,0.6848623753997383,533.0,4.0,6.0,0.643,3142|3143|3144|3145|3146,0.11834319526627218,0.8816568047337278,True,COMPLETE
2,-4.7336438644829935,24.45058168692544,0.019587875193323546,0.0033780767687841165,0.634,"[-126.0, 0.0]",0.0,-126.0,0.634,0.5,-3.6705958843700373,-4.594478263384526,-4.7336438644829935,-5.678648136860955,0.7865078194837805,-5.603876705680086,-5.794973547721805,0.9829530060473598,0.366,-7.261902478716061,-1.659061029236323,-5.794973547721805,6.0109289617486334,4.0,8.561521674285055,176.0,0.7423097200927771,9.0,548.0,296.02642818562515,5,dro_minimax_median,-4.7336438644829935,-4.7336438644829935,-5.794973547721805,8.561521674285055,176.0,0.7423097200927771,548.0,4.0,6.0,0.631,3142|3143|3144|3145|3146,0.12371134020618557,0.8762886597938144,True,COMPLETE
3,-3.4166291887190487,6.892590636575401,0.0017980330440959514,0.002243587077975584,0.7045,"[-97.0, 0.0]",0.0,-97.0,0.7045,0.5,-2.62198824275963,-3.4083172822335674,-3.4166291887190487,-3.859829503109114,0.4960753889644894,-4.162403931879515,-4.296898317356746,0.5588513612854181,0.2955,-5.5141034805131595,-0.9006408192818173,-4.296898317356746,6.741496598639456,4.0,8.27553440940224,147.0,0.7057446596436288,10.0,449.0,445.71481526908786,5,dro_minimax_median,-3.4166291887190487,-3.4166291887190487,-4.296898317356746,8.27553440940224,147.0,0.7057446596436288,449.0,4.0,8.0,0.701,3142|3143|3144|3145|3146,0.18120805369127516,0.8187919463087249,True,COMPLETE
4,-4.870538613567955,4.605578395334537,0.013618834376629212,0.0034166677234581918,0.6285,"[-105.0, 0.0]",0.0,-105.0,0.6285,0.5,-2.1440357590708565,-4.440050648813163,-4.870538613567955,-5.9891891142536355,1.4369918959730554,-5.19517357503178,-5.687272358559259,1.7531548980987646,0.37150000000000005,-7.362827122220456,-2.1764624480043975,-5.687272358559259,5.6,4.0,9.829331187658452,155.0,0.6680411328941391,8.0,534.0,292.68283630105145,5,dro_minimax_median,-4.870538613567955,-4.870538613567955,-5.687272358559259,9.829331187658452,155.0,0.6680411328941391,534.0,4.0,5.0,0.6255,3142|3143|3144|3145|3146,0.11290322580645161,0.8870967741935484,True,COMPLETE
5,-5.355943309217224,5.884459269971612,0.013297964459332606,0.003545546739499743,0.638,"[-122.0, 0.0]",0.0,-122.0,0.638,0.5,-4.042829106818049,-5.087889108009053,-5.355943309217224,-5.550082533913409,0.619857986794364,-6.058048243177636,-6.272367907774838,0.6330542593666258,0.362,-8.70559684303737,-2.376186934976158,-6.272367907774838,5.72,4.0,10.046076981944251,172.0,0.6529557975659626,8.0,553.0,282.0439479359662,5,dro_minimax_median,-5.355943309217224,-5.355943309217224,-6.272367907774838,10.046076981944251,172.0,0.6529557975659626,553.0,4.0,6.0,0.6355,3142|3143|3144|3145|3146,0.10497237569060773,0.8950276243093923,True,COMPLETE
6,-5.126572197129727,1.650846287730074,0.0018760743185387708,0.0056752810541746785,0.6305,"[-109.0, 0.0]",0.0,-109.0,0.6305,0.5,-3.032255377248525,-4.571880541671139,-5.126572197129727,-5.441612669604128,1.0904535691937298,-5.619254683436008,-6.449459176006537,1.6571693261470208,0.36950000000000005,-7.186927739589174,-1.7556780734978867,-6.449459176006537,5.6464088397790055,4.0,9.780836008172123,159.0,0.6961072953628002,8.0,540.0,176.2027273106431,5,dro_minimax_median,-5.126572197129727,-5.126572197129727,-6.449459176006537,9.780836008172123,159.0,0.6961072953628002,540.0,4.0,5.0,0.629,3142|3143|3144|3145|3146,0.12299465240641712,0.8770053475935828,True,COMPLETE
7,-4.739658897926278,1.4429230661432635,0.002963670928442278,0.003135886999746117,0.6375,"[-111.0, 0.0]",0.0,-111.0,0.6375,0.5,-2.846522591582314,-4.480143052176836,-4.739658897926278,-5.277974774506036,0.9637257396845375,-5.209513673553085,-5.74363673804591,1.2759216594032283,0.36250000000000004,-7.727781357426241,-2.15856702117377,-5.74363673804591,5.629834254143646,4.0,9.664090319514084,161.0,0.6567472134230443,7.5,537.0,318.8890416271251,5,dro_minimax_median,-4.739658897926278,-4.739658897926278,-5.74363673804591,9.664090319514084,161.0,0.6567472134230443,537.0,4.0,5.0,0.633,3142|3143|3144|3145|3146,0.11235955056179775,0.8876404494382022,True,COMPLETE
8,-4.99244672665927,0.7021639484127451,0.021127526447375734,0.0038687460139625275,0.6,"[-136.0, 0.0]",0.0,-136.0,0.6,0.5,-3.8006384713918413,-5.331064839835359,-4.99244672665927,-6.886469725651051,1.316805443831637,-6.3006751179914975,-6.285255095989579,1.6197644804884879,0.4,-8.188999925192809,-2.2055054472261304,-6.285255095989579,5.477386934673367,4.0,9.45312984003267,186.0,0.6567139921941335,8.0,598.0,258.4816879658014,5,dro_minimax_median,-4.99244672665927,-4.99244672665927,-6.285255095989579,9.45312984003267,186.0,0.6567139921941335,598.0,4.0,6.0,0.5965,3142|3143|3144|3145|3146,0.07042253521126761,0.9295774647887324,True,COMPLETE
9,-4.588865747510378,11.424454836885744,0.006813071239863482,0.004297712225153598,0.654,"[-118.0, 0.0]",0.0,-118.0,0.654,0.5,-3.7455419424479435,-4.8629225513158065,-4.588865747510378,-6.311700479299644,0.9505327404320146,-6.062819202589345,-5.802936431235754,1.1546152005206118,0.346,-6.914653691480428,-1.3026640107871024,-5.802936431235754,6.041666666666667,4.0,9.507089612214903,168.0,0.6875837064154966,8.0,527.0,232.681935786024,5,dro_minimax_median,-4.588865747510378,-4.588865747510378,-5.802936431235754,9.507089612214903,168.0,0.6875837064154966,527.0,4.0,6.0,0.651,3142|3143|3144|3145|3146,0.13559322033898305,0.864406779661017,True,COMPLETE
10,-3.872560918060084,12.246911350285094,0.0012722065771341776,0.0024939301577881568,0.6955,"[-78.0, 0.0]",0.0,-78.0,0.6955,0.5,-3.1188028315387744,-3.8028054346374214,-3.872560918060084,-4.647766173277337,0.5745486313754467,-4.719189421230411,-4.55307791607937,0.5369169989928859,0.3045,-5.972336246901196,-1.3123090550037835,-4.55307791607937,6.588235294117647,4.0,9.071053653725825,128.0,0.7337462727194195,9.5,449.0,400.9735384437913,5,dro_minimax_median,-3.872560918060084,-3.872560918060084,-4.55307791607937,9.071053653725825,128.0,0.7337462727194195,449.0,4.0,7.0,0.691,3142|3143|3144|3145|3146,0.19078947368421054,0.8092105263157895,True,COMPLETE
11,-3.6012149939187017,11.123010943794506,0.0014845878169642407,0.0026848257317179623,0.6755,"[-84.0, 0.0]",0.0,-84.0,0.6755,0.5,-3.0884408051906638,-3.54676648664665,-3.6012149939187017,-3.8732104682534887,0.29778576106045185,-4.399563753917002,-4.284804438535194,0.39496224964148746,0.3245,-5.538121049755792,-0.9664896269915216,-4.284804438535194,6.463414634146342,4.0,8.485084948035382,134.0,0.7223977298309062,9.0,463.0,372.4636531102231,5,dro_minimax_median,-3.6012149939187017,-3.6012149939187017,-4.284804438535194,8.485084948035382,134.0,0.7223977298309062,463.0,4.0,6.25,0.673,3142|3143|3144|3145|3146,0.1746987951807229,0.8253012048192772,True,COMPLETE
12,-3.79623358427554,18.414852933101823,0.005219329936084622,0.0024335074358812804,0.6705,"[-88.0, 0.0]",0.0,-88.0,0.6705,0.5,-2.8885949220377913,-3.720238233422214,-3.79623358427554,-4.7012398610662895,0.6869685634793985,-4.274717796700462,-4.308804105958471,0.8462858462644881,0.3295,-5.924620369569048,-1.8587609912752694,-4.308804105958471,6.3,4.0,8.661493781122143,138.0,0.7118423939770893,8.5,482.0,410.92950251777467,5,dro_minimax_median,-3.79623358427554,-3.79623358427554,-4.308804105958471,8.661493781122143,138.0,0.7118423939770893,482.0,4.0,6.0,0.6655,3142|3143|3144|3145|3146,0.1588235294117647,0.8411764705882353,True,COMPLETE
13,-3.737658952582669,8.214806636289985,0.0014264644400490015,0.003534735091386071,0.6505,"[-98.0, 0.0]",0.0,-98.0,0.6505,0.5,-2.7926669722333983,-4.090428553327743,-3.737658952582669,-5.490002286600136,1.1875730585874162,-5.113343237000565,-4.679905625545352,1.5274137304765285,0.34950000000000003,-5.562508085679547,-1.0991162427217982,-4.679905625545352,6.034682080924855,4.0,9.257097570577866,148.0,0.7538707341814621,9.0,498.0,282.90663208027604,5,dro_minimax_median,-3.737658952582669,-3.737658952582669,-4.679905625545352,9.257097570577866,148.0,0.7538707341814621,498.0,4.0,6.0,0.649,3142|3143|3144|3145|3146,0.1411042944785276,0.8588957055214724,True,COMPLETE
14,-3.655077206842543,2.2997129924485673,0.0020418807686243133,0.0022236748264842596,0.67,"[-86.0, 0.0]",0.0,-86.0,0.67,0.5,-2.5836111919680578,-3.708166203243857,-3.655077206842543,-4.893048550415406,0.8929681581198855,-4.330480090980705,-4.310763569095059,0.9225440974095458,0.32999999999999996,-5.926928466026394,-1.688018120084996,-4.310763569095059,6.345454545454546,4.0,9.688787998542459,136.0,0.6981717719173544,8.5,485.0,449.7060397904714,5,dro_minimax_median,-3.655077206842543,-3.655077206842543,-4.310763569095059,9.688787998542459,136.0,0.6981717719173544,485.0,4.0,5.75,0.667,3142|3143|3144|3145|3146,0.1393939393939394,0.8606060606060606,True,COMPLETE
15,-4.157359526550266,25.849052305621836,0.003083468250879734,0.003214160849000048,0.6895,"[-88.0, 0.0]",0.0,-88.0,0.6895,0.5,-3.175335002599767,-4.1607600241346585,-4.157359526550266,-4.943904367909231,0.6903461849418302,-5.24301248768087,-5.219299478223952,0.6555054320988105,0.3105,-6.122874664926175,-0.9715396715292091,-5.219299478223952,6.488095238095238,4.0,8.37180936648304,138.0,0.6986424000126545,9.0,463.0,311.1231973070384,5,dro_minimax_median,-4.157359526550266,-4.157359526550266,-5.219299478223952,8.37180936648304,138.0,0.6986424000126545,463.0,4.0,7.0,0.685,3142|3143|3144|3145|3146,0.16774193548387098,0.832258064516129,True,COMPLETE
16,-4.663500587785945,5.884891537054978,0.0020068997107038277,0.0029720954633885373,0.6755,"[-93.0, 0.0]",0.0,-93.0,0.6755,0.5,-3.6343554140957517,-4.394498034484601,-4.663500587785945,-4.849528664865892,0.49693639306569515,-5.39550118492903,-5.690547175041335,0.7627352215155501,0.3245,-6.748899054708986,-1.582360826019776,-5.690547175041335,6.179012345679013,4.0,9.410097888607904,143.0,0.6514751264693569,9.0,484.0,336.46294754606663,5,dro_minimax_median,-4.663500587785945,-4.663500587785945,-5.690547175041335,9.410097888607904,143.0,0.6514751264693569,484.0,4.0,6.0,0.673,3142|3143|3144|3145|3146,0.147239263803681,0.852760736196319,True,COMPLETE
17,-3.689535990932149,7.521295736145515,0.001031913643663078,0.0022795461783812745,0.6835,"[-77.0, 0.0]",0.0,-77.0,0.6835,0.5,-2.6754116531263774,-4.009434773242153,-3.689535990932149,-5.4150826105110195,1.072853243483497,-4.6887291012430925,-4.150753195132399,1.3275935006143915,0.3165,-6.418817674383369,-1.7550589176329308,-4.150753195132399,6.697530864197531,4.0,10.194641089331292,127.0,0.6998849635155895,9.0,446.0,438.683808858002,5,dro_minimax_median,-3.689535990932149,-3.689535990932149,-4.150753195132399,10.194641089331292,127.0,0.6998849635155895,446.0,4.0,7.0,0.681,3142|3143|3144|3145|3146,0.20253164556962025,0.7974683544303798,True,COMPLETE
18,-3.8946824396509614,6.342692683868243,0.0029824084779331273,0.0023980424877395284,0.67,"[-95.0, 0.0]",0.0,-95.0,0.67,0.5,-2.8737615027468815,-3.9183271863702367,-3.8946824396509614,-4.849613550874321,0.7576774730289093,-4.729975611106564,-4.491195917036834,1.011985073928925,0.32999999999999996,-6.508212092241698,-1.3222230103106563,-4.491195917036834,6.113095238095238,4.0,9.717454398567927,145.0,0.6880371034003862,9.0,494.0,417.00678996001943,5,dro_minimax_median,-3.8946824396509614,-3.8946824396509614,-4.491195917036834,9.717454398567927,145.0,0.6880371034003862,494.0,4.0,5.0,0.6675,3142|3143|3144|3145|3146,0.15172413793103448,0.8482758620689655,True,COMPLETE
19,-6.339966544343007,6.077784086762197,0.023628529159362196,0.005601224198359951,0.5865,"[-141.0, 0.0]",0.0,-141.0,0.5865,0.5,-5.713638434738723,-6.201931337175781,-6.339966544343007,-6.496794061878367,0.34538195681449907,-7.575355913055641,-7.668655647459737,0.24151908166342786,0.4135,-10.07271918694112,-2.4103748853475992,-7.668655647459737,5.446601941747573,4.0,11.224381417417606,191.0,0.6287727894431224,8.0,616.0,178.53240016580693,5,dro_minimax_median,-6.339966544343007,-6.339966544343007,-7.668655647459737,11.224381417417606,191.0,0.6287727894431224,616.0,4.0,6.0,0.5835,3142|3143|3144|3145|3146,0.06796116504854369,0.9320388349514563,True,COMPLETE
20,-5.3987771466630665,1.6228333090763154,0.0010140998997615976,0.0038681016275046243,0.632,"[-115.0, 0.0]",0.0,-115.0,0.632,0.5,-3.9704449752945985,-5.463787299977847,-5.3987771466630665,-6.667347642202074,1.1093074526458666,-6.727234905697449,-6.617271898060565,1.202078297698375,0.368,-8.430081695255772,-2.1175545355756276,-6.617271898060565,5.608695652173913,4.0,10.509503750480986,165.0,0.6473057982603045,8.0,524.0,258.524748390625,5,dro_minimax_median,-5.3987771466630665,-5.3987771466630665,-6.617271898060565,10.509503750480986,165.0,0.6473057982603045,524.0,4.0,5.0,0.6295,3142|3143|3144|3145|3146,0.11515151515151516,0.8848484848484849,True,COMPLETE
21,-4.491100156851467,1.0210692313889356,0.001251570411313846,0.0024579262228754664,0.666,"[-99.0, 0.0]",0.0,-99.0,0.666,0.5,-3.377419648752143,-4.288627745241885,-4.491100156851467,-4.965593654892954,0.7072048401964848,-5.318948158253492,-5.7750235338518054,0.9376429972477643,0.33399999999999996,-6.619093096142218,-0.8732279639608912,-5.7750235338518054,6.098265895953757,4.0,9.455663081765497,149.0,0.7001510793137566,9.0,496.0,406.84703661695954,5,dro_minimax_median,-4.491100156851467,-4.491100156851467,-5.7750235338518054,9.455663081765497,149.0,0.7001510793137566,496.0,4.0,6.0,0.663,3142|3143|3144|3145|3146,0.1377245508982036,0.8622754491017964,True,COMPLETE
22,-3.9218973035817815,0.8888100194559282,0.007789796800397987,0.002641125257670955,0.6725,"[-95.0, 0.0]",0.0,-95.0,0.6725,0.5,-2.2854175975414615,-3.8170210643446887,-3.9218973035817815,-5.133368479842151,1.1910992395539364,-4.619317552066436,-4.931280552046246,1.2509593207467713,0.3275,-5.7721052513162165,-0.8937475581883882,-4.931280552046246,6.03125,4.0,8.427433189096012,145.0,0.6909020992614172,9.0,513.0,378.6264953150454,5,dro_minimax_median,-3.9218973035817815,-3.9218973035817815,-4.931280552046246,8.427433189096012,145.0,0.6909020992614172,513.0,4.0,6.0,0.671,3142|3143|3144|3145|3146,0.1402439024390244,0.8597560975609756,True,COMPLETE
23,-3.955482509234357,3.428251141862405,0.0016659045795418474,0.002324999190679915,0.684,"[-84.0, 0.0]",0.0,-84.0,0.684,0.5,-3.1318028032349354,-3.9173162803308252,-3.955482509234357,-4.486748200174786,0.5415533823619668,-4.635452942970756,-4.649693694285028,0.7553653717622267,0.31599999999999995,-6.516583521365878,-1.737273701313698,-4.649693694285028,6.235668789808917,4.0,9.695589206572919,134.0,0.6721901388068114,9.0,478.0,430.107676599906,5,dro_minimax_median,-3.955482509234357,-3.955482509234357,-4.649693694285028,9.695589206572919,134.0,0.6721901388068114,478.0,4.0,6.0,0.6795,3142|3143|3144|3145|3146,0.1509433962264151,0.8490566037735849,True,COMPLETE
24,-4.19052154140489,1.7146585524536802,0.005919576702753162,0.002234610634597405,0.66,"[-93.0, 0.0]",0.0,-93.0,0.66,0.5,-3.6881915195063955,-4.252531636623738,-4.19052154140489,-4.945625077623287,0.5089350192708418,-4.918293094631329,-4.789120768485674,0.5564598716111816,0.33999999999999997,-7.083426149482442,-2.39472386016254,-4.789120768485674,6.064705882352941,4.0,9.522073053704327,143.0,0.7100430632903127,9.0,493.0,447.50525416709263,5,dro_minimax_median,-4.19052154140489,-4.19052154140489,-4.789120768485674,9.522073053704327,143.0,0.7100430632903127,493.0,4.0,6.0,0.657,3142|3143|3144|3145|3146,0.11888111888111888,0.8811188811188811,True,COMPLETE
25,-5.020891700255045,28.48144686541584,0.0016631962948267971,0.005144613647681001,0.6895,"[-92.0, 0.0]",0.0,-92.0,0.6895,0.5,-4.6563773918208335,-5.274910957757074,-5.020891700255045,-6.080038148062332,0.6943323596913369,-6.799028871589435,-6.422406606653589,0.7166931963658824,0.3105,-7.189145514771415,-0.8163469810594126,-6.422406606653589,6.367816091954023,4.0,10.604510136127098,142.0,0.6711416712343125,9.0,474.0,194.37805605689408,5,dro_minimax_median,-5.020891700255045,-5.020891700255045,-6.422406606653589,10.604510136127098,142.0,0.6711416712343125,474.0,4.0,7.0,0.685,3142|3143|3144|3145|3146,0.15753424657534246,0.8424657534246576,True,COMPLETE
26,-4.128731619986209,17.04614268485868,0.0360642526478129,0.0024200591285669327,0.58,"[-150.0, 0.0]",0.0,-150.0,0.58,0.5,-3.9043990641002155,-4.407303003736078,-4.128731619986209,-5.596613732032025,0.6910329762576023,-5.084703105283996,-4.625927997866064,0.9883940873394023,0.42000000000000004,-7.102160442086835,-2.2415736740783267,-4.625927997866064,5.580952380952381,4.0,11.158694185055761,200.0,0.6895030629097127,8.0,626.0,413.2130443408472,5,dro_minimax_median,-4.128731619986209,-4.128731619986209,-4.625927997866064,11.158694185055761,200.0,0.6895030629097127,626.0,4.0,6.0,0.577,3142|3143|3144|3145|3146,0.08256880733944955,0.9174311926605505,True,COMPLETE
27,-3.7711845268208988,14.160177510693666,0.002717661358492216,0.0023007936266090374,0.706,"[-83.0, 0.0]",0.0,-83.0,0.706,0.5,-3.000499130162741,-3.9066404420908754,-3.7711845268208988,-4.873888025275847,0.6784924749835823,-4.766176109575467,-4.778080686544317,0.7448252152800028,0.29400000000000004,-5.469729050506818,-1.2253583528816152,-4.778080686544317,6.444444444444445,4.0,8.372193600392574,133.0,0.7304993545312483,9.0,461.0,434.6326365106561,5,dro_minimax_median,-3.7711845268208988,-3.7711845268208988,-4.778080686544317,8.372193600392574,133.0,0.7304993545312483,461.0,4.0,7.0,0.703,3142|3143|3144|3145|3146,0.1597222222222222,0.8402777777777778,True,COMPLETE
