number,value,params_lambda_prior,params_ucb_alpha,params_window_size,user_attrs_bandit_consulted_ratio_overall,user_attrs_constraints_values,user_attrs_cv_finite_objective,user_attrs_cv_min_symbol_trades,user_attrs_decision_point_ratio_overall,user_attrs_dro_alpha,user_attrs_dro_minimax_max,user_attrs_dro_minimax_mean,user_attrs_dro_minimax_median,user_attrs_dro_minimax_min,user_attrs_dro_minimax_std,user_attrs_dro_pure_min_mean,user_attrs_dro_pure_min_median,user_attrs_dro_pure_min_std,user_attrs_forced_singleton_ratio_overall,user_attrs_full_mean_aggregate_median,user_attrs_h1_mean_aggregate_median,user_attrs_h2_mean_aggregate_median,user_attrs_mean_holding_bars_overall,user_attrs_median_holding_bars_overall,user_attrs_median_max_drawdown_abs,user_attrs_median_min_symbol_trades,user_attrs_median_profit_factor,user_attrs_median_time_between_entries_overall,user_attrs_median_total_trades,user_attrs_memory_horizon_bars,user_attrs_n_seeds,user_attrs_objective_metric_name,user_attrs_objective_score,user_attrs_observed_dro_minimax_median,user_attrs_observed_dro_pure_min_median,user_attrs_observed_median_max_drawdown_abs,user_attrs_observed_median_min_symbol_trades,user_attrs_observed_median_profit_factor,user_attrs_observed_median_total_trades,user_attrs_p25_holding_bars_overall,user_attrs_p75_holding_bars_overall,user_attrs_pending_update_queued_ratio_overall,user_attrs_seeds_used,user_attrs_share_trades_closed_after_horizon_overall,user_attrs_share_trades_closed_before_horizon_overall,user_attrs_valid,state
0,-2.245920323846331,1.0,0.1,325,1.0,"[-42.0, 0.0]",0.0,-42.0,0.7385,0.5,-2.245920323846331,-2.245920323846331,-2.245920323846331,-2.245920323846331,0.0,-2.6842314993031215,-2.6842314993031215,0.0,0.26149999999999995,-3.5578790267370946,-0.9309867974759597,-2.6842314993031215,7.6923076923076925,4.0,6.99074124679785,92.0,0.7036326239433962,7.0,376.0,325.0,1,dro_minimax_median,-2.245920323846331,-2.245920323846331,-2.6842314993031215,6.99074124679785,92.0,0.7036326239433962,376.0,4.0,5.0,0.995,3142,0.16153846153846155,0.8384615384615385,True,COMPLETE
1,-3.2827348244802876,7.81704884789038,0.00702157848922566,250,1.0,"[-50.0, 0.0]",0.0,-50.0,0.7885,0.5,-3.2827348244802876,-3.2827348244802876,-3.2827348244802876,-3.2827348244802876,0.0,-4.033188346797804,-4.033188346797804,0.0,0.21150000000000002,-5.022287119616368,-1.0313742575277396,-4.033188346797804,8.21,4.0,10.387268605858024,100.0,0.6670914557256753,10.0,317.0,250.0,1,dro_minimax_median,-3.2827348244802876,-3.2827348244802876,-4.033188346797804,10.387268605858024,100.0,0.6670914557256753,317.0,4.0,6.0,0.995,3142,0.17,0.83,True,COMPLETE
2,-3.0361343183016665,2.590090864414888,0.09949317499572201,325,1.0,"[-50.0, 0.0]",0.0,-50.0,0.7525,0.5,-3.0361343183016665,-3.0361343183016665,-3.0361343183016665,-3.0361343183016665,0.0,-3.4838396114804957,-3.4838396114804957,0.0,0.24750000000000005,-5.132264775110522,-1.6930184387651777,-3.4838396114804957,7.691056910569106,4.0,9.854618323141596,100.0,0.7495428803088222,8.0,365.0,325.0,1,dro_minimax_median,-3.0361343183016665,-3.0361343183016665,-3.4838396114804957,9.854618323141596,100.0,0.7495428803088222,365.0,4.0,5.0,0.995,3142,0.15492957746478872,0.8450704225352113,True,COMPLETE
3,-1.8170449334145151,0.5284870869571748,0.008990555046899766,275,1.0,"[-19.0, 0.0]",0.0,-19.0,0.8325,0.5,-1.8170449334145151,-1.8170449334145151,-1.8170449334145151,-1.8170449334145151,0.0,-2.2794659854526036,-2.2794659854526036,0.0,0.16749999999999998,-2.719677274213946,-0.4297817773002495,-2.2794659854526036,9.53012048192771,4.0,7.84014076096714,69.0,0.7504391361412368,8.0,269.0,275.0,1,dro_minimax_median,-1.8170449334145151,-1.8170449334145151,-2.2794659854526036,7.84014076096714,69.0,0.7504391361412368,269.0,4.0,8.0,0.995,3142,0.21686746987951808,0.7831325301204819,True,COMPLETE
4,-2.4277416532752767,28.740722242299118,0.10555184813338764,175,1.0,"[-39.0, 0.0]",0.0,-39.0,0.81,0.5,-2.4277416532752767,-2.4277416532752767,-2.4277416532752767,-2.4277416532752767,0.0,-2.7421692793706876,-2.7421692793706876,0.0,0.18999999999999995,-4.16770962235841,-1.4844587749890428,-2.7421692793706876,10.044943820224718,4.0,9.916033003621006,89.0,0.7900692294342154,12.5,283.0,175.0,1,dro_minimax_median,-2.4277416532752767,-2.4277416532752767,-2.7421692793706876,9.916033003621006,89.0,0.7900692294342154,283.0,4.0,9.5,0.995,3142,0.25252525252525254,0.7474747474747475,True,COMPLETE
5,-2.224294912982195,0.7139044928825661,0.030296681370239158,300,1.0,"[-23.0, 0.0]",0.0,-23.0,0.7965,0.5,-2.224294912982195,-2.224294912982195,-2.224294912982195,-2.224294912982195,0.0,-2.4601554541831216,-2.4601554541831216,0.0,0.20350000000000001,-3.971779148817807,-1.5167132893794157,-2.4601554541831216,8.59433962264151,4.0,9.11478641570872,73.0,0.7789469807502956,9.0,280.0,300.0,1,dro_minimax_median,-2.224294912982195,-2.224294912982195,-2.4601554541831216,9.11478641570872,73.0,0.7789469807502956,280.0,4.0,7.0,0.995,3142,0.19811320754716982,0.8018867924528302,True,COMPLETE
6,-2.1040092334072322,2.17612266083751,0.18186660645231062,375,1.0,"[-63.0, 0.0]",0.0,-63.0,0.7485,0.5,-2.1040092334072322,-2.1040092334072322,-2.1040092334072322,-2.1040092334072322,0.0,-3.346406555512367,-3.346406555512367,0.0,0.25149999999999995,-1.7644463734483287,1.623182732908172,-3.346406555512367,8.299212598425196,4.0,6.917972854900379,113.0,0.9898582890546623,9.0,365.0,375.0,1,dro_minimax_median,-2.1040092334072322,-2.1040092334072322,-3.346406555512367,6.917972854900379,113.0,0.9898582890546623,365.0,4.0,8.0,0.995,3142,0.2204724409448819,0.7795275590551181,True,COMPLETE
7,-3.672616343903363,23.022867216257907,0.007975385916005766,400,1.0,"[-31.0, 0.0]",0.0,-31.0,0.8065,0.5,-3.672616343903363,-3.672616343903363,-3.672616343903363,-3.672616343903363,0.0,-4.4419311890514805,-4.4419311890514805,0.0,0.1935,-5.762836867951197,-1.3646718084590095,-4.4419311890514805,8.515463917525773,4.0,9.244635640916366,81.0,0.651928656905673,10.0,293.0,400.0,1,dro_minimax_median,-3.672616343903363,-3.672616343903363,-4.4419311890514805,9.244635640916366,81.0,0.651928656905673,293.0,4.0,7.0,0.995,3142,0.1958762886597938,0.8041237113402062,True,COMPLETE
8,-3.690778721706778,0.6439637565109974,0.01849983452420057,175,1.0,"[-24.0, 0.0]",0.0,-24.0,0.8285,0.5,-3.690778721706778,-3.690778721706778,-3.690778721706778,-3.690778721706778,0.0,-4.402396864363215,-4.402396864363215,0.0,0.17149999999999999,-5.902803991787796,-1.5559242937374653,-4.402396864363215,10.376470588235295,4.0,9.467563732911366,74.0,0.5788312299396123,13.0,254.0,175.0,1,dro_minimax_median,-3.690778721706778,-3.690778721706778,-4.402396864363215,9.467563732911366,74.0,0.5788312299396123,254.0,4.0,13.0,0.995,3142,0.30526315789473685,0.6947368421052632,True,COMPLETE
9,-3.2657814337472657,7.5575562191217465,0.08740299821425777,450,1.0,"[-51.0, 0.0]",0.0,-51.0,0.7725,0.5,-3.2657814337472657,-3.2657814337472657,-3.2657814337472657,-3.2657814337472657,0.0,-4.882216450641223,-4.882216450641223,0.0,0.22750000000000004,-3.406562091895223,1.583523616934605,-4.882216450641223,8.762376237623762,4.0,9.131114635805005,101.0,0.8534473850820022,9.0,337.0,450.0,1,dro_minimax_median,-3.2657814337472657,-3.2657814337472657,-4.882216450641223,9.131114635805005,101.0,0.8534473850820022,337.0,4.0,8.0,0.995,3142,0.21782178217821782,0.7821782178217822,True,COMPLETE
10,-1.9697253876540644,0.8563937885573334,0.005497701946173866,450,1.0,"[-28.0, 0.0]",0.0,-28.0,0.8085,0.5,-1.9697253876540644,-1.9697253876540644,-1.9697253876540644,-1.9697253876540644,0.0,-2.466917575978067,-2.466917575978067,0.0,0.1915,-2.93780252704083,-0.4781488226820563,-2.466917575978067,8.76923076923077,4.0,6.1885041197995205,78.0,0.7555222845921429,11.0,269.0,450.0,1,dro_minimax_median,-1.9697253876540644,-1.9697253876540644,-2.466917575978067,6.1885041197995205,78.0,0.7555222845921429,269.0,4.0,7.0,0.995,3142,0.2,0.8,True,COMPLETE
11,-3.2521703581532564,0.8176573323013673,0.006453996454275631,450,1.0,"[-30.0, 0.0]",0.0,-30.0,0.7925,0.5,-3.2521703581532564,-3.2521703581532564,-3.2521703581532564,-3.2521703581532564,0.0,-4.641174983500544,-4.641174983500544,0.0,0.20750000000000002,-3.766833233153695,0.9148435178886046,-4.641174983500544,7.883495145631068,4.0,7.573726980340966,80.0,0.8167720009264067,8.0,302.0,450.0,1,dro_minimax_median,-3.2521703581532564,-3.2521703581532564,-4.641174983500544,7.573726980340966,80.0,0.8167720009264067,302.0,4.0,6.0,0.995,3142,0.17647058823529413,0.8235294117647058,True,COMPLETE
12,-1.4955631161062308,0.7530055762169791,0.006218368799916715,325,1.0,"[-27.0, 0.0]",0.0,-27.0,0.8125,0.5,-1.4955631161062308,-1.4955631161062308,-1.4955631161062308,-1.4955631161062308,0.0,-1.507822680272571,-1.507822680272571,0.0,0.1875,-2.941504903680636,-1.507822680272571,-1.4587844236072105,8.466019417475728,4.0,7.673832915490941,77.0,0.7643616306367409,10.0,273.0,325.0,1,dro_minimax_median,-1.4955631161062308,-1.4955631161062308,-1.507822680272571,7.673832915490941,77.0,0.7643616306367409,273.0,4.0,8.0,0.995,3142,0.21505376344086022,0.7849462365591398,True,COMPLETE
13,-1.4336401716390428,1.6628639870623028,0.005614443686105606,275,1.0,"[-33.0, 0.0]",0.0,-33.0,0.8305,0.5,-1.4336401716390428,-1.4336401716390428,-1.4336401716390428,-1.4336401716390428,0.0,-1.4471565654890532,-1.4471565654890532,0.0,0.16949999999999998,-2.825745790682454,-1.3930909900890114,-1.4471565654890532,8.258928571428571,4.0,8.590677652658762,83.0,0.8034967216947277,12.0,279.0,275.0,1,dro_minimax_median,-1.4336401716390428,-1.4336401716390428,-1.4471565654890532,8.590677652658762,83.0,0.8034967216947277,279.0,4.0,6.5,0.995,3142,0.18072289156626506,0.8192771084337349,True,COMPLETE
14,-3.0152994518385476,1.9949458859437625,0.00509931870491555,300,1.0,"[-47.0, 0.0]",0.0,-47.0,0.7925,0.5,-3.0152994518385476,-3.0152994518385476,-3.0152994518385476,-3.0152994518385476,0.0,-3.2951606408028113,-3.2951606408028113,0.0,0.20750000000000002,-5.415511699785125,-2.1757158849457574,-3.2951606408028113,7.89908256880734,4.0,9.213077107702627,97.0,0.6362686282179703,9.0,309.0,300.0,1,dro_minimax_median,-3.0152994518385476,-3.0152994518385476,-3.2951606408028113,9.213077107702627,97.0,0.6362686282179703,309.0,4.0,5.5,0.995,3142,0.17475728155339806,0.8252427184466019,True,COMPLETE
15,-1.544118107068778,1.4937545195887454,0.01897437804878787,400,1.0,"[-48.0, 0.0]",0.0,-48.0,0.8005,0.5,-1.544118107068778,-1.544118107068778,-1.544118107068778,-1.544118107068778,0.0,-2.051289454547034,-2.051289454547034,0.0,0.1995,-2.0925007205709854,-0.022604064634009397,-2.051289454547034,7.892307692307693,4.0,5.888349579622398,98.0,0.8040614565960982,9.0,327.0,400.0,1,dro_minimax_median,-1.544118107068778,-1.544118107068778,-2.051289454547034,5.888349579622398,98.0,0.8040614565960982,327.0,4.0,6.0,0.995,3142,0.16153846153846155,0.8384615384615385,True,COMPLETE
16,-2.425771630875508,1.9222588589078244,0.007561403120555151,200,1.0,"[-26.0, 0.0]",0.0,-26.0,0.8245,0.5,-2.425771630875508,-2.425771630875508,-2.425771630875508,-2.425771630875508,0.0,-3.2467805388820175,-3.2467805388820175,0.0,0.1755,-3.206566118883884,0.037255093144021124,-3.2467805388820175,10.210526315789474,4.0,8.175197061614004,76.0,0.7007352236407638,10.0,263.0,200.0,1,dro_minimax_median,-2.425771630875508,-2.425771630875508,-3.2467805388820175,8.175197061614004,76.0,0.7007352236407638,263.0,4.0,8.0,0.995,3142,0.21,0.79,True,COMPLETE
17,-3.2256236338826993,5.703764624771631,0.02717549849145953,375,1.0,"[-43.0, 0.0]",0.0,-43.0,0.7865,0.5,-3.2256236338826993,-3.2256236338826993,-3.2256236338826993,-3.2256236338826993,0.0,-4.252390454372228,-4.252390454372228,0.0,0.21350000000000002,-4.353715533185287,-0.14532317241411352,-4.252390454372228,9.096774193548388,4.0,7.31546696923081,93.0,0.8041646340519416,9.0,321.0,375.0,1,dro_minimax_median,-3.2256236338826993,-3.2256236338826993,-4.252390454372228,7.31546696923081,93.0,0.8041646340519416,321.0,4.0,9.0,0.995,3142,0.24528301886792453,0.7547169811320755,True,COMPLETE
18,-2.338243985895235,5.3415861185200235,0.023615702805810167,225,1.0,"[-46.0, 0.0]",0.0,-46.0,0.7805,0.5,-2.338243985895235,-2.338243985895235,-2.338243985895235,-2.338243985895235,0.0,-3.066636078977414,-3.066636078977414,0.0,0.21950000000000003,-3.2329324050175114,-0.15306770664869815,-3.066636078977414,8.522935779816514,4.0,9.893764410454454,96.0,0.8213038613189975,8.0,323.0,225.0,1,dro_minimax_median,-2.338243985895235,-2.338243985895235,-3.066636078977414,9.893764410454454,96.0,0.8213038613189975,323.0,4.0,5.0,0.995,3142,0.1651376146788991,0.8348623853211009,True,COMPLETE
19,-3.0712987058108343,3.4382678329996157,0.006031924258403178,375,1.0,"[-26.0, 0.0]",0.0,-26.0,0.8305,0.5,-3.0712987058108343,-3.0712987058108343,-3.0712987058108343,-3.0712987058108343,0.0,-4.25445391973106,-4.25445391973106,0.0,0.16949999999999998,-3.790384309739514,0.47816693594984194,-4.25445391973106,8.982758620689655,4.0,8.078074061973972,76.0,0.6738773716795153,13.5,276.0,375.0,1,dro_minimax_median,-3.0712987058108343,-3.0712987058108343,-4.25445391973106,8.078074061973972,76.0,0.6738773716795153,276.0,4.0,6.0,0.995,3142,0.20689655172413793,0.7931034482758621,True,COMPLETE
20,-1.71607730055719,0.5452918549631313,0.006451346362739362,350,1.0,"[-12.0, 0.0]",0.0,-12.0,0.8565,0.5,-1.71607730055719,-1.71607730055719,-1.71607730055719,-1.71607730055719,0.0,-2.2489775229877123,-2.2489775229877123,0.0,0.14349999999999996,-2.3694102647385216,-0.1173766332656238,-2.2489775229877123,9.629032258064516,4.0,6.687417756109449,62.0,0.821965938644784,13.0,232.0,350.0,1,dro_minimax_median,-1.71607730055719,-1.71607730055719,-2.2489775229877123,6.687417756109449,62.0,0.821965938644784,232.0,4.0,8.5,0.995,3142,0.23232323232323232,0.7676767676767676,True,COMPLETE
21,-2.707836135639974,1.8143306236104118,0.02152705412998302,400,1.0,"[-34.0, 0.0]",0.0,-34.0,0.8185,0.5,-2.707836135639974,-2.707836135639974,-2.707836135639974,-2.707836135639974,0.0,-3.751159479354682,-3.751159479354682,0.0,0.1815,-3.376205834378036,0.4221338955041509,-3.751159479354682,8.456692913385826,4.0,7.05242377852141,84.0,0.7139683539012427,9.0,301.0,400.0,1,dro_minimax_median,-2.707836135639974,-2.707836135639974,-3.751159479354682,7.05242377852141,84.0,0.7139683539012427,301.0,4.0,6.5,0.995,3142,0.1889763779527559,0.8110236220472441,True,COMPLETE
22,-2.3944279314997177,0.619913217505561,0.026786359734793035,425,1.0,"[-28.0, 0.0]",0.0,-28.0,0.7705,0.5,-2.3944279314997177,-2.3944279314997177,-2.3944279314997177,-2.3944279314997177,0.0,-3.335506631110411,-3.335506631110411,0.0,0.22950000000000004,-2.933449337812055,0.4288081673323618,-3.335506631110411,9.236842105263158,4.0,6.817432367871923,78.0,0.8226891909856535,8.0,307.0,425.0,1,dro_minimax_median,-2.3944279314997177,-2.3944279314997177,-3.335506631110411,6.817432367871923,78.0,0.8226891909856535,307.0,4.0,7.0,0.995,3142,0.17543859649122806,0.8245614035087719,True,COMPLETE
23,-1.28689224327303,1.5023632290078865,0.015432585048999768,325,1.0,"[-33.0, 0.0]",0.0,-33.0,0.7925,0.5,-1.28689224327303,-1.28689224327303,-1.28689224327303,-1.28689224327303,0.0,-1.3333108105374618,-1.3333108105374618,0.0,0.20750000000000002,-2.4563950739999285,-1.3333108105374618,-1.1476365414797352,8.077669902912621,4.0,5.697271587107711,83.0,0.8248506479551385,9.0,302.0,325.0,1,dro_minimax_median,-1.28689224327303,-1.28689224327303,-1.3333108105374618,5.697271587107711,83.0,0.8248506479551385,302.0,4.0,6.0,0.995,3142,0.1650485436893204,0.8349514563106796,True,COMPLETE
24,-3.9658213209020374,1.9983680856275587,0.16627193136965635,175,1.0,"[-60.0, 0.0]",0.0,-60.0,0.7565,0.5,-3.9658213209020374,-3.9658213209020374,-3.9658213209020374,-3.9658213209020374,0.0,-4.249914145208233,-4.249914145208233,0.0,0.24350000000000005,-7.210097252988706,-3.113542847983449,-4.249914145208233,8.933884297520661,4.0,8.882994913798981,110.0,0.6216043022361452,10.0,352.0,175.0,1,dro_minimax_median,-3.9658213209020374,-3.9658213209020374,-4.249914145208233,8.882994913798981,110.0,0.6216043022361452,352.0,4.0,10.0,0.995,3142,0.256198347107438,0.743801652892562,True,COMPLETE
25,-2.35470856413989,2.3852298305647235,0.015189890866752244,300,1.0,"[-32.0, 0.0]",0.0,-32.0,0.8085,0.5,-2.35470856413989,-2.35470856413989,-2.35470856413989,-2.35470856413989,0.0,-2.527567658404776,-2.527567658404776,0.0,0.1915,-4.330105419950259,-1.8361312813452324,-2.527567658404776,8.105263157894736,4.0,8.39846383848074,82.0,0.7359804297928032,9.0,299.0,300.0,1,dro_minimax_median,-2.35470856413989,-2.35470856413989,-2.527567658404776,8.39846383848074,82.0,0.7359804297928032,299.0,4.0,5.5,0.995,3142,0.18947368421052632,0.8105263157894737,True,COMPLETE
26,-2.527378930688301,1.0971512861980275,0.012607130968696782,325,1.0,"[-29.0, 0.0]",0.0,-29.0,0.7925,0.5,-2.527378930688301,-2.527378930688301,-2.527378930688301,-2.527378930688301,0.0,-2.9840122732827026,-2.9840122732827026,0.0,0.20750000000000002,-4.149872278901575,-1.1574789029050958,-2.9840122732827026,8.475728155339805,4.0,7.334669353807954,79.0,0.6809636130371579,9.0,289.0,325.0,1,dro_minimax_median,-2.527378930688301,-2.527378930688301,-2.9840122732827026,7.334669353807954,79.0,0.6809636130371579,289.0,4.0,5.0,0.995,3142,0.17757009345794392,0.822429906542056,True,COMPLETE
27,-2.6619802967018638,1.1900912707072124,0.005053256342891783,250,1.0,"[-27.0, 0.0]",0.0,-27.0,0.8085,0.5,-2.6619802967018638,-2.6619802967018638,-2.6619802967018638,-2.6619802967018638,0.0,-3.4455579353010877,-3.4455579353010877,0.0,0.1915,-3.7929338188353277,-0.31124738090419307,-3.4455579353010877,9.852631578947369,4.0,8.124507650291735,77.0,0.7448594021376841,9.0,280.0,250.0,1,dro_minimax_median,-2.6619802967018638,-2.6619802967018638,-3.4455579353010877,8.124507650291735,77.0,0.7448594021376841,280.0,4.0,6.5,0.995,3142,0.15789473684210525,0.8421052631578947,True,COMPLETE
28,-2.5933077133941578,1.7357431106314727,0.010011108253084884,250,1.0,"[-26.0, 0.0]",0.0,-26.0,0.8325,0.5,-2.5933077133941578,-2.5933077133941578,-2.5933077133941578,-2.5933077133941578,0.0,-3.6112067920908335,-3.6112067920908335,0.0,0.16749999999999998,-3.150575175638366,0.46038952269586986,-3.6112067920908335,10.012048192771084,4.0,7.84389005557633,76.0,0.6616305296355214,11.0,268.0,250.0,1,dro_minimax_median,-2.5933077133941578,-2.5933077133941578,-3.6112067920908335,7.84389005557633,76.0,0.6616305296355214,268.0,4.0,9.0,0.995,3142,0.24096385542168675,0.7590361445783133,True,COMPLETE
29,-3.0600489598770158,16.369815043914098,0.11252861889796065,325,1.0,"[-64.0, 0.0]",0.0,-64.0,0.7605,0.5,-3.0600489598770158,-3.0600489598770158,-3.0600489598770158,-3.0600489598770158,0.0,-3.5544455136085253,-3.5544455136085253,0.0,0.23950000000000005,-5.078847540606268,-1.5768592986824868,-3.5544455136085253,8.0,4.0,7.458740745934889,114.0,0.6857907060705277,10.0,352.0,325.0,1,dro_minimax_median,-3.0600489598770158,-3.0600489598770158,-3.5544455136085253,7.458740745934889,114.0,0.6857907060705277,352.0,4.0,6.0,0.995,3142,0.19327731092436976,0.8067226890756303,True,COMPLETE
30,-2.1434375446150993,0.7241935621878349,0.0053372612597745155,325,1.0,"[-22.0, 0.0]",0.0,-22.0,0.8345,0.5,-2.1434375446150993,-2.1434375446150993,-2.1434375446150993,-2.1434375446150993,0.0,-2.2265496112783056,-2.2265496112783056,0.0,0.16549999999999998,-4.05120459509151,-1.89410134462548,-2.2265496112783056,8.28048780487805,4.0,8.788447626884643,72.0,0.6099392248078022,11.0,282.0,325.0,1,dro_minimax_median,-2.1434375446150993,-2.1434375446150993,-2.2265496112783056,8.788447626884643,72.0,0.6099392248078022,282.0,4.0,5.0,0.995,3142,0.13414634146341464,0.8658536585365854,True,COMPLETE
31,-2.406377560808743,2.496919196782415,0.021573287335739138,350,1.0,"[-27.0, 0.0]",0.0,-27.0,0.8205,0.5,-2.406377560808743,-2.406377560808743,-2.406377560808743,-2.406377560808743,0.0,-3.3813185137984108,-3.3813185137984108,0.0,0.1795,-2.8690634486794835,0.5184452981602602,-3.3813185137984108,8.842696629213483,4.0,6.5061113385526115,77.0,0.7174821231682871,11.0,262.0,350.0,1,dro_minimax_median,-2.406377560808743,-2.406377560808743,-3.3813185137984108,6.5061113385526115,77.0,0.7174821231682871,262.0,4.0,7.0,0.995,3142,0.21348314606741572,0.7865168539325843,True,COMPLETE
