number,value,params_lambda_prior,params_ucb_alpha,params_window_size,user_attrs_bandit_consulted_ratio_overall,user_attrs_constraints_values,user_attrs_cv_finite_objective,user_attrs_cv_min_symbol_trades,user_attrs_decision_point_ratio_overall,user_attrs_dro_alpha,user_attrs_dro_minimax_max,user_attrs_dro_minimax_mean,user_attrs_dro_minimax_median,user_attrs_dro_minimax_min,user_attrs_dro_minimax_std,user_attrs_dro_pure_min_mean,user_attrs_dro_pure_min_median,user_attrs_dro_pure_min_std,user_attrs_forced_singleton_ratio_overall,user_attrs_full_mean_aggregate_median,user_attrs_h1_mean_aggregate_median,user_attrs_h2_mean_aggregate_median,user_attrs_mean_holding_bars_overall,user_attrs_median_holding_bars_overall,user_attrs_median_max_drawdown_abs,user_attrs_median_min_symbol_trades,user_attrs_median_profit_factor,user_attrs_median_time_between_entries_overall,user_attrs_median_total_trades,user_attrs_memory_horizon_bars,user_attrs_n_seeds,user_attrs_objective_metric_name,user_attrs_objective_score,user_attrs_observed_dro_minimax_median,user_attrs_observed_dro_pure_min_median,user_attrs_observed_median_max_drawdown_abs,user_attrs_observed_median_min_symbol_trades,user_attrs_observed_median_profit_factor,user_attrs_observed_median_total_trades,user_attrs_p25_holding_bars_overall,user_attrs_p75_holding_bars_overall,user_attrs_pending_update_queued_ratio_overall,user_attrs_seeds_used,user_attrs_share_trades_closed_after_horizon_overall,user_attrs_share_trades_closed_before_horizon_overall,user_attrs_valid,state
32,-3.419040534740545,2.82603206574853,0.013214503894686811,450,1.0,"[-30.0, 0.0]",0.0,-30.0,0.8245,0.5,-3.419040534740545,-3.419040534740545,-3.419040534740545,-3.419040534740545,0.0,-4.799501364315935,-4.799501364315935,0.0,0.1755,-4.145789998619698,0.7223419539856243,-4.799501364315935,8.367816091954023,4.0,6.821430487675773,80.0,0.6341535107892943,9.0,276.0,450.0,1,dro_minimax_median,-3.419040534740545,-3.419040534740545,-4.799501364315935,6.821430487675773,80.0,0.6341535107892943,276.0,4.0,5.5,0.995,3142,0.13761467889908258,0.8623853211009175,True,COMPLETE
33,-2.7577963413780853,1.6935513832953355,0.009929156904106782,375,1.0,"[-32.0, 0.0]",0.0,-32.0,0.7625,0.5,-2.7577963413780853,-2.7577963413780853,-2.7577963413780853,-2.7577963413780853,0.0,-3.6993089651106703,-3.6993089651106703,0.0,0.23750000000000004,-3.6535776166352467,0.06674152981966941,-3.6993089651106703,8.512,4.0,7.332020690206653,82.0,0.8186967973128727,7.0,325.0,375.0,1,dro_minimax_median,-2.7577963413780853,-2.7577963413780853,-3.6993089651106703,7.332020690206653,82.0,0.8186967973128727,325.0,4.0,5.0,0.995,3142,0.184,0.816,True,COMPLETE
34,-3.705305605172752,0.8397494643469928,0.016530441820421196,350,1.0,"[-17.0, 0.0]",0.0,-17.0,0.8145,0.5,-3.705305605172752,-3.705305605172752,-3.705305605172752,-3.705305605172752,0.0,-4.453253086355409,-4.453253086355409,0.0,0.1855,-5.863007466114882,-1.4614631616247802,-4.453253086355409,8.784313725490197,4.0,8.759809627181381,67.0,0.5985224177160786,11.0,261.0,350.0,1,dro_minimax_median,-3.705305605172752,-3.705305605172752,-4.453253086355409,8.759809627181381,67.0,0.5985224177160786,261.0,4.0,7.0,0.995,3142,0.19607843137254902,0.803921568627451,True,COMPLETE
35,-2.2362027105857654,1.3905275029551736,0.059429077420160834,425,1.0,"[-35.0, 0.0]",0.0,-35.0,0.8085,0.5,-2.2362027105857654,-2.2362027105857654,-2.2362027105857654,-2.2362027105857654,0.0,-3.1807189002385883,-3.1807189002385883,0.0,0.1915,-2.601505519665711,0.5973458583727035,-3.1807189002385883,9.823529411764707,4.0,5.7912168661658825,85.0,0.8224378253809045,9.0,277.0,425.0,1,dro_minimax_median,-2.2362027105857654,-2.2362027105857654,-3.1807189002385883,5.7912168661658825,85.0,0.8224378253809045,277.0,4.0,8.5,0.995,3142,0.22105263157894736,0.7789473684210526,True,COMPLETE
36,-2.706307780519395,1.6418773240011255,0.0073891654118137555,300,1.0,"[-27.0, 0.0]",0.0,-27.0,0.8265,0.5,-2.706307780519395,-2.706307780519395,-2.706307780519395,-2.706307780519395,0.0,-3.4718603635473264,-3.4718603635473264,0.0,0.1735,-3.9272405144952374,-0.4096500314356007,-3.4718603635473264,8.267441860465116,4.0,8.277669742526362,77.0,0.7188350519492349,11.0,268.0,300.0,1,dro_minimax_median,-2.706307780519395,-2.706307780519395,-3.4718603635473264,8.277669742526362,77.0,0.7188350519492349,268.0,4.0,6.0,0.995,3142,0.17142857142857143,0.8285714285714286,True,COMPLETE
37,-1.8201961934702693,29.71201700244752,0.014552259940875088,200,1.0,"[-24.0, 0.0]",0.0,-24.0,0.8325,0.5,-1.8201961934702693,-1.8201961934702693,-1.8201961934702693,-1.8201961934702693,0.0,-2.7367087324878248,-2.7367087324878248,0.0,0.16749999999999998,-1.8476107568229185,0.9293414235823971,-2.7367087324878248,10.108695652173912,4.0,8.469315101208451,74.0,0.8151820811496969,13.0,249.0,200.0,1,dro_minimax_median,-1.8201961934702693,-1.8201961934702693,-2.7367087324878248,8.469315101208451,74.0,0.8151820811496969,249.0,4.0,8.75,0.995,3142,0.22972972972972974,0.7702702702702703,True,COMPLETE
38,-3.566841682551507,0.6787635230163231,0.05865638437452559,225,1.0,"[-38.0, 0.0]",0.0,-38.0,0.7965,0.5,-3.566841682551507,-3.566841682551507,-3.566841682551507,-3.566841682551507,0.0,-4.127204123642765,-4.127204123642765,0.0,0.20350000000000001,-5.944242890712928,-1.8857543592777322,-4.127204123642765,9.823529411764707,4.0,10.039616987729072,88.0,0.6023025275016131,10.0,291.0,225.0,1,dro_minimax_median,-3.566841682551507,-3.566841682551507,-4.127204123642765,10.039616987729072,88.0,0.6023025275016131,291.0,4.0,12.0,0.995,3142,0.26732673267326734,0.7326732673267327,True,COMPLETE
39,-1.5141590495446722,0.8056820415078608,0.01484875436985597,275,1.0,"[-8.0, 0.0]",0.0,-8.0,0.8065,0.5,-1.5141590495446722,-1.5141590495446722,-1.5141590495446722,-1.5141590495446722,0.0,-1.6126141708053041,-1.6126141708053041,0.0,0.1935,-2.853769575848856,-1.2187936857627757,-1.6126141708053041,9.364583333333334,4.0,8.65565413117153,58.0,0.8103307537439813,11.0,290.0,275.0,1,dro_minimax_median,-1.5141590495446722,-1.5141590495446722,-1.6126141708053041,8.65565413117153,58.0,0.8103307537439813,290.0,4.0,10.0,0.995,3142,0.2604166666666667,0.7395833333333334,True,COMPLETE
40,-2.2106636285901686,1.1616196635873053,0.014470615314459666,275,1.0,"[-23.0, 0.0]",0.0,-23.0,0.8305,0.5,-2.2106636285901686,-2.2106636285901686,-2.2106636285901686,-2.2106636285901686,0.0,-2.426583122333318,-2.426583122333318,0.0,0.16949999999999998,-3.9566696630117395,-1.5629051473607196,-2.426583122333318,9.166666666666666,4.0,8.47484890135799,73.0,0.722904738544735,12.5,259.0,275.0,1,dro_minimax_median,-2.2106636285901686,-2.2106636285901686,-2.426583122333318,8.47484890135799,73.0,0.722904738544735,259.0,4.0,7.25,0.995,3142,0.2261904761904762,0.7738095238095238,True,COMPLETE
41,-3.0765491665613274,1.2794878251371105,0.0259631000451286,300,1.0,"[-45.0, 0.0]",0.0,-45.0,0.8065,0.5,-3.0765491665613274,-3.0765491665613274,-3.0765491665613274,-3.0765491665613274,0.0,-3.2628357192429327,-3.2628357192429327,0.0,0.1935,-5.734786943848529,-2.517689508516511,-3.2628357192429327,8.458333333333334,4.0,7.815074544343825,95.0,0.5866043722942342,10.0,297.0,300.0,1,dro_minimax_median,-3.0765491665613274,-3.0765491665613274,-3.2628357192429327,7.815074544343825,95.0,0.5866043722942342,297.0,4.0,7.0,0.995,3142,0.18947368421052632,0.8105263157894737,True,COMPLETE
42,-2.2992862931781515,0.6030497785894329,0.02640583465370888,275,1.0,"[-24.0, 0.0]",0.0,-24.0,0.8345,0.5,-2.2992862931781515,-2.2992862931781515,-2.2992862931781515,-2.2992862931781515,0.0,-2.6989907418588417,-2.6989907418588417,0.0,0.16549999999999998,-3.7662358812824794,-1.10017294713608,-2.6989907418588417,9.963414634146341,4.0,8.353096803837644,74.0,0.8370240901193422,12.0,250.0,275.0,1,dro_minimax_median,-2.2992862931781515,-2.2992862931781515,-2.6989907418588417,8.353096803837644,74.0,0.8370240901193422,250.0,4.0,10.5,0.995,3142,0.26595744680851063,0.7340425531914894,True,COMPLETE
43,-3.052472335105188,0.6770669991985832,0.00618599659333675,275,1.0,"[-26.0, 0.0]",0.0,-26.0,0.8405,0.5,-3.052472335105188,-3.052472335105188,-3.052472335105188,-3.052472335105188,0.0,-4.090024233250219,-4.090024233250219,0.0,0.15949999999999998,-4.031176014143052,0.06018335932990541,-4.090024233250219,10.620253164556962,4.0,7.421204141410264,76.0,0.6110017280415693,13.0,243.0,275.0,1,dro_minimax_median,-3.052472335105188,-3.052472335105188,-4.090024233250219,7.421204141410264,76.0,0.6110017280415693,243.0,4.0,9.25,0.995,3142,0.25,0.75,True,COMPLETE
44,-3.3047427186931957,0.6287643284272352,0.012192816454989016,250,1.0,"[-32.0, 0.0]",0.0,-32.0,0.7945,0.5,-3.3047427186931957,-3.3047427186931957,-3.3047427186931957,-3.3047427186931957,0.0,-3.7578799898946187,-3.7578799898946187,0.0,0.20550000000000002,-5.625120053190824,-1.9453309050889267,-3.7578799898946187,8.134615384615385,4.0,10.64488712429419,82.0,0.6033736779212269,10.0,288.0,250.0,1,dro_minimax_median,-3.3047427186931957,-3.3047427186931957,-3.7578799898946187,10.64488712429419,82.0,0.6033736779212269,288.0,4.0,5.25,0.995,3142,0.18269230769230768,0.8173076923076923,True,COMPLETE
45,-3.7793727172507268,0.9162163829476001,0.0185832928707999,375,1.0,"[-36.0, 0.0]",0.0,-36.0,0.8145,0.5,-3.7793727172507268,-3.7793727172507268,-3.7793727172507268,-3.7793727172507268,0.0,-5.1498784879020265,-5.1498784879020265,0.0,0.1855,-4.8258375816974235,0.33214459470317276,-5.1498784879020265,8.817391304347826,4.0,9.167676100642442,86.0,0.6817395501641186,8.0,293.0,375.0,1,dro_minimax_median,-3.7793727172507268,-3.7793727172507268,-5.1498784879020265,9.167676100642442,86.0,0.6817395501641186,293.0,4.0,7.5,0.995,3142,0.19130434782608696,0.808695652173913,True,COMPLETE
46,-3.5129246306476625,0.966073882743005,0.009616043629342126,300,1.0,"[-36.0, 0.0]",0.0,-36.0,0.8125,0.5,-3.5129246306476625,-3.5129246306476625,-3.5129246306476625,-3.5129246306476625,0.0,-4.60148858168441,-4.60148858168441,0.0,0.1875,-4.8766070288454815,-0.24723277753742057,-4.60148858168441,10.118279569892474,4.0,8.881416971402912,86.0,0.6374677044448401,7.0,284.0,300.0,1,dro_minimax_median,-3.5129246306476625,-3.5129246306476625,-4.60148858168441,8.881416971402912,86.0,0.6374677044448401,284.0,4.0,5.0,0.995,3142,0.1619047619047619,0.8380952380952381,True,COMPLETE
47,-1.7375521405620948,2.603548361693337,0.005232415945348535,225,1.0,"[-40.0, 0.0]",0.0,-40.0,0.8165,0.5,-1.7375521405620948,-1.7375521405620948,-1.7375521405620948,-1.7375521405620948,0.0,-1.7846975345164104,-1.7846975345164104,0.0,0.1835,-3.3730014955794974,-1.7846975345164104,-1.5961159586991476,8.23076923076923,4.0,8.371745915703045,90.0,0.7288023731106322,9.0,305.0,225.0,1,dro_minimax_median,-1.7375521405620948,-1.7375521405620948,-1.7846975345164104,8.371745915703045,90.0,0.7288023731106322,305.0,4.0,5.25,0.995,3142,0.14516129032258066,0.8548387096774194,True,COMPLETE
48,-2.7536306565276485,2.645090811830372,0.06543437198039122,275,1.0,"[-49.0, 0.0]",0.0,-49.0,0.7785,0.5,-2.7536306565276485,-2.7536306565276485,-2.7536306565276485,-2.7536306565276485,0.0,-2.7600505155118875,-2.7600505155118875,0.0,0.22150000000000003,-5.385173091957866,-2.7600505155118875,-2.7343710795749305,7.9363636363636365,4.0,7.325649140335377,99.0,0.6588197923257614,10.0,336.0,275.0,1,dro_minimax_median,-2.7536306565276485,-2.7536306565276485,-2.7600505155118875,7.325649140335377,99.0,0.6588197923257614,336.0,4.0,5.75,0.995,3142,0.18181818181818182,0.8181818181818182,True,COMPLETE
49,-2.642323686034871,1.6635113403553485,0.006230395038580615,300,1.0,"[-29.0, 0.0]",0.0,-29.0,0.8285,0.5,-2.642323686034871,-2.642323686034871,-2.642323686034871,-2.642323686034871,0.0,-2.809759518099497,-2.809759518099497,0.0,0.17149999999999999,-4.918839115062579,-2.1400161898409915,-2.809759518099497,8.808080808080808,4.0,8.991662885563123,79.0,0.6236867905049271,10.0,263.0,300.0,1,dro_minimax_median,-2.642323686034871,-2.642323686034871,-2.809759518099497,8.991662885563123,79.0,0.6236867905049271,263.0,4.0,6.0,0.995,3142,0.17721518987341772,0.8227848101265823,True,COMPLETE
