number,value,params_lambda_prior,params_noise_std,params_window_size,user_attrs_all_symbols_active_share,user_attrs_all_symbols_have_long_share,user_attrs_calmar_drawdown_floor_abs,user_attrs_calmar_drawdown_floor_applied,user_attrs_calmar_like,user_attrs_constraint_drawdown_ok,user_attrs_constraint_finite_objective_return_ok,user_attrs_constraint_max_trades_ok,user_attrs_constraint_min_trades_ok,user_attrs_constraint_profit_factor_ok,user_attrs_constraint_symbols_active_ok,user_attrs_constraint_symbols_have_long_ok,user_attrs_constraint_value_all_symbols_active,user_attrs_constraint_value_all_symbols_have_long,user_attrs_constraint_value_drawdown,user_attrs_constraint_value_finite_objective_return,user_attrs_constraint_value_max_trades,user_attrs_constraint_value_min_trades,user_attrs_constraint_value_profit_factor,user_attrs_constraints_values,user_attrs_diagnostic_mean_of_seed_mean_return_pct,user_attrs_diagnostic_median_mean_turnover,user_attrs_effective_drawdown_abs_for_calmar,user_attrs_invalid_score,user_attrs_max_drawdown_abs,user_attrs_max_seed_median_return_pct,user_attrs_max_total_trades,user_attrs_mean_of_seed_mean_return_pct,user_attrs_mean_of_seed_median_return_pct,user_attrs_mean_seed_half_return_gap_pct,user_attrs_mean_seed_max_half_median_return_pct,user_attrs_mean_seed_min_half_median_return_pct,user_attrs_mean_seed_second_minus_first_half_median_return_pct,user_attrs_mean_seed_val_first_max_drawdown_abs,user_attrs_mean_seed_val_first_mean_constraint_applied_ratio,user_attrs_mean_seed_val_first_mean_executed_action_1_ratio,user_attrs_mean_seed_val_first_mean_return_pct,user_attrs_mean_seed_val_first_mean_threshold_applied_ratio,user_attrs_mean_seed_val_first_mean_turnover,user_attrs_mean_seed_val_first_median_profit_factor,user_attrs_mean_seed_val_first_median_return_pct,user_attrs_mean_seed_val_first_positive_return_symbols,user_attrs_mean_seed_val_first_total_trade_events,user_attrs_mean_seed_val_first_total_trades,user_attrs_mean_seed_val_second_max_drawdown_abs,user_attrs_mean_seed_val_second_mean_constraint_applied_ratio,user_attrs_mean_seed_val_second_mean_executed_action_1_ratio,user_attrs_mean_seed_val_second_mean_return_pct,user_attrs_mean_seed_val_second_mean_threshold_applied_ratio,user_attrs_mean_seed_val_second_mean_turnover,user_attrs_mean_seed_val_second_median_profit_factor,user_attrs_mean_seed_val_second_median_return_pct,user_attrs_mean_seed_val_second_positive_return_symbols,user_attrs_mean_seed_val_second_total_trade_events,user_attrs_mean_seed_val_second_total_trades,user_attrs_median_active_symbols,user_attrs_median_long_action_symbols,user_attrs_median_max_drawdown_abs,user_attrs_median_mean_turnover,user_attrs_median_of_seed_mean_return_pct,user_attrs_median_of_seed_median_return_pct,user_attrs_median_positive_return_symbols,user_attrs_median_profit_factor,user_attrs_median_seed_half_return_gap_pct,user_attrs_median_seed_max_half_median_return_pct,user_attrs_median_seed_min_half_median_return_pct,user_attrs_median_seed_second_minus_first_half_median_return_pct,user_attrs_median_seed_val_first_max_drawdown_abs,user_attrs_median_seed_val_first_mean_constraint_applied_ratio,user_attrs_median_seed_val_first_mean_executed_action_1_ratio,user_attrs_median_seed_val_first_mean_return_pct,user_attrs_median_seed_val_first_mean_threshold_applied_ratio,user_attrs_median_seed_val_first_mean_turnover,user_attrs_median_seed_val_first_median_profit_factor,user_attrs_median_seed_val_first_median_return_pct,user_attrs_median_seed_val_first_positive_return_symbols,user_attrs_median_seed_val_first_total_trade_events,user_attrs_median_seed_val_first_total_trades,user_attrs_median_seed_val_second_max_drawdown_abs,user_attrs_median_seed_val_second_mean_constraint_applied_ratio,user_attrs_median_seed_val_second_mean_executed_action_1_ratio,user_attrs_median_seed_val_second_mean_return_pct,user_attrs_median_seed_val_second_mean_threshold_applied_ratio,user_attrs_median_seed_val_second_mean_turnover,user_attrs_median_seed_val_second_median_profit_factor,user_attrs_median_seed_val_second_median_return_pct,user_attrs_median_seed_val_second_positive_return_symbols,user_attrs_median_seed_val_second_total_trade_events,user_attrs_median_seed_val_second_total_trades,user_attrs_median_total_trade_events,user_attrs_median_total_trades,user_attrs_memory_horizon,user_attrs_memory_horizon_bars,user_attrs_min_profit_factor,user_attrs_min_seed_median_return_pct,user_attrs_min_total_trades,user_attrs_n_seeds,user_attrs_objective_metric_name,user_attrs_objective_score,user_attrs_observed_all_symbols_active_share,user_attrs_observed_all_symbols_have_long_share,user_attrs_observed_mean_of_seed_mean_return_pct,user_attrs_observed_median_max_drawdown_abs,user_attrs_observed_median_of_seed_median_return_pct,user_attrs_observed_median_profit_factor,user_attrs_observed_median_total_trades,user_attrs_optuna_constraints_convention,user_attrs_required_all_symbols_active_share,user_attrs_required_all_symbols_have_long_share,user_attrs_seeds_used,user_attrs_std_of_seed_median_return_pct,user_attrs_valid,state
28,-1.219039796766519,6.02940705844832,0.00873236470325758,400,1.0,1.0,1.0,False,-0.12270860785932858,True,True,True,True,True,True,True,0.0,0.0,-5.065572268866346,0.0,-159.0,-391.0,-0.018177820296211178,"[-5.065572268866346, -0.018177820296211178, -391.0, -159.0, 0.0, 0.0, 0.0]",-0.5177862596648675,0.09849999999999999,9.934427731133654,-1000000.0,15.0,-0.16102947810313628,650.0,-0.5177862596648675,-1.4193983448350167,3.3415906846928523,0.8977347825468929,-2.4438559021459594,-3.3415906846928523,4.550032129002828,0.06888000000000001,0.49232000000000004,2.359847074220898,0.07148000000000002,0.08644,1.1060666969562685,0.8977347825468929,3.6,432.2,215.4,8.472388575601057,0.11363999999999999,0.4471200000000001,-2.7674170959442703,0.06576,0.10824,0.7178697414317196,-2.4438559021459594,0.4,541.2,269.4,5.0,5.0,9.934427731133654,0.09849999999999999,-0.45119560584945706,-1.219039796766519,2.0,0.8681778202962112,3.4380374584301765,0.7541337464804565,-2.464221298039615,-3.4380374584301765,4.461018442639897,0.073,0.49219999999999997,2.416235088663059,0.069,0.0888,1.0869648912218122,0.7541337464804565,4.0,444.0,221.0,8.376424266506266,0.11099999999999999,0.45220000000000005,-2.3662579670603767,0.064,0.10939999999999998,0.7244038088081649,-2.464221298039615,0.0,547.0,272.0,985.0,491.0,400.0,400.0,0.85,-2.900540588535816,100.0,5,median_of_seed_median_return_pct,-1.219039796766519,1.0,1.0,-0.5177862596648675,9.934427731133654,-1.219039796766519,0.8681778202962112,491.0,feasible_if_all_values_le_0,1.0,1.0,3142|3143|3144|3145|3146,1.012587727097682,True,COMPLETE
29,-2.425102670318058,0.5573291301960073,0.03847590203739494,250,1.0,1.0,1.0,False,-0.20201698760228776,True,True,False,True,False,True,True,0.0,0.0,-2.995550774708242,0.0,42.0,-592.0,0.0313775928525134,"[-2.995550774708242, 0.0313775928525134, -592.0, 42.0, 0.0, 0.0, 0.0]",-2.6999570181943144,0.13889999999999997,12.004449225291758,-1000000.0,15.0,-1.3022804283060019,650.0,-2.6999570181943144,-3.164889777016975,4.961267346894069,0.6527908631546686,-4.308476483739399,-4.961267346894069,5.705105419561765,0.11532,0.54728,1.2908757179883659,0.04392,0.135,1.0259480228945606,0.6527908631546686,2.8,675.0,336.4,9.436461582921805,0.14376000000000003,0.47884000000000004,-3.8943335319818204,0.038759999999999996,0.14284000000000002,0.6242004012691242,-4.308476483739399,0.4,714.2,356.2,5.0,5.0,12.004449225291758,0.13889999999999997,-2.9050697212977417,-2.425102670318058,2.0,0.8186224071474866,3.9523008333671505,0.2692857364308132,-4.322472425606039,-3.9523008333671505,5.627959191154064,0.11699999999999999,0.5492000000000001,0.9331665285390267,0.0438,0.1342,1.0018842219711477,0.2692857364308132,3.0,671.0,334.0,9.8083155714092,0.14540000000000003,0.4796,-3.890085301258668,0.039,0.1436,0.6445014075713656,-4.322472425606039,0.0,718.0,358.0,1389.0,692.0,250.0,250.0,0.85,-5.466223288667049,100.0,5,median_of_seed_median_return_pct,-2.425102670318058,1.0,1.0,-2.6999570181943144,12.004449225291758,-2.425102670318058,0.8186224071474866,692.0,feasible_if_all_values_le_0,1.0,1.0,3142|3143|3144|3145|3146,1.7300629484471666,False,COMPLETE
30,-3.636146354319525,1.1788297437113542,0.00979858308410214,400,1.0,1.0,1.0,False,-0.3386638976016629,True,True,True,True,False,True,True,0.0,0.0,-4.263259591382937,0.0,-143.0,-407.0,0.024089068769693855,"[-4.263259591382937, 0.024089068769693855, -407.0, -143.0, 0.0, 0.0, 0.0]",-1.4593121758889773,0.10169999999999998,10.736740408617063,-1000000.0,15.0,-0.7468322364501456,650.0,-1.4593121758889773,-2.886810815720726,3.0208894247088662,-0.2038248266395848,-3.2247142513484506,-3.0208894247088662,5.3031003170745965,0.08,0.48812,1.815682908103271,0.05936,0.09036000000000001,0.9819885454125407,-0.2038248266395848,2.4,451.8,225.0,9.231340328516998,0.11452,0.46315999999999996,-3.2040474889106774,0.05876,0.11108,0.6645454445150366,-3.2247142513484506,0.2,555.4,276.6,5.0,5.0,10.736740408617063,0.10169999999999998,-1.5501436388562695,-3.636146354319525,2.0,0.8259109312303061,2.2833556384961207,-0.5310697355359384,-3.0053690835806335,-2.2833556384961207,5.363213013088897,0.08099999999999999,0.491,1.6996117785654998,0.0622,0.09119999999999999,0.9185254667651064,-0.5310697355359384,2.0,456.0,227.0,8.727220776209032,0.1166,0.45999999999999996,-2.9783128454529395,0.0608,0.11320000000000001,0.6622880717969759,-3.0053690835806335,0.0,566.0,281.0,1017.0,507.0,400.0,400.0,0.85,-4.698358539766378,100.0,5,median_of_seed_median_return_pct,-3.636146354319525,1.0,1.0,-1.4593121758889773,10.736740408617063,-3.636146354319525,0.8259109312303061,507.0,feasible_if_all_values_le_0,1.0,1.0,3142|3143|3144|3145|3146,1.6587254812176622,False,COMPLETE
31,-0.8511839741663474,7.876197181110379,0.004801059685018132,400,1.0,1.0,1.0,False,-0.08304689080945146,True,True,True,True,True,True,True,0.0,0.0,-4.750561810684005,0.0,-180.0,-370.0,-0.02709134120493706,"[-4.750561810684005, -0.02709134120493706, -370.0, -180.0, 0.0, 0.0, 0.0]",-0.6509839596481588,0.0944,10.249438189315995,-1000000.0,15.0,0.2604730014265533,650.0,-0.6509839596481588,-0.9276565067821284,3.6807510161109507,0.8595166887256213,-2.821234327385329,-3.6807510161109507,4.4827376744946505,0.064,0.47876,2.187773637746256,0.07672000000000001,0.08352,1.0780051137058626,0.8595166887256213,3.8,417.6,208.0,9.246445052451419,0.11427999999999998,0.43984000000000006,-2.7360604717814416,0.06795999999999999,0.10688,0.714689737244301,-2.821234327385329,0.4,534.4,266.0,5.0,5.0,10.249438189315995,0.0944,-0.4660672002014696,-0.8511839741663474,2.0,0.877091341204937,4.064694092250343,0.774500187626237,-2.9041864010633245,-4.064694092250343,4.419273167718519,0.06420000000000001,0.4766,2.1344371018540143,0.0748,0.08360000000000001,1.0907369573276435,0.774500187626237,4.0,418.0,208.0,10.249438189315995,0.11239999999999999,0.438,-3.0707754880065985,0.067,0.1062,0.7316391593979713,-2.9041864010633245,0.0,531.0,264.0,944.0,470.0,400.0,400.0,0.85,-1.6697297255758303,100.0,5,median_of_seed_median_return_pct,-0.8511839741663474,1.0,1.0,-0.6509839596481588,10.249438189315995,-0.8511839741663474,0.877091341204937,470.0,feasible_if_all_values_le_0,1.0,1.0,3142|3143|3144|3145|3146,0.7847491604094438,True,COMPLETE
32,-1.3739602073016388,6.425859699591336,0.003060289154270556,400,1.0,1.0,1.0,False,-0.13007940831583234,True,True,True,True,True,True,True,0.0,0.0,-4.437527237472757,0.0,-191.0,-359.0,-0.06192413219208115,"[-4.437527237472757, -0.06192413219208115, -359.0, -191.0, 0.0, 0.0, 0.0]",-1.4955074242525874,0.09219999999999999,10.562472762527243,-1000000.0,15.0,0.8003675794349574,650.0,-1.4955074242525874,-2.1198000801686163,3.5080338044652293,0.7986301203219148,-2.7094036841433145,-3.5080338044652293,4.953611307217974,0.06364,0.48468,1.528421530980898,0.07428,0.08312,1.0999969886650955,0.7986301203219148,3.2,415.6,206.8,8.771081503410333,0.10779999999999998,0.44631999999999994,-2.9392586965610645,0.06676,0.10364,0.6955068795686661,-2.7094036841433145,0.0,518.2,258.2,5.0,5.0,10.562472762527243,0.09219999999999999,-1.0341052331687428,-1.3739602073016388,1.0,0.9119241321920811,3.6035974652337655,0.9087367139104519,-2.9109222695242964,-3.6035974652337655,4.864761573384224,0.06420000000000001,0.48319999999999996,1.8091852821669963,0.0738,0.0808,1.1084808593322681,0.9087367139104519,3.0,404.0,201.0,8.854356553758713,0.1082,0.4462,-2.898479034574488,0.07,0.1036,0.6692610608667842,-2.9109222695242964,0.0,518.0,259.0,922.0,459.0,400.0,400.0,0.85,-6.1492649638463455,100.0,5,median_of_seed_median_return_pct,-1.3739602073016388,1.0,1.0,-1.4955074242525874,10.562472762527243,-1.3739602073016388,0.9119241321920811,459.0,feasible_if_all_values_le_0,1.0,1.0,3142|3143|3144|3145|3146,2.8376609151688923,True,COMPLETE
33,-2.7051783438938104,7.2744536971633895,0.0041828790844383,350,1.0,1.0,1.0,False,-0.25146682474369114,True,True,True,True,False,True,True,0.0,0.0,-4.242404652577623,0.0,-188.0,-362.0,0.028757250885735663,"[-4.242404652577623, 0.028757250885735663, -362.0, -188.0, 0.0, 0.0, 0.0]",-1.4131721292011565,0.09289999999999998,10.757595347422377,-1000000.0,15.0,-0.6540813503100651,650.0,-1.4131721292011565,-2.4432109240335302,3.2434171245089294,0.538270200663451,-2.7051469238454784,-3.2434171245089294,5.271106902568692,0.06644000000000001,0.49388,1.2658815091146036,0.06752,0.08171999999999999,1.014588228082485,0.538270200663451,3.2,408.6,203.8,9.476403409142497,0.10772000000000001,0.43167999999999995,-2.645939373606487,0.06172,0.10235999999999998,0.7313738212458331,-2.7051469238454784,0.6,511.8,254.2,5.0,5.0,10.757595347422377,0.09289999999999998,-1.1517571600490826,-2.7051783438938104,2.0,0.8212427491142643,3.12456986865024,0.5770712703394354,-2.7778812464961167,-3.12456986865024,5.03976005535236,0.0676,0.4904,0.9544317366881572,0.0658,0.08199999999999999,1.024898763610876,0.5770712703394354,3.0,410.0,205.0,8.659482780486027,0.1102,0.4298,-2.535577146177817,0.0616,0.1024,0.7110353357200074,-2.7778812464961167,0.0,512.0,254.0,929.0,462.0,350.0,350.0,0.85,-3.959581624329056,100.0,5,median_of_seed_median_return_pct,-2.7051783438938104,1.0,1.0,-1.4131721292011565,10.757595347422377,-2.7051783438938104,0.8212427491142643,462.0,feasible_if_all_values_le_0,1.0,1.0,3142|3143|3144|3145|3146,1.4099141261002366,False,COMPLETE
34,-0.4543848740194534,7.232834500626768,0.0032627116215251575,375,1.0,1.0,1.0,False,-0.04691235581992968,True,True,True,True,True,True,True,0.0,0.0,-5.314174888944333,0.0,-193.0,-357.0,-0.07001188780318224,"[-5.314174888944333, -0.07001188780318224, -357.0, -193.0, 0.0, 0.0, 0.0]",0.4695484469492822,0.09179999999999999,9.685825111055667,-1000000.0,15.0,0.2705426690871704,650.0,0.4695484469492822,-0.5029943711789109,2.9376393229599995,1.1705983831938216,-1.767040939766178,-2.9376393229599995,4.784843484645018,0.0656,0.49291999999999997,2.308953997105059,0.06864,0.08331999999999999,1.1108988406374627,1.1705983831938216,3.8,416.6,208.0,8.069061194332685,0.09867999999999999,0.43344000000000005,-1.7858114298507233,0.06744,0.09840000000000002,0.7641180516717425,-1.767040939766178,0.6,492.0,244.4,5.0,5.0,9.685825111055667,0.09179999999999999,0.708416489160586,-0.4543848740194534,2.0,0.9200118878031822,2.8041357525332766,1.5375685496322955,-1.5782633100158816,-2.8041357525332766,4.822808897648523,0.0656,0.4984,2.679949259991004,0.06720000000000001,0.083,1.0959890188941241,1.5375685496322955,4.0,415.0,207.0,8.240101117287812,0.0998,0.4338,-1.9516461599965453,0.06760000000000001,0.0986,0.7671475576987545,-1.5782633100158816,1.0,493.0,246.0,918.0,457.0,375.0,375.0,0.85,-1.0904057415173973,100.0,5,median_of_seed_median_return_pct,-0.4543848740194534,1.0,1.0,0.4695484469492822,9.685825111055667,-0.4543848740194534,0.9200118878031822,457.0,feasible_if_all_values_le_0,1.0,1.0,3142|3143|3144|3145|3146,0.516351567442407,True,COMPLETE
35,-1.1218824197603228,4.303716327715937,0.0030273658277315024,350,1.0,1.0,1.0,False,-0.10419451141910666,True,True,True,True,True,True,True,0.0,0.0,-4.232806944621867,0.0,-202.0,-348.0,-0.032612639449013714,"[-4.232806944621867, -0.032612639449013714, -348.0, -202.0, 0.0, 0.0, 0.0]",-0.37738299201225534,0.09,10.767193055378133,-1000000.0,15.0,0.6069624265257589,650.0,-0.37738299201225534,-0.9665365175426288,2.613580377847266,0.509449400200479,-2.1041309776467876,-2.613580377847266,4.773639042911318,0.07227999999999998,0.50148,1.8224231464293426,0.05960000000000001,0.0832,1.030541449241611,0.509449400200479,3.8,416.0,207.2,9.377111939257158,0.10672,0.42716000000000004,-2.137468781701555,0.06047999999999999,0.10047999999999999,0.7394146177634834,-2.1041309776467876,0.8,502.4,250.0,5.0,5.0,10.767193055378133,0.09,-0.5689244267641014,-1.1218824197603228,2.0,0.8826126394490137,3.017925516234643,0.4750348309191965,-2.4514515598550113,-3.017925516234643,4.793923558450752,0.06820000000000001,0.5014000000000001,1.8358960746204755,0.05840000000000001,0.0812,1.0229103951489449,0.4750348309191965,4.0,406.0,202.0,9.442780630061042,0.1078,0.4284,-2.3961885703299957,0.0602,0.1008,0.7129246808386406,-2.4514515598550113,1.0,504.0,251.0,900.0,448.0,350.0,350.0,0.85,-2.545479209134416,100.0,5,median_of_seed_median_return_pct,-1.1218824197603228,1.0,1.0,-0.37738299201225534,10.767193055378133,-1.1218824197603228,0.8826126394490137,448.0,feasible_if_all_values_le_0,1.0,1.0,3142|3143|3144|3145|3146,1.1450696313198687,True,COMPLETE
36,-0.9775042596247951,9.100772127164245,0.00339817340591353,350,1.0,1.0,1.0,False,-0.09082581659106863,True,True,True,True,True,True,True,0.0,0.0,-4.23759459245073,0.0,-219.0,-331.0,-0.017865644772462663,"[-4.23759459245073, -0.017865644772462663, -331.0, -219.0, 0.0, 0.0, 0.0]",-0.6173140760015022,0.0867,10.76240540754927,-1000000.0,15.0,-0.8231433175662772,650.0,-0.6173140760015022,-1.2399626705916833,2.768894029693858,0.609484672786631,-2.159409356907227,-2.768894029693858,5.003008258432841,0.061520000000000005,0.50144,1.4378509253119354,0.06652,0.07908,1.0220807437234403,0.609484672786631,3.4,395.4,197.2,8.687182162231533,0.097,0.43495999999999996,-2.0200533852329725,0.06328,0.09656,0.7955349730650463,-2.159409356907227,0.2,482.8,239.6,5.0,5.0,10.76240540754927,0.0867,-0.4496291059655899,-0.9775042596247951,2.0,0.8678656447724626,2.894153256625187,0.8414293490512481,-2.283208199451847,-2.894153256625187,4.963565446562079,0.0618,0.5018,1.3334749572668136,0.0666,0.079,1.0375378117335547,0.8414293490512481,3.0,395.0,197.0,8.8032164420341,0.0974,0.437,-1.7229587510025546,0.0648,0.0964,0.8204290001095449,-2.283208199451847,0.0,482.0,239.0,867.0,431.0,350.0,350.0,0.85,-1.9105263361034908,100.0,5,median_of_seed_median_return_pct,-0.9775042596247951,1.0,1.0,-0.6173140760015022,10.76240540754927,-0.9775042596247951,0.8678656447724626,431.0,feasible_if_all_values_le_0,1.0,1.0,3142|3143|3144|3145|3146,0.47514307566254155,True,COMPLETE
37,-2.10637961394311,2.3660629426749704,0.00626441424710452,375,1.0,1.0,1.0,False,-0.2059855081953185,True,True,True,True,False,True,True,0.0,0.0,-4.77413686818293,0.0,-155.0,-395.0,0.016359658864064097,"[-4.77413686818293, 0.016359658864064097, -395.0, -155.0, 0.0, 0.0, 0.0]",-1.110678023343063,0.09929999999999999,10.22586313181707,-1000000.0,15.0,-1.7725277807711937,650.0,-1.110678023343063,-2.337333161075772,2.3326220980326533,-0.056681222922041474,-2.3893033209546948,-2.3326220980326533,4.488568131095019,0.07672000000000001,0.48039999999999994,1.3859508214425007,0.06235999999999999,0.09015999999999999,0.9227757015265888,-0.056681222922041474,2.2,450.8,224.4,8.609493851276664,0.10628000000000001,0.44347999999999993,-2.423290337424479,0.059519999999999997,0.10747999999999999,0.7439169717809901,-2.3893033209546948,0.0,537.4,268.0,5.0,5.0,10.22586313181707,0.09929999999999999,-0.9264114402131263,-2.10637961394311,1.0,0.8336403411359359,2.565187323465634,-0.10105455983773215,-2.4052478437589175,-2.565187323465634,4.538073178792301,0.0794,0.47940000000000005,1.5916311495547908,0.0636,0.09,0.927770815514142,-0.10105455983773215,2.0,450.0,224.0,8.753009525284018,0.1066,0.44139999999999996,-2.341039586752618,0.0608,0.1086,0.7388867212977706,-2.4052478437589175,0.0,543.0,271.0,993.0,495.0,375.0,375.0,0.85,-3.650963818105124,100.0,5,median_of_seed_median_return_pct,-2.10637961394311,1.0,1.0,-1.110678023343063,10.22586313181707,-2.10637961394311,0.8336403411359359,495.0,feasible_if_all_values_le_0,1.0,1.0,3142|3143|3144|3145|3146,0.768335074584905,False,COMPLETE
