number,value,params_lambda_prior,params_noise_std,params_window_size,user_attrs_all_symbols_active_share,user_attrs_all_symbols_have_long_share,user_attrs_calmar_drawdown_floor_abs,user_attrs_calmar_drawdown_floor_applied,user_attrs_calmar_like,user_attrs_constraint_drawdown_ok,user_attrs_constraint_finite_objective_return_ok,user_attrs_constraint_max_trades_ok,user_attrs_constraint_min_trades_ok,user_attrs_constraint_profit_factor_ok,user_attrs_constraint_symbols_active_ok,user_attrs_constraint_symbols_have_long_ok,user_attrs_constraint_value_all_symbols_active,user_attrs_constraint_value_all_symbols_have_long,user_attrs_constraint_value_drawdown,user_attrs_constraint_value_finite_objective_return,user_attrs_constraint_value_max_trades,user_attrs_constraint_value_min_trades,user_attrs_constraint_value_profit_factor,user_attrs_constraints_values,user_attrs_diagnostic_mean_of_seed_mean_return_pct,user_attrs_diagnostic_median_mean_turnover,user_attrs_effective_drawdown_abs_for_calmar,user_attrs_invalid_score,user_attrs_max_drawdown_abs,user_attrs_max_seed_median_return_pct,user_attrs_max_total_trades,user_attrs_mean_of_seed_mean_return_pct,user_attrs_mean_of_seed_median_return_pct,user_attrs_mean_seed_half_return_gap_pct,user_attrs_mean_seed_max_half_median_return_pct,user_attrs_mean_seed_min_half_median_return_pct,user_attrs_mean_seed_second_minus_first_half_median_return_pct,user_attrs_mean_seed_val_first_max_drawdown_abs,user_attrs_mean_seed_val_first_mean_constraint_applied_ratio,user_attrs_mean_seed_val_first_mean_executed_action_1_ratio,user_attrs_mean_seed_val_first_mean_return_pct,user_attrs_mean_seed_val_first_mean_threshold_applied_ratio,user_attrs_mean_seed_val_first_mean_turnover,user_attrs_mean_seed_val_first_median_profit_factor,user_attrs_mean_seed_val_first_median_return_pct,user_attrs_mean_seed_val_first_positive_return_symbols,user_attrs_mean_seed_val_first_total_trade_events,user_attrs_mean_seed_val_first_total_trades,user_attrs_mean_seed_val_second_max_drawdown_abs,user_attrs_mean_seed_val_second_mean_constraint_applied_ratio,user_attrs_mean_seed_val_second_mean_executed_action_1_ratio,user_attrs_mean_seed_val_second_mean_return_pct,user_attrs_mean_seed_val_second_mean_threshold_applied_ratio,user_attrs_mean_seed_val_second_mean_turnover,user_attrs_mean_seed_val_second_median_profit_factor,user_attrs_mean_seed_val_second_median_return_pct,user_attrs_mean_seed_val_second_positive_return_symbols,user_attrs_mean_seed_val_second_total_trade_events,user_attrs_mean_seed_val_second_total_trades,user_attrs_median_active_symbols,user_attrs_median_long_action_symbols,user_attrs_median_max_drawdown_abs,user_attrs_median_mean_turnover,user_attrs_median_of_seed_mean_return_pct,user_attrs_median_of_seed_median_return_pct,user_attrs_median_positive_return_symbols,user_attrs_median_profit_factor,user_attrs_median_seed_half_return_gap_pct,user_attrs_median_seed_max_half_median_return_pct,user_attrs_median_seed_min_half_median_return_pct,user_attrs_median_seed_second_minus_first_half_median_return_pct,user_attrs_median_seed_val_first_max_drawdown_abs,user_attrs_median_seed_val_first_mean_constraint_applied_ratio,user_attrs_median_seed_val_first_mean_executed_action_1_ratio,user_attrs_median_seed_val_first_mean_return_pct,user_attrs_median_seed_val_first_mean_threshold_applied_ratio,user_attrs_median_seed_val_first_mean_turnover,user_attrs_median_seed_val_first_median_profit_factor,user_attrs_median_seed_val_first_median_return_pct,user_attrs_median_seed_val_first_positive_return_symbols,user_attrs_median_seed_val_first_total_trade_events,user_attrs_median_seed_val_first_total_trades,user_attrs_median_seed_val_second_max_drawdown_abs,user_attrs_median_seed_val_second_mean_constraint_applied_ratio,user_attrs_median_seed_val_second_mean_executed_action_1_ratio,user_attrs_median_seed_val_second_mean_return_pct,user_attrs_median_seed_val_second_mean_threshold_applied_ratio,user_attrs_median_seed_val_second_mean_turnover,user_attrs_median_seed_val_second_median_profit_factor,user_attrs_median_seed_val_second_median_return_pct,user_attrs_median_seed_val_second_positive_return_symbols,user_attrs_median_seed_val_second_total_trade_events,user_attrs_median_seed_val_second_total_trades,user_attrs_median_total_trade_events,user_attrs_median_total_trades,user_attrs_memory_horizon,user_attrs_memory_horizon_bars,user_attrs_min_profit_factor,user_attrs_min_seed_median_return_pct,user_attrs_min_total_trades,user_attrs_n_seeds,user_attrs_objective_metric_name,user_attrs_objective_score,user_attrs_observed_all_symbols_active_share,user_attrs_observed_all_symbols_have_long_share,user_attrs_observed_mean_of_seed_mean_return_pct,user_attrs_observed_median_max_drawdown_abs,user_attrs_observed_median_of_seed_median_return_pct,user_attrs_observed_median_profit_factor,user_attrs_observed_median_total_trades,user_attrs_optuna_constraints_convention,user_attrs_required_all_symbols_active_share,user_attrs_required_all_symbols_have_long_share,user_attrs_seeds_used,user_attrs_std_of_seed_median_return_pct,user_attrs_valid,state
7,-2.155488927185145,0.3999384989689106,0.0038594701586030697,275,1.0,1.0,1.0,False,-0.21349146400000168,True,True,True,True,False,True,True,0.0,0.0,-4.903629462276168,0.0,-152.0,-398.0,0.050821103761336306,"[-4.903629462276168, 0.050821103761336306, -398.0, -152.0, 0.0, 0.0, 0.0]",-0.21381393960403772,0.09989999999999999,10.096370537723832,-1000000.0,15.0,-0.4449509048273459,650.0,-0.21381393960403772,-1.8728281230798303,1.529104644058883,-0.12838870386820522,-1.6574933479270881,-1.4672165176011065,5.3313994912666995,0.08224,0.48836,1.5366481984497118,0.04716,0.09472,0.9153259972625717,-0.15933276709709343,2.4,473.6,235.8,8.787330433277031,0.11268,0.43167999999999995,-1.7009020205174603,0.04864,0.10616,0.7931205072866252,-1.6265492846982,1.4,530.8,264.4,5.0,5.0,10.096370537723832,0.09989999999999999,-0.05060052254244311,-2.155488927185145,2.0,0.7991788962386637,1.6241438436470856,-0.5135905778713035,-1.5692293024295756,-1.6241438436470856,5.173207376448252,0.083,0.49119999999999997,1.3829270877143585,0.047200000000000006,0.095,0.8770549636738011,-0.6683108940157445,2.0,475.0,236.0,8.556448053348342,0.11040000000000001,0.43279999999999996,-1.9390592813134138,0.049600000000000005,0.1056,0.7954126235514105,-1.5692293024295756,2.0,528.0,263.0,999.0,498.0,275.0,275.0,0.85,-2.8048804090924473,100.0,5,median_of_seed_median_return_pct,-2.155488927185145,1.0,1.0,-0.21381393960403772,10.096370537723832,-2.155488927185145,0.7991788962386637,498.0,feasible_if_all_values_le_0,1.0,1.0,3142|3143|3144|3145|3146,1.0360000843470754,False,COMPLETE
8,-2.72950600547186,0.4491579476345678,0.003985601095823479,325,1.0,1.0,1.0,False,-0.26422777680483495,True,True,True,True,False,True,True,0.0,0.0,-4.669874838753461,0.0,-151.0,-399.0,0.05400340775323553,"[-4.669874838753461, 0.05400340775323553, -399.0, -151.0, 0.0, 0.0, 0.0]",-0.8263137401558659,0.1001,10.330125161246539,-1000000.0,15.0,1.889420945713538,650.0,-0.8263137401558659,-1.169761207833453,2.7196518440452366,1.0139355023206797,-1.7057163417245569,-2.7196518440452366,5.559880377134457,0.09688,0.47128,1.4137272100945668,0.049640000000000004,0.096,1.0652891335578507,1.0139355023206797,2.8,480.0,239.4,8.65834115712352,0.10948,0.43168000000000006,-2.2101115131151476,0.047920000000000004,0.10400000000000001,0.8047315818065588,-1.7057163417245569,0.8,520.0,259.0,5.0,5.0,10.330125161246539,0.1001,-0.5544051386113893,-2.72950600547186,2.0,0.7959965922467644,2.0951327836552625,1.450558554923287,-1.6807160037003666,-2.0951327836552625,5.594422078650196,0.0932,0.4664,1.422421000699996,0.0502,0.09540000000000001,1.1055705732980092,1.450558554923287,3.0,477.0,238.0,8.777956426472954,0.1052,0.43220000000000003,-2.108265996511718,0.0466,0.1016,0.7605368085656415,-1.6807160037003666,1.0,508.0,253.0,1001.0,499.0,325.0,325.0,0.85,-3.5522123933489635,100.0,5,median_of_seed_median_return_pct,-2.72950600547186,1.0,1.0,-0.8263137401558659,10.330125161246539,-2.72950600547186,0.7959965922467644,499.0,feasible_if_all_values_le_0,1.0,1.0,3142|3143|3144|3145|3146,2.718099622272806,False,COMPLETE
9,-3.989810603578503,1.3291529720524704,0.03478395209918766,325,1.0,1.0,1.0,False,-0.32227390233535524,True,True,False,True,False,True,True,0.0,0.0,-2.619814776603466,0.0,7.0,-557.0,0.06443726920922122,"[-2.619814776603466, 0.06443726920922122, -557.0, 7.0, 0.0, 0.0, 0.0]",-2.1980876969415797,0.1319,12.380185223396534,-1000000.0,15.0,-0.9102212497483442,650.0,-2.1980876969415797,-3.375061320486774,4.236884147999708,0.7708865519615493,-3.4659975960381595,-4.236884147999708,5.877910831643291,0.1252,0.52208,1.502236920615986,0.05116,0.12835999999999997,1.0521544921482842,0.7708865519615493,3.6,641.8,319.6,10.35669044041282,0.14168,0.46208,-3.6389872052173238,0.04944,0.1368,0.6768831053964826,-3.4659975960381595,0.2,684.0,341.6,5.0,5.0,12.380185223396534,0.1319,-2.5754516901332245,-3.989810603578503,1.0,0.7855627307907788,4.4875693115509545,0.7848339809304994,-3.7027353306204547,-4.4875693115509545,5.495933251776918,0.126,0.5212,1.4648811993301614,0.0498,0.1282,1.0564759759919895,0.7848339809304994,4.0,641.0,320.0,10.476127210550846,0.1398,0.462,-3.7087924153705365,0.0498,0.1368,0.6698284399738518,-3.7027353306204547,0.0,684.0,342.0,1319.0,657.0,325.0,325.0,0.85,-4.915796808494899,100.0,5,median_of_seed_median_return_pct,-3.989810603578503,1.0,1.0,-2.1980876969415797,12.380185223396534,-3.989810603578503,0.7855627307907788,657.0,feasible_if_all_values_le_0,1.0,1.0,3142|3143|3144|3145|3146,1.540248973266544,False,COMPLETE
10,-1.8528063563918784,2.7306411689957617,0.0038281033317613183,375,1.0,1.0,1.0,False,-0.1847847095563663,True,True,True,True,True,True,True,0.0,0.0,-4.973161952414127,0.0,-166.0,-384.0,-0.014602167286118406,"[-4.973161952414127, -0.014602167286118406, -384.0, -166.0, 0.0, 0.0, 0.0]",-0.6856333065406016,0.0972,10.026838047585873,-1000000.0,15.0,-0.9911890875099472,650.0,-0.6856333065406016,-2.1173155766339518,1.8891047633165514,0.1777516186771333,-1.7113531446394181,-1.8891047633165514,4.708280869047581,0.07203999999999999,0.48260000000000003,1.3221153933533727,0.061,0.08671999999999999,0.9836560768793279,0.1777516186771333,2.8,433.6,216.2,8.031196709022737,0.11032,0.43771999999999994,-1.9671285623756707,0.06028,0.10804,0.781057265359802,-1.7113531446394181,0.2,540.2,268.6,5.0,5.0,10.026838047585873,0.0972,-0.4104490259141791,-1.8528063563918784,1.0,0.8646021672861184,1.7574092729965685,0.08558646764575961,-1.6135180208370459,-1.7574092729965685,4.599473724537306,0.0728,0.4798,1.0627380659767205,0.0602,0.08679999999999999,0.9557150733618349,0.08558646764575961,3.0,434.0,216.0,7.8595343058553535,0.11059999999999999,0.43479999999999996,-1.7128015986475464,0.0618,0.1078,0.7977004824186174,-1.6135180208370459,0.0,539.0,268.0,972.0,484.0,375.0,375.0,0.85,-4.093748688263455,100.0,5,median_of_seed_median_return_pct,-1.8528063563918784,1.0,1.0,-0.6856333065406016,10.026838047585873,-1.8528063563918784,0.8646021672861184,484.0,feasible_if_all_values_le_0,1.0,1.0,3142|3143|3144|3145|3146,1.1684173044401547,True,COMPLETE
11,-1.8254812033722922,7.107686862816642,0.011271832704027238,350,1.0,1.0,1.0,False,-0.17136787370313755,True,True,True,True,False,True,True,0.0,0.0,-4.347587946766538,0.0,-184.0,-366.0,0.027008799717545995,"[-4.347587946766538, 0.027008799717545995, -366.0, -184.0, 0.0, 0.0, 0.0]",-1.0368549142028725,0.0936,10.652412053233462,-1000000.0,15.0,0.24490941844990122,650.0,-1.0368549142028725,-2.1502935682188395,2.9971637752761993,0.9081872129131942,-2.088976562363005,-2.9971637752761993,5.354280629978211,0.07092000000000001,0.5030800000000001,1.491892489915085,0.06284,0.08644,1.0590019998224744,0.9081872129131942,3.0,432.2,215.8,9.514042849340488,0.1028,0.43396,-2.491185253722128,0.059199999999999996,0.1014,0.7533994723012581,-2.088976562363005,0.6,507.0,251.6,5.0,5.0,10.652412053233462,0.0936,-0.8621913137548208,-1.8254812033722922,1.0,0.822991200282454,3.1081914164687308,1.0886254663504902,-1.6853710330915983,-3.1081914164687308,5.758916350085008,0.0688,0.502,1.434437327916529,0.0636,0.0852,1.0231832102604481,1.0886254663504902,3.0,426.0,213.0,9.200835183915935,0.1072,0.43579999999999997,-2.9273015487803433,0.0624,0.10200000000000001,0.7740365231548907,-1.6853710330915983,1.0,510.0,253.0,936.0,466.0,350.0,350.0,0.85,-4.648240043919138,100.0,5,median_of_seed_median_return_pct,-1.8254812033722922,1.0,1.0,-1.0368549142028725,10.652412053233462,-1.8254812033722922,0.822991200282454,466.0,feasible_if_all_values_le_0,1.0,1.0,3142|3143|3144|3145|3146,1.8023057185415692,False,COMPLETE
12,-1.5249601006288915,6.998858505308444,0.004253369482616197,325,1.0,1.0,1.0,False,-0.13903023178898646,True,True,True,True,True,True,True,0.0,0.0,-4.031449627852133,0.0,-202.0,-348.0,-0.0027002659733038614,"[-4.031449627852133, -0.0027002659733038614, -348.0, -202.0, 0.0, 0.0, 0.0]",-1.8421238210889868,0.09000000000000001,10.968550372147867,-1000000.0,15.0,-0.7679736568705575,650.0,-1.8421238210889868,-2.069289375373109,3.424300323726777,0.2558390824524337,-3.168461241274343,-3.424300323726777,5.503440450201415,0.08128,0.471,1.2573800058802136,0.0622,0.08615999999999999,0.9983551439401046,0.2558390824524337,2.4,430.8,214.4,9.911738448735253,0.09664,0.42744,-3.02991974082686,0.05956,0.09792,0.6954624323956096,-3.168461241274343,0.2,489.6,243.8,5.0,5.0,10.968550372147867,0.09000000000000001,-1.1893207390033766,-1.5249601006288915,1.0,0.8527002659733038,2.659608353442666,-0.06377499531609043,-3.521842772526984,-2.659608353442666,5.202454435285009,0.0832,0.4726,1.5012093395960235,0.0622,0.08720000000000001,0.9418789402640765,-0.06377499531609043,2.0,436.0,217.0,9.432911362949458,0.09459999999999999,0.42699999999999994,-3.025146567976398,0.059,0.09720000000000001,0.6660733006217834,-3.521842772526984,0.0,486.0,242.0,900.0,448.0,325.0,325.0,0.85,-4.58659382397808,100.0,5,median_of_seed_median_return_pct,-1.5249601006288915,1.0,1.0,-1.8421238210889868,10.968550372147867,-1.5249601006288915,0.8527002659733038,448.0,feasible_if_all_values_le_0,1.0,1.0,3142|3143|3144|3145|3146,1.4749259660635787,True,COMPLETE
13,-0.5653819863242648,9.108973566566533,0.003957396552028802,350,1.0,1.0,1.0,False,-0.046824965939297546,True,True,True,True,True,True,True,0.0,0.0,-2.9256295229940203,0.0,-211.0,-339.0,-0.03036418082468606,"[-2.9256295229940203, -0.03036418082468606, -339.0, -211.0, 0.0, 0.0, 0.0]",-0.2750339396319402,0.0883,12.07437047700598,-1000000.0,15.0,0.2365160093973362,650.0,-0.2750339396319402,-1.1765753099519751,2.6376283756910475,0.9994388899723594,-1.6381894857186885,-2.6376283756910475,4.7297542099710865,0.06148,0.49544,1.4992356142353644,0.06664,0.07952,1.089572020130981,0.9994388899723594,4.0,397.6,198.4,9.305977829276886,0.09863999999999999,0.43284,-1.7525484935177515,0.0654,0.09668,0.800752421061597,-1.6381894857186885,1.0,483.4,239.8,5.0,5.0,12.07437047700598,0.0883,0.05777422409879875,-0.5653819863242648,2.0,0.880364180824686,2.30341914346861,0.6280343392348842,-1.6208153269410053,-2.30341914346861,4.978196831121595,0.06139999999999999,0.49720000000000003,1.649843414459602,0.066,0.0804,1.0518268434351348,0.6280343392348842,4.0,402.0,201.0,9.849565346094325,0.0968,0.43260000000000004,-1.659933014613857,0.0664,0.0958,0.7767544952843226,-1.6208153269410053,1.0,479.0,238.0,883.0,439.0,350.0,350.0,0.85,-3.508065106285685,100.0,5,median_of_seed_median_return_pct,-0.5653819863242648,1.0,1.0,-0.2750339396319402,12.07437047700598,-0.5653819863242648,0.880364180824686,439.0,feasible_if_all_values_le_0,1.0,1.0,3142|3143|3144|3145|3146,1.4669076061867528,True,COMPLETE
14,-0.6052351369563946,7.876527705729253,0.003303657937506534,400,1.0,1.0,1.0,False,-0.05330873710418129,True,True,True,True,True,True,True,0.0,0.0,-3.6466052314542114,0.0,-190.0,-360.0,-0.07346112042674535,"[-3.6466052314542114, -0.07346112042674535, -360.0, -190.0, 0.0, 0.0, 0.0]",-0.4049323849454569,0.09240000000000001,11.353394768545789,-1000000.0,15.0,1.6403799297885602,650.0,-0.4049323849454569,-0.037527811729793914,3.260960389020904,1.0048845114187666,-2.2560758776021372,-3.260960389020904,4.867585839687025,0.06120000000000001,0.48928000000000005,2.149035730483858,0.07224,0.07987999999999999,1.1124433497886554,1.0048845114187666,3.6,399.4,198.8,9.5234751430628,0.1072,0.4444,-2.4585181790579744,0.06872,0.10544,0.7149587391228671,-2.2560758776021372,0.8,527.2,262.8,5.0,5.0,11.353394768545789,0.09240000000000001,-0.0144427594316765,-0.6052351369563946,2.0,0.9234611204267453,2.4461231838103337,0.4403010690995801,-2.3154077233769166,-2.4461231838103337,4.498362753641172,0.0626,0.49119999999999997,2.2169702194595535,0.07220000000000001,0.0792,1.0467277835536262,0.4403010690995801,4.0,396.0,197.0,9.06965095275728,0.1062,0.4446,-2.3746431230784126,0.0706,0.10500000000000001,0.7118904246523851,-2.3154077233769166,1.0,525.0,262.0,924.0,460.0,400.0,400.0,0.85,-1.170358841836494,100.0,5,median_of_seed_median_return_pct,-0.6052351369563946,1.0,1.0,-0.4049323849454569,11.353394768545789,-0.6052351369563946,0.9234611204267453,460.0,feasible_if_all_values_le_0,1.0,1.0,3142|3143|3144|3145|3146,1.1781057021231736,True,COMPLETE
15,-1.900013869202799,2.3671707932186346,0.009387185416187377,350,1.0,1.0,1.0,False,-0.1743138784552045,True,True,True,True,True,True,True,0.0,0.0,-4.10004248634128,0.0,-159.0,-391.0,-0.018284028872260993,"[-4.10004248634128, -0.018284028872260993, -391.0, -159.0, 0.0, 0.0, 0.0]",-1.1671346940161507,0.09849999999999999,10.89995751365872,-1000000.0,15.0,-0.11352120993806114,650.0,-1.1671346940161507,-1.5233199103501824,2.882514051572116,0.4563471098632199,-2.426166941708896,-2.869073112754932,5.798483617811121,0.07852,0.5010000000000001,1.078493677337168,0.05551999999999999,0.08900000000000001,1.0236953638320088,0.44962664045462786,3.2,445.0,222.2,8.920583869085199,0.12136,0.42968,-2.231005212349949,0.05524,0.11135999999999999,0.7548294015722219,-2.4194464723003035,0.6,556.8,276.6,5.0,5.0,10.89995751365872,0.09849999999999999,-0.795210163320563,-1.900013869202799,1.0,0.868284028872261,3.6406807530495633,0.46083299654493537,-2.870471034877853,-3.6406807530495633,5.54344237070632,0.07619999999999999,0.4986,1.2968637462714017,0.0568,0.08940000000000001,1.0260494753829659,0.46083299654493537,3.0,447.0,223.0,8.654870307449325,0.123,0.43100000000000005,-2.49046606529965,0.054400000000000004,0.11139999999999999,0.7210425114107042,-2.870471034877853,0.0,557.0,277.0,985.0,491.0,350.0,350.0,0.85,-2.223370953921655,100.0,5,median_of_seed_median_return_pct,-1.900013869202799,1.0,1.0,-1.1671346940161507,10.89995751365872,-1.900013869202799,0.868284028872261,491.0,feasible_if_all_values_le_0,1.0,1.0,3142|3143|3144|3145|3146,0.8449048661238884,True,COMPLETE
16,-2.6151022447502337,1.8818330703095945,0.010584943582146632,250,1.0,1.0,1.0,False,-0.22506466400182845,True,True,True,True,False,True,True,0.0,0.0,-3.3806627026578084,0.0,-153.0,-397.0,0.05964182244541394,"[-3.3806627026578084, 0.05964182244541394, -397.0, -153.0, 0.0, 0.0, 0.0]",-1.5517958624130421,0.09970000000000001,11.619337297342192,-1000000.0,15.0,-0.549861975761079,650.0,-1.5517958624130421,-2.481982798013253,5.045651310422188,1.0290137409828937,-4.016637569439294,-5.045651310422188,4.816229031100552,0.07683999999999999,0.51128,2.254459344272996,0.04988,0.09384,1.0303752930064525,1.0290137409828937,2.8,469.2,234.0,9.511918505766497,0.11359999999999999,0.44708000000000003,-3.6926374589987034,0.046799999999999994,0.10868,0.6401835719253398,-4.016637569439294,0.0,543.4,270.4,5.0,5.0,11.619337297342192,0.09970000000000001,-1.818574656935659,-2.6151022447502337,1.0,0.790358177554586,5.827677158266797,1.3315235067982156,-4.191524800620106,-5.827677158266797,5.002258372811319,0.0748,0.5048,1.8158476356985531,0.05139999999999999,0.09380000000000001,1.0282877946911084,1.3315235067982156,3.0,469.0,234.0,8.91973587162662,0.10640000000000001,0.4492,-3.7814723537747774,0.047799999999999995,0.1052,0.6234971976926903,-4.191524800620106,0.0,526.0,261.0,997.0,497.0,250.0,250.0,0.85,-3.4680470316323375,100.0,5,median_of_seed_median_return_pct,-2.6151022447502337,1.0,1.0,-1.5517958624130421,11.619337297342192,-2.6151022447502337,0.790358177554586,497.0,feasible_if_all_values_le_0,1.0,1.0,3142|3143|3144|3145|3146,1.1871705929099614,False,COMPLETE
17,-3.452282346286839,2.661721485056564,0.0033888303194083433,275,1.0,1.0,1.0,False,-0.2875519278395027,True,True,True,True,False,True,True,0.0,0.0,-2.994229869278662,0.0,-159.0,-391.0,0.07758266451787721,"[-2.994229869278662, 0.07758266451787721, -391.0, -159.0, 0.0, 0.0, 0.0]",-1.5693385427092414,0.09849999999999999,12.005770130721338,-1000000.0,15.0,0.19297521652201777,650.0,-1.5693385427092414,-2.73847217309043,2.383450241754712,0.14412149801454444,-2.2393287437401677,-2.383450241754712,5.9425712946752585,0.08532,0.4920400000000001,0.7495703478111624,0.05551999999999999,0.09544000000000001,0.9519538653171674,0.14412149801454444,2.6,477.2,237.8,8.761093281298619,0.10855999999999999,0.43416,-2.252513130661018,0.052000000000000005,0.10308000000000002,0.758258450119307,-2.2393287437401677,0.8,515.4,256.6,5.0,5.0,12.005770130721338,0.09849999999999999,-1.909704125574183,-3.452282346286839,1.0,0.7724173354821228,2.3992163310368797,0.42909495079319626,-2.503124579664251,-2.3992163310368797,5.946730657223109,0.0836,0.4918,0.8172965340745784,0.055799999999999995,0.096,0.9690460655425192,0.42909495079319626,3.0,480.0,239.0,8.58138327954958,0.1126,0.43420000000000003,-2.2783601799072466,0.052000000000000005,0.1022,0.7296215388777846,-2.503124579664251,1.0,511.0,254.0,985.0,491.0,275.0,275.0,0.85,-4.278604083925286,100.0,5,median_of_seed_median_return_pct,-3.452282346286839,1.0,1.0,-1.5693385427092414,12.005770130721338,-3.452282346286839,0.7724173354821228,491.0,feasible_if_all_values_le_0,1.0,1.0,3142|3143|3144|3145|3146,1.739806294145677,False,COMPLETE
