number,value,params_lambda_prior,params_noise_std,params_window_size,user_attrs_all_symbols_active_share,user_attrs_all_symbols_have_long_share,user_attrs_calmar_drawdown_floor_abs,user_attrs_calmar_drawdown_floor_applied,user_attrs_calmar_like,user_attrs_constraint_drawdown_ok,user_attrs_constraint_finite_objective_return_ok,user_attrs_constraint_max_trades_ok,user_attrs_constraint_min_trades_ok,user_attrs_constraint_profit_factor_ok,user_attrs_constraint_symbols_active_ok,user_attrs_constraint_symbols_have_long_ok,user_attrs_constraint_value_all_symbols_active,user_attrs_constraint_value_all_symbols_have_long,user_attrs_constraint_value_drawdown,user_attrs_constraint_value_finite_objective_return,user_attrs_constraint_value_max_trades,user_attrs_constraint_value_min_trades,user_attrs_constraint_value_profit_factor,user_attrs_constraints_values,user_attrs_diagnostic_mean_of_seed_mean_return_pct,user_attrs_diagnostic_median_mean_turnover,user_attrs_effective_drawdown_abs_for_calmar,user_attrs_invalid_score,user_attrs_max_drawdown_abs,user_attrs_max_seed_median_return_pct,user_attrs_max_total_trades,user_attrs_mean_of_seed_mean_return_pct,user_attrs_mean_of_seed_median_return_pct,user_attrs_mean_seed_half_return_gap_pct,user_attrs_mean_seed_max_half_median_return_pct,user_attrs_mean_seed_min_half_median_return_pct,user_attrs_mean_seed_second_minus_first_half_median_return_pct,user_attrs_mean_seed_val_first_max_drawdown_abs,user_attrs_mean_seed_val_first_mean_constraint_applied_ratio,user_attrs_mean_seed_val_first_mean_executed_action_1_ratio,user_attrs_mean_seed_val_first_mean_return_pct,user_attrs_mean_seed_val_first_mean_threshold_applied_ratio,user_attrs_mean_seed_val_first_mean_turnover,user_attrs_mean_seed_val_first_median_profit_factor,user_attrs_mean_seed_val_first_median_return_pct,user_attrs_mean_seed_val_first_positive_return_symbols,user_attrs_mean_seed_val_first_total_trade_events,user_attrs_mean_seed_val_first_total_trades,user_attrs_mean_seed_val_second_max_drawdown_abs,user_attrs_mean_seed_val_second_mean_constraint_applied_ratio,user_attrs_mean_seed_val_second_mean_executed_action_1_ratio,user_attrs_mean_seed_val_second_mean_return_pct,user_attrs_mean_seed_val_second_mean_threshold_applied_ratio,user_attrs_mean_seed_val_second_mean_turnover,user_attrs_mean_seed_val_second_median_profit_factor,user_attrs_mean_seed_val_second_median_return_pct,user_attrs_mean_seed_val_second_positive_return_symbols,user_attrs_mean_seed_val_second_total_trade_events,user_attrs_mean_seed_val_second_total_trades,user_attrs_median_active_symbols,user_attrs_median_long_action_symbols,user_attrs_median_max_drawdown_abs,user_attrs_median_mean_turnover,user_attrs_median_of_seed_mean_return_pct,user_attrs_median_of_seed_median_return_pct,user_attrs_median_positive_return_symbols,user_attrs_median_profit_factor,user_attrs_median_seed_half_return_gap_pct,user_attrs_median_seed_max_half_median_return_pct,user_attrs_median_seed_min_half_median_return_pct,user_attrs_median_seed_second_minus_first_half_median_return_pct,user_attrs_median_seed_val_first_max_drawdown_abs,user_attrs_median_seed_val_first_mean_constraint_applied_ratio,user_attrs_median_seed_val_first_mean_executed_action_1_ratio,user_attrs_median_seed_val_first_mean_return_pct,user_attrs_median_seed_val_first_mean_threshold_applied_ratio,user_attrs_median_seed_val_first_mean_turnover,user_attrs_median_seed_val_first_median_profit_factor,user_attrs_median_seed_val_first_median_return_pct,user_attrs_median_seed_val_first_positive_return_symbols,user_attrs_median_seed_val_first_total_trade_events,user_attrs_median_seed_val_first_total_trades,user_attrs_median_seed_val_second_max_drawdown_abs,user_attrs_median_seed_val_second_mean_constraint_applied_ratio,user_attrs_median_seed_val_second_mean_executed_action_1_ratio,user_attrs_median_seed_val_second_mean_return_pct,user_attrs_median_seed_val_second_mean_threshold_applied_ratio,user_attrs_median_seed_val_second_mean_turnover,user_attrs_median_seed_val_second_median_profit_factor,user_attrs_median_seed_val_second_median_return_pct,user_attrs_median_seed_val_second_positive_return_symbols,user_attrs_median_seed_val_second_total_trade_events,user_attrs_median_seed_val_second_total_trades,user_attrs_median_total_trade_events,user_attrs_median_total_trades,user_attrs_memory_horizon,user_attrs_memory_horizon_bars,user_attrs_min_profit_factor,user_attrs_min_seed_median_return_pct,user_attrs_min_total_trades,user_attrs_n_seeds,user_attrs_objective_metric_name,user_attrs_objective_score,user_attrs_observed_all_symbols_active_share,user_attrs_observed_all_symbols_have_long_share,user_attrs_observed_mean_of_seed_mean_return_pct,user_attrs_observed_median_max_drawdown_abs,user_attrs_observed_median_of_seed_median_return_pct,user_attrs_observed_median_profit_factor,user_attrs_observed_median_total_trades,user_attrs_optuna_constraints_convention,user_attrs_required_all_symbols_active_share,user_attrs_required_all_symbols_have_long_share,user_attrs_seeds_used,user_attrs_std_of_seed_median_return_pct,user_attrs_valid,state
38,-0.8013969093943585,6.236328646776687,0.004942434071694537,250,1.0,1.0,1.0,False,-0.06913011704174322,True,True,True,True,True,True,True,0.0,0.0,-3.4074128080754367,0.0,-177.0,-373.0,-0.031471188529810235,"[-3.4074128080754367, -0.031471188529810235, -373.0, -177.0, 0.0, 0.0, 0.0]",-0.7215127108034373,0.09490000000000001,11.592587191924563,-1000000.0,15.0,1.0413416840462597,650.0,-0.7215127108034373,-0.9161836802729951,2.736661270620946,0.43787651649879855,-2.2987847541221473,-2.736661270620946,4.91324009295205,0.06720000000000001,0.50572,1.9951033371052245,0.05888,0.08868000000000001,0.973327453080762,0.43787651649879855,2.8,443.4,221.0,9.681871529606418,0.10828,0.43296,-2.5817740900408723,0.05092,0.10124,0.7275374108506589,-2.2987847541221473,0.8,506.2,252.0,5.0,5.0,11.592587191924563,0.09490000000000001,-0.48156454956807426,-0.8013969093943585,2.0,0.8814711885298102,3.338566241461538,0.45988277624404716,-1.6350410810649585,-3.338566241461538,5.134303428544884,0.06939999999999999,0.5075999999999999,2.305215947089545,0.05800000000000001,0.08940000000000001,1.0000118425777635,0.45988277624404716,3.0,447.0,223.0,9.437035756907097,0.10739999999999998,0.43499999999999994,-2.3788550145272795,0.05,0.101,0.6804872161686751,-1.6350410810649585,1.0,505.0,251.0,949.0,473.0,250.0,250.0,0.85,-2.4060472652091214,100.0,5,median_of_seed_median_return_pct,-0.8013969093943585,1.0,1.0,-0.7215127108034373,11.592587191924563,-0.8013969093943585,0.8814711885298102,473.0,feasible_if_all_values_le_0,1.0,1.0,3142|3143|3144|3145|3146,1.407683195283667,True,COMPLETE
39,-3.375699517527364,4.877011252310118,0.03597171378383072,325,1.0,1.0,1.0,False,-0.3105457103426205,True,True,False,True,False,True,True,0.0,0.0,-4.129782170222205,0.0,10.0,-560.0,0.049783504224389485,"[-4.129782170222205, 0.049783504224389485, -560.0, 10.0, 0.0, 0.0, 0.0]",-2.561597700539612,0.1325,10.870217829777795,-1000000.0,15.0,-2.052750969748074,650.0,-2.561597700539612,-3.6444293760663955,4.858372265539375,0.5815786753733176,-4.276793590166057,-4.858372265539375,5.507002412836077,0.11708000000000003,0.5266,1.4304581010029995,0.054880000000000005,0.12855999999999998,0.9973353755644133,0.5815786753733176,2.8,642.8,320.6,9.729111182778464,0.13799999999999998,0.46688,-3.9180169214675424,0.05551999999999999,0.13744,0.6384292049240108,-4.276793590166057,0.0,687.2,342.2,5.0,5.0,10.870217829777795,0.1325,-2.6084233808890516,-3.375699517527364,1.0,0.8002164957756105,5.617848217023679,0.28222922390499505,-3.8262891693696788,-5.617848217023679,5.403064454950568,0.1182,0.5246000000000001,1.5908219750409258,0.0538,0.1286,1.0084552172151517,0.28222922390499505,3.0,643.0,321.0,10.115251351099175,0.14,0.4646,-4.118942873338345,0.0578,0.13640000000000002,0.6035708252039227,-3.8262891693696788,0.0,682.0,339.0,1325.0,660.0,325.0,325.0,0.85,-5.356389918668003,100.0,5,median_of_seed_median_return_pct,-3.375699517527364,1.0,1.0,-2.561597700539612,10.870217829777795,-3.375699517527364,0.8002164957756105,660.0,feasible_if_all_values_le_0,1.0,1.0,3142|3143|3144|3145|3146,1.2049318967577574,False,COMPLETE
