number,value,params_lambda_prior,params_one_minus_gamma,params_ucb_alpha,user_attrs_all_symbols_active_share,user_attrs_all_symbols_have_long_share,user_attrs_calmar_drawdown_floor_abs,user_attrs_calmar_drawdown_floor_applied,user_attrs_calmar_like,user_attrs_constraint_drawdown_ok,user_attrs_constraint_finite_objective_return_ok,user_attrs_constraint_max_trades_ok,user_attrs_constraint_min_trades_ok,user_attrs_constraint_profit_factor_ok,user_attrs_constraint_symbols_active_ok,user_attrs_constraint_symbols_have_long_ok,user_attrs_constraint_value_all_symbols_active,user_attrs_constraint_value_all_symbols_have_long,user_attrs_constraint_value_drawdown,user_attrs_constraint_value_finite_objective_return,user_attrs_constraint_value_max_trades,user_attrs_constraint_value_min_trades,user_attrs_constraint_value_profit_factor,user_attrs_constraints_values,user_attrs_diagnostic_mean_of_seed_mean_return_pct,user_attrs_diagnostic_median_mean_turnover,user_attrs_effective_drawdown_abs_for_calmar,user_attrs_invalid_score,user_attrs_max_drawdown_abs,user_attrs_max_seed_median_return_pct,user_attrs_max_total_trades,user_attrs_mean_of_seed_mean_return_pct,user_attrs_mean_of_seed_median_return_pct,user_attrs_mean_seed_half_return_gap_pct,user_attrs_mean_seed_max_half_median_return_pct,user_attrs_mean_seed_min_half_median_return_pct,user_attrs_mean_seed_second_minus_first_half_median_return_pct,user_attrs_mean_seed_val_first_max_drawdown_abs,user_attrs_mean_seed_val_first_mean_constraint_applied_ratio,user_attrs_mean_seed_val_first_mean_executed_action_1_ratio,user_attrs_mean_seed_val_first_mean_return_pct,user_attrs_mean_seed_val_first_mean_threshold_applied_ratio,user_attrs_mean_seed_val_first_mean_turnover,user_attrs_mean_seed_val_first_median_profit_factor,user_attrs_mean_seed_val_first_median_return_pct,user_attrs_mean_seed_val_first_positive_return_symbols,user_attrs_mean_seed_val_first_total_trade_events,user_attrs_mean_seed_val_first_total_trades,user_attrs_mean_seed_val_second_max_drawdown_abs,user_attrs_mean_seed_val_second_mean_constraint_applied_ratio,user_attrs_mean_seed_val_second_mean_executed_action_1_ratio,user_attrs_mean_seed_val_second_mean_return_pct,user_attrs_mean_seed_val_second_mean_threshold_applied_ratio,user_attrs_mean_seed_val_second_mean_turnover,user_attrs_mean_seed_val_second_median_profit_factor,user_attrs_mean_seed_val_second_median_return_pct,user_attrs_mean_seed_val_second_positive_return_symbols,user_attrs_mean_seed_val_second_total_trade_events,user_attrs_mean_seed_val_second_total_trades,user_attrs_median_active_symbols,user_attrs_median_long_action_symbols,user_attrs_median_max_drawdown_abs,user_attrs_median_mean_turnover,user_attrs_median_of_seed_mean_return_pct,user_attrs_median_of_seed_median_return_pct,user_attrs_median_positive_return_symbols,user_attrs_median_profit_factor,user_attrs_median_seed_half_return_gap_pct,user_attrs_median_seed_max_half_median_return_pct,user_attrs_median_seed_min_half_median_return_pct,user_attrs_median_seed_second_minus_first_half_median_return_pct,user_attrs_median_seed_val_first_max_drawdown_abs,user_attrs_median_seed_val_first_mean_constraint_applied_ratio,user_attrs_median_seed_val_first_mean_executed_action_1_ratio,user_attrs_median_seed_val_first_mean_return_pct,user_attrs_median_seed_val_first_mean_threshold_applied_ratio,user_attrs_median_seed_val_first_mean_turnover,user_attrs_median_seed_val_first_median_profit_factor,user_attrs_median_seed_val_first_median_return_pct,user_attrs_median_seed_val_first_positive_return_symbols,user_attrs_median_seed_val_first_total_trade_events,user_attrs_median_seed_val_first_total_trades,user_attrs_median_seed_val_second_max_drawdown_abs,user_attrs_median_seed_val_second_mean_constraint_applied_ratio,user_attrs_median_seed_val_second_mean_executed_action_1_ratio,user_attrs_median_seed_val_second_mean_return_pct,user_attrs_median_seed_val_second_mean_threshold_applied_ratio,user_attrs_median_seed_val_second_mean_turnover,user_attrs_median_seed_val_second_median_profit_factor,user_attrs_median_seed_val_second_median_return_pct,user_attrs_median_seed_val_second_positive_return_symbols,user_attrs_median_seed_val_second_total_trade_events,user_attrs_median_seed_val_second_total_trades,user_attrs_median_total_trade_events,user_attrs_median_total_trades,user_attrs_memory_horizon,user_attrs_memory_horizon_bars,user_attrs_min_profit_factor,user_attrs_min_seed_median_return_pct,user_attrs_min_total_trades,user_attrs_n_seeds,user_attrs_objective_metric_name,user_attrs_objective_score,user_attrs_observed_all_symbols_active_share,user_attrs_observed_all_symbols_have_long_share,user_attrs_observed_mean_of_seed_mean_return_pct,user_attrs_observed_median_max_drawdown_abs,user_attrs_observed_median_of_seed_median_return_pct,user_attrs_observed_median_profit_factor,user_attrs_observed_median_total_trades,user_attrs_optuna_constraints_convention,user_attrs_required_all_symbols_active_share,user_attrs_required_all_symbols_have_long_share,user_attrs_seeds_used,user_attrs_std_of_seed_median_return_pct,user_attrs_valid,state
7,0.05363087897689578,1.4196223716226133,0.0035996885176728236,0.0495700052756821,1.0,1.0,1.0,False,0.004155045859563184,True,True,True,True,True,True,True,0.0,0.0,-2.09259036131699,0.0,-159.0,-391.0,-0.1178077084116892,"[-2.09259036131699, -0.1178077084116892, -391.0, -159.0, 0.0, 0.0, 0.0]",0.34460443507175353,0.09849999999999999,12.90740963868301,-1000000.0,15.0,0.05363087897689578,650.0,0.34460443507175353,0.05363087897689578,3.143801882243169,1.2929131118820214,-1.8508887703611476,-3.143801882243169,6.25878014533191,0.08199999999999999,0.485,2.0340656408176083,0.09300000000000001,0.0962,1.1126804164358939,1.2929131118820214,3.0,481.0,240.0,11.198647411311846,0.1096,0.4192,-1.7303248665470108,0.0698,0.1008,0.8085390106852469,-1.8508887703611476,2.0,504.0,251.0,5.0,5.0,12.90740963868301,0.09849999999999999,0.34460443507175353,0.05363087897689578,3.0,0.9678077084116892,3.143801882243169,1.2929131118820214,-1.8508887703611476,-3.143801882243169,6.25878014533191,0.08199999999999999,0.485,2.0340656408176083,0.09300000000000001,0.0962,1.1126804164358939,1.2929131118820214,3.0,481.0,240.0,11.198647411311846,0.1096,0.4192,-1.7303248665470108,0.0698,0.1008,0.8085390106852469,-1.8508887703611476,2.0,504.0,251.0,985.0,491.0,277.80181398764296,277.8018139876461,0.85,0.05363087897689578,100.0,1,median_of_seed_median_return_pct,0.05363087897689578,1.0,1.0,0.34460443507175353,12.90740963868301,0.05363087897689578,0.9678077084116892,491.0,feasible_if_all_values_le_0,1.0,1.0,3142,0.0,True,COMPLETE
8,-1.0000942951838732,4.624683587000661,0.0027249751578343833,0.11656726146834466,1.0,1.0,1.0,False,-0.0904822758888231,True,True,True,True,True,True,True,0.0,0.0,-3.9470696292752,0.0,-165.0,-385.0,-0.059597500084351274,"[-3.9470696292752, -0.059597500084351274, -385.0, -165.0, 0.0, 0.0, 0.0]",0.7530296123022648,0.0974,11.0529303707248,-1000000.0,15.0,-1.0000942951838732,650.0,0.7530296123022648,-1.0000942951838732,0.6170595064215134,-0.47037418812285736,-1.0874336945443708,0.6170595064215134,7.180188832962065,0.0886,0.49779999999999996,2.7554801836759446,0.11480000000000001,0.0968,0.7765017454568193,-1.0874336945443708,2.0,484.0,242.0,9.675594981184021,0.10359999999999998,0.4258,-1.9086979895812515,0.10479999999999998,0.098,0.9101969841237433,-0.47037418812285736,1.0,490.0,243.0,5.0,5.0,11.0529303707248,0.0974,0.7530296123022648,-1.0000942951838732,2.0,0.9095975000843513,0.6170595064215134,-0.47037418812285736,-1.0874336945443708,0.6170595064215134,7.180188832962065,0.0886,0.49779999999999996,2.7554801836759446,0.11480000000000001,0.0968,0.7765017454568193,-1.0874336945443708,2.0,484.0,242.0,9.675594981184021,0.10359999999999998,0.4258,-1.9086979895812515,0.10479999999999998,0.098,0.9101969841237433,-0.47037418812285736,1.0,490.0,243.0,974.0,485.0,366.97582255932525,366.9758225593189,0.85,-1.0000942951838732,100.0,1,median_of_seed_median_return_pct,-1.0000942951838732,1.0,1.0,0.7530296123022648,11.0529303707248,-1.0000942951838732,0.9095975000843513,485.0,feasible_if_all_values_le_0,1.0,1.0,3142,0.0,True,COMPLETE
9,0.14563603141497516,1.4303209498497353,0.00291136561197682,0.19038700880005283,1.0,1.0,1.0,False,0.013599395513921055,True,True,True,True,True,True,True,0.0,0.0,-4.29099228962828,0.0,-143.0,-407.0,-0.1476234696201809,"[-4.29099228962828, -0.1476234696201809, -407.0, -143.0, 0.0, 0.0, 0.0]",0.9929211662381345,0.1018,10.70900771037172,-1000000.0,15.0,0.14563603141497516,650.0,0.9929211662381345,0.14563603141497516,2.59797673858414,0.4901384011179566,-2.1078383374661835,-2.59797673858414,8.388950736683542,0.07359999999999998,0.517,2.7109284802917877,0.1234,0.094,1.0299288298364726,0.4901384011179566,3.0,470.0,235.0,10.50087545235715,0.11220000000000001,0.45200000000000007,-1.6573940078932161,0.096,0.1096,0.7538762894211167,-2.1078383374661835,2.0,548.0,272.0,5.0,5.0,10.70900771037172,0.1018,0.9929211662381345,0.14563603141497516,3.0,0.9976234696201809,2.59797673858414,0.4901384011179566,-2.1078383374661835,-2.59797673858414,8.388950736683542,0.07359999999999998,0.517,2.7109284802917877,0.1234,0.094,1.0299288298364726,0.4901384011179566,3.0,470.0,235.0,10.50087545235715,0.11220000000000001,0.45200000000000007,-1.6573940078932161,0.096,0.1096,0.7538762894211167,-2.1078383374661835,2.0,548.0,272.0,1018.0,507.0,343.48142187507636,343.4814218750785,0.85,0.14563603141497516,100.0,1,median_of_seed_median_return_pct,0.14563603141497516,1.0,1.0,0.9929211662381345,10.70900771037172,0.14563603141497516,0.9976234696201809,507.0,feasible_if_all_values_le_0,1.0,1.0,3142,0.0,True,COMPLETE
10,-3.341349394345472,0.7940506495266192,0.003639602663748331,0.17248904595100567,1.0,1.0,1.0,False,-0.31254857121384066,True,True,True,True,False,True,True,0.0,0.0,-4.309343564205978,0.0,-123.0,-427.0,0.01873313568376156,"[-4.309343564205978, 0.01873313568376156, -427.0, -123.0, 0.0, 0.0, 0.0]",-0.1825043054207917,0.1058,10.690656435794022,-1000000.0,15.0,-3.341349394345472,650.0,-0.1825043054207917,-3.341349394345472,3.2793331376240853,0.8135797917183885,-2.465753345905697,-3.2793331376240853,7.060308283057792,0.081,0.5238,2.674403391283897,0.0984,0.0992,1.0448430189104667,0.8135797917183885,3.0,496.0,248.0,8.689498353062463,0.11499999999999999,0.46240000000000003,-2.7865393977384385,0.095,0.11239999999999999,0.712667129188226,-2.465753345905697,0.0,562.0,279.0,5.0,5.0,10.690656435794022,0.1058,-0.1825043054207917,-3.341349394345472,2.0,0.8312668643162384,3.2793331376240853,0.8135797917183885,-2.465753345905697,-3.2793331376240853,7.060308283057792,0.081,0.5238,2.674403391283897,0.0984,0.0992,1.0448430189104667,0.8135797917183885,3.0,496.0,248.0,8.689498353062463,0.11499999999999999,0.46240000000000003,-2.7865393977384385,0.095,0.11239999999999999,0.712667129188226,-2.465753345905697,0.0,562.0,279.0,1058.0,527.0,274.75526654608126,274.7552665460837,0.85,-3.341349394345472,100.0,1,median_of_seed_median_return_pct,-3.341349394345472,1.0,1.0,-0.1825043054207917,10.690656435794022,-3.341349394345472,0.8312668643162384,527.0,feasible_if_all_values_le_0,1.0,1.0,3142,0.0,False,COMPLETE
11,-1.4252867226110522,0.3162794336626443,0.0038703925857293763,0.09203027545018654,1.0,1.0,1.0,False,-0.11875419476098611,True,True,True,True,True,True,True,0.0,0.0,-2.9980094557527455,0.0,-138.0,-412.0,-0.038401691269271176,"[-2.9980094557527455, -0.038401691269271176, -412.0, -138.0, 0.0, 0.0, 0.0]",-0.6177706951318761,0.1028,12.001990544247255,-1000000.0,15.0,-1.4252867226110522,650.0,-0.6177706951318761,-1.4252867226110522,1.1989459772128397,-0.26998601303510616,-1.4689319902479459,-1.1989459772128397,6.9409895928276955,0.0874,0.5128,2.255407433521397,0.0814,0.1,0.905644153900374,-0.26998601303510616,2.0,500.0,250.0,11.428962732520365,0.1152,0.4378,-2.811334898519493,0.07980000000000001,0.1056,0.8452107104064537,-1.4689319902479459,0.0,528.0,262.0,5.0,5.0,12.001990544247255,0.1028,-0.6177706951318761,-1.4252867226110522,2.0,0.8884016912692712,1.1989459772128397,-0.26998601303510616,-1.4689319902479459,-1.1989459772128397,6.9409895928276955,0.0874,0.5128,2.255407433521397,0.0814,0.1,0.905644153900374,-0.26998601303510616,2.0,500.0,250.0,11.428962732520365,0.1152,0.4378,-2.811334898519493,0.07980000000000001,0.1056,0.8452107104064537,-1.4689319902479459,0.0,528.0,262.0,1028.0,512.0,258.37172272578385,258.37172272578164,0.85,-1.4252867226110522,100.0,1,median_of_seed_median_return_pct,-1.4252867226110522,1.0,1.0,-0.6177706951318761,12.001990544247255,-1.4252867226110522,0.8884016912692712,512.0,feasible_if_all_values_le_0,1.0,1.0,3142,0.0,True,COMPLETE
12,-2.4356495437147796,3.231498820409411,0.0035176168033370678,0.2922747678917266,1.0,1.0,1.0,False,-0.2489909306420472,True,True,True,True,False,True,True,0.0,0.0,-5.217918630874539,0.0,-130.0,-420.0,0.037779150308795084,"[-5.217918630874539, 0.037779150308795084, -420.0, -130.0, 0.0, 0.0, 0.0]",-0.5004061802567407,0.1044,9.78208136912546,-1000000.0,15.0,-2.4356495437147796,650.0,-0.5004061802567407,-2.4356495437147796,5.271165651224951,1.9462722972145352,-3.3248933540104164,-5.271165651224951,3.4732198461491004,0.0716,0.5242000000000001,2.67740558184951,0.11059999999999999,0.0984,1.1277926458731884,1.9462722972145352,4.0,492.0,246.0,9.78208136912546,0.11520000000000001,0.4768,-3.1004223567896494,0.1018,0.11039999999999998,0.6884830972188477,-3.3248933540104164,0.0,552.0,274.0,5.0,5.0,9.78208136912546,0.1044,-0.5004061802567407,-2.4356495437147796,2.0,0.8122208496912049,5.271165651224951,1.9462722972145352,-3.3248933540104164,-5.271165651224951,3.4732198461491004,0.0716,0.5242000000000001,2.67740558184951,0.11059999999999999,0.0984,1.1277926458731884,1.9462722972145352,4.0,492.0,246.0,9.78208136912546,0.11520000000000001,0.4768,-3.1004223567896494,0.1018,0.11039999999999998,0.6884830972188477,-3.3248933540104164,0.0,552.0,274.0,1044.0,520.0,284.2833815927099,284.28338159271016,0.85,-2.4356495437147796,100.0,1,median_of_seed_median_return_pct,-2.4356495437147796,1.0,1.0,-0.5004061802567407,9.78208136912546,-2.4356495437147796,0.8122208496912049,520.0,feasible_if_all_values_le_0,1.0,1.0,3142,0.0,False,COMPLETE
13,2.120603404224486,0.4798007185747309,0.003230773789063221,0.17228033106120538,1.0,1.0,1.0,False,0.2543412765587094,True,True,True,True,True,True,True,0.0,0.0,-6.662370210149557,0.0,-135.0,-415.0,-0.17851053030508102,"[-6.662370210149557, -0.17851053030508102, -415.0, -135.0, 0.0, 0.0, 0.0]",0.37664830590800946,0.1034,8.337629789850443,-1000000.0,15.0,2.120603404224486,650.0,0.37664830590800946,2.120603404224486,3.5412687140120025,1.2669271915396907,-2.274341522472312,-3.5412687140120025,6.70510228540725,0.0702,0.5194,2.209758077646218,0.1024,0.0944,1.0483913891600325,1.2669271915396907,3.0,472.0,236.0,8.03872960846772,0.1214,0.4502,-1.7861397358916165,0.09140000000000001,0.11239999999999999,0.7638687382779108,-2.274341522472312,2.0,562.0,279.0,5.0,5.0,8.337629789850443,0.1034,0.37664830590800946,2.120603404224486,3.0,1.028510530305081,3.5412687140120025,1.2669271915396907,-2.274341522472312,-3.5412687140120025,6.70510228540725,0.0702,0.5194,2.209758077646218,0.1024,0.0944,1.0483913891600325,1.2669271915396907,3.0,472.0,236.0,8.03872960846772,0.1214,0.4502,-1.7861397358916165,0.09140000000000001,0.11239999999999999,0.7638687382779108,-2.274341522472312,2.0,562.0,279.0,1034.0,515.0,309.5233728171216,309.52337281712136,0.85,2.120603404224486,100.0,1,median_of_seed_median_return_pct,2.120603404224486,1.0,1.0,0.37664830590800946,8.337629789850443,2.120603404224486,1.028510530305081,515.0,feasible_if_all_values_le_0,1.0,1.0,3142,0.0,True,COMPLETE
14,2.657389343329619,0.32324987684533996,0.0031526138238649314,0.19798303150668495,1.0,1.0,1.0,False,0.2956337340192229,True,True,True,True,True,True,True,0.0,0.0,-6.011210705890456,0.0,-134.0,-416.0,-0.21075936964302866,"[-6.011210705890456, -0.21075936964302866, -416.0, -134.0, 0.0, 0.0, 0.0]",0.8889551647321504,0.10369999999999999,8.988789294109544,-1000000.0,15.0,2.657389343329619,650.0,0.8889551647321504,2.657389343329619,5.806025034569973,3.429390004682853,-2.3766350298871197,-5.806025034569973,7.303953950666465,0.0708,0.5306,2.834831697360112,0.1038,0.094,1.259263502049669,3.429390004682853,3.0,470.0,235.0,7.615960240082343,0.11259999999999999,0.4508,-1.8910455382931033,0.0972,0.11339999999999999,0.7503912102196453,-2.3766350298871197,1.0,567.0,281.0,5.0,5.0,8.988789294109544,0.10369999999999999,0.8889551647321504,2.657389343329619,3.0,1.0607593696430286,5.806025034569973,3.429390004682853,-2.3766350298871197,-5.806025034569973,7.303953950666465,0.0708,0.5306,2.834831697360112,0.1038,0.094,1.259263502049669,3.429390004682853,3.0,470.0,235.0,7.615960240082343,0.11259999999999999,0.4508,-1.8910455382931033,0.0972,0.11339999999999999,0.7503912102196453,-2.3766350298871197,1.0,567.0,281.0,1037.0,516.0,317.19711194251346,317.19711194251744,0.85,2.657389343329619,100.0,1,median_of_seed_median_return_pct,2.657389343329619,1.0,1.0,0.8889551647321504,8.988789294109544,2.657389343329619,1.0607593696430286,516.0,feasible_if_all_values_le_0,1.0,1.0,3142,0.0,True,COMPLETE
15,0.7656831118083574,0.3470183527489509,0.0027516509140317366,0.19170166491005805,1.0,1.0,1.0,False,0.08103201504025537,True,True,True,True,True,True,True,0.0,0.0,-5.550856825811643,0.0,-115.0,-435.0,-0.17665408676004712,"[-5.550856825811643, -0.17665408676004712, -435.0, -115.0, 0.0, 0.0, 0.0]",1.6522733656195434,0.10740000000000001,9.449143174188357,-1000000.0,15.0,0.7656831118083574,650.0,1.6522733656195434,0.7656831118083574,0.26247159354928495,0.5134330929844388,0.2509614994351539,0.26247159354928495,8.372569303172561,0.0834,0.5188,2.179744235915016,0.11379999999999998,0.0996,0.9946710828245023,0.2509614994351539,3.0,498.0,249.0,9.449143174188357,0.1204,0.4558,-0.5615379723269887,0.0988,0.1152,0.9634726249339868,0.5134330929844388,3.0,576.0,286.0,5.0,5.0,9.449143174188357,0.10740000000000001,1.6522733656195434,0.7656831118083574,3.0,1.026654086760047,0.26247159354928495,0.5134330929844388,0.2509614994351539,0.26247159354928495,8.372569303172561,0.0834,0.5188,2.179744235915016,0.11379999999999998,0.0996,0.9946710828245023,0.2509614994351539,3.0,498.0,249.0,9.449143174188357,0.1204,0.4558,-0.5615379723269887,0.0988,0.1152,0.9634726249339868,0.5134330929844388,3.0,576.0,286.0,1074.0,535.0,363.41819193001976,363.41819193002016,0.85,0.7656831118083574,100.0,1,median_of_seed_median_return_pct,0.7656831118083574,1.0,1.0,1.6522733656195434,9.449143174188357,0.7656831118083574,1.026654086760047,535.0,feasible_if_all_values_le_0,1.0,1.0,3142,0.0,True,COMPLETE
16,0.15828347782236296,0.43296658837791635,0.003409622661227342,0.21465039516056206,1.0,1.0,1.0,False,0.013971537611782256,True,True,True,True,True,True,True,0.0,0.0,-3.6710051376963797,0.0,-138.0,-412.0,-0.11644584850612416,"[-3.6710051376963797, -0.11644584850612416, -412.0, -138.0, 0.0, 0.0, 0.0]",-0.794779462463311,0.10270000000000001,11.32899486230362,-1000000.0,15.0,0.15828347782236296,650.0,-0.794779462463311,0.15828347782236296,7.183024271734107,2.5600046013809052,-4.623019670353202,-7.183024271734107,4.299491690854696,0.07479999999999999,0.5146,3.669478795689578,0.1082,0.0936,1.334364281038706,2.5600046013809052,5.0,468.0,234.0,10.551453941426425,0.11139999999999999,0.4566,-4.294062876203761,0.0954,0.11179999999999998,0.5692829258703201,-4.623019670353202,0.0,559.0,278.0,5.0,5.0,11.32899486230362,0.10270000000000001,-0.794779462463311,0.15828347782236296,3.0,0.9664458485061241,7.183024271734107,2.5600046013809052,-4.623019670353202,-7.183024271734107,4.299491690854696,0.07479999999999999,0.5146,3.669478795689578,0.1082,0.0936,1.334364281038706,2.5600046013809052,5.0,468.0,234.0,10.551453941426425,0.11139999999999999,0.4566,-4.294062876203761,0.0954,0.11179999999999998,0.5692829258703201,-4.623019670353202,0.0,559.0,278.0,1027.0,512.0,293.28758615184586,293.287586151845,0.85,0.15828347782236296,100.0,1,median_of_seed_median_return_pct,0.15828347782236296,1.0,1.0,-0.794779462463311,11.32899486230362,0.15828347782236296,0.9664458485061241,512.0,feasible_if_all_values_le_0,1.0,1.0,3142,0.0,True,COMPLETE
17,1.1606007240245964,0.3735169252325508,0.0032238040864539714,0.109277280479566,1.0,1.0,1.0,False,0.09584146484216785,True,True,True,True,True,True,True,0.0,0.0,-2.8904112542950084,0.0,-162.0,-388.0,-0.2527421272854623,"[-2.8904112542950084, -0.2527421272854623, -388.0, -162.0, 0.0, 0.0, 0.0]",1.7248603585145084,0.098,12.109588745704992,-1000000.0,15.0,1.1606007240245964,650.0,1.7248603585145084,1.1606007240245964,0.6570013842848388,0.7530909512183159,0.09608956693347714,-0.6570013842848388,5.329638930794999,0.08399999999999999,0.5157999999999999,3.290685974744798,0.097,0.096,1.0238027322735124,0.7530909512183159,4.0,480.0,240.0,11.041081582024415,0.09580000000000001,0.43900000000000006,-1.508769121193092,0.09100000000000001,0.1,0.9770809463667041,0.09608956693347714,3.0,500.0,248.0,5.0,5.0,12.109588745704992,0.098,1.7248603585145084,1.1606007240245964,4.0,1.1027421272854623,0.6570013842848388,0.7530909512183159,0.09608956693347714,-0.6570013842848388,5.329638930794999,0.08399999999999999,0.5157999999999999,3.290685974744798,0.097,0.096,1.0238027322735124,0.7530909512183159,4.0,480.0,240.0,11.041081582024415,0.09580000000000001,0.43900000000000006,-1.508769121193092,0.09100000000000001,0.1,0.9770809463667041,0.09608956693347714,3.0,500.0,248.0,980.0,488.0,310.19254681197197,310.19254681197384,0.85,1.1606007240245964,100.0,1,median_of_seed_median_return_pct,1.1606007240245964,1.0,1.0,1.7248603585145084,12.109588745704992,1.1606007240245964,1.1027421272854623,488.0,feasible_if_all_values_le_0,1.0,1.0,3142,0.0,True,COMPLETE
