number,value,params_lambda_prior,params_one_minus_gamma,params_ucb_alpha,user_attrs_all_symbols_active_share,user_attrs_all_symbols_have_long_share,user_attrs_calmar_drawdown_floor_abs,user_attrs_calmar_drawdown_floor_applied,user_attrs_calmar_like,user_attrs_constraint_drawdown_ok,user_attrs_constraint_finite_objective_return_ok,user_attrs_constraint_max_trades_ok,user_attrs_constraint_min_trades_ok,user_attrs_constraint_profit_factor_ok,user_attrs_constraint_symbols_active_ok,user_attrs_constraint_symbols_have_long_ok,user_attrs_constraint_value_all_symbols_active,user_attrs_constraint_value_all_symbols_have_long,user_attrs_constraint_value_drawdown,user_attrs_constraint_value_finite_objective_return,user_attrs_constraint_value_max_trades,user_attrs_constraint_value_min_trades,user_attrs_constraint_value_profit_factor,user_attrs_constraints_values,user_attrs_diagnostic_mean_of_seed_mean_return_pct,user_attrs_diagnostic_median_mean_turnover,user_attrs_effective_drawdown_abs_for_calmar,user_attrs_invalid_score,user_attrs_max_drawdown_abs,user_attrs_max_seed_median_return_pct,user_attrs_max_total_trades,user_attrs_mean_of_seed_mean_return_pct,user_attrs_mean_of_seed_median_return_pct,user_attrs_mean_seed_half_return_gap_pct,user_attrs_mean_seed_max_half_median_return_pct,user_attrs_mean_seed_min_half_median_return_pct,user_attrs_mean_seed_second_minus_first_half_median_return_pct,user_attrs_mean_seed_val_first_max_drawdown_abs,user_attrs_mean_seed_val_first_mean_constraint_applied_ratio,user_attrs_mean_seed_val_first_mean_executed_action_1_ratio,user_attrs_mean_seed_val_first_mean_return_pct,user_attrs_mean_seed_val_first_mean_threshold_applied_ratio,user_attrs_mean_seed_val_first_mean_turnover,user_attrs_mean_seed_val_first_median_profit_factor,user_attrs_mean_seed_val_first_median_return_pct,user_attrs_mean_seed_val_first_positive_return_symbols,user_attrs_mean_seed_val_first_total_trade_events,user_attrs_mean_seed_val_first_total_trades,user_attrs_mean_seed_val_second_max_drawdown_abs,user_attrs_mean_seed_val_second_mean_constraint_applied_ratio,user_attrs_mean_seed_val_second_mean_executed_action_1_ratio,user_attrs_mean_seed_val_second_mean_return_pct,user_attrs_mean_seed_val_second_mean_threshold_applied_ratio,user_attrs_mean_seed_val_second_mean_turnover,user_attrs_mean_seed_val_second_median_profit_factor,user_attrs_mean_seed_val_second_median_return_pct,user_attrs_mean_seed_val_second_positive_return_symbols,user_attrs_mean_seed_val_second_total_trade_events,user_attrs_mean_seed_val_second_total_trades,user_attrs_median_active_symbols,user_attrs_median_long_action_symbols,user_attrs_median_max_drawdown_abs,user_attrs_median_mean_turnover,user_attrs_median_of_seed_mean_return_pct,user_attrs_median_of_seed_median_return_pct,user_attrs_median_positive_return_symbols,user_attrs_median_profit_factor,user_attrs_median_seed_half_return_gap_pct,user_attrs_median_seed_max_half_median_return_pct,user_attrs_median_seed_min_half_median_return_pct,user_attrs_median_seed_second_minus_first_half_median_return_pct,user_attrs_median_seed_val_first_max_drawdown_abs,user_attrs_median_seed_val_first_mean_constraint_applied_ratio,user_attrs_median_seed_val_first_mean_executed_action_1_ratio,user_attrs_median_seed_val_first_mean_return_pct,user_attrs_median_seed_val_first_mean_threshold_applied_ratio,user_attrs_median_seed_val_first_mean_turnover,user_attrs_median_seed_val_first_median_profit_factor,user_attrs_median_seed_val_first_median_return_pct,user_attrs_median_seed_val_first_positive_return_symbols,user_attrs_median_seed_val_first_total_trade_events,user_attrs_median_seed_val_first_total_trades,user_attrs_median_seed_val_second_max_drawdown_abs,user_attrs_median_seed_val_second_mean_constraint_applied_ratio,user_attrs_median_seed_val_second_mean_executed_action_1_ratio,user_attrs_median_seed_val_second_mean_return_pct,user_attrs_median_seed_val_second_mean_threshold_applied_ratio,user_attrs_median_seed_val_second_mean_turnover,user_attrs_median_seed_val_second_median_profit_factor,user_attrs_median_seed_val_second_median_return_pct,user_attrs_median_seed_val_second_positive_return_symbols,user_attrs_median_seed_val_second_total_trade_events,user_attrs_median_seed_val_second_total_trades,user_attrs_median_total_trade_events,user_attrs_median_total_trades,user_attrs_memory_horizon,user_attrs_memory_horizon_bars,user_attrs_min_profit_factor,user_attrs_min_seed_median_return_pct,user_attrs_min_total_trades,user_attrs_n_seeds,user_attrs_objective_metric_name,user_attrs_objective_score,user_attrs_observed_all_symbols_active_share,user_attrs_observed_all_symbols_have_long_share,user_attrs_observed_mean_of_seed_mean_return_pct,user_attrs_observed_median_max_drawdown_abs,user_attrs_observed_median_of_seed_median_return_pct,user_attrs_observed_median_profit_factor,user_attrs_observed_median_total_trades,user_attrs_optuna_constraints_convention,user_attrs_required_all_symbols_active_share,user_attrs_required_all_symbols_have_long_share,user_attrs_seeds_used,user_attrs_std_of_seed_median_return_pct,user_attrs_valid,state
18,-1.8249868006986913,0.6800705234472014,0.0030908010328205564,0.2977391489565406,1.0,1.0,1.0,False,-0.16461168288487332,True,True,True,True,False,True,True,0.0,0.0,-3.913382278127507,0.0,-112.0,-438.0,0.034754153671677446,"[-3.913382278127507, 0.034754153671677446, -438.0, -112.0, 0.0, 0.0, 0.0]",-1.5290651424444435,0.1079,11.086617721872493,-1000000.0,15.0,-1.8249868006986913,650.0,-1.5290651424444435,-1.8249868006986913,3.5963873797885904,0.623633339920171,-2.9727540398684194,-3.5963873797885904,4.33532971449293,0.08259999999999999,0.5164,2.0706099218704166,0.1142,0.1016,1.039083582191806,0.623633339920171,4.0,508.0,254.0,9.769960307975012,0.11499999999999999,0.4692,-3.5554069347617046,0.10799999999999998,0.1142,0.6687009658469553,-2.9727540398684194,0.0,571.0,284.0,5.0,5.0,11.086617721872493,0.1079,-1.5290651424444435,-1.8249868006986913,1.0,0.8152458463283225,3.5963873797885904,0.623633339920171,-2.9727540398684194,-3.5963873797885904,4.33532971449293,0.08259999999999999,0.5164,2.0706099218704166,0.1142,0.1016,1.039083582191806,0.623633339920171,4.0,508.0,254.0,9.769960307975012,0.11499999999999999,0.4692,-3.5554069347617046,0.10799999999999998,0.1142,0.6687009658469553,-2.9727540398684194,0.0,571.0,284.0,1079.0,538.0,323.54072273860834,323.5407227386084,0.85,-1.8249868006986913,100.0,1,median_of_seed_median_return_pct,-1.8249868006986913,1.0,1.0,-1.5290651424444435,11.086617721872493,-1.8249868006986913,0.8152458463283225,538.0,feasible_if_all_values_le_0,1.0,1.0,3142,0.0,False,COMPLETE
19,1.1337582226053744,5.042731973664659,0.0029465426240937393,0.026383882370063193,1.0,1.0,1.0,False,0.10698292008205677,True,True,True,True,True,True,True,0.0,0.0,-4.40243712046958,0.0,-222.0,-328.0,-0.21081130480468102,"[-4.40243712046958, -0.21081130480468102, -328.0, -222.0, 0.0, 0.0, 0.0]",1.454148945427913,0.08600000000000001,10.59756287953042,-1000000.0,15.0,1.1337582226053744,650.0,1.454148945427913,1.1337582226053744,1.640739254181789,0.46878582073386355,-1.1719534334479254,-1.640739254181789,5.927969590036442,0.0742,0.47539999999999993,2.6610012780143277,0.101,0.0854,0.9604986319477451,0.46878582073386355,3.0,427.0,213.0,9.71992800756476,0.08280000000000001,0.41,-1.2365336203057378,0.0756,0.08660000000000001,0.8974963023392197,-1.1719534334479254,2.0,433.0,215.0,5.0,5.0,10.59756287953042,0.08600000000000001,1.454148945427913,1.1337582226053744,3.0,1.060811304804681,1.640739254181789,0.46878582073386355,-1.1719534334479254,-1.640739254181789,5.927969590036442,0.0742,0.47539999999999993,2.6610012780143277,0.101,0.0854,0.9604986319477451,0.46878582073386355,3.0,427.0,213.0,9.71992800756476,0.08280000000000001,0.41,-1.2365336203057378,0.0756,0.08660000000000001,0.8974963023392197,-1.1719534334479254,2.0,433.0,215.0,860.0,428.0,339.38080237599394,339.3808023759901,0.85,1.1337582226053744,100.0,1,median_of_seed_median_return_pct,1.1337582226053744,1.0,1.0,1.454148945427913,10.59756287953042,1.1337582226053744,1.060811304804681,428.0,feasible_if_all_values_le_0,1.0,1.0,3142,0.0,True,COMPLETE
20,-0.7766092564937543,0.6796117628007536,0.0027261787520247616,0.03711791202898875,1.0,1.0,1.0,False,-0.07257976625162718,True,True,True,True,True,True,True,0.0,0.0,-4.299920672087541,0.0,-169.0,-381.0,-0.07250821517955486,"[-4.299920672087541, -0.07250821517955486, -381.0, -169.0, 0.0, 0.0, 0.0]",-0.1495822834599835,0.09659999999999999,10.700079327912459,-1000000.0,15.0,-0.7766092564937543,650.0,-0.1495822834599835,-0.7766092564937543,1.9538541342489446,0.03320354094766831,-1.9206505933012763,-1.9538541342489446,5.3435054382316105,0.0764,0.485,2.56609091771822,0.0964,0.09019999999999999,0.962686540547316,0.03320354094766831,3.0,451.0,225.0,10.310513694313206,0.1078,0.396,-2.6626681700546495,0.08940000000000001,0.10300000000000001,0.7607060479151037,-1.9206505933012763,1.0,515.0,256.0,5.0,5.0,10.700079327912459,0.09659999999999999,-0.1495822834599835,-0.7766092564937543,2.0,0.9225082151795548,1.9538541342489446,0.03320354094766831,-1.9206505933012763,-1.9538541342489446,5.3435054382316105,0.0764,0.485,2.56609091771822,0.0964,0.09019999999999999,0.962686540547316,0.03320354094766831,3.0,451.0,225.0,10.310513694313206,0.1078,0.396,-2.6626681700546495,0.08940000000000001,0.10300000000000001,0.7607060479151037,-1.9206505933012763,1.0,515.0,256.0,966.0,481.0,366.8138045817023,366.8138045817047,0.85,-0.7766092564937543,100.0,1,median_of_seed_median_return_pct,-0.7766092564937543,1.0,1.0,-0.1495822834599835,10.700079327912459,-0.7766092564937543,0.9225082151795548,481.0,feasible_if_all_values_le_0,1.0,1.0,3142,0.0,True,COMPLETE
21,-1.9820540881724358,0.5386650682221563,0.00399476910975724,0.028571708055716554,1.0,1.0,1.0,False,-0.2107145727716937,True,True,True,True,True,True,True,0.0,0.0,-5.593654429777082,0.0,-129.0,-421.0,-0.017505836837636513,"[-5.593654429777082, -0.017505836837636513, -421.0, -129.0, 0.0, 0.0, 0.0]",-0.5904047148013468,0.1046,9.406345570222918,-1000000.0,15.0,-1.9820540881724358,650.0,-0.5904047148013468,-1.9820540881724358,2.923507763808575,-0.02691803609603527,-2.95042579990461,-2.923507763808575,5.2256711930490525,0.09119999999999999,0.4795999999999999,2.286537255980021,0.08020000000000001,0.099,0.9220149687333014,-0.02691803609603527,2.0,495.0,247.0,8.9064762413411,0.12539999999999998,0.41740000000000005,-2.801605619104057,0.063,0.1102,0.7529526813948483,-2.95042579990461,1.0,551.0,274.0,5.0,5.0,9.406345570222918,0.1046,-0.5904047148013468,-1.9820540881724358,1.0,0.8675058368376365,2.923507763808575,-0.02691803609603527,-2.95042579990461,-2.923507763808575,5.2256711930490525,0.09119999999999999,0.4795999999999999,2.286537255980021,0.08020000000000001,0.099,0.9220149687333014,-0.02691803609603527,2.0,495.0,247.0,8.9064762413411,0.12539999999999998,0.41740000000000005,-2.801605619104057,0.063,0.1102,0.7529526813948483,-2.95042579990461,1.0,551.0,274.0,1046.0,521.0,250.32735873457514,250.32735873457338,0.85,-1.9820540881724358,100.0,1,median_of_seed_median_return_pct,-1.9820540881724358,1.0,1.0,-0.5904047148013468,9.406345570222918,-1.9820540881724358,0.8675058368376365,521.0,feasible_if_all_values_le_0,1.0,1.0,3142,0.0,True,COMPLETE
22,1.3320428203145385,8.348730757950445,0.0036340016708567243,0.12654244332412748,1.0,1.0,1.0,False,0.131639465279512,True,True,True,True,True,True,True,0.0,0.0,-4.881128600103377,0.0,-180.0,-370.0,-0.18087831176077784,"[-4.881128600103377, -0.18087831176077784, -370.0, -180.0, 0.0, 0.0, 0.0]",1.7736768410673154,0.0944,10.118871399896623,-1000000.0,15.0,1.3320428203145385,650.0,1.7736768410673154,1.3320428203145385,2.9567976366702053,1.992617875763547,-0.9641797609066582,-2.9567976366702053,7.65065544979342,0.06780000000000001,0.508,3.498881320412579,0.12179999999999999,0.09,1.387385340749249,1.992617875763547,4.0,450.0,225.0,10.085403456758591,0.1,0.4426,-1.6704540970239237,0.0984,0.0988,0.8752343744910387,-0.9641797609066582,1.0,494.0,245.0,5.0,5.0,10.118871399896623,0.0944,1.7736768410673154,1.3320428203145385,3.0,1.0308783117607778,2.9567976366702053,1.992617875763547,-0.9641797609066582,-2.9567976366702053,7.65065544979342,0.06780000000000001,0.508,3.498881320412579,0.12179999999999999,0.09,1.387385340749249,1.992617875763547,4.0,450.0,225.0,10.085403456758591,0.1,0.4426,-1.6704540970239237,0.0984,0.0988,0.8752343744910387,-0.9641797609066582,1.0,494.0,245.0,944.0,470.0,275.178739740163,275.17873974016476,0.85,1.3320428203145385,100.0,1,median_of_seed_median_return_pct,1.3320428203145385,1.0,1.0,1.7736768410673154,10.118871399896623,1.3320428203145385,1.0308783117607778,470.0,feasible_if_all_values_le_0,1.0,1.0,3142,0.0,True,COMPLETE
23,0.06815627178866634,5.1128003102248245,0.0038892708045490517,0.12145489466453124,1.0,1.0,1.0,False,0.006731546713108205,True,True,True,True,True,True,True,0.0,0.0,-4.875094878871298,0.0,-167.0,-383.0,-0.14429374129822314,"[-4.875094878871298, -0.14429374129822314, -383.0, -167.0, 0.0, 0.0, 0.0]",0.7354493077382607,0.097,10.124905121128702,-1000000.0,15.0,0.06815627178866634,650.0,0.7354493077382607,0.06815627178866634,5.010169474547688,2.471705645916278,-2.53846382863141,-5.010169474547688,6.161684846352289,0.07020000000000001,0.5128,3.7214635582983058,0.1026,0.09119999999999999,1.3803263701681565,2.471705645916278,3.0,456.0,228.0,9.968243766232199,0.1004,0.43479999999999996,-2.89853009698744,0.0982,0.1028,0.6988637116001686,-2.53846382863141,0.0,514.0,255.0,5.0,5.0,10.124905121128702,0.097,0.7354493077382607,0.06815627178866634,3.0,0.9942937412982231,5.010169474547688,2.471705645916278,-2.53846382863141,-5.010169474547688,6.161684846352289,0.07020000000000001,0.5128,3.7214635582983058,0.1026,0.09119999999999999,1.3803263701681565,2.471705645916278,3.0,456.0,228.0,9.968243766232199,0.1004,0.43479999999999996,-2.89853009698744,0.0982,0.1028,0.6988637116001686,-2.53846382863141,0.0,514.0,255.0,970.0,483.0,257.11760642389794,257.1176064238988,0.85,0.06815627178866634,100.0,1,median_of_seed_median_return_pct,0.06815627178866634,1.0,1.0,0.7354493077382607,10.124905121128702,0.06815627178866634,0.9942937412982231,483.0,feasible_if_all_values_le_0,1.0,1.0,3142,0.0,True,COMPLETE
24,0.4447870931247877,9.09099119975642,0.0037197605502650765,0.19546230980406984,1.0,1.0,1.0,False,0.044626621588927995,True,True,True,True,True,True,True,0.0,0.0,-5.033144403762332,0.0,-156.0,-394.0,-0.14574290281765756,"[-5.033144403762332, -0.14574290281765756, -394.0, -156.0, 0.0, 0.0, 0.0]",-0.1840793402362273,0.0992,9.966855596237668,-1000000.0,15.0,0.4447870931247877,650.0,-0.1840793402362273,0.4447870931247877,3.0469459705023905,1.1970637943326423,-1.8498821761697481,-3.0469459705023905,7.065988820862534,0.06860000000000001,0.5176000000000001,1.9265597244121533,0.11679999999999999,0.09280000000000001,1.1512737704491287,1.1970637943326423,3.0,464.0,232.0,9.818689777519873,0.10540000000000001,0.4638000000000001,-2.0663913349679697,0.10559999999999999,0.1056,0.8066546866406509,-1.8498821761697481,1.0,528.0,262.0,5.0,5.0,9.966855596237668,0.0992,-0.1840793402362273,0.4447870931247877,3.0,0.9957429028176575,3.0469459705023905,1.1970637943326423,-1.8498821761697481,-3.0469459705023905,7.065988820862534,0.06860000000000001,0.5176000000000001,1.9265597244121533,0.11679999999999999,0.09280000000000001,1.1512737704491287,1.1970637943326423,3.0,464.0,232.0,9.818689777519873,0.10540000000000001,0.4638000000000001,-2.0663913349679697,0.10559999999999999,0.1056,0.8066546866406509,-1.8498821761697481,1.0,528.0,262.0,992.0,494.0,268.8345086967327,268.834508696729,0.85,0.4447870931247877,100.0,1,median_of_seed_median_return_pct,0.4447870931247877,1.0,1.0,-0.1840793402362273,9.966855596237668,0.4447870931247877,0.9957429028176575,494.0,feasible_if_all_values_le_0,1.0,1.0,3142,0.0,True,COMPLETE
25,0.4354847938274453,5.6023126174507745,0.003404562864888113,0.09342329058384753,1.0,1.0,1.0,False,0.04432325927605514,True,True,True,True,True,True,True,0.0,0.0,-5.174802102996331,0.0,-168.0,-382.0,-0.17858345896341998,"[-5.174802102996331, -0.17858345896341998, -382.0, -168.0, 0.0, 0.0, 0.0]",2.161083099353902,0.0968,9.825197897003669,-1000000.0,15.0,0.4354847938274453,650.0,2.161083099353902,0.4354847938274453,0.16744234031469407,0.44050987322843405,0.27306753291374,0.16744234031469407,6.610576473930985,0.07519999999999999,0.4892,2.2075649140596054,0.11059999999999999,0.0928,1.0037035867092294,0.27306753291374,4.0,464.0,232.0,9.668507075750487,0.10359999999999998,0.4266,-0.08500668221443916,0.08920000000000002,0.1008,1.055386129009721,0.44050987322843405,4.0,504.0,250.0,5.0,5.0,9.825197897003669,0.0968,2.161083099353902,0.4354847938274453,3.0,1.02858345896342,0.16744234031469407,0.44050987322843405,0.27306753291374,0.16744234031469407,6.610576473930985,0.07519999999999999,0.4892,2.2075649140596054,0.11059999999999999,0.0928,1.0037035867092294,0.27306753291374,4.0,464.0,232.0,9.668507075750487,0.10359999999999998,0.4266,-0.08500668221443916,0.08920000000000002,0.1008,1.055386129009721,0.44050987322843405,4.0,504.0,250.0,968.0,482.0,293.72346456374333,293.72346456374396,0.85,0.4354847938274453,100.0,1,median_of_seed_median_return_pct,0.4354847938274453,1.0,1.0,2.161083099353902,9.825197897003669,0.4354847938274453,1.02858345896342,482.0,feasible_if_all_values_le_0,1.0,1.0,3142,0.0,True,COMPLETE
26,-0.11745539957048745,6.46813223189912,0.0031781382149850567,0.1931382891275199,1.0,1.0,1.0,False,-0.01054825530579521,True,True,True,True,True,True,True,0.0,0.0,-3.8649453236159843,0.0,-157.0,-393.0,-0.11309060957576478,"[-3.8649453236159843, -0.11309060957576478, -393.0, -157.0, 0.0, 0.0, 0.0]",0.19244931693991107,0.099,11.135054676384016,-1000000.0,15.0,-0.11745539957048745,650.0,0.19244931693991107,-0.11745539957048745,4.023604097309875,1.5178317281632658,-2.5057723691466083,-4.023604097309875,6.318292724161911,0.07399999999999998,0.509,2.4910275575582497,0.1286,0.096,1.2425485489729822,1.5178317281632658,4.0,480.0,240.0,9.077420657032075,0.0984,0.45420000000000005,-2.2139256963328853,0.1172,0.10200000000000001,0.7715331351819237,-2.5057723691466083,0.0,510.0,253.0,5.0,5.0,11.135054676384016,0.099,0.19244931693991107,-0.11745539957048745,2.0,0.9630906095757648,4.023604097309875,1.5178317281632658,-2.5057723691466083,-4.023604097309875,6.318292724161911,0.07399999999999998,0.509,2.4910275575582497,0.1286,0.096,1.2425485489729822,1.5178317281632658,4.0,480.0,240.0,9.077420657032075,0.0984,0.45420000000000005,-2.2139256963328853,0.1172,0.10200000000000001,0.7715331351819237,-2.5057723691466083,0.0,510.0,253.0,990.0,493.0,314.6496257730257,314.6496257730287,0.85,-0.11745539957048745,100.0,1,median_of_seed_median_return_pct,-0.11745539957048745,1.0,1.0,0.19244931693991107,11.135054676384016,-0.11745539957048745,0.9630906095757648,493.0,feasible_if_all_values_le_0,1.0,1.0,3142,0.0,True,COMPLETE
27,-0.1185627279339907,0.3079409937610954,0.0032753709009916486,0.20203105077083652,1.0,1.0,1.0,False,-0.012383999499012444,True,True,True,True,True,True,True,0.0,0.0,-5.426135922934636,0.0,-146.0,-404.0,-0.10782300227071029,"[-5.426135922934636, -0.10782300227071029, -404.0, -146.0, 0.0, 0.0, 0.0]",1.3577554899166744,0.1012,9.573864077065364,-1000000.0,15.0,-0.1185627279339907,650.0,1.3577554899166744,-0.1185627279339907,1.5444140294344155,0.9681349142657947,-0.5762791151686208,-1.5444140294344155,6.317403566055734,0.0774,0.5311999999999999,2.9391640383362083,0.10759999999999999,0.09480000000000001,1.122301128065832,0.9681349142657947,4.0,474.0,237.0,8.912725815621858,0.10400000000000001,0.4628,-1.5034366989382186,0.09140000000000001,0.1076,0.9230974424773185,-0.5762791151686208,1.0,538.0,267.0,5.0,5.0,9.573864077065364,0.1012,1.3577554899166744,-0.1185627279339907,2.0,0.9578230022707103,1.5444140294344155,0.9681349142657947,-0.5762791151686208,-1.5444140294344155,6.317403566055734,0.0774,0.5311999999999999,2.9391640383362083,0.10759999999999999,0.09480000000000001,1.122301128065832,0.9681349142657947,4.0,474.0,237.0,8.912725815621858,0.10400000000000001,0.4628,-1.5034366989382186,0.09140000000000001,0.1076,0.9230974424773185,-0.5762791151686208,1.0,538.0,267.0,1012.0,504.0,305.308934538449,305.3089345384522,0.85,-0.1185627279339907,100.0,1,median_of_seed_median_return_pct,-0.1185627279339907,1.0,1.0,1.3577554899166744,9.573864077065364,-0.1185627279339907,0.9578230022707103,504.0,feasible_if_all_values_le_0,1.0,1.0,3142,0.0,True,COMPLETE
28,-0.0017590506491860225,0.7260408556491691,0.003183019065836588,0.15430543709884426,1.0,1.0,1.0,False,-0.0001629346248061312,True,True,True,True,True,True,True,0.0,0.0,-4.203948201439442,0.0,-119.0,-431.0,-0.13601406959596574,"[-4.203948201439442, -0.13601406959596574, -431.0, -119.0, 0.0, 0.0, 0.0]",-0.323652133500989,0.10669999999999999,10.796051798560558,-1000000.0,15.0,-0.0017590506491860225,650.0,-0.323652133500989,-0.0017590506491860225,3.8076307990205005,0.09651531628598331,-3.711115482734517,-3.8076307990205005,7.566527841046433,0.0882,0.5170000000000001,1.840830046505193,0.0984,0.1,0.9758049596922316,0.09651531628598331,4.0,500.0,250.0,8.954128876000233,0.1224,0.4532,-2.1272065342378332,0.08700000000000001,0.11339999999999999,0.6656594246824404,-3.711115482734517,1.0,567.0,281.0,5.0,5.0,10.796051798560558,0.10669999999999999,-0.323652133500989,-0.0017590506491860225,2.0,0.9860140695959657,3.8076307990205005,0.09651531628598331,-3.711115482734517,-3.8076307990205005,7.566527841046433,0.0882,0.5170000000000001,1.840830046505193,0.0984,0.1,0.9758049596922316,0.09651531628598331,4.0,500.0,250.0,8.954128876000233,0.1224,0.4532,-2.1272065342378332,0.08700000000000001,0.11339999999999999,0.6656594246824404,-3.711115482734517,1.0,567.0,281.0,1067.0,531.0,314.16714110607177,314.1671411060683,0.85,-0.0017590506491860225,100.0,1,median_of_seed_median_return_pct,-0.0017590506491860225,1.0,1.0,-0.323652133500989,10.796051798560558,-0.0017590506491860225,0.9860140695959657,531.0,feasible_if_all_values_le_0,1.0,1.0,3142,0.0,True,COMPLETE
