number,value,params_lambda_prior,params_noise_std,params_window_size,user_attrs_bandit_consulted_ratio_overall,user_attrs_constraints_values,user_attrs_cv_finite_objective,user_attrs_cv_min_symbol_trades,user_attrs_decision_point_ratio_overall,user_attrs_dro_alpha,user_attrs_dro_minimax_max,user_attrs_dro_minimax_mean,user_attrs_dro_minimax_median,user_attrs_dro_minimax_min,user_attrs_dro_minimax_std,user_attrs_dro_pure_min_mean,user_attrs_dro_pure_min_median,user_attrs_dro_pure_min_std,user_attrs_forced_singleton_ratio_overall,user_attrs_full_mean_aggregate_median,user_attrs_h1_mean_aggregate_median,user_attrs_h2_mean_aggregate_median,user_attrs_mean_holding_bars_overall,user_attrs_median_holding_bars_overall,user_attrs_median_max_drawdown_abs,user_attrs_median_min_symbol_trades,user_attrs_median_profit_factor,user_attrs_median_time_between_entries_overall,user_attrs_median_total_trades,user_attrs_memory_horizon_bars,user_attrs_n_seeds,user_attrs_objective_metric_name,user_attrs_objective_score,user_attrs_observed_dro_minimax_median,user_attrs_observed_dro_pure_min_median,user_attrs_observed_median_max_drawdown_abs,user_attrs_observed_median_min_symbol_trades,user_attrs_observed_median_profit_factor,user_attrs_observed_median_total_trades,user_attrs_p25_holding_bars_overall,user_attrs_p75_holding_bars_overall,user_attrs_pending_update_queued_ratio_overall,user_attrs_seeds_used,user_attrs_share_trades_closed_after_horizon_overall,user_attrs_share_trades_closed_before_horizon_overall,user_attrs_valid,state
0,-2.9837029855719193,1.0,0.03,325,1.0,"[-64.0, 0.0]",0.0,-64.0,0.7485,0.5,-2.026939734531939,-3.048538780413454,-2.9837029855719193,-3.876191738001177,0.6943502464830589,-3.5486475053280606,-3.7774581500583664,0.9769275686207936,0.25149999999999995,-4.878216955798934,-1.5969568493209632,-3.7774581500583664,7.232,4.0,8.773642130571325,114.0,0.7288456308582357,9.0,394.0,325.0,5,dro_minimax_median,-2.9837029855719193,-2.9837029855719193,-3.7774581500583664,8.773642130571325,114.0,0.7288456308582357,394.0,4.0,6.0,0.995,3142|3143|3144|3145|3146,0.11666666666666667,0.8833333333333333,True,COMPLETE
1,-3.6681377793842915,0.7630340364993864,0.03288600341424091,375,1.0,"[-71.0, 0.0]",0.0,-71.0,0.7365,0.5,-2.475600294813129,-3.6816069235123954,-3.6681377793842915,-5.004719987372152,0.8993486280290403,-4.4521303189486385,-4.444100927103416,1.0488703561597645,0.26349999999999996,-5.989962230505934,-1.6311915404504458,-4.444100927103416,7.006849315068493,4.0,9.023550301439453,121.0,0.6368733334369352,9.0,408.0,375.0,5,dro_minimax_median,-3.6681377793842915,-3.6681377793842915,-4.444100927103416,9.023550301439453,121.0,0.6368733334369352,408.0,4.0,6.0,0.995,3142|3143|3144|3145|3146,0.14049586776859505,0.859504132231405,True,COMPLETE
2,-3.1754281063604965,2.078420280073592,0.03200610675779633,350,1.0,"[-81.0, 0.0]",0.0,-81.0,0.7245,0.5,-1.3531814287440584,-3.216689341930226,-3.1754281063604965,-4.264691642797743,1.1914706492077838,-3.9526210067501673,-3.9144650981357256,1.2898556688365597,0.27549999999999997,-4.876707642419202,-0.9583171310348101,-3.9144650981357256,6.22463768115942,4.0,7.831312504048538,131.0,0.7424107525745705,9.0,421.0,350.0,5,dro_minimax_median,-3.1754281063604965,-3.1754281063604965,-3.9144650981357256,7.831312504048538,131.0,0.7424107525745705,421.0,4.0,6.0,0.995,3142|3143|3144|3145|3146,0.11510791366906475,0.8848920863309353,True,COMPLETE
3,-2.948028750258436,2.138870492726761,0.00975423826382478,425,1.0,"[-36.0, 0.0]",0.0,-36.0,0.7945,0.5,-0.50793543605016,-2.843189378553112,-2.948028750258436,-4.318725755576572,1.4300679631717979,-3.8779711538892307,-4.170900341331351,2.04838379351715,0.20550000000000002,-3.490110531348589,0.7205860229603086,-4.170900341331351,8.707865168539326,4.0,5.149819658143818,86.0,0.8434128172203315,10.0,316.0,425.0,5,dro_minimax_median,-2.948028750258436,-2.948028750258436,-4.170900341331351,5.149819658143818,86.0,0.8434128172203315,316.0,4.0,8.5,0.995,3142|3143|3144|3145|3146,0.23232323232323232,0.7676767676767676,True,COMPLETE
4,-2.774806490388848,3.5214433218841976,0.0030261592016370457,325,1.0,"[-42.0, 0.0]",0.0,-42.0,0.8065,0.5,-2.1560250914950982,-2.660631861228704,-2.774806490388848,-2.875021760289867,0.2886456094892206,-3.053220989316773,-3.1132794899577063,0.42119109579593345,0.1935,-4.288622471967082,-1.2937587342649048,-3.1132794899577063,8.086021505376344,4.0,7.416697737706146,92.0,0.6925644136015803,11.0,299.0,325.0,5,dro_minimax_median,-2.774806490388848,-2.774806490388848,-3.1132794899577063,7.416697737706146,92.0,0.6925644136015803,299.0,4.0,7.25,0.995,3142|3143|3144|3145|3146,0.18181818181818182,0.8181818181818182,True,COMPLETE
5,-2.882338016705601,15.69541975891441,0.0012327337848189793,450,1.0,"[-35.0, 0.0]",0.0,-35.0,0.8045,0.5,-2.087153243275883,-2.7294153810735593,-2.882338016705601,-3.1170056450968247,0.4319000887316286,-3.958136016351852,-4.2466974827410615,0.5880920896915446,0.1955,-3.140850269231643,0.9474304684492063,-4.2466974827410615,8.4375,4.0,7.103798502352698,85.0,0.7660028265273825,10.0,312.0,450.0,5,dro_minimax_median,-2.882338016705601,-2.882338016705601,-4.2466974827410615,7.103798502352698,85.0,0.7660028265273825,312.0,4.0,7.0,0.995,3142|3143|3144|3145|3146,0.20618556701030927,0.7938144329896907,True,COMPLETE
6,-2.3502792126137932,0.9619122909945217,0.001502251055102193,450,1.0,"[-16.0, 0.0]",0.0,-16.0,0.8505,0.5,-1.0376516461554288,-2.283937973302119,-2.3502792126137932,-3.50710092974319,1.1747810662723017,-3.1456928700790394,-3.3475429982281484,1.464465856717702,0.14949999999999997,-2.770272589516613,0.42662184883388576,-3.3475429982281484,9.105263157894736,4.0,4.901022756477058,66.0,0.8114186887080055,9.5,243.0,450.0,5,dro_minimax_median,-2.3502792126137932,-2.3502792126137932,-3.3475429982281484,4.901022756477058,66.0,0.8114186887080055,243.0,4.0,8.0,0.995,3142|3143|3144|3145|3146,0.21311475409836064,0.7868852459016393,True,COMPLETE
7,-2.2018412169350823,20.412398403780916,0.0024423499165259037,175,1.0,"[-30.0, 0.0]",0.0,-30.0,0.8165,0.5,-1.5575331759333788,-2.1755351800577194,-2.2018412169350823,-2.8376178927677476,0.46798390856760647,-2.537983649617161,-2.590067015684179,0.6642743116069704,0.1835,-3.6024422125972015,-1.0707989439814842,-2.590067015684179,9.333333333333334,4.0,6.336382147777863,80.0,0.6850636798070815,13.0,270.0,175.0,5,dro_minimax_median,-2.2018412169350823,-2.2018412169350823,-2.590067015684179,6.336382147777863,80.0,0.6850636798070815,270.0,4.0,9.5,0.995,3142|3143|3144|3145|3146,0.25,0.75,True,COMPLETE
8,-2.907595626276194,2.452159774456762,0.0013954426460853785,425,1.0,"[-21.0, 0.0]",0.0,-21.0,0.8145,0.5,-1.6130001870954618,-2.753570827997651,-2.907595626276194,-3.406077758754673,0.7347242788175126,-3.7917054192733395,-3.8930825976410026,1.1102390314157153,0.1855,-3.591498933919253,0.2519673139793473,-3.8930825976410026,9.295774647887324,4.0,6.1135375331305974,71.0,0.7922097580525088,10.0,271.0,425.0,5,dro_minimax_median,-2.907595626276194,-2.907595626276194,-3.8930825976410026,6.1135375331305974,71.0,0.7922097580525088,271.0,4.0,10.0,0.995,3142|3143|3144|3145|3146,0.2597402597402597,0.7402597402597403,True,COMPLETE
9,-2.365663166524277,5.916295194021042,0.002426932299776966,275,1.0,"[-42.0, 0.0]",0.0,-42.0,0.8005,0.5,-1.6598033596269315,-2.320470264400329,-2.365663166524277,-2.6294909301592213,0.3955263535548752,-2.755144280584592,-2.8230623320090817,0.4946533191367554,0.1995,-3.7039468082776246,-1.4186516399683526,-2.8230623320090817,7.9787234042553195,4.0,7.267200937368967,92.0,0.7336789864546657,12.0,306.0,275.0,5,dro_minimax_median,-2.365663166524277,-2.365663166524277,-2.8230623320090817,7.267200937368967,92.0,0.7336789864546657,306.0,4.0,6.0,0.995,3142|3143|3144|3145|3146,0.18627450980392157,0.8137254901960784,True,COMPLETE
10,-2.7251889804189426,27.310950144357435,0.00523719076251254,175,1.0,"[-28.0, 0.0]",0.0,-28.0,0.8185,0.5,-1.3833323834648876,-2.427481516415606,-2.7251889804189426,-3.1005746949264426,0.6900335189063715,-3.009432738518716,-3.246245942450724,0.7535814899397952,0.1815,-4.249318510798898,-0.7981791525439504,-3.246245942450724,9.32,4.0,7.312904820992139,78.0,0.736094604114136,13.5,272.0,175.0,5,dro_minimax_median,-2.7251889804189426,-2.7251889804189426,-3.246245942450724,7.312904820992139,78.0,0.736094604114136,272.0,4.0,10.0,0.995,3142|3143|3144|3145|3146,0.25806451612903225,0.7419354838709677,True,COMPLETE
11,-2.4811861840770266,0.6282427473342101,0.002571756177537649,450,1.0,"[-29.0, 0.0]",0.0,-29.0,0.8105,0.5,-1.7821440746687531,-2.5648561327710895,-2.4811861840770266,-3.72610603168307,0.820901092141536,-3.6478028867846874,-3.5438872531076986,1.2412341059768468,0.1895,-2.8010004265402824,0.5213987850068066,-3.5438872531076986,8.633663366336634,4.0,6.405076688244882,79.0,0.7857766184050429,8.0,285.0,450.0,5,dro_minimax_median,-2.4811861840770266,-2.4811861840770266,-3.5438872531076986,6.405076688244882,79.0,0.7857766184050429,285.0,4.0,6.75,0.995,3142|3143|3144|3145|3146,0.2,0.8,True,COMPLETE
12,-3.486044713173791,1.807836719897539,0.010520541306577232,175,1.0,"[-30.0, 0.0]",0.0,-30.0,0.7965,0.5,-2.6068334552861754,-3.347819141714541,-3.486044713173791,-3.715223896298049,0.4420635089525332,-4.047522945854361,-4.350785171387276,0.4986630201329971,0.20350000000000001,-5.513562608944729,-1.4473286366937455,-4.350785171387276,8.712871287128714,4.0,9.246020268908872,80.0,0.6054910423487004,10.0,293.0,175.0,5,dro_minimax_median,-3.486044713173791,-3.486044713173791,-4.350785171387276,9.246020268908872,80.0,0.6054910423487004,293.0,4.0,7.0,0.995,3142|3143|3144|3145|3146,0.20535714285714285,0.7946428571428571,True,COMPLETE
13,-2.4362120794218196,16.474887660639027,0.0013121870770111885,250,1.0,"[-38.0, 0.0]",0.0,-38.0,0.8085,0.5,-1.8366931973725038,-2.297629209442674,-2.4362120794218196,-2.7672644809305824,0.41562197006387636,-2.6246926165092743,-2.7922244216275094,0.6740282876449325,0.1915,-3.752336763565878,-1.5692153911025297,-2.7922244216275094,8.045454545454545,4.0,7.684656265232159,88.0,0.7102304314450635,11.0,286.0,250.0,5,dro_minimax_median,-2.4362120794218196,-2.4362120794218196,-2.7922244216275094,7.684656265232159,88.0,0.7102304314450635,286.0,4.0,6.25,0.995,3142|3143|3144|3145|3146,0.1839080459770115,0.8160919540229885,True,COMPLETE
14,-3.0578371479804956,10.649651947300455,0.002454022625394314,175,1.0,"[-38.0, 0.0]",0.0,-38.0,0.8145,0.5,-2.814173962057397,-3.145293192019674,-3.0578371479804956,-3.5299983067519203,0.2950086497289622,-3.5868373983420128,-3.480765871882696,0.448111908345031,0.1855,-5.252921438786381,-1.7890509762738944,-3.480765871882696,9.181818181818182,4.0,11.100946164019831,88.0,0.6691057141401731,12.0,279.0,175.0,5,dro_minimax_median,-3.0578371479804956,-3.0578371479804956,-3.480765871882696,11.100946164019831,88.0,0.6691057141401731,279.0,4.0,8.75,0.995,3142|3143|3144|3145|3146,0.22772277227722773,0.7722772277227723,True,COMPLETE
15,-3.4111557542005584,1.9151046081761005,0.0019201046754537747,175,1.0,"[-39.0, 0.0]",0.0,-39.0,0.8065,0.5,-1.9465815391318253,-3.109334400878188,-3.4111557542005584,-3.732157002843297,0.7306942044724284,-3.4321441685400615,-3.784640012700317,0.7536967765155295,0.1935,-5.990754935387591,-2.4088767657436394,-3.784640012700317,8.66326530612245,4.0,10.079390630272655,89.0,0.5999917464133022,12.0,283.0,175.0,5,dro_minimax_median,-3.4111557542005584,-3.4111557542005584,-3.784640012700317,10.079390630272655,89.0,0.5999917464133022,283.0,4.0,7.75,0.995,3142|3143|3144|3145|3146,0.21359223300970873,0.7864077669902912,True,COMPLETE
16,-2.7235989025278973,0.7916464480420105,0.0010704108379616236,375,1.0,"[-25.0, 0.0]",0.0,-25.0,0.8385,0.5,-2.1763315296907737,-2.6532239589386677,-2.7235989025278973,-3.1118068755643784,0.4152204113348158,-3.576867998803773,-3.5482394579056398,0.4288620177928621,0.16149999999999998,-3.1530428308783347,0.2632134482154232,-3.5482394579056398,8.808333333333334,4.0,8.05149633094836,75.0,0.7699787164469865,12.0,274.0,375.0,5,dro_minimax_median,-2.7235989025278973,-2.7235989025278973,-3.5482394579056398,8.05149633094836,75.0,0.7699787164469865,274.0,4.0,8.0,0.995,3142|3143|3144|3145|3146,0.20833333333333334,0.7916666666666666,True,COMPLETE
17,-3.8650062756244514,20.060161587663412,0.003944139067462897,375,1.0,"[-47.0, 0.0]",0.0,-47.0,0.8045,0.5,-3.1356160021366044,-3.7720874782625513,-3.8650062756244514,-4.049785169089484,0.3643838513966633,-4.406237115306051,-4.600636214066927,0.4926316011266429,0.1955,-6.18148239451899,-1.7591873072625106,-4.600636214066927,8.428571428571429,4.0,8.897751906498508,97.0,0.6639266668547361,11.0,308.0,375.0,5,dro_minimax_median,-3.8650062756244514,-3.8650062756244514,-4.600636214066927,8.897751906498508,97.0,0.6639266668547361,308.0,4.0,8.0,0.995,3142|3143|3144|3145|3146,0.23333333333333334,0.7666666666666667,True,COMPLETE
18,-3.592397810790633,19.65623737471481,0.02668833798206117,450,1.0,"[-82.0, 0.0]",0.0,-82.0,0.7165,0.5,-2.7735561049145634,-3.575235753181545,-3.592397810790633,-4.6221311752098915,0.6938178005231718,-4.98032463025072,-4.902171578689322,0.499405128871529,0.2835,-4.01226821661966,0.9394422676739881,-4.902171578689322,7.216216216216216,4.0,8.678760980920652,132.0,0.7955754164575887,9.0,426.0,450.0,5,dro_minimax_median,-3.592397810790633,-3.592397810790633,-4.902171578689322,8.678760980920652,132.0,0.7955754164575887,426.0,4.0,6.0,0.995,3142|3143|3144|3145|3146,0.14705882352941177,0.8529411764705882,True,COMPLETE
19,-3.2934706396655375,13.930696955132143,0.02620815938506841,225,1.0,"[-79.0, 0.0]",0.0,-79.0,0.7225,0.5,-2.8109201640572605,-3.7447394486788554,-3.2934706396655375,-5.243299357501078,0.9577802928979264,-4.492892981938179,-4.470228279760272,1.1385775026672171,0.27749999999999997,-5.372343183176617,-1.917471348940051,-4.470228279760272,6.76978417266187,4.0,9.410756122230834,129.0,0.6874117412271971,9.0,416.0,225.0,5,dro_minimax_median,-3.2934706396655375,-3.2934706396655375,-4.470228279760272,9.410756122230834,129.0,0.6874117412271971,416.0,4.0,6.0,0.995,3142|3143|3144|3145|3146,0.13076923076923078,0.8692307692307693,True,COMPLETE
20,-1.8724850499968473,0.7349690094613386,0.003548423415631374,350,1.0,"[-19.0, 0.0]",0.0,-19.0,0.8505,0.5,-1.6155657352782153,-2.214198893108162,-1.8724850499968473,-3.192147375977403,0.7145021145635736,-2.8846955358663027,-2.6978345967110315,0.9446086472650062,0.14949999999999997,-2.9013851638109105,0.06817421766045495,-2.6978345967110315,9.377777777777778,4.0,5.829229587831586,69.0,0.6983847502339403,12.5,240.0,350.0,5,dro_minimax_median,-1.8724850499968473,-1.8724850499968473,-2.6978345967110315,5.829229587831586,69.0,0.6983847502339403,240.0,4.0,8.0,0.995,3142|3143|3144|3145|3146,0.2261904761904762,0.7738095238095238,True,COMPLETE
21,-2.147653855889408,0.7669572657274145,0.0028268707608127453,300,1.0,"[-27.0, 0.0]",0.0,-27.0,0.8245,0.5,-0.9805144988622292,-2.0593226614402007,-2.147653855889408,-2.833610427500715,0.6777521276103174,-2.2423098998400226,-2.295534513806219,0.7883728271081083,0.1755,-3.844650282083443,-1.7040118821389747,-2.295534513806219,9.247191011235955,4.0,7.827330493981899,77.0,0.6783729991184851,12.0,258.0,300.0,5,dro_minimax_median,-2.147653855889408,-2.147653855889408,-2.295534513806219,7.827330493981899,77.0,0.6783729991184851,258.0,4.0,8.0,0.995,3142|3143|3144|3145|3146,0.21794871794871795,0.782051282051282,True,COMPLETE
22,-2.386699868868412,0.9456791545300935,0.003561087586374265,300,1.0,"[-34.0, 0.0]",0.0,-34.0,0.8185,0.5,-1.6234673433855789,-2.276263841474146,-2.386699868868412,-2.8185082731607425,0.46714616724612207,-2.606069006008433,-2.724623612160156,0.45588949283182667,0.1815,-4.081888299872997,-1.3729286389931799,-2.724623612160156,8.267326732673267,4.0,8.040062748917364,84.0,0.7006315858740615,10.0,284.0,300.0,5,dro_minimax_median,-2.386699868868412,-2.386699868868412,-2.724623612160156,8.040062748917364,84.0,0.7006315858740615,284.0,4.0,6.0,0.995,3142|3143|3144|3145|3146,0.1951219512195122,0.8048780487804879,True,COMPLETE
23,-1.6175940272492286,0.6749816279468608,0.0054802607591020605,325,1.0,"[-26.0, 0.0]",0.0,-26.0,0.8165,0.5,-1.163449766641091,-1.9635178258741988,-1.6175940272492286,-3.4929983913075286,0.9020663730549541,-2.409106993475273,-2.2933703910764174,0.7892357972415922,0.1835,-1.841555051258614,-0.09071526809893611,-2.2933703910764174,8.216494845360824,4.0,6.53587281401018,76.0,0.7419420931128758,9.0,268.0,325.0,5,dro_minimax_median,-1.6175940272492286,-1.6175940272492286,-2.2933703910764174,6.53587281401018,76.0,0.7419420931128758,268.0,4.0,7.0,0.995,3142|3143|3144|3145|3146,0.18556701030927836,0.8144329896907216,True,COMPLETE
24,-2.581174744667835,0.6382710270121268,0.0074635314272365715,300,1.0,"[-25.0, 0.0]",0.0,-25.0,0.8345,0.5,-1.7116012436981318,-2.5888010258837855,-2.581174744667835,-3.2310141680655704,0.5584131902184293,-3.0281697820719615,-3.2444175104349307,0.6333822799361399,0.16549999999999998,-3.8397864104786072,-1.8978320567029898,-3.2444175104349307,8.98913043478261,4.0,7.861091343922788,75.0,0.7339170184216136,11.0,252.0,300.0,5,dro_minimax_median,-2.581174744667835,-2.581174744667835,-3.2444175104349307,7.861091343922788,75.0,0.7339170184216136,252.0,4.0,7.0,0.995,3142|3143|3144|3145|3146,0.19230769230769232,0.8076923076923077,True,COMPLETE
25,-2.4646795519832363,0.5048825446706412,0.003234428485649722,350,1.0,"[-20.0, 0.0]",0.0,-20.0,0.8465,0.5,-0.9150899340045178,-2.126741401150905,-2.4646795519832363,-3.1863149148460974,1.046314223193103,-2.867702518501395,-3.0174466136348297,1.1854409710011249,0.15349999999999997,-3.8043471551531614,0.45190122872023064,-3.0174466136348297,9.242424242424242,4.0,7.322263970700549,70.0,0.757396623464068,11.0,255.0,350.0,5,dro_minimax_median,-2.4646795519832363,-2.4646795519832363,-3.0174466136348297,7.322263970700549,70.0,0.757396623464068,255.0,4.0,7.75,0.995,3142|3143|3144|3145|3146,0.2,0.8,True,COMPLETE
26,-2.8027310798483027,0.5447512722564926,0.00886361337318795,400,1.0,"[-33.0, 0.0]",0.0,-33.0,0.8265,0.5,-1.9334585344012918,-2.985063209410678,-2.8027310798483027,-4.296092696064161,1.0141484423019924,-3.945677017487597,-4.120410456489061,1.3170136366642173,0.1735,-3.005181010282531,-0.33155314640683775,-4.120410456489061,7.907216494845361,4.0,7.065892942614338,83.0,0.7941202228048598,9.5,281.0,400.0,5,dro_minimax_median,-2.8027310798483027,-2.8027310798483027,-4.120410456489061,7.065892942614338,83.0,0.7941202228048598,281.0,4.0,8.0,0.995,3142|3143|3144|3145|3146,0.17073170731707318,0.8292682926829268,True,COMPLETE
27,-2.9608159113428414,0.5524943426623434,0.003930786334415989,175,1.0,"[-22.0, 0.0]",0.0,-22.0,0.8405,0.5,-2.0269961315520195,-2.9306965669762333,-2.9608159113428414,-4.4323673985225085,0.9847052341958662,-3.3393643283478047,-3.388933650788388,1.192545123177217,0.15949999999999998,-5.0167689472414745,-1.7293523126000856,-3.388933650788388,9.842696629213483,4.0,8.396892598474114,72.0,0.6339869678858454,12.0,247.0,175.0,5,dro_minimax_median,-2.9608159113428414,-2.9608159113428414,-3.388933650788388,8.396892598474114,72.0,0.6339869678858454,247.0,4.0,10.0,0.995,3142|3143|3144|3145|3146,0.27848101265822783,0.7215189873417721,True,COMPLETE
28,-2.5650225964490487,0.9058600346829521,0.0013364198587827996,250,1.0,"[-28.0, 0.0]",0.0,-28.0,0.8185,0.5,-2.1004345278944765,-2.6853705670661205,-2.5650225964490487,-3.779657327526115,0.6689955586016757,-3.2979560103121495,-3.0550335539886695,0.9127616212341461,0.1815,-4.136667167026309,-1.0949897238301864,-3.0550335539886695,8.868686868686869,4.0,8.802746518666883,78.0,0.7128739804786342,11.0,272.0,250.0,5,dro_minimax_median,-2.5650225964490487,-2.5650225964490487,-3.0550335539886695,8.802746518666883,78.0,0.7128739804786342,272.0,4.0,8.5,0.995,3142|3143|3144|3145|3146,0.2222222222222222,0.7777777777777778,True,COMPLETE
29,-2.6640225872004097,1.6150068890611666,0.006088928250280957,325,1.0,"[-33.0, 0.0]",0.0,-33.0,0.8065,0.5,-2.325325506227228,-2.6721353489961457,-2.6640225872004097,-3.0383596474204557,0.3015661685288782,-3.0291284967189545,-3.0777895210811423,0.4702103655641698,0.1935,-4.571788702712198,-1.5127091668108033,-3.0777895210811423,8.444444444444445,4.0,7.109090987140176,83.0,0.6468875644405072,10.0,286.0,325.0,5,dro_minimax_median,-2.6640225872004097,-2.6640225872004097,-3.0777895210811423,7.109090987140176,83.0,0.6468875644405072,286.0,4.0,6.5,0.995,3142|3143|3144|3145|3146,0.16161616161616163,0.8383838383838383,True,COMPLETE
