number,value,params_lambda_prior,params_one_minus_gamma,params_ucb_alpha,user_attrs_bandit_consulted_ratio_overall,user_attrs_constraints_values,user_attrs_cv_finite_objective,user_attrs_cv_min_symbol_trades,user_attrs_decision_point_ratio_overall,user_attrs_dro_alpha,user_attrs_dro_minimax_max,user_attrs_dro_minimax_mean,user_attrs_dro_minimax_median,user_attrs_dro_minimax_min,user_attrs_dro_minimax_std,user_attrs_dro_pure_min_mean,user_attrs_dro_pure_min_median,user_attrs_dro_pure_min_std,user_attrs_forced_singleton_ratio_overall,user_attrs_full_mean_aggregate_median,user_attrs_h1_mean_aggregate_median,user_attrs_h2_mean_aggregate_median,user_attrs_mean_holding_bars_overall,user_attrs_median_holding_bars_overall,user_attrs_median_max_drawdown_abs,user_attrs_median_min_symbol_trades,user_attrs_median_profit_factor,user_attrs_median_time_between_entries_overall,user_attrs_median_total_trades,user_attrs_memory_horizon_bars,user_attrs_n_seeds,user_attrs_objective_metric_name,user_attrs_objective_score,user_attrs_observed_dro_minimax_median,user_attrs_observed_dro_pure_min_median,user_attrs_observed_median_max_drawdown_abs,user_attrs_observed_median_min_symbol_trades,user_attrs_observed_median_profit_factor,user_attrs_observed_median_total_trades,user_attrs_p25_holding_bars_overall,user_attrs_p75_holding_bars_overall,user_attrs_pending_update_queued_ratio_overall,user_attrs_seeds_used,user_attrs_share_trades_closed_after_horizon_overall,user_attrs_share_trades_closed_before_horizon_overall,user_attrs_valid,state
0,-3.0694005489383773,1.0,0.003076923076923077,0.1,1.0,"[-83.0, 0.0]",0.0,-83.0,0.6665,0.5,-3.0694005489383773,-3.0694005489383773,-3.0694005489383773,-3.0694005489383773,0.0,-4.203170393646194,-4.203170393646194,0.0,0.3335,-3.916932979677616,0.33190898518507356,-4.203170393646194,6.2057142857142855,4.0,9.032293059237862,133.0,0.7875221633749272,8.0,475.0,325.0,1,dro_minimax_median,-3.0694005489383773,-3.0694005489383773,-4.203170393646194,9.032293059237862,133.0,0.7875221633749272,475.0,4.0,5.5,0.995,3142,0.12574850299401197,0.874251497005988,True,COMPLETE
1,-4.265050777721877,10.849298953354761,0.0030642138437545026,0.04743552925961268,1.0,"[-55.0, 0.0]",0.0,-55.0,0.6865,0.5,-4.265050777721877,-4.265050777721877,-4.265050777721877,-4.265050777721877,0.0,-6.1343498871877955,-6.1343498871877955,0.0,0.3135,-4.876391967864187,1.3428465506758804,-6.1343498871877955,6.415094339622642,4.0,9.15280301202962,105.0,0.7300708004119024,8.0,420.0,326.34798058830177,1,dro_minimax_median,-4.265050777721877,-4.265050777721877,-6.1343498871877955,9.15280301202962,105.0,0.7300708004119024,420.0,4.0,6.0,0.995,3142,0.16025641025641027,0.8397435897435898,True,COMPLETE
2,-3.1413969240871937,1.391787756481205,0.003938698768606472,0.005020523174778083,1.0,"[-60.0, 0.0]",0.0,-60.0,0.701,0.5,-3.1413969240871937,-3.1413969240871937,-3.1413969240871937,-3.1413969240871937,0.0,-3.974780646242467,-3.974780646242467,0.0,0.29900000000000004,-4.559338556702323,-0.6412457576213745,-3.974780646242467,6.469798657718121,4.0,7.444814365693464,110.0,0.8055973586483205,8.0,425.0,253.89095707712733,1,dro_minimax_median,-3.1413969240871937,-3.1413969240871937,-3.974780646242467,7.444814365693464,110.0,0.8055973586483205,425.0,4.0,5.75,0.995,3142,0.1610738255033557,0.8389261744966443,True,COMPLETE
3,-3.9042047397047295,6.117025522674068,0.002964161000843622,0.011290461803700183,1.0,"[-56.0, 0.0]",0.0,-56.0,0.6905,0.5,-3.9042047397047295,-3.9042047397047295,-3.9042047397047295,-3.9042047397047295,0.0,-5.225877326332117,-5.225877326332117,0.0,0.3095,-5.150831096908514,0.0608130201774341,-5.225877326332117,6.371794871794871,4.0,10.08471733966,106.0,0.7113609329900664,8.0,416.0,337.36359115290725,1,dro_minimax_median,-3.9042047397047295,-3.9042047397047295,-5.225877326332117,10.08471733966,106.0,0.7113609329900664,416.0,4.0,6.0,0.995,3142,0.16233766233766234,0.8376623376623377,True,COMPLETE
4,-3.8996693815096934,2.825279658780465,0.005549829143785145,0.005577587269233879,1.0,"[-73.0, 0.0]",0.0,-73.0,0.7065,0.5,-3.8996693815096934,-3.8996693815096934,-3.8996693815096934,-3.8996693815096934,0.0,-5.204721443749367,-5.204721443749367,0.0,0.2935,-5.213277729446467,0.015486805209326734,-5.204721443749367,6.496598639455782,4.0,10.213348720852355,123.0,0.78941214391193,9.0,431.0,180.18572718041744,1,dro_minimax_median,-3.8996693815096934,-3.8996693815096934,-5.204721443749367,10.213348720852355,123.0,0.78941214391193,431.0,4.0,6.0,0.995,3142,0.16326530612244897,0.8367346938775511,True,COMPLETE
5,-3.9447887641213533,2.068236356427619,0.002782356838882368,0.04988514469775409,1.0,"[-70.0, 0.0]",0.0,-70.0,0.6785,0.5,-3.9447887641213533,-3.9447887641213533,-3.9447887641213533,-3.9447887641213533,0.0,-5.143065098854938,-5.143065098854938,0.0,0.3215,-5.483976209498638,-0.3499597599206002,-5.143065098854938,6.31875,4.0,10.839713710362108,120.0,0.7260707851509941,8.5,447.0,359.4075303445569,1,dro_minimax_median,-3.9447887641213533,-3.9447887641213533,-5.143065098854938,10.839713710362108,120.0,0.7260707851509941,447.0,4.0,6.0,0.995,3142,0.1375,0.8625,True,COMPLETE
6,-3.9180732772787312,2.1146024497025016,0.004701851255990697,0.006235003999783108,1.0,"[-71.0, 0.0]",0.0,-71.0,0.6885,0.5,-3.9180732772787312,-3.9180732772787312,-3.9180732772787312,-3.9180732772787312,0.0,-5.088603019792415,-5.088603019792415,0.0,0.3115,-5.455574961765405,-0.4064840497376802,-5.088603019792415,6.308641975308642,4.0,8.857870851628169,121.0,0.8055433572874818,8.0,438.0,212.6821852830596,1,dro_minimax_median,-3.9180732772787312,-3.9180732772787312,-5.088603019792415,8.857870851628169,121.0,0.8055433572874818,438.0,4.0,5.0,0.995,3142,0.15483870967741936,0.8451612903225807,True,COMPLETE
7,-4.2713702888830465,10.570638336996952,0.0041043442058153745,0.02372545702135237,1.0,"[-66.0, 0.0]",0.0,-66.0,0.6985,0.5,-4.2713702888830465,-4.2713702888830465,-4.2713702888830465,-4.2713702888830465,0.0,-5.764526900512038,-5.764526900512038,0.0,0.3015,-5.545828894023049,0.20809954600392958,-5.764526900512038,6.54140127388535,4.0,10.37831582109482,116.0,0.787211102609815,8.0,423.0,243.6442827049245,1,dro_minimax_median,-4.2713702888830465,-4.2713702888830465,-5.764526900512038,10.37831582109482,116.0,0.787211102609815,423.0,4.0,6.0,0.995,3142,0.16,0.84,True,COMPLETE
8,-3.2987252301973564,4.95612888468418,0.0025078424756698682,0.021074635636296444,1.0,"[-60.0, 0.0]",0.0,-60.0,0.6885,0.5,-3.2987252301973564,-3.2987252301973564,-3.2987252301973564,-3.2987252301973564,0.0,-4.438667630010348,-4.438667630010348,0.0,0.3115,-4.295561025833997,0.12110196924161783,-4.438667630010348,6.32258064516129,4.0,8.828695902136852,110.0,0.6921129350032998,8.0,427.0,398.7491278665302,1,dro_minimax_median,-3.2987252301973564,-3.2987252301973564,-4.438667630010348,8.828695902136852,110.0,0.6921129350032998,427.0,4.0,6.0,0.995,3142,0.13580246913580246,0.8641975308641975,True,COMPLETE
9,-3.138246210383765,4.967208533643981,0.0038214070313964924,0.018175600264839935,1.0,"[-56.0, 0.0]",0.0,-56.0,0.6845,0.5,-3.138246210383765,-3.138246210383765,-3.138246210383765,-3.138246210383765,0.0,-4.229517609833899,-4.229517609833899,0.0,0.3155,-4.080135742398343,0.13556798796663752,-4.229517609833899,6.32484076433121,4.0,8.20793525137773,106.0,0.8553523893968862,8.0,424.0,261.68371800858927,1,dro_minimax_median,-3.138246210383765,-3.138246210383765,-4.229517609833899,8.20793525137773,106.0,0.8553523893968862,424.0,4.0,5.0,0.995,3142,0.1464968152866242,0.8535031847133758,True,COMPLETE
10,-2.424301467988954,0.6548627951123617,0.003447962318842822,0.08989897732883076,1.0,"[-77.0, 0.0]",0.0,-77.0,0.6865,0.5,-2.424301467988954,-2.424301467988954,-2.424301467988954,-2.424301467988954,0.0,-3.4668535805951266,-3.4668535805951266,0.0,0.3135,-2.778151070952406,0.7033548698295644,-3.4668535805951266,6.391025641025641,4.0,6.888679115172625,127.0,0.8348233755026947,8.0,455.0,290.0263713832035,1,dro_minimax_median,-2.424301467988954,-2.424301467988954,-3.4668535805951266,6.888679115172625,127.0,0.8348233755026947,455.0,4.0,5.25,0.995,3142,0.15384615384615385,0.8461538461538461,True,COMPLETE
11,-3.946933909201106,0.7805761256241336,0.004015567826024785,0.052032022457846175,1.0,"[-79.0, 0.0]",0.0,-79.0,0.6785,0.5,-3.946933909201106,-3.946933909201106,-3.946933909201106,-3.946933909201106,0.0,-5.233938224851639,-5.233938224851639,0.0,0.3215,-5.299182275070891,-0.08592096224950829,-5.233938224851639,6.225,4.0,8.219298438304767,129.0,0.802420283214613,8.0,462.0,249.03078302376747,1,dro_minimax_median,-3.946933909201106,-3.946933909201106,-5.233938224851639,8.219298438304767,129.0,0.802420283214613,462.0,4.0,5.0,0.995,3142,0.15,0.85,True,COMPLETE
12,-4.0778983083180265,1.2184063511611911,0.002547594497622742,0.19770455161034906,1.0,"[-84.0, 0.0]",0.0,-84.0,0.6785,0.5,-4.0778983083180265,-4.0778983083180265,-4.0778983083180265,-4.0778983083180265,0.0,-5.422277222499287,-5.422277222499287,0.0,0.3215,-5.464482589259923,-0.04476156577424654,-5.422277222499287,6.5120481927710845,4.0,8.72984578745466,134.0,0.771698948201009,8.0,460.0,392.5271470530881,1,dro_minimax_median,-4.0778983083180265,-4.0778983083180265,-5.422277222499287,8.72984578745466,134.0,0.771698948201009,460.0,4.0,6.0,0.995,3142,0.14457831325301204,0.8554216867469879,True,COMPLETE
13,-3.363827425160687,0.556935576783574,0.0032373134109337474,0.07294690444774588,1.0,"[-80.0, 0.0]",0.0,-80.0,0.6765,0.5,-3.363827425160687,-3.363827425160687,-3.363827425160687,-3.363827425160687,0.0,-4.752351608661054,-4.752351608661054,0.0,0.3235,-3.9877011443051664,0.801745125340414,-4.752351608661054,6.254658385093168,4.0,8.136643147890865,130.0,0.8497162767493879,8.0,467.0,308.89811181783824,1,dro_minimax_median,-3.363827425160687,-3.363827425160687,-4.752351608661054,8.136643147890865,130.0,0.8497162767493879,467.0,4.0,6.0,0.995,3142,0.14285714285714285,0.8571428571428571,True,COMPLETE
14,-3.6202290713830987,0.9331737037217187,0.003845336810536743,0.14890746143572017,1.0,"[-90.0, 0.0]",0.0,-90.0,0.6565,0.5,-3.6202290713830987,-3.6202290713830987,-3.6202290713830987,-3.6202290713830987,0.0,-4.867082797203974,-4.867082797203974,0.0,0.3435,-4.7401591453180645,0.12033210607952742,-4.867082797203974,6.3391812865497075,4.0,7.879868329271633,140.0,0.8168975225115959,8.0,484.0,260.0552433430187,1,dro_minimax_median,-3.6202290713830987,-3.6202290713830987,-4.867082797203974,7.879868329271633,140.0,0.8168975225115959,484.0,4.0,6.0,0.995,3142,0.1286549707602339,0.8713450292397661,True,COMPLETE
15,-4.164044527953765,7.74220122811884,0.004379748496869596,0.13625193971996688,1.0,"[-77.0, 0.0]",0.0,-77.0,0.6945,0.5,-4.164044527953765,-4.164044527953765,-4.164044527953765,-4.164044527953765,0.0,-5.316640127606891,-5.316640127606891,0.0,0.3055,-5.983126588083723,-0.706257728994386,-5.316640127606891,6.662420382165605,4.0,9.699963509660048,127.0,0.7764531051651572,8.0,436.0,228.3236128089878,1,dro_minimax_median,-4.164044527953765,-4.164044527953765,-5.316640127606891,9.699963509660048,127.0,0.7764531051651572,436.0,4.0,6.0,0.995,3142,0.17105263157894737,0.8289473684210527,True,COMPLETE
16,-3.5671506061750855,2.2495517619013614,0.003602879565196959,0.06409926327975014,1.0,"[-76.0, 0.0]",0.0,-76.0,0.6885,0.5,-3.5671506061750855,-3.5671506061750855,-3.5671506061750855,-3.5671506061750855,0.0,-4.580389831628695,-4.580389831628695,0.0,0.3115,-5.062262453924608,-0.5274329298142569,-4.580389831628695,6.391025641025641,4.0,7.104222518067315,126.0,0.8174428300345963,8.0,453.0,277.55576668723114,1,dro_minimax_median,-3.5671506061750855,-3.5671506061750855,-4.580389831628695,7.104222518067315,126.0,0.8174428300345963,453.0,4.0,5.0,0.995,3142,0.15384615384615385,0.8461538461538461,True,COMPLETE
17,-3.32548402875508,0.7585828422579715,0.0023705086994870836,0.05812364959101842,1.0,"[-61.0, 0.0]",0.0,-61.0,0.6805,0.5,-3.32548402875508,-3.32548402875508,-3.32548402875508,-3.32548402875508,0.0,-4.410111111976396,-4.410111111976396,0.0,0.3195,-4.469525179250585,-0.07160277909113259,-4.410111111976396,6.3584905660377355,4.0,7.910570694720631,111.0,0.7482696994513203,9.0,433.0,421.8503818257971,1,dro_minimax_median,-3.32548402875508,-3.32548402875508,-4.410111111976396,7.910570694720631,111.0,0.7482696994513203,433.0,4.0,6.0,0.995,3142,0.1320754716981132,0.8679245283018868,True,COMPLETE
18,-2.4839507335210387,0.5758994629448437,0.0030857441599720496,0.020879566233109284,1.0,"[-67.0, 0.0]",0.0,-67.0,0.668,0.5,-2.4839507335210387,-2.4839507335210387,-2.4839507335210387,-2.4839507335210387,0.0,-3.1325795289627494,-3.1325795289627494,0.0,0.33199999999999996,-3.6234882241240087,-0.5380643471959065,-3.1325795289627494,6.114457831325301,4.0,7.104429171540194,117.0,0.8151444481633956,9.0,450.0,324.0709365902382,1,dro_minimax_median,-2.4839507335210387,-2.4839507335210387,-3.1325795289627494,7.104429171540194,117.0,0.8151444481633956,450.0,4.0,5.75,0.995,3142,0.12048192771084337,0.8795180722891566,True,COMPLETE
19,-3.0559478194856076,0.8836508813466006,0.0035248163186270077,0.012973218487569974,1.0,"[-52.0, 0.0]",0.0,-52.0,0.6785,0.5,-3.0559478194856076,-3.0559478194856076,-3.0559478194856076,-3.0559478194856076,0.0,-4.0389612165030675,-4.0389612165030675,0.0,0.3215,-4.116944554806083,-0.10690762843322821,-4.0389612165030675,6.204819277108434,4.0,8.78199255217298,102.0,0.7383280925632598,8.0,429.0,283.7027264982482,1,dro_minimax_median,-3.0559478194856076,-3.0559478194856076,-4.0389612165030675,8.78199255217298,102.0,0.7383280925632598,429.0,4.0,5.0,0.995,3142,0.14285714285714285,0.8571428571428571,True,COMPLETE
20,-2.289320884777424,0.5145829032286845,0.0029367252718449266,0.023092643713193216,1.0,"[-62.0, 0.0]",0.0,-62.0,0.672,0.5,-2.289320884777424,-2.289320884777424,-2.289320884777424,-2.289320884777424,0.0,-2.943248312651233,-2.943248312651233,0.0,0.32799999999999996,-3.249434456529776,-0.32753860115599664,-2.943248312651233,6.280487804878049,4.0,9.407892705031419,112.0,0.8178909082983254,9.0,444.0,340.51533849190264,1,dro_minimax_median,-2.289320884777424,-2.289320884777424,-2.943248312651233,9.407892705031419,112.0,0.8178909082983254,444.0,4.0,6.0,0.995,3142,0.13095238095238096,0.8690476190476191,True,COMPLETE
21,-4.275071077637085,0.5487370346059776,0.0032986090537213846,0.022432388407119135,1.0,"[-72.0, 0.0]",0.0,-72.0,0.6945,0.5,-4.275071077637085,-4.275071077637085,-4.275071077637085,-4.275071077637085,0.0,-5.433018252532037,-5.433018252532037,0.0,0.3055,-6.167732606062731,-0.8012295529522281,-5.433018252532037,6.503267973856209,4.0,11.048938180172474,122.0,0.6749539357499932,9.0,448.0,303.15808382076443,1,dro_minimax_median,-4.275071077637085,-4.275071077637085,-5.433018252532037,11.048938180172474,122.0,0.6749539357499932,448.0,4.0,6.0,0.995,3142,0.16339869281045752,0.8366013071895425,True,COMPLETE
22,-2.0303385681780513,0.8138243181666224,0.002507817986292505,0.009631185144734327,1.0,"[-44.0, 0.0]",0.0,-44.0,0.688,0.5,-2.0303385681780513,-2.0303385681780513,-2.0303385681780513,-2.0303385681780513,0.0,-2.849746934052907,-2.849746934052907,0.0,0.31200000000000006,-2.4010233367373957,0.4278865294465158,-2.849746934052907,6.5256410256410255,4.0,7.758730332058505,94.0,0.7517538138101527,8.0,415.0,398.75302173678676,1,dro_minimax_median,-2.0303385681780513,-2.0303385681780513,-2.849746934052907,7.758730332058505,94.0,0.7517538138101527,415.0,4.0,6.0,0.995,3142,0.1346153846153846,0.8653846153846154,True,COMPLETE
23,-2.8876036212681635,1.108961808313656,0.0022916605033403903,0.006006133755061056,1.0,"[-46.0, 0.0]",0.0,-46.0,0.716,0.5,-2.8876036212681635,-2.8876036212681635,-2.8876036212681635,-2.8876036212681635,0.0,-4.034804144163599,-4.034804144163599,0.0,0.28400000000000003,-3.4519504798129894,0.5539979474181426,-4.034804144163599,6.936619718309859,4.0,9.174924080893899,96.0,0.7102491632823454,10.0,408.0,436.36480994561424,1,dro_minimax_median,-2.8876036212681635,-2.8876036212681635,-4.034804144163599,9.174924080893899,96.0,0.7102491632823454,408.0,4.0,7.0,0.995,3142,0.1619718309859155,0.8380281690140845,True,COMPLETE
24,-2.3726043888649295,0.5334465865074969,0.00236460332855205,0.021466579869942208,1.0,"[-57.0, 0.0]",0.0,-57.0,0.6725,0.5,-2.3726043888649295,-2.3726043888649295,-2.3726043888649295,-2.3726043888649295,0.0,-2.894225118602119,-2.894225118602119,0.0,0.3275,-3.629089484238124,-0.8077421996533607,-2.894225118602119,6.2926829268292686,4.0,8.562929985621338,107.0,0.7540876284271691,8.0,434.0,422.9039128572756,1,dro_minimax_median,-2.3726043888649295,-2.3726043888649295,-2.894225118602119,8.562929985621338,107.0,0.7540876284271691,434.0,4.0,6.0,0.995,3142,0.12883435582822086,0.8711656441717791,True,COMPLETE
25,-2.957624094365511,1.221678272304758,0.0024132226132253607,0.02031908139535019,1.0,"[-48.0, 0.0]",0.0,-48.0,0.674,0.5,-2.957624094365511,-2.957624094365511,-2.957624094365511,-2.957624094365511,0.0,-3.9957497208761588,-3.9957497208761588,0.0,0.32599999999999996,-3.7948790530916674,0.15675278516643262,-3.9957497208761588,6.2392638036809815,4.0,9.53579482005551,98.0,0.7902853521201015,9.0,435.0,414.38365218344416,1,dro_minimax_median,-2.957624094365511,-2.957624094365511,-3.9957497208761588,9.53579482005551,98.0,0.7902853521201015,435.0,4.0,6.0,0.995,3142,0.13496932515337423,0.8650306748466258,True,COMPLETE
26,-3.1978859609809858,0.5546851287239867,0.002560923936691323,0.014355001450079502,1.0,"[-52.0, 0.0]",0.0,-52.0,0.6845,0.5,-3.1978859609809858,-3.1978859609809858,-3.1978859609809858,-3.1978859609809858,0.0,-4.377026279637338,-4.377026279637338,0.0,0.3155,-3.9876219886420317,0.3395349949880703,-4.377026279637338,6.656050955414012,4.0,9.777824653158607,102.0,0.674866746776553,9.0,417.0,390.4840693128846,1,dro_minimax_median,-3.1978859609809858,-3.1978859609809858,-4.377026279637338,9.777824653158607,102.0,0.674866746776553,417.0,4.0,7.0,0.995,3142,0.15286624203821655,0.8471337579617835,True,COMPLETE
27,-2.401802040032524,0.5494654989200185,0.0031225975232012696,0.0053848373136537,1.0,"[-61.0, 0.0]",0.0,-61.0,0.676,0.5,-2.401802040032524,-2.401802040032524,-2.401802040032524,-2.401802040032524,0.0,-3.2291359921229748,-3.2291359921229748,0.0,0.32399999999999995,-3.116544440611513,0.0801998162388277,-3.2291359921229748,6.037037037037037,4.0,7.415547302656556,111.0,0.8678789881268504,8.0,440.0,320.246202903154,1,dro_minimax_median,-2.401802040032524,-2.401802040032524,-3.2291359921229748,7.415547302656556,111.0,0.8678789881268504,440.0,4.0,5.0,0.995,3142,0.1377245508982036,0.8622754491017964,True,COMPLETE
28,-3.7221500508600105,20.153753630648733,0.0023481141635175694,0.12541052188811092,1.0,"[-58.0, 0.0]",0.0,-58.0,0.6865,0.5,-3.7221500508600105,-3.7221500508600105,-3.7221500508600105,-3.7221500508600105,0.0,-4.948543245556391,-4.948543245556391,0.0,0.3135,-4.990756678262753,-0.042970466770867834,-4.948543245556391,6.546583850931677,4.0,8.407846157243803,108.0,0.7201862769659183,9.0,425.0,425.8736715347604,1,dro_minimax_median,-3.7221500508600105,-3.7221500508600105,-4.948543245556391,8.407846157243803,108.0,0.7201862769659183,425.0,4.0,6.25,0.995,3142,0.14743589743589744,0.8525641025641025,True,COMPLETE
29,-2.1877737483056556,0.5252526487104474,0.002408755238197989,0.03531988571706515,1.0,"[-53.0, 0.0]",0.0,-53.0,0.678,0.5,-2.1877737483056556,-2.1877737483056556,-2.1877737483056556,-2.1877737483056556,0.0,-2.9860106050713764,-2.9860106050713764,0.0,0.32199999999999995,-2.7779992469384265,0.2069368219915065,-2.9860106050713764,6.298136645962733,4.0,8.541136600207523,103.0,0.8175593402722205,9.0,433.0,415.15218488870164,1,dro_minimax_median,-2.1877737483056556,-2.1877737483056556,-2.9860106050713764,8.541136600207523,103.0,0.8175593402722205,433.0,4.0,6.0,0.995,3142,0.12422360248447205,0.8757763975155279,True,COMPLETE
30,-3.5358818078889236,3.2689371007324413,0.0024863455680268595,0.005043913064076983,1.0,"[-43.0, 0.0]",0.0,-43.0,0.684,0.5,-3.5358818078889236,-3.5358818078889236,-3.5358818078889236,-3.5358818078889236,0.0,-4.9621833976307,-4.9621833976307,0.0,0.31599999999999995,-4.201371923037733,0.7430229613364073,-4.9621833976307,6.339622641509434,4.0,9.303989937317725,93.0,0.6709147127210545,9.0,410.0,402.196707030387,1,dro_minimax_median,-3.5358818078889236,-3.5358818078889236,-4.9621833976307,9.303989937317725,93.0,0.6709147127210545,410.0,4.0,6.0,0.995,3142,0.13836477987421383,0.8616352201257862,True,COMPLETE
