number,value,params_lambda_prior,params_ucb_alpha,params_window_size,user_attrs_bandit_consulted_ratio_overall,user_attrs_constraints_values,user_attrs_cv_finite_objective,user_attrs_cv_min_symbol_trades,user_attrs_decision_point_ratio_overall,user_attrs_dro_alpha,user_attrs_dro_minimax_max,user_attrs_dro_minimax_mean,user_attrs_dro_minimax_median,user_attrs_dro_minimax_min,user_attrs_dro_minimax_std,user_attrs_dro_pure_min_mean,user_attrs_dro_pure_min_median,user_attrs_dro_pure_min_std,user_attrs_forced_singleton_ratio_overall,user_attrs_full_mean_aggregate_median,user_attrs_h1_mean_aggregate_median,user_attrs_h2_mean_aggregate_median,user_attrs_mean_holding_bars_overall,user_attrs_median_holding_bars_overall,user_attrs_median_max_drawdown_abs,user_attrs_median_min_symbol_trades,user_attrs_median_profit_factor,user_attrs_median_time_between_entries_overall,user_attrs_median_total_trades,user_attrs_memory_horizon_bars,user_attrs_n_seeds,user_attrs_objective_metric_name,user_attrs_objective_score,user_attrs_observed_dro_minimax_median,user_attrs_observed_dro_pure_min_median,user_attrs_observed_median_max_drawdown_abs,user_attrs_observed_median_min_symbol_trades,user_attrs_observed_median_profit_factor,user_attrs_observed_median_total_trades,user_attrs_p25_holding_bars_overall,user_attrs_p75_holding_bars_overall,user_attrs_pending_update_queued_ratio_overall,user_attrs_seeds_used,user_attrs_share_trades_closed_after_horizon_overall,user_attrs_share_trades_closed_before_horizon_overall,user_attrs_valid,state
0,-3.6405071239195532,1.0,0.1,325,1.0,"[-91.0, 0.0]",0.0,-91.0,0.7045,0.5,-3.6405071239195532,-3.6405071239195532,-3.6405071239195532,-3.6405071239195532,0.0,-3.934777626989058,-3.934777626989058,0.0,0.2955,-6.554301284864117,-2.757695614711038,-3.934777626989058,6.806666666666667,4.0,10.708259499788419,141.0,0.579563850846201,8.0,438.0,325.0,1,dro_minimax_median,-3.6405071239195532,-3.6405071239195532,-3.934777626989058,10.708259499788419,141.0,0.579563850846201,438.0,4.0,6.0,0.995,3142,0.14666666666666667,0.8533333333333334,True,COMPLETE
1,-2.675938265931199,10.849298953354761,0.04743552925961268,275,1.0,"[-66.0, 0.0]",0.0,-66.0,0.7125,0.5,-2.675938265931199,-2.675938265931199,-2.675938265931199,-2.675938265931199,0.0,-3.5745015181345727,-3.5745015181345727,0.0,0.2875,-3.5404045146418555,0.019751490678920902,-3.5745015181345727,7.7622377622377625,4.0,8.341841885476109,116.0,0.8057165305667294,9.0,421.0,275.0,1,dro_minimax_median,-2.675938265931199,-2.675938265931199,-3.5745015181345727,8.341841885476109,116.0,0.8057165305667294,421.0,4.0,6.0,0.995,3142,0.16083916083916083,0.8391608391608392,True,COMPLETE
2,-3.424424686375765,1.391787756481205,0.005020523174778083,350,1.0,"[-84.0, 0.0]",0.0,-84.0,0.7165,0.5,-3.424424686375765,-3.424424686375765,-3.424424686375765,-3.424424686375765,0.0,-4.241403945936695,-4.241403945936695,0.0,0.2835,-5.211504772467445,-0.9734869076929739,-4.241403945936695,6.361702127659575,4.0,6.051987944868564,134.0,0.7587059427098998,8.0,429.0,350.0,1,dro_minimax_median,-3.424424686375765,-3.424424686375765,-4.241403945936695,6.051987944868564,134.0,0.7587059427098998,429.0,4.0,5.0,0.995,3142,0.1347517730496454,0.8652482269503546,True,COMPLETE
3,-3.2303853543266907,6.117025522674068,0.011290461803700183,250,1.0,"[-68.0, 0.0]",0.0,-68.0,0.7465,0.5,-3.2303853543266907,-3.2303853543266907,-3.2303853543266907,-3.2303853543266907,0.0,-4.103023005413701,-4.103023005413701,0.0,0.25349999999999995,-4.737559578584416,-0.6124724010656596,-4.103023005413701,8.11023622047244,4.0,7.963354152611368,118.0,0.7072383638979561,10.0,375.0,250.0,1,dro_minimax_median,-3.2303853543266907,-3.2303853543266907,-4.103023005413701,7.963354152611368,118.0,0.7072383638979561,375.0,4.0,6.75,0.995,3142,0.2125984251968504,0.7874015748031497,True,COMPLETE
4,-5.063088885930572,2.825279658780465,0.005577587269233879,450,1.0,"[-66.0, 0.0]",0.0,-66.0,0.7305,0.5,-5.063088885930572,-5.063088885930572,-5.063088885930572,-5.063088885930572,0.0,-5.590909677415546,-5.590909677415546,0.0,0.26949999999999996,-8.854525092540833,-3.479626511475653,-5.590909677415546,7.731343283582089,4.0,11.311506911837299,116.0,0.6401920879185256,8.0,416.0,450.0,1,dro_minimax_median,-5.063088885930572,-5.063088885930572,-5.590909677415546,11.311506911837299,116.0,0.6401920879185256,416.0,4.0,6.0,0.995,3142,0.13432835820895522,0.8656716417910447,True,COMPLETE
5,-4.072311004482882,2.068236356427619,0.04988514469775409,225,1.0,"[-78.0, 0.0]",0.0,-78.0,0.734,0.5,-4.072311004482882,-4.072311004482882,-4.072311004482882,-4.072311004482882,0.0,-4.508491210762744,-4.508491210762744,0.0,0.266,-7.161056300212624,-2.7637703856432942,-4.508491210762744,7.6875,4.0,9.167051210234922,128.0,0.6601658726160173,9.0,402.0,225.0,1,dro_minimax_median,-4.072311004482882,-4.072311004482882,-4.508491210762744,9.167051210234922,128.0,0.6601658726160173,402.0,4.0,7.0,0.995,3142,0.19858156028368795,0.8014184397163121,True,COMPLETE
6,-4.72833736830048,2.1146024497025016,0.006235003999783108,400,1.0,"[-57.0, 0.0]",0.0,-57.0,0.7565,0.5,-4.72833736830048,-4.72833736830048,-4.72833736830048,-4.72833736830048,0.0,-6.259341683386443,-6.259341683386443,0.0,0.24350000000000005,-6.395593461285088,-0.1353244230425895,-6.259341683386443,8.578512396694215,4.0,9.830738888136203,107.0,0.6534550383169524,10.0,375.0,400.0,1,dro_minimax_median,-4.72833736830048,-4.72833736830048,-6.259341683386443,9.830738888136203,107.0,0.6534550383169524,375.0,4.0,8.0,0.995,3142,0.19008264462809918,0.8099173553719008,True,COMPLETE
7,-3.7627842389736452,10.570638336996952,0.02372545702135237,350,1.0,"[-84.0, 0.0]",0.0,-84.0,0.7285,0.5,-3.7627842389736452,-3.7627842389736452,-3.7627842389736452,-3.7627842389736452,0.0,-4.765961818114502,-4.765961818114502,0.0,0.27149999999999996,-5.499928374516223,-0.753251501551074,-4.765961818114502,7.17910447761194,4.0,8.708421112557973,134.0,0.6764205699632062,9.0,408.0,350.0,1,dro_minimax_median,-3.7627842389736452,-3.7627842389736452,-4.765961818114502,8.708421112557973,134.0,0.6764205699632062,408.0,4.0,6.0,0.995,3142,0.18840579710144928,0.8115942028985508,True,COMPLETE
8,-4.267579199564233,4.95612888468418,0.021074635636296444,200,1.0,"[-66.0, 0.0]",0.0,-66.0,0.7585,0.5,-4.267579199564233,-4.267579199564233,-4.267579199564233,-4.267579199564233,0.0,-5.262305874542635,-5.262305874542635,0.0,0.24150000000000005,-6.480439647636575,-1.2833991746290259,-5.262305874542635,7.896551724137931,4.0,9.468723144523427,116.0,0.6506519450712716,8.0,372.0,200.0,1,dro_minimax_median,-4.267579199564233,-4.267579199564233,-5.262305874542635,9.468723144523427,116.0,0.6506519450712716,372.0,4.0,8.25,0.995,3142,0.2413793103448276,0.7586206896551724,True,COMPLETE
9,-5.146778231452435,4.967208533643981,0.018175600264839935,325,1.0,"[-68.0, 0.0]",0.0,-68.0,0.7345,0.5,-5.146778231452435,-5.146778231452435,-5.146778231452435,-5.146778231452435,0.0,-6.5179888514387345,-6.5179888514387345,0.0,0.26549999999999996,-7.4542532696557755,-1.0331463714935356,-6.5179888514387345,7.398305084745763,4.0,8.131263222127904,118.0,0.6189304737899408,8.0,399.0,325.0,1,dro_minimax_median,-5.146778231452435,-5.146778231452435,-6.5179888514387345,8.131263222127904,118.0,0.6189304737899408,399.0,4.0,6.0,0.995,3142,0.15151515151515152,0.8484848484848485,True,COMPLETE
10,-4.536551279474091,13.10985787611663,0.17752469672467855,300,1.0,"[-89.0, 0.0]",0.0,-89.0,0.6925,0.5,-4.536551279474091,-4.536551279474091,-4.536551279474091,-4.536551279474091,0.0,-5.761166160397594,-5.761166160397594,0.0,0.3075,-6.547647410164725,-0.8627066367035807,-5.761166160397594,7.39568345323741,4.0,9.931996476283656,139.0,0.6022889749312277,8.0,452.0,300.0,1,dro_minimax_median,-4.536551279474091,-4.536551279474091,-5.761166160397594,9.931996476283656,139.0,0.6022889749312277,452.0,4.0,7.0,0.995,3142,0.17266187050359713,0.8273381294964028,True,COMPLETE
11,-3.7855976423629576,25.130125182623082,0.007249964085833467,200,1.0,"[-60.0, 0.0]",0.0,-60.0,0.7565,0.5,-3.7855976423629576,-3.7855976423629576,-3.7855976423629576,-3.7855976423629576,0.0,-4.453601806002768,-4.453601806002768,0.0,0.24350000000000005,-6.147731257049142,-1.7815851514435284,-4.453601806002768,8.073770491803279,4.0,9.486190455930965,110.0,0.7073375280291314,9.5,366.0,200.0,1,dro_minimax_median,-3.7855976423629576,-3.7855976423629576,-4.453601806002768,9.486190455930965,110.0,0.7073375280291314,366.0,4.0,8.0,0.995,3142,0.23770491803278687,0.7622950819672131,True,COMPLETE
12,-4.895721349702764,12.380649476428465,0.037778207429112004,225,1.0,"[-71.0, 0.0]",0.0,-71.0,0.7565,0.5,-4.895721349702764,-4.895721349702764,-4.895721349702764,-4.895721349702764,0.0,-6.365081165512606,-6.365081165512606,0.0,0.24350000000000005,-6.816409628233437,-0.4876419022732355,-6.365081165512606,8.454545454545455,4.0,10.308220414198333,121.0,0.673444422751614,10.0,383.0,225.0,1,dro_minimax_median,-4.895721349702764,-4.895721349702764,-6.365081165512606,10.308220414198333,121.0,0.673444422751614,383.0,4.0,8.0,0.995,3142,0.2231404958677686,0.7768595041322314,True,COMPLETE
13,-6.675802172202472,0.7639311567135596,0.010895290746044194,175,1.0,"[-54.0, 0.0]",0.0,-54.0,0.7585,0.5,-6.675802172202472,-6.675802172202472,-6.675802172202472,-6.675802172202472,0.0,-8.5061726669448,-8.5061726669448,0.0,0.24150000000000005,-9.565661218962411,-1.1846906879754908,-8.5061726669448,8.65,4.0,9.109947890229442,104.0,0.57503435108935,10.0,362.0,175.0,1,dro_minimax_median,-6.675802172202472,-6.675802172202472,-8.5061726669448,9.109947890229442,104.0,0.57503435108935,362.0,4.0,9.25,0.995,3142,0.25,0.75,True,COMPLETE
14,-4.390146921168876,2.6281092608368644,0.007881651057994727,225,1.0,"[-72.0, 0.0]",0.0,-72.0,0.7525,0.5,-4.390146921168876,-4.390146921168876,-4.390146921168876,-4.390146921168876,0.0,-5.728329073097086,-5.728329073097086,0.0,0.24750000000000005,-6.047503668016785,-0.37560046538424413,-5.728329073097086,7.385245901639344,4.0,10.392248715383401,122.0,0.6669069035716256,9.0,383.0,225.0,1,dro_minimax_median,-4.390146921168876,-4.390146921168876,-5.728329073097086,10.392248715383401,122.0,0.6669069035716256,383.0,4.0,7.0,0.995,3142,0.1951219512195122,0.8048780487804879,True,COMPLETE
15,-4.516579679587559,7.74220122811884,0.0707717645376309,425,1.0,"[-81.0, 0.0]",0.0,-81.0,0.7305,0.5,-4.516579679587559,-4.516579679587559,-4.516579679587559,-4.516579679587559,0.0,-5.684521783605878,-5.684521783605878,0.0,0.26949999999999996,-6.672617618059384,-1.0127533675326001,-5.684521783605878,7.549618320610687,4.0,8.534479214321788,131.0,0.6825483273302518,8.5,403.0,425.0,1,dro_minimax_median,-4.516579679587559,-4.516579679587559,-5.684521783605878,8.534479214321788,131.0,0.6825483273302518,403.0,4.0,7.0,0.995,3142,0.18115942028985507,0.8188405797101449,True,COMPLETE
16,-4.1937771290380805,9.038006628405176,0.06296314351614557,300,1.0,"[-74.0, 0.0]",0.0,-74.0,0.7085,0.5,-4.1937771290380805,-4.1937771290380805,-4.1937771290380805,-4.1937771290380805,0.0,-5.400635737423524,-5.400635737423524,0.0,0.2915,-5.92801545828923,-0.5732013038817504,-5.400635737423524,7.58,4.0,7.46624411331791,124.0,0.7143061244157287,8.0,420.0,300.0,1,dro_minimax_median,-4.1937771290380805,-4.1937771290380805,-5.400635737423524,7.46624411331791,124.0,0.7143061244157287,420.0,4.0,5.0,0.995,3142,0.15753424657534246,0.8424657534246576,True,COMPLETE
17,-3.063564073120967,0.5025986330309503,0.12009622172799832,450,1.0,"[-86.0, 0.0]",0.0,-86.0,0.7165,0.5,-3.063564073120967,-3.063564073120967,-3.063564073120967,-3.063564073120967,0.0,-3.220579602825154,-3.220579602825154,0.0,0.2835,-5.724288200715521,-2.5925174840084053,-3.220579602825154,7.485915492957746,4.0,7.256149540137569,136.0,0.6373399646939865,7.0,440.0,450.0,1,dro_minimax_median,-3.063564073120967,-3.063564073120967,-3.220579602825154,7.256149540137569,136.0,0.6373399646939865,440.0,4.0,6.0,0.995,3142,0.16901408450704225,0.8309859154929577,True,COMPLETE
18,-4.022043102683407,1.1372454488917456,0.03254687396040987,450,1.0,"[-84.0, 0.0]",0.0,-84.0,0.7065,0.5,-4.022043102683407,-4.022043102683407,-4.022043102683407,-4.022043102683407,0.0,-4.651731592428672,-4.651731592428672,0.0,0.2935,-6.667889576135063,-2.132977633447608,-4.651731592428672,7.363013698630137,4.0,8.959922717248425,134.0,0.7460625240964152,7.0,437.0,450.0,1,dro_minimax_median,-4.022043102683407,-4.022043102683407,-4.651731592428672,8.959922717248425,134.0,0.7460625240964152,437.0,4.0,6.0,0.995,3142,0.14925373134328357,0.8507462686567164,True,COMPLETE
19,-3.846758531510438,1.51821813072076,0.07500505984483133,425,1.0,"[-71.0, 0.0]",0.0,-71.0,0.7205,0.5,-3.846758531510438,-3.846758531510438,-3.846758531510438,-3.846758531510438,0.0,-5.068663943591604,-5.068663943591604,0.0,0.27949999999999997,-5.231892566408962,-0.18104229526693846,-5.068663943591604,7.15,4.0,6.589964414079974,121.0,0.6521627759721266,7.0,402.0,425.0,1,dro_minimax_median,-3.846758531510438,-3.846758531510438,-5.068663943591604,6.589964414079974,121.0,0.6521627759721266,402.0,4.0,6.0,0.995,3142,0.1702127659574468,0.8297872340425532,True,COMPLETE
20,-3.671794130756105,0.5150871269243712,0.13418917623981355,400,1.0,"[-77.0, 0.0]",0.0,-77.0,0.7225,0.5,-3.671794130756105,-3.671794130756105,-3.671794130756105,-3.671794130756105,0.0,-5.113756790497925,-5.113756790497925,0.0,0.27749999999999997,-4.491624555349331,0.6540938484693578,-5.113756790497925,7.536231884057971,4.0,8.418637798941031,127.0,0.6765644831082325,8.0,411.0,400.0,1,dro_minimax_median,-3.671794130756105,-3.671794130756105,-5.113756790497925,8.418637798941031,127.0,0.6765644831082325,411.0,4.0,6.0,0.995,3142,0.17123287671232876,0.8287671232876712,True,COMPLETE
21,-3.328891942169591,13.359510643845029,0.0063258329397692424,300,1.0,"[-57.0, 0.0]",0.0,-57.0,0.7405,0.5,-3.328891942169591,-3.328891942169591,-3.328891942169591,-3.328891942169591,0.0,-4.257290198852322,-4.257290198852322,0.0,0.25949999999999995,-4.755956056633633,-0.5436971721213971,-4.257290198852322,8.55813953488372,4.0,7.380776929216159,107.0,0.7902116402508698,8.0,388.0,300.0,1,dro_minimax_median,-3.328891942169591,-3.328891942169591,-4.257290198852322,7.380776929216159,107.0,0.7902116402508698,388.0,4.0,7.0,0.995,3142,0.15503875968992248,0.8449612403100775,True,COMPLETE
22,-5.143252243626531,0.5136902927806374,0.06507852160042354,450,1.0,"[-92.0, 0.0]",0.0,-92.0,0.7025,0.5,-5.143252243626531,-5.143252243626531,-5.143252243626531,-5.143252243626531,0.0,-5.915971725629724,-5.915971725629724,0.0,0.2975,-8.576021579742973,-2.825093797616951,-5.915971725629724,7.162162162162162,4.0,10.582494809765707,142.0,0.6400845343612676,7.0,472.0,450.0,1,dro_minimax_median,-5.143252243626531,-5.143252243626531,-5.915971725629724,10.582494809765707,142.0,0.6400845343612676,472.0,4.0,5.0,0.995,3142,0.11971830985915492,0.8802816901408451,True,COMPLETE
23,-3.8063706779859596,0.947490699562674,0.15582723092853526,450,1.0,"[-77.0, 0.0]",0.0,-77.0,0.7165,0.5,-3.8063706779859596,-3.8063706779859596,-3.8063706779859596,-3.8063706779859596,0.0,-4.3402294162725745,-4.3402294162725745,0.0,0.2835,-6.454998083342759,-2.2047944631261145,-4.3402294162725745,7.418439716312057,4.0,9.662144574854182,127.0,0.6643190742797579,8.0,414.0,450.0,1,dro_minimax_median,-3.8063706779859596,-3.8063706779859596,-4.3402294162725745,9.662144574854182,127.0,0.6643190742797579,414.0,4.0,7.0,0.995,3142,0.1780821917808219,0.821917808219178,True,COMPLETE
24,-3.3663014406400102,29.05641198995507,0.03999187132708639,350,1.0,"[-76.0, 0.0]",0.0,-76.0,0.7465,0.5,-3.3663014406400102,-3.3663014406400102,-3.3663014406400102,-3.3663014406400102,0.0,-4.269687962885016,-4.269687962885016,0.0,0.25349999999999995,-4.898506256129316,-0.6561418739049918,-4.269687962885016,7.761904761904762,4.0,7.8388309390216016,126.0,0.6690988719262966,9.0,389.0,350.0,1,dro_minimax_median,-3.3663014406400102,-3.3663014406400102,-4.269687962885016,7.8388309390216016,126.0,0.6690988719262966,389.0,4.0,6.0,0.995,3142,0.1889763779527559,0.8110236220472441,True,COMPLETE
25,-2.550198045709717,0.6147030142069727,0.02870714672154057,350,1.0,"[-87.0, 0.0]",0.0,-87.0,0.7195,0.5,-2.550198045709717,-2.550198045709717,-2.550198045709717,-2.550198045709717,0.0,-2.974229785024884,-2.974229785024884,0.0,0.28049999999999997,-4.212071050885835,-1.278102827764216,-2.974229785024884,6.885714285714286,4.0,7.5117426477110065,137.0,0.7453708466132205,8.0,444.0,350.0,1,dro_minimax_median,-2.550198045709717,-2.550198045709717,-2.974229785024884,7.5117426477110065,137.0,0.7453708466132205,444.0,4.0,5.0,0.995,3142,0.1357142857142857,0.8642857142857143,True,COMPLETE
26,-4.20528187714631,0.8565575756929086,0.022247534756003908,325,1.0,"[-95.0, 0.0]",0.0,-95.0,0.7085,0.5,-4.20528187714631,-4.20528187714631,-4.20528187714631,-4.20528187714631,0.0,-4.681419278326571,-4.681419278326571,0.0,0.2915,-7.298241330316457,-2.776869673605527,-4.681419278326571,6.63013698630137,4.0,10.277355243573849,145.0,0.5703054129644454,8.5,439.0,325.0,1,dro_minimax_median,-4.20528187714631,-4.20528187714631,-4.681419278326571,10.277355243573849,145.0,0.5703054129644454,439.0,4.0,5.0,0.995,3142,0.12837837837837837,0.8716216216216216,True,COMPLETE
27,-4.796093615983414,13.410734860713939,0.12074011428428336,175,1.0,"[-71.0, 0.0]",0.0,-71.0,0.7565,0.5,-4.796093615983414,-4.796093615983414,-4.796093615983414,-4.796093615983414,0.0,-5.543258280109975,-5.543258280109975,0.0,0.24350000000000005,-7.91945223777936,-2.5545996236037336,-5.543258280109975,8.586776859504132,4.0,9.402285863766835,121.0,0.6648497889485446,8.0,376.0,175.0,1,dro_minimax_median,-4.796093615983414,-4.796093615983414,-5.543258280109975,9.402285863766835,121.0,0.6648497889485446,376.0,4.0,9.0,0.995,3142,0.2396694214876033,0.7603305785123967,True,COMPLETE
28,-3.196543250043657,20.153753630648733,0.006200726226252816,425,1.0,"[-66.0, 0.0]",0.0,-66.0,0.74,0.5,-3.196543250043657,-3.196543250043657,-3.196543250043657,-3.196543250043657,0.0,-4.6045539971251275,-4.6045539971251275,0.0,0.26,-3.649430709452646,1.0274889912007534,-4.6045539971251275,8.361538461538462,4.0,7.134508089709646,116.0,0.7352511097739672,10.0,376.0,425.0,1,dro_minimax_median,-3.196543250043657,-3.196543250043657,-4.6045539971251275,7.134508089709646,116.0,0.7352511097739672,376.0,4.0,9.0,0.995,3142,0.23076923076923078,0.7692307692307693,True,COMPLETE
29,-5.062335040480631,0.5292452798573162,0.018360311156849076,375,1.0,"[-76.0, 0.0]",0.0,-76.0,0.7445,0.5,-5.062335040480631,-5.062335040480631,-5.062335040480631,-5.062335040480631,0.0,-5.9013857939408245,-5.9013857939408245,0.0,0.25549999999999995,-8.295474289705222,-2.5451827801000526,-5.9013857939408245,7.904761904761905,4.0,12.434412465154576,126.0,0.6312529128131609,7.5,407.0,375.0,1,dro_minimax_median,-5.062335040480631,-5.062335040480631,-5.9013857939408245,12.434412465154576,126.0,0.6312529128131609,407.0,4.0,6.0,0.995,3142,0.1746031746031746,0.8253968253968254,True,COMPLETE
30,-4.3140012718592775,0.5254879944538777,0.006998443110557632,450,1.0,"[-91.0, 0.0]",0.0,-91.0,0.708,0.5,-4.3140012718592775,-4.3140012718592775,-4.3140012718592775,-4.3140012718592775,0.0,-4.977846219941942,-4.977846219941942,0.0,0.29200000000000004,-7.202040159896835,-2.322466427611284,-4.977846219941942,6.876712328767123,4.0,8.020628200539248,141.0,0.6356248574563195,7.0,463.0,450.0,1,dro_minimax_median,-4.3140012718592775,-4.3140012718592775,-4.977846219941942,8.020628200539248,141.0,0.6356248574563195,463.0,4.0,4.75,0.995,3142,0.14383561643835616,0.8561643835616438,True,COMPLETE
31,-3.7744525810036196,25.170347094208008,0.007365846117467749,450,1.0,"[-76.0, 0.0]",0.0,-76.0,0.7425,0.5,-3.7744525810036196,-3.7744525810036196,-3.7744525810036196,-3.7744525810036196,0.0,-5.122329941024462,-5.122329941024462,0.0,0.25749999999999995,-4.887854970160614,0.2691794990589062,-5.122329941024462,8.380597014925373,4.0,6.106192390220599,126.0,0.7746098211271132,8.0,389.0,450.0,1,dro_minimax_median,-3.7744525810036196,-3.7744525810036196,-5.122329941024462,6.106192390220599,126.0,0.7746098211271132,389.0,4.0,6.0,0.995,3142,0.18253968253968253,0.8174603174603174,True,COMPLETE
