number,value,params_lambda_prior,params_one_minus_gamma,params_ucb_alpha,user_attrs_all_symbols_active_share,user_attrs_all_symbols_have_long_share,user_attrs_calmar_drawdown_floor_abs,user_attrs_calmar_drawdown_floor_applied,user_attrs_calmar_like,user_attrs_constraint_drawdown_ok,user_attrs_constraint_finite_objective_return_ok,user_attrs_constraint_max_trades_ok,user_attrs_constraint_min_trades_ok,user_attrs_constraint_profit_factor_ok,user_attrs_constraint_symbols_active_ok,user_attrs_constraint_symbols_have_long_ok,user_attrs_constraint_value_all_symbols_active,user_attrs_constraint_value_all_symbols_have_long,user_attrs_constraint_value_drawdown,user_attrs_constraint_value_finite_objective_return,user_attrs_constraint_value_max_trades,user_attrs_constraint_value_min_trades,user_attrs_constraint_value_profit_factor,user_attrs_constraints_values,user_attrs_diagnostic_mean_of_seed_mean_return_pct,user_attrs_diagnostic_median_mean_turnover,user_attrs_effective_drawdown_abs_for_calmar,user_attrs_invalid_score,user_attrs_max_drawdown_abs,user_attrs_max_seed_median_return_pct,user_attrs_max_total_trades,user_attrs_mean_of_seed_mean_return_pct,user_attrs_mean_of_seed_median_return_pct,user_attrs_mean_seed_half_return_gap_pct,user_attrs_mean_seed_max_half_median_return_pct,user_attrs_mean_seed_min_half_median_return_pct,user_attrs_mean_seed_second_minus_first_half_median_return_pct,user_attrs_mean_seed_val_first_max_drawdown_abs,user_attrs_mean_seed_val_first_mean_constraint_applied_ratio,user_attrs_mean_seed_val_first_mean_executed_action_1_ratio,user_attrs_mean_seed_val_first_mean_return_pct,user_attrs_mean_seed_val_first_mean_threshold_applied_ratio,user_attrs_mean_seed_val_first_mean_turnover,user_attrs_mean_seed_val_first_median_profit_factor,user_attrs_mean_seed_val_first_median_return_pct,user_attrs_mean_seed_val_first_positive_return_symbols,user_attrs_mean_seed_val_first_total_trade_events,user_attrs_mean_seed_val_first_total_trades,user_attrs_mean_seed_val_second_max_drawdown_abs,user_attrs_mean_seed_val_second_mean_constraint_applied_ratio,user_attrs_mean_seed_val_second_mean_executed_action_1_ratio,user_attrs_mean_seed_val_second_mean_return_pct,user_attrs_mean_seed_val_second_mean_threshold_applied_ratio,user_attrs_mean_seed_val_second_mean_turnover,user_attrs_mean_seed_val_second_median_profit_factor,user_attrs_mean_seed_val_second_median_return_pct,user_attrs_mean_seed_val_second_positive_return_symbols,user_attrs_mean_seed_val_second_total_trade_events,user_attrs_mean_seed_val_second_total_trades,user_attrs_median_active_symbols,user_attrs_median_long_action_symbols,user_attrs_median_max_drawdown_abs,user_attrs_median_mean_turnover,user_attrs_median_of_seed_mean_return_pct,user_attrs_median_of_seed_median_return_pct,user_attrs_median_positive_return_symbols,user_attrs_median_profit_factor,user_attrs_median_seed_half_return_gap_pct,user_attrs_median_seed_max_half_median_return_pct,user_attrs_median_seed_min_half_median_return_pct,user_attrs_median_seed_second_minus_first_half_median_return_pct,user_attrs_median_seed_val_first_max_drawdown_abs,user_attrs_median_seed_val_first_mean_constraint_applied_ratio,user_attrs_median_seed_val_first_mean_executed_action_1_ratio,user_attrs_median_seed_val_first_mean_return_pct,user_attrs_median_seed_val_first_mean_threshold_applied_ratio,user_attrs_median_seed_val_first_mean_turnover,user_attrs_median_seed_val_first_median_profit_factor,user_attrs_median_seed_val_first_median_return_pct,user_attrs_median_seed_val_first_positive_return_symbols,user_attrs_median_seed_val_first_total_trade_events,user_attrs_median_seed_val_first_total_trades,user_attrs_median_seed_val_second_max_drawdown_abs,user_attrs_median_seed_val_second_mean_constraint_applied_ratio,user_attrs_median_seed_val_second_mean_executed_action_1_ratio,user_attrs_median_seed_val_second_mean_return_pct,user_attrs_median_seed_val_second_mean_threshold_applied_ratio,user_attrs_median_seed_val_second_mean_turnover,user_attrs_median_seed_val_second_median_profit_factor,user_attrs_median_seed_val_second_median_return_pct,user_attrs_median_seed_val_second_positive_return_symbols,user_attrs_median_seed_val_second_total_trade_events,user_attrs_median_seed_val_second_total_trades,user_attrs_median_total_trade_events,user_attrs_median_total_trades,user_attrs_memory_horizon,user_attrs_memory_horizon_bars,user_attrs_min_profit_factor,user_attrs_min_seed_median_return_pct,user_attrs_min_total_trades,user_attrs_n_seeds,user_attrs_objective_metric_name,user_attrs_objective_score,user_attrs_observed_all_symbols_active_share,user_attrs_observed_all_symbols_have_long_share,user_attrs_observed_mean_of_seed_mean_return_pct,user_attrs_observed_median_max_drawdown_abs,user_attrs_observed_median_of_seed_median_return_pct,user_attrs_observed_median_profit_factor,user_attrs_observed_median_total_trades,user_attrs_optuna_constraints_convention,user_attrs_required_all_symbols_active_share,user_attrs_required_all_symbols_have_long_share,user_attrs_seeds_used,user_attrs_std_of_seed_median_return_pct,user_attrs_valid,state
29,-1.3974230496649032,1.4050593276453662,0.00398894523088508,0.1974580383654871,1.0,1.0,1.0,False,-0.11769303380049373,True,True,True,True,True,True,True,0.0,0.0,-3.126544073681268,0.0,-131.0,-419.0,-0.015143821754903253,"[-3.126544073681268, -0.015143821754903253, -419.0, -131.0, 0.0, 0.0, 0.0]",0.8363736713295818,0.10429999999999999,11.873455926318732,-1000000.0,15.0,-1.3974230496649032,650.0,0.8363736713295818,-1.3974230496649032,5.428323864286099,2.0646674507523555,-3.3636564135337443,-5.428323864286099,4.245536861017641,0.058399999999999994,0.5096,4.584578955071031,0.10959999999999999,0.0854,1.4461622332712794,2.0646674507523555,3.0,427.0,212.0,10.414931769615098,0.11939999999999999,0.49560000000000004,-3.679876348593247,0.1026,0.1232,0.6390467196319382,-3.3636564135337443,0.0,616.0,307.0,5.0,5.0,11.873455926318732,0.10429999999999999,0.8363736713295818,-1.3974230496649032,2.0,0.8651438217549032,5.428323864286099,2.0646674507523555,-3.3636564135337443,-5.428323864286099,4.245536861017641,0.058399999999999994,0.5096,4.584578955071031,0.10959999999999999,0.0854,1.4461622332712794,2.0646674507523555,3.0,427.0,212.0,10.414931769615098,0.11939999999999999,0.49560000000000004,-3.679876348593247,0.1026,0.1232,0.6390467196319382,-3.3636564135337443,0.0,616.0,307.0,1043.0,519.0,250.6928378603275,250.6928378603256,0.85,-1.3974230496649032,100.0,1,median_of_seed_median_return_pct,-1.3974230496649032,1.0,1.0,0.8363736713295818,11.873455926318732,-1.3974230496649032,0.8651438217549032,519.0,feasible_if_all_values_le_0,1.0,1.0,3142,0.0,True,COMPLETE
30,1.1821886636397272,4.159398098375455,0.003599868561931043,0.151978783637235,1.0,1.0,1.0,False,0.11815790057097268,True,True,True,True,True,True,True,0.0,0.0,-4.994840311760328,0.0,-157.0,-393.0,-0.28752098696060047,"[-4.994840311760328, -0.28752098696060047, -393.0, -157.0, 0.0, 0.0, 0.0]",2.583932597744385,0.0991,10.005159688239672,-1000000.0,15.0,1.1821886636397272,650.0,2.583932597744385,1.1821886636397272,4.513938566101339,2.456477862979667,-2.057460703121672,-4.513938566101339,4.983762581168216,0.0524,0.5152000000000001,5.573102136270146,0.10540000000000001,0.07799999999999999,1.7123559223600473,2.456477862979667,5.0,390.0,194.0,10.005159688239672,0.11539999999999999,0.47140000000000004,-2.910072744528494,0.11339999999999999,0.1202,0.8059169600435117,-2.057460703121672,0.0,601.0,299.0,5.0,5.0,10.005159688239672,0.0991,2.583932597744385,1.1821886636397272,3.0,1.1375209869606004,4.513938566101339,2.456477862979667,-2.057460703121672,-4.513938566101339,4.983762581168216,0.0524,0.5152000000000001,5.573102136270146,0.10540000000000001,0.07799999999999999,1.7123559223600473,2.456477862979667,5.0,390.0,194.0,10.005159688239672,0.11539999999999999,0.47140000000000004,-2.910072744528494,0.11339999999999999,0.1202,0.8059169600435117,-2.057460703121672,0.0,601.0,299.0,991.0,493.0,277.7879199743836,277.787919974382,0.85,1.1821886636397272,100.0,1,median_of_seed_median_return_pct,1.1821886636397272,1.0,1.0,2.583932597744385,10.005159688239672,1.1821886636397272,1.1375209869606004,493.0,feasible_if_all_values_le_0,1.0,1.0,3142,0.0,True,COMPLETE
31,0.8936765285318282,8.90913455599164,0.003490882153779121,0.16736080072047832,1.0,1.0,1.0,False,0.1109018207892384,True,True,True,True,True,True,True,0.0,0.0,-6.941732586787717,0.0,-183.0,-367.0,-0.2500316961607568,"[-6.941732586787717, -0.2500316961607568, -367.0, -183.0, 0.0, 0.0, 0.0]",4.625657556576628,0.0939,8.058267413212283,-1000000.0,15.0,0.8936765285318282,650.0,4.625657556576628,0.8936765285318282,5.895528416770612,3.4368530025495225,-2.45867541422109,-5.895528416770612,4.255360058471435,0.0448,0.5314,7.2387041476833245,0.1214,0.0754,1.889572501112441,3.4368530025495225,5.0,377.0,188.0,7.981299982378276,0.0998,0.4692,-2.5106459168698314,0.11499999999999999,0.11239999999999999,0.743728615644401,-2.45867541422109,1.0,562.0,279.0,5.0,5.0,8.058267413212283,0.0939,4.625657556576628,0.8936765285318282,3.0,1.1000316961607568,5.895528416770612,3.4368530025495225,-2.45867541422109,-5.895528416770612,4.255360058471435,0.0448,0.5314,7.2387041476833245,0.1214,0.0754,1.889572501112441,3.4368530025495225,5.0,377.0,188.0,7.981299982378276,0.0998,0.4692,-2.5106459168698314,0.11499999999999999,0.11239999999999999,0.743728615644401,-2.45867541422109,1.0,562.0,279.0,939.0,467.0,286.46054376754915,286.4605437675485,0.85,0.8936765285318282,100.0,1,median_of_seed_median_return_pct,0.8936765285318282,1.0,1.0,4.625657556576628,8.058267413212283,0.8936765285318282,1.1000316961607568,467.0,feasible_if_all_values_le_0,1.0,1.0,3142,0.0,True,COMPLETE
32,1.7396868405643806,7.763639883124202,0.0030627949110016463,0.1755368958140642,1.0,1.0,1.0,False,0.22703651684549922,True,True,True,True,True,True,True,0.0,0.0,-7.337413977557381,0.0,-186.0,-364.0,-0.2598451855835485,"[-7.337413977557381, -0.2598451855835485, -364.0, -186.0, 0.0, 0.0, 0.0]",5.485402658079927,0.09330000000000001,7.662586022442619,-1000000.0,15.0,1.7396868405643806,650.0,5.485402658079927,1.7396868405643806,3.9753299838987344,3.236062964787134,-0.7392670191116002,-3.9753299838987344,4.495780348242018,0.047799999999999995,0.5258,6.893385011683799,0.1318,0.0772,1.9252865908602708,3.236062964787134,5.0,386.0,192.0,7.662586022442619,0.1012,0.48200000000000004,-1.329359829363852,0.1254,0.10939999999999998,0.8821473447088564,-0.7392670191116002,1.0,547.0,272.0,5.0,5.0,7.662586022442619,0.09330000000000001,5.485402658079927,1.7396868405643806,4.0,1.1098451855835485,3.9753299838987344,3.236062964787134,-0.7392670191116002,-3.9753299838987344,4.495780348242018,0.047799999999999995,0.5258,6.893385011683799,0.1318,0.0772,1.9252865908602708,3.236062964787134,5.0,386.0,192.0,7.662586022442619,0.1012,0.48200000000000004,-1.329359829363852,0.1254,0.10939999999999998,0.8821473447088564,-0.7392670191116002,1.0,547.0,272.0,933.0,464.0,326.4991712007786,326.49917120077305,0.85,1.7396868405643806,100.0,1,median_of_seed_median_return_pct,1.7396868405643806,1.0,1.0,5.485402658079927,7.662586022442619,1.7396868405643806,1.1098451855835485,464.0,feasible_if_all_values_le_0,1.0,1.0,3142,0.0,True,COMPLETE
33,2.4109918223156557,4.463175611964863,0.002866875633546519,0.08851414388340334,1.0,1.0,1.0,False,0.19321667845067877,True,True,True,True,True,True,True,0.0,0.0,-2.521823469648897,0.0,-189.0,-361.0,-0.4876377138816178,"[-2.521823469648897, -0.4876377138816178, -361.0, -189.0, 0.0, 0.0, 0.0]",3.5186256055849503,0.0927,12.478176530351103,-1000000.0,15.0,2.4109918223156557,650.0,3.5186256055849503,2.4109918223156557,4.905268052371992,2.8695671740314177,-2.035700878340574,-4.905268052371992,4.930916838614785,0.052600000000000015,0.5004000000000001,5.930848943766935,0.123,0.0774,1.5658031749920713,2.8695671740314177,4.0,387.0,192.0,10.55078089039121,0.0926,0.45499999999999996,-2.3522114435213726,0.10759999999999999,0.10799999999999998,0.7088687558358845,-2.035700878340574,1.0,540.0,269.0,5.0,5.0,12.478176530351103,0.0927,3.5186256055849503,2.4109918223156557,3.0,1.3376377138816178,4.905268052371992,2.8695671740314177,-2.035700878340574,-4.905268052371992,4.930916838614785,0.052600000000000015,0.5004000000000001,5.930848943766935,0.123,0.0774,1.5658031749920713,2.8695671740314177,4.0,387.0,192.0,10.55078089039121,0.0926,0.45499999999999996,-2.3522114435213726,0.10759999999999999,0.10799999999999998,0.7088687558358845,-2.035700878340574,1.0,540.0,269.0,927.0,461.0,348.81178251982016,348.8117825198244,0.85,2.4109918223156557,100.0,1,median_of_seed_median_return_pct,2.4109918223156557,1.0,1.0,3.5186256055849503,12.478176530351103,2.4109918223156557,1.3376377138816178,461.0,feasible_if_all_values_le_0,1.0,1.0,3142,0.0,True,COMPLETE
34,1.8661536146022728,3.814187674069306,0.003070321414519446,0.15376050996560825,1.0,1.0,1.0,False,0.14741307047628563,True,True,True,True,True,True,True,0.0,0.0,-2.340650265456066,0.0,-159.0,-391.0,-0.33833971082106673,"[-2.340650265456066, -0.33833971082106673, -391.0, -159.0, 0.0, 0.0, 0.0]",3.025894508749769,0.09869999999999998,12.659349734543934,-1000000.0,15.0,1.8661536146022728,650.0,3.025894508749769,1.8661536146022728,5.545703385522027,3.755104924173014,-1.7905984613490133,-5.545703385522027,6.033333219289705,0.059399999999999994,0.5178,5.426938588963397,0.1232,0.0818,1.3571420460572299,3.755104924173014,4.0,409.0,203.0,10.10848790191038,0.10900000000000001,0.4676,-2.3103692071972164,0.1036,0.1156,0.7520206951265075,-1.7905984613490133,2.0,578.0,288.0,5.0,5.0,12.659349734543934,0.09869999999999998,3.025894508749769,1.8661536146022728,4.0,1.1883397108210667,5.545703385522027,3.755104924173014,-1.7905984613490133,-5.545703385522027,6.033333219289705,0.059399999999999994,0.5178,5.426938588963397,0.1232,0.0818,1.3571420460572299,3.755104924173014,4.0,409.0,203.0,10.10848790191038,0.10900000000000001,0.4676,-2.3103692071972164,0.1036,0.1156,0.7520206951265075,-1.7905984613490133,2.0,578.0,288.0,987.0,491.0,325.6987998947061,325.69879989470445,0.85,1.8661536146022728,100.0,1,median_of_seed_median_return_pct,1.8661536146022728,1.0,1.0,3.025894508749769,12.659349734543934,1.8661536146022728,1.1883397108210667,491.0,feasible_if_all_values_le_0,1.0,1.0,3142,0.0,True,COMPLETE
35,0.742220024434892,0.9113766669687814,0.003829969534710914,0.02525300271415733,1.0,1.0,1.0,False,0.06533155986897746,True,True,True,True,True,True,True,0.0,0.0,-3.639181034045178,0.0,-178.0,-372.0,-0.20486443530005183,"[-3.639181034045178, -0.20486443530005183, -372.0, -178.0, 0.0, 0.0, 0.0]",1.6206326516942204,0.09489999999999998,11.360818965954822,-1000000.0,15.0,0.742220024434892,650.0,1.6206326516942204,0.742220024434892,2.9124759855806093,1.8372253934686,-1.0752505921120092,-2.9124759855806093,4.990862200806523,0.06040000000000001,0.44139999999999996,3.781816421072861,0.08220000000000001,0.07999999999999999,1.3619235537281882,1.8372253934686,3.0,400.0,199.0,8.853682273559283,0.1196,0.441,-2.1524639565549526,0.07060000000000001,0.10979999999999998,0.8722857991236568,-1.0752505921120092,1.0,549.0,273.0,5.0,5.0,11.360818965954822,0.09489999999999998,1.6206326516942204,0.742220024434892,3.0,1.0548644353000518,2.9124759855806093,1.8372253934686,-1.0752505921120092,-2.9124759855806093,4.990862200806523,0.06040000000000001,0.44139999999999996,3.781816421072861,0.08220000000000001,0.07999999999999999,1.3619235537281882,1.8372253934686,3.0,400.0,199.0,8.853682273559283,0.1196,0.441,-2.1524639565549526,0.07060000000000001,0.10979999999999998,0.8722857991236568,-1.0752505921120092,1.0,549.0,273.0,949.0,472.0,261.0986826231974,261.0986826231963,0.85,0.742220024434892,100.0,1,median_of_seed_median_return_pct,0.742220024434892,1.0,1.0,1.6206326516942204,11.360818965954822,0.742220024434892,1.0548644353000518,472.0,feasible_if_all_values_le_0,1.0,1.0,3142,0.0,True,COMPLETE
36,-0.4025135344339348,0.3745395393759245,0.003446200187850814,0.23718706400380798,1.0,1.0,1.0,False,-0.03258417895943421,True,True,True,True,True,True,True,0.0,0.0,-2.6469640393564795,0.0,-121.0,-429.0,-0.09923718390096192,"[-2.6469640393564795, -0.09923718390096192, -429.0, -121.0, 0.0, 0.0, 0.0]",0.3661484985457619,0.10629999999999999,12.35303596064352,-1000000.0,15.0,-0.4025135344339348,650.0,0.3661484985457619,-0.4025135344339348,3.94428339033831,1.773703961056694,-2.170579429281616,-3.94428339033831,4.919259265402154,0.0696,0.5192,4.291430828468126,0.1072,0.0898,1.2667842989619895,1.773703961056694,3.0,449.0,223.0,10.253416102062374,0.12359999999999997,0.5046,-3.805797917183491,0.10700000000000001,0.12279999999999999,0.7146123477685861,-2.170579429281616,0.0,614.0,306.0,5.0,5.0,12.35303596064352,0.10629999999999999,0.3661484985457619,-0.4025135344339348,2.0,0.9492371839009619,3.94428339033831,1.773703961056694,-2.170579429281616,-3.94428339033831,4.919259265402154,0.0696,0.5192,4.291430828468126,0.1072,0.0898,1.2667842989619895,1.773703961056694,3.0,449.0,223.0,10.253416102062374,0.12359999999999997,0.5046,-3.805797917183491,0.10700000000000001,0.12279999999999999,0.7146123477685861,-2.170579429281616,0.0,614.0,306.0,1063.0,529.0,290.1746693431757,290.17466934317684,0.85,-0.4025135344339348,100.0,1,median_of_seed_median_return_pct,-0.4025135344339348,1.0,1.0,0.3661484985457619,12.35303596064352,-0.4025135344339348,0.9492371839009619,529.0,feasible_if_all_values_le_0,1.0,1.0,3142,0.0,True,COMPLETE
37,0.8769323403656326,6.9928946344585015,0.0029335633018268614,0.11544779985456324,1.0,1.0,1.0,False,0.07630569388428105,True,True,True,True,True,True,True,0.0,0.0,-3.507642146659249,0.0,-181.0,-369.0,-0.26917293966478273,"[-3.507642146659249, -0.26917293966478273, -369.0, -181.0, 0.0, 0.0, 0.0]",2.964301507087183,0.09430000000000001,11.492357853340751,-1000000.0,15.0,0.8769323403656326,650.0,2.964301507087183,0.8769323403656326,3.314229952446379,2.3144453449453595,-0.9997846075010197,-3.314229952446379,4.38240132861436,0.053000000000000005,0.5264,5.515056132439,0.1306,0.0814,1.3583352983680772,2.3144453449453595,4.0,407.0,202.0,10.117932922863016,0.0998,0.4606,-2.499531256468466,0.1026,0.10719999999999999,0.8352283654275324,-0.9997846075010197,0.0,536.0,267.0,5.0,5.0,11.492357853340751,0.09430000000000001,2.964301507087183,0.8769323403656326,3.0,1.1191729396647827,3.314229952446379,2.3144453449453595,-0.9997846075010197,-3.314229952446379,4.38240132861436,0.053000000000000005,0.5264,5.515056132439,0.1306,0.0814,1.3583352983680772,2.3144453449453595,4.0,407.0,202.0,10.117932922863016,0.0998,0.4606,-2.499531256468466,0.1026,0.10719999999999999,0.8352283654275324,-0.9997846075010197,0.0,536.0,267.0,943.0,469.0,340.8823662940067,340.8823662940123,0.85,0.8769323403656326,100.0,1,median_of_seed_median_return_pct,0.8769323403656326,1.0,1.0,2.964301507087183,11.492357853340751,0.8769323403656326,1.1191729396647827,469.0,feasible_if_all_values_le_0,1.0,1.0,3142,0.0,True,COMPLETE
38,1.2957179636218008,0.8062626261112279,0.003527154178128813,0.14346943917642818,1.0,1.0,1.0,False,0.09251506254886162,True,True,True,True,True,True,True,0.0,0.0,-0.9945188607804223,0.0,-140.0,-410.0,-0.16446916969999326,"[-0.9945188607804223, -0.16446916969999326, -410.0, -140.0, 0.0, 0.0, 0.0]",-0.32717501322040654,0.1025,14.005481139219578,-1000000.0,15.0,1.2957179636218008,650.0,-0.32717501322040654,1.2957179636218008,5.668351962058771,2.411589220856447,-3.2567627412023237,-5.668351962058771,4.761932195168295,0.06360000000000002,0.5182,4.215899032355163,0.1056,0.08199999999999999,1.4020977999890736,2.411589220856447,3.0,410.0,204.0,12.16249544966802,0.1298,0.4857999999999999,-4.4243498829868795,0.10159999999999998,0.12299999999999997,0.6748562339892358,-3.2567627412023237,0.0,615.0,306.0,5.0,5.0,14.005481139219578,0.1025,-0.32717501322040654,1.2957179636218008,3.0,1.0144691696999932,5.668351962058771,2.411589220856447,-3.2567627412023237,-5.668351962058771,4.761932195168295,0.06360000000000002,0.5182,4.215899032355163,0.1056,0.08199999999999999,1.4020977999890736,2.411589220856447,3.0,410.0,204.0,12.16249544966802,0.1298,0.4857999999999999,-4.4243498829868795,0.10159999999999998,0.12299999999999997,0.6748562339892358,-3.2567627412023237,0.0,615.0,306.0,1025.0,510.0,283.51468336734547,283.5146833673492,0.85,1.2957179636218008,100.0,1,median_of_seed_median_return_pct,1.2957179636218008,1.0,1.0,-0.32717501322040654,14.005481139219578,1.2957179636218008,1.0144691696999932,510.0,feasible_if_all_values_le_0,1.0,1.0,3142,0.0,True,COMPLETE
