number,value,params_lambda_prior,params_one_minus_gamma,params_ucb_alpha,user_attrs_all_symbols_active_share,user_attrs_all_symbols_have_long_share,user_attrs_calmar_drawdown_floor_abs,user_attrs_calmar_drawdown_floor_applied,user_attrs_calmar_like,user_attrs_constraint_drawdown_ok,user_attrs_constraint_finite_objective_return_ok,user_attrs_constraint_max_trades_ok,user_attrs_constraint_min_trades_ok,user_attrs_constraint_profit_factor_ok,user_attrs_constraint_symbols_active_ok,user_attrs_constraint_symbols_have_long_ok,user_attrs_constraint_value_all_symbols_active,user_attrs_constraint_value_all_symbols_have_long,user_attrs_constraint_value_drawdown,user_attrs_constraint_value_finite_objective_return,user_attrs_constraint_value_max_trades,user_attrs_constraint_value_min_trades,user_attrs_constraint_value_profit_factor,user_attrs_constraints_values,user_attrs_diagnostic_mean_of_seed_mean_return_pct,user_attrs_diagnostic_median_mean_turnover,user_attrs_effective_drawdown_abs_for_calmar,user_attrs_invalid_score,user_attrs_max_drawdown_abs,user_attrs_max_seed_median_return_pct,user_attrs_max_total_trades,user_attrs_mean_of_seed_mean_return_pct,user_attrs_mean_of_seed_median_return_pct,user_attrs_mean_seed_half_return_gap_pct,user_attrs_mean_seed_max_half_median_return_pct,user_attrs_mean_seed_min_half_median_return_pct,user_attrs_mean_seed_second_minus_first_half_median_return_pct,user_attrs_mean_seed_val_first_max_drawdown_abs,user_attrs_mean_seed_val_first_mean_constraint_applied_ratio,user_attrs_mean_seed_val_first_mean_executed_action_1_ratio,user_attrs_mean_seed_val_first_mean_return_pct,user_attrs_mean_seed_val_first_mean_threshold_applied_ratio,user_attrs_mean_seed_val_first_mean_turnover,user_attrs_mean_seed_val_first_median_profit_factor,user_attrs_mean_seed_val_first_median_return_pct,user_attrs_mean_seed_val_first_positive_return_symbols,user_attrs_mean_seed_val_first_total_trade_events,user_attrs_mean_seed_val_first_total_trades,user_attrs_mean_seed_val_second_max_drawdown_abs,user_attrs_mean_seed_val_second_mean_constraint_applied_ratio,user_attrs_mean_seed_val_second_mean_executed_action_1_ratio,user_attrs_mean_seed_val_second_mean_return_pct,user_attrs_mean_seed_val_second_mean_threshold_applied_ratio,user_attrs_mean_seed_val_second_mean_turnover,user_attrs_mean_seed_val_second_median_profit_factor,user_attrs_mean_seed_val_second_median_return_pct,user_attrs_mean_seed_val_second_positive_return_symbols,user_attrs_mean_seed_val_second_total_trade_events,user_attrs_mean_seed_val_second_total_trades,user_attrs_median_active_symbols,user_attrs_median_long_action_symbols,user_attrs_median_max_drawdown_abs,user_attrs_median_mean_turnover,user_attrs_median_of_seed_mean_return_pct,user_attrs_median_of_seed_median_return_pct,user_attrs_median_positive_return_symbols,user_attrs_median_profit_factor,user_attrs_median_seed_half_return_gap_pct,user_attrs_median_seed_max_half_median_return_pct,user_attrs_median_seed_min_half_median_return_pct,user_attrs_median_seed_second_minus_first_half_median_return_pct,user_attrs_median_seed_val_first_max_drawdown_abs,user_attrs_median_seed_val_first_mean_constraint_applied_ratio,user_attrs_median_seed_val_first_mean_executed_action_1_ratio,user_attrs_median_seed_val_first_mean_return_pct,user_attrs_median_seed_val_first_mean_threshold_applied_ratio,user_attrs_median_seed_val_first_mean_turnover,user_attrs_median_seed_val_first_median_profit_factor,user_attrs_median_seed_val_first_median_return_pct,user_attrs_median_seed_val_first_positive_return_symbols,user_attrs_median_seed_val_first_total_trade_events,user_attrs_median_seed_val_first_total_trades,user_attrs_median_seed_val_second_max_drawdown_abs,user_attrs_median_seed_val_second_mean_constraint_applied_ratio,user_attrs_median_seed_val_second_mean_executed_action_1_ratio,user_attrs_median_seed_val_second_mean_return_pct,user_attrs_median_seed_val_second_mean_threshold_applied_ratio,user_attrs_median_seed_val_second_mean_turnover,user_attrs_median_seed_val_second_median_profit_factor,user_attrs_median_seed_val_second_median_return_pct,user_attrs_median_seed_val_second_positive_return_symbols,user_attrs_median_seed_val_second_total_trade_events,user_attrs_median_seed_val_second_total_trades,user_attrs_median_total_trade_events,user_attrs_median_total_trades,user_attrs_memory_horizon,user_attrs_memory_horizon_bars,user_attrs_min_profit_factor,user_attrs_min_seed_median_return_pct,user_attrs_min_total_trades,user_attrs_n_seeds,user_attrs_objective_metric_name,user_attrs_objective_score,user_attrs_observed_all_symbols_active_share,user_attrs_observed_all_symbols_have_long_share,user_attrs_observed_mean_of_seed_mean_return_pct,user_attrs_observed_median_max_drawdown_abs,user_attrs_observed_median_of_seed_median_return_pct,user_attrs_observed_median_profit_factor,user_attrs_observed_median_total_trades,user_attrs_optuna_constraints_convention,user_attrs_required_all_symbols_active_share,user_attrs_required_all_symbols_have_long_share,user_attrs_seeds_used,user_attrs_std_of_seed_median_return_pct,user_attrs_valid,state
7,1.2092232831212524,0.79317899451327,0.0030112734778207323,0.15352522514476788,1.0,1.0,1.0,False,0.10359281013057746,True,True,True,True,True,True,True,0.0,0.0,-3.3271504885615,0.0,-147.0,-403.0,-0.31037637482677394,"[-3.3271504885615, -0.31037637482677394, -403.0, -147.0, 0.0, 0.0, 0.0]",1.5352389091518106,0.1011,11.6728495114385,-1000000.0,15.0,1.2092232831212524,650.0,1.5352389091518106,1.2092232831212524,5.018044475384609,2.1526530696173163,-2.8653914057672925,-5.018044475384609,4.4544079371744205,0.060399999999999995,0.5042,5.183178359331995,0.11159999999999999,0.08299999999999999,1.4227166413264345,2.1526530696173163,3.0,415.0,206.0,11.350654446988573,0.122,0.48200000000000004,-3.497430781591613,0.0996,0.1192,0.7402678480014664,-2.8653914057672925,0.0,596.0,297.0,5.0,5.0,11.6728495114385,0.1011,1.5352389091518106,1.2092232831212524,3.0,1.160376374826774,5.018044475384609,2.1526530696173163,-2.8653914057672925,-5.018044475384609,4.4544079371744205,0.060399999999999995,0.5042,5.183178359331995,0.11159999999999999,0.08299999999999999,1.4227166413264345,2.1526530696173163,3.0,415.0,206.0,11.350654446988573,0.122,0.48200000000000004,-3.497430781591613,0.0996,0.1192,0.7402678480014664,-2.8653914057672925,0.0,596.0,297.0,1011.0,503.0,332.08541414966504,332.08541414966766,0.85,1.2092232831212524,100.0,1,median_of_seed_median_return_pct,1.2092232831212524,1.0,1.0,1.5352389091518106,11.6728495114385,1.2092232831212524,1.160376374826774,503.0,feasible_if_all_values_le_0,1.0,1.0,3142,0.0,True,COMPLETE
8,1.5664392621742795,3.4614584571772786,0.0028762216995794057,0.03540412798638139,1.0,1.0,1.0,False,0.1567492364826004,True,True,True,True,True,True,True,0.0,0.0,-5.006718390949491,0.0,-222.0,-328.0,-0.464993301954124,"[-5.006718390949491, -0.464993301954124, -328.0, -222.0, 0.0, 0.0, 0.0]",4.94598774804315,0.0861,9.99328160905051,-1000000.0,15.0,1.5664392621742795,650.0,4.94598774804315,1.5664392621742795,2.9365527420703086,2.0094188529967916,-0.927133889073517,-2.9365527420703086,4.1097853736707375,0.046200000000000005,0.4992,6.893623245349718,0.1048,0.0722,1.4585130935804071,2.0094188529967916,5.0,361.0,179.0,9.792100352492595,0.08859999999999998,0.43479999999999996,-1.9182926087920271,0.10400000000000001,0.1,0.9295492633924839,-0.927133889073517,1.0,500.0,249.0,5.0,5.0,9.99328160905051,0.0861,4.94598774804315,1.5664392621742795,4.0,1.314993301954124,2.9365527420703086,2.0094188529967916,-0.927133889073517,-2.9365527420703086,4.1097853736707375,0.046200000000000005,0.4992,6.893623245349718,0.1048,0.0722,1.4585130935804071,2.0094188529967916,5.0,361.0,179.0,9.792100352492595,0.08859999999999998,0.43479999999999996,-1.9182926087920271,0.10400000000000001,0.1,0.9295492633924839,-0.927133889073517,1.0,500.0,249.0,861.0,428.0,347.6783448738432,347.67834487384977,0.85,1.5664392621742795,100.0,1,median_of_seed_median_return_pct,1.5664392621742795,1.0,1.0,4.94598774804315,9.99328160905051,1.5664392621742795,1.314993301954124,428.0,feasible_if_all_values_le_0,1.0,1.0,3142,0.0,True,COMPLETE
9,0.7902306055755703,1.5878414490220365,0.0026892165823509005,0.1368026505584583,1.0,1.0,1.0,False,0.08216947282987434,True,True,True,True,True,True,True,0.0,0.0,-5.3829174222441125,0.0,-170.0,-380.0,-0.25817149444898757,"[-5.3829174222441125, -0.25817149444898757, -380.0, -170.0, 0.0, 0.0, 0.0]",2.565248706951267,0.09649999999999999,9.617082577755887,-1000000.0,15.0,0.7902306055755703,650.0,2.565248706951267,0.7902306055755703,4.937868065483453,1.858764422916237,-3.079103642567216,-4.937868065483453,4.8868249223183895,0.05740000000000001,0.5128,5.045227252248896,0.1236,0.0802,1.3104217110177117,1.858764422916237,4.0,401.0,199.0,9.617082577755887,0.1062,0.45919999999999994,-2.3659509066201423,0.1112,0.11279999999999998,0.6802790257545512,-3.079103642567216,1.0,564.0,281.0,5.0,5.0,9.617082577755887,0.09649999999999999,2.565248706951267,0.7902306055755703,3.0,1.1081714944489875,4.937868065483453,1.858764422916237,-3.079103642567216,-4.937868065483453,4.8868249223183895,0.05740000000000001,0.5128,5.045227252248896,0.1236,0.0802,1.3104217110177117,1.858764422916237,4.0,401.0,199.0,9.617082577755887,0.1062,0.45919999999999994,-2.3659509066201423,0.1112,0.11279999999999998,0.6802790257545512,-3.079103642567216,1.0,564.0,281.0,965.0,480.0,371.85550861277403,371.8555086127763,0.85,0.7902306055755703,100.0,1,median_of_seed_median_return_pct,0.7902306055755703,1.0,1.0,2.565248706951267,9.617082577755887,0.7902306055755703,1.1081714944489875,480.0,feasible_if_all_values_le_0,1.0,1.0,3142,0.0,True,COMPLETE
10,2.783074016019804,8.809711308443557,0.0030315575012506185,0.16389490653026312,1.0,1.0,1.0,False,0.2820200260505703,True,True,True,True,True,True,True,0.0,0.0,-5.131644000625833,0.0,-180.0,-370.0,-0.5098677418212759,"[-5.131644000625833, -0.5098677418212759, -370.0, -180.0, 0.0, 0.0, 0.0]",3.9744987356376695,0.09449999999999999,9.868355999374167,-1000000.0,15.0,2.783074016019804,650.0,3.9744987356376695,2.783074016019804,5.625763318787902,4.313231927336014,-1.3125313914518877,-5.625763318787902,5.19676357685217,0.0422,0.5231999999999999,6.001768625263762,0.12840000000000001,0.0754,1.5817902961866543,4.313231927336014,4.0,377.0,187.0,8.87174482950166,0.1006,0.46180000000000004,-1.968485667236142,0.1226,0.11359999999999999,0.8262658987237744,-1.3125313914518877,1.0,568.0,283.0,5.0,5.0,9.868355999374167,0.09449999999999999,3.9744987356376695,2.783074016019804,3.0,1.359867741821276,5.625763318787902,4.313231927336014,-1.3125313914518877,-5.625763318787902,5.19676357685217,0.0422,0.5231999999999999,6.001768625263762,0.12840000000000001,0.0754,1.5817902961866543,4.313231927336014,4.0,377.0,187.0,8.87174482950166,0.1006,0.46180000000000004,-1.968485667236142,0.1226,0.11359999999999999,0.8262658987237744,-1.3125313914518877,1.0,568.0,283.0,945.0,470.0,329.86344464436735,329.86344464436775,0.85,2.783074016019804,100.0,1,median_of_seed_median_return_pct,2.783074016019804,1.0,1.0,3.9744987356376695,9.868355999374167,2.783074016019804,1.359867741821276,470.0,feasible_if_all_values_le_0,1.0,1.0,3142,0.0,True,COMPLETE
11,-1.1031160620018854,8.201972431288365,0.003997473150817109,0.15785193946525838,1.0,1.0,1.0,False,-0.10900457949806595,True,True,True,True,True,True,True,0.0,0.0,-4.880094331069294,0.0,-160.0,-390.0,-0.03681508836695391,"[-4.880094331069294, -0.03681508836695391, -390.0, -160.0, 0.0, 0.0, 0.0]",1.1938298887002243,0.0985,10.119905668930706,-1000000.0,15.0,-1.1031160620018854,650.0,1.1938298887002243,-1.1031160620018854,6.298621587088049,1.7620483038050638,-4.536573283282985,-6.298621587088049,5.187627487992453,0.0476,0.5189999999999999,4.912162308230859,0.1226,0.08199999999999999,1.363456941100224,1.7620483038050638,4.0,410.0,204.0,8.175446911287398,0.10819999999999999,0.476,-3.6027521952952837,0.10639999999999998,0.11499999999999999,0.6306008416072586,-4.536573283282985,0.0,575.0,286.0,5.0,5.0,10.119905668930706,0.0985,1.1938298887002243,-1.1031160620018854,2.0,0.8868150883669539,6.298621587088049,1.7620483038050638,-4.536573283282985,-6.298621587088049,5.187627487992453,0.0476,0.5189999999999999,4.912162308230859,0.1226,0.08199999999999999,1.363456941100224,1.7620483038050638,4.0,410.0,204.0,8.175446911287398,0.10819999999999999,0.476,-3.6027521952952837,0.10639999999999998,0.11499999999999999,0.6306008416072586,-4.536573283282985,0.0,575.0,286.0,985.0,490.0,250.1580279020995,250.15802790209943,0.85,-1.1031160620018854,100.0,1,median_of_seed_median_return_pct,-1.1031160620018854,1.0,1.0,1.1938298887002243,10.119905668930706,-1.1031160620018854,0.8868150883669539,490.0,feasible_if_all_values_le_0,1.0,1.0,3142,0.0,True,COMPLETE
12,0.8411721151166951,7.058669048013463,0.003293760811706499,0.2992699695078708,1.0,1.0,1.0,False,0.08901784178530958,True,True,True,True,True,True,True,0.0,0.0,-5.5505222520963,0.0,-138.0,-412.0,-0.23860654993679564,"[-5.5505222520963, -0.23860654993679564, -412.0, -138.0, 0.0, 0.0, 0.0]",1.7568279016481523,0.10289999999999999,9.4494777479037,-1000000.0,15.0,0.8411721151166951,650.0,1.7568279016481523,0.8411721151166951,5.252240839421574,3.095440455997145,-2.1568003834244287,-5.252240839421574,4.812679633452522,0.0504,0.5316,5.225979619661956,0.13540000000000002,0.0838,1.5495672660467965,3.095440455997145,4.0,419.0,208.0,9.4494777479037,0.11639999999999999,0.485,-3.382377650480257,0.1328,0.122,0.7056861114092591,-2.1568003834244287,0.0,610.0,304.0,5.0,5.0,9.4494777479037,0.10289999999999999,1.7568279016481523,0.8411721151166951,3.0,1.0886065499367956,5.252240839421574,3.095440455997145,-2.1568003834244287,-5.252240839421574,4.812679633452522,0.0504,0.5316,5.225979619661956,0.13540000000000002,0.0838,1.5495672660467965,3.095440455997145,4.0,419.0,208.0,9.4494777479037,0.11639999999999999,0.485,-3.382377650480257,0.1328,0.122,0.7056861114092591,-2.1568003834244287,0.0,610.0,304.0,1029.0,512.0,303.60431651437966,303.60431651437824,0.85,0.8411721151166951,100.0,1,median_of_seed_median_return_pct,0.8411721151166951,1.0,1.0,1.7568279016481523,9.4494777479037,0.8411721151166951,1.0886065499367956,512.0,feasible_if_all_values_le_0,1.0,1.0,3142,0.0,True,COMPLETE
13,1.2958199397022696,2.6515307638073407,0.0034820891069668033,0.0944909714614884,1.0,1.0,1.0,False,0.10599404416226448,True,True,True,True,True,True,True,0.0,0.0,-2.774596677163096,0.0,-151.0,-399.0,-0.3237978143832402,"[-2.774596677163096, -0.3237978143832402, -399.0, -151.0, 0.0, 0.0, 0.0]",2.683017418757838,0.10029999999999999,12.225403322836904,-1000000.0,15.0,1.2958199397022696,650.0,2.683017418757838,1.2958199397022696,3.303268512729385,1.756177588816188,-1.547090923913197,-3.303268512729385,4.759148644105227,0.07279999999999999,0.5078,5.859100255984375,0.1042,0.0884,1.3378206432992277,1.756177588816188,4.0,442.0,220.0,9.867876668863518,0.1082,0.45359999999999995,-3.100216047110753,0.09040000000000001,0.1122,0.8689434718315593,-1.547090923913197,0.0,561.0,279.0,5.0,5.0,12.225403322836904,0.10029999999999999,2.683017418757838,1.2958199397022696,3.0,1.1737978143832402,3.303268512729385,1.756177588816188,-1.547090923913197,-3.303268512729385,4.759148644105227,0.07279999999999999,0.5078,5.859100255984375,0.1042,0.0884,1.3378206432992277,1.756177588816188,4.0,442.0,220.0,9.867876668863518,0.1082,0.45359999999999995,-3.100216047110753,0.09040000000000001,0.1122,0.8689434718315593,-1.547090923913197,0.0,561.0,279.0,1003.0,499.0,287.18392013554336,287.18392013554444,0.85,1.2958199397022696,100.0,1,median_of_seed_median_return_pct,1.2958199397022696,1.0,1.0,2.683017418757838,12.225403322836904,1.2958199397022696,1.1737978143832402,499.0,feasible_if_all_values_le_0,1.0,1.0,3142,0.0,True,COMPLETE
14,0.2929416914113636,0.7989067649849334,0.003950191201207965,0.298173389386806,1.0,1.0,1.0,False,0.02524113622035718,True,True,True,True,True,True,True,0.0,0.0,-3.3942747721830457,0.0,-85.0,-465.0,-0.15739195791785876,"[-3.3942747721830457, -0.15739195791785876, -465.0, -85.0, 0.0, 0.0, 0.0]",1.906839533863851,0.1135,11.605725227816954,-1000000.0,15.0,0.2929416914113636,650.0,1.906839533863851,0.2929416914113636,2.750483707770257,1.0507925843136867,-1.6996911234565704,-2.750483707770257,4.496562279810867,0.07559999999999999,0.5359999999999999,5.075852269300877,0.1176,0.1004,1.1670490307593726,1.0507925843136867,4.0,502.0,250.0,8.980613172617936,0.12999999999999998,0.5076,-3.1011313851334092,0.1006,0.1266,0.7923529288800595,-1.6996911234565704,0.0,633.0,315.0,5.0,5.0,11.605725227816954,0.1135,1.906839533863851,0.2929416914113636,3.0,1.0073919579178587,2.750483707770257,1.0507925843136867,-1.6996911234565704,-2.750483707770257,4.496562279810867,0.07559999999999999,0.5359999999999999,5.075852269300877,0.1176,0.1004,1.1670490307593726,1.0507925843136867,4.0,502.0,250.0,8.980613172617936,0.12999999999999998,0.5076,-3.1011313851334092,0.1006,0.1266,0.7923529288800595,-1.6996911234565704,0.0,633.0,315.0,1135.0,565.0,253.1523030313573,253.1523030313559,0.85,0.2929416914113636,100.0,1,median_of_seed_median_return_pct,0.2929416914113636,1.0,1.0,1.906839533863851,11.605725227816954,0.2929416914113636,1.0073919579178587,565.0,feasible_if_all_values_le_0,1.0,1.0,3142,0.0,True,COMPLETE
15,2.0842324227352105,7.903954225817672,0.0036644935104652005,0.0469018134113964,1.0,1.0,1.0,False,0.18112216698913874,True,True,True,True,True,True,True,0.0,0.0,-3.492670679783803,0.0,-182.0,-368.0,-0.2678238616987828,"[-3.492670679783803, -0.2678238616987828, -368.0, -182.0, 0.0, 0.0, 0.0]",3.195934433897001,0.09409999999999999,11.507329320216197,-1000000.0,15.0,2.0842324227352105,650.0,3.195934433897001,2.0842324227352105,0.7412974953848739,1.338614597104093,0.5973171017192191,-0.7412974953848739,4.448012216868779,0.053200000000000004,0.5166000000000001,4.7776328857499895,0.0992,0.08499999999999999,1.104081008270761,1.338614597104093,4.0,425.0,211.0,9.967097520578939,0.0872,0.4514,-1.5671230273829173,0.0838,0.10319999999999999,1.0121609197528274,0.5973171017192191,3.0,516.0,257.0,5.0,5.0,11.507329320216197,0.09409999999999999,3.195934433897001,2.0842324227352105,4.0,1.1178238616987828,0.7412974953848739,1.338614597104093,0.5973171017192191,-0.7412974953848739,4.448012216868779,0.053200000000000004,0.5166000000000001,4.7776328857499895,0.0992,0.08499999999999999,1.104081008270761,1.338614597104093,4.0,425.0,211.0,9.967097520578939,0.0872,0.4514,-1.5671230273829173,0.0838,0.10319999999999999,1.0121609197528274,0.5973171017192191,3.0,516.0,257.0,941.0,468.0,272.88900830201004,272.889008302013,0.85,2.0842324227352105,100.0,1,median_of_seed_median_return_pct,2.0842324227352105,1.0,1.0,3.195934433897001,11.507329320216197,2.0842324227352105,1.1178238616987828,468.0,feasible_if_all_values_le_0,1.0,1.0,3142,0.0,True,COMPLETE
16,1.6872703657991872,0.3853355439755788,0.0028797768920881327,0.02997465637253623,1.0,1.0,1.0,False,0.12858065562488877,True,True,True,True,True,True,True,0.0,0.0,-1.8777277763966396,0.0,-176.0,-374.0,-0.1788435918309238,"[-1.8777277763966396, -0.1788435918309238, -374.0, -176.0, 0.0, 0.0, 0.0]",2.057700927493742,0.09529999999999998,13.12227222360336,-1000000.0,15.0,1.6872703657991872,650.0,2.057700927493742,1.6872703657991872,5.883031969702335,2.7072384825596707,-3.175793487142664,-5.883031969702335,8.895111313033045,0.057999999999999996,0.43600000000000005,6.02727212832233,0.09119999999999999,0.078,1.3175787583850544,2.7072384825596707,3.0,390.0,194.0,11.027918806096803,0.11980000000000002,0.43339999999999995,-3.7512962308230713,0.0784,0.11259999999999999,0.8461522359623247,-3.175793487142664,0.0,563.0,280.0,5.0,5.0,13.12227222360336,0.09529999999999998,2.057700927493742,1.6872703657991872,3.0,1.0288435918309238,5.883031969702335,2.7072384825596707,-3.175793487142664,-5.883031969702335,8.895111313033045,0.057999999999999996,0.43600000000000005,6.02727212832233,0.09119999999999999,0.078,1.3175787583850544,2.7072384825596707,3.0,390.0,194.0,11.027918806096803,0.11980000000000002,0.43339999999999995,-3.7512962308230713,0.0784,0.11259999999999999,0.8461522359623247,-3.175793487142664,0.0,563.0,280.0,953.0,474.0,347.2491229259423,347.2491229259364,0.85,1.6872703657991872,100.0,1,median_of_seed_median_return_pct,1.6872703657991872,1.0,1.0,2.057700927493742,13.12227222360336,1.6872703657991872,1.0288435918309238,474.0,feasible_if_all_values_le_0,1.0,1.0,3142,0.0,True,COMPLETE
17,0.9633198813867816,8.880253906264024,0.003301172946037963,0.09490620782727621,1.0,1.0,1.0,False,0.08978453535638943,True,True,True,True,True,True,True,0.0,0.0,-4.270759406806599,0.0,-189.0,-361.0,-0.204470136150379,"[-4.270759406806599, -0.204470136150379, -361.0, -189.0, 0.0, 0.0, 0.0]",2.4887324369902997,0.0927,10.729240593193401,-1000000.0,15.0,0.9633198813867816,650.0,2.4887324369902997,0.9633198813867816,3.2098306634685048,2.031196775220212,-1.1786338882482927,-3.2098306634685048,4.452996075145288,0.049,0.5192,5.697325200178613,0.12360000000000002,0.0798,1.2467557520328298,2.031196775220212,5.0,399.0,198.0,9.467273525791487,0.0938,0.4548,-3.074163815933275,0.09940000000000002,0.1056,0.8401746742208808,-1.1786338882482927,0.0,528.0,263.0,5.0,5.0,10.729240593193401,0.0927,2.4887324369902997,0.9633198813867816,4.0,1.054470136150379,3.2098306634685048,2.031196775220212,-1.1786338882482927,-3.2098306634685048,4.452996075145288,0.049,0.5192,5.697325200178613,0.12360000000000002,0.0798,1.2467557520328298,2.031196775220212,5.0,399.0,198.0,9.467273525791487,0.0938,0.4548,-3.074163815933275,0.09940000000000002,0.1056,0.8401746742208808,-1.1786338882482927,0.0,528.0,263.0,927.0,461.0,302.9226327569995,302.9226327570022,0.85,0.9633198813867816,100.0,1,median_of_seed_median_return_pct,0.9633198813867816,1.0,1.0,2.4887324369902997,10.729240593193401,0.9633198813867816,1.054470136150379,461.0,feasible_if_all_values_le_0,1.0,1.0,3142,0.0,True,COMPLETE
