number,value,params_lambda_prior,params_noise_std,params_one_minus_gamma,user_attrs_bandit_consulted_ratio_overall,user_attrs_constraints_values,user_attrs_cv_finite_objective,user_attrs_cv_min_symbol_trades,user_attrs_decision_point_ratio_overall,user_attrs_dro_alpha,user_attrs_dro_minimax_max,user_attrs_dro_minimax_mean,user_attrs_dro_minimax_median,user_attrs_dro_minimax_min,user_attrs_dro_minimax_std,user_attrs_dro_pure_min_mean,user_attrs_dro_pure_min_median,user_attrs_dro_pure_min_std,user_attrs_forced_singleton_ratio_overall,user_attrs_full_mean_aggregate_median,user_attrs_h1_mean_aggregate_median,user_attrs_h2_mean_aggregate_median,user_attrs_mean_holding_bars_overall,user_attrs_median_holding_bars_overall,user_attrs_median_max_drawdown_abs,user_attrs_median_min_symbol_trades,user_attrs_median_profit_factor,user_attrs_median_time_between_entries_overall,user_attrs_median_total_trades,user_attrs_memory_horizon_bars,user_attrs_n_seeds,user_attrs_objective_metric_name,user_attrs_objective_score,user_attrs_observed_dro_minimax_median,user_attrs_observed_dro_pure_min_median,user_attrs_observed_median_max_drawdown_abs,user_attrs_observed_median_min_symbol_trades,user_attrs_observed_median_profit_factor,user_attrs_observed_median_total_trades,user_attrs_p25_holding_bars_overall,user_attrs_p75_holding_bars_overall,user_attrs_pending_update_queued_ratio_overall,user_attrs_seeds_used,user_attrs_share_trades_closed_after_horizon_overall,user_attrs_share_trades_closed_before_horizon_overall,user_attrs_valid,state
0,-4.557447932469279,1.0,0.03,0.003076923076923077,1.0,"[-129.0, 0.0]",0.0,-129.0,0.6275,0.5,-3.6162574017112576,-4.6650278109990975,-4.557447932469279,-5.728290377174888,0.8138601276226234,-5.817686289666689,-5.425552060035188,1.184844768941203,0.37250000000000005,-7.278245565771627,-1.044203486651459,-5.425552060035188,5.85,4.0,9.687291389195273,179.0,0.7037739404202519,8.0,558.0,325.0,5,dro_minimax_median,-4.557447932469279,-4.557447932469279,-5.425552060035188,9.687291389195273,179.0,0.7037739404202519,558.0,4.0,5.0,0.995,3142|3143|3144|3145|3146,0.12154696132596685,0.8784530386740331,True,COMPLETE
1,-3.446870938789453,3.672477322050449,0.012496721473894587,0.002771362790917757,1.0,"[-74.0, 0.0]",0.0,-74.0,0.676,0.5,-3.0840605962497376,-3.4170575390428013,-3.446870938789453,-3.7150733079532103,0.24738872954196775,-4.460942177415776,-4.408176044621929,0.5718061772622075,0.32399999999999995,-4.901856561566768,-0.5629556212920236,-4.408176044621929,6.293413173652695,4.0,9.181938419181968,124.0,0.7682558206241703,8.0,455.0,360.83330673168297,5,dro_minimax_median,-3.446870938789453,-3.446870938789453,-4.408176044621929,9.181938419181968,124.0,0.7682558206241703,455.0,4.0,6.0,0.995,3142|3143|3144|3145|3146,0.13333333333333333,0.8666666666666667,True,COMPLETE
2,-5.099951894236899,24.45058168692544,0.019587875193323546,0.0033780767687841165,1.0,"[-104.0, 0.0]",0.0,-104.0,0.6665,0.5,-4.171146986936281,-5.152161216044006,-5.099951894236899,-6.127381386067384,0.8996580734648648,-6.525564107777155,-6.487370077523416,1.2249654847971363,0.3335,-7.347354999867517,-0.9376973443773454,-6.487370077523416,6.209302325581396,4.0,10.99263709979823,154.0,0.6477498552943466,8.0,492.0,296.02642818562515,5,dro_minimax_median,-5.099951894236899,-5.099951894236899,-6.487370077523416,10.99263709979823,154.0,0.6477498552943466,492.0,4.0,6.0,0.995,3142|3143|3144|3145|3146,0.13580246913580246,0.8641975308641975,True,COMPLETE
3,-3.3200165345420785,6.892590636575401,0.0017980330440959514,0.002243587077975584,1.0,"[-43.0, 0.0]",0.0,-43.0,0.7025,0.5,-2.640767453200873,-3.2702007996247984,-3.3200165345420785,-3.657113567523652,0.42029116293229807,-4.372187277731581,-4.384914220224078,0.47041515984207516,0.2975,-4.436883444827581,-0.1253234774960791,-4.384914220224078,6.527027027027027,4.0,9.406801331500446,93.0,0.7012321518200234,9.0,402.0,445.71481526908786,5,dro_minimax_median,-3.3200165345420785,-3.3200165345420785,-4.384914220224078,9.406801331500446,93.0,0.7012321518200234,402.0,4.0,6.0,0.995,3142|3143|3144|3145|3146,0.15436241610738255,0.8456375838926175,True,COMPLETE
4,-3.7999565079893247,4.605578395334537,0.013618834376629212,0.0034166677234581918,1.0,"[-85.0, 0.0]",0.0,-85.0,0.6765,0.5,-3.4131782707505285,-3.9315914961022584,-3.7999565079893247,-4.431786726824643,0.4538730339365295,-5.1166289499225845,-5.19015483444291,0.692351097565805,0.3235,-5.9032888877102225,-0.13960818435614733,-5.19015483444291,6.173913043478261,4.0,9.858740581059255,135.0,0.7081921402561165,8.0,472.0,292.68283630105145,5,dro_minimax_median,-3.7999565079893247,-3.7999565079893247,-5.19015483444291,9.858740581059255,135.0,0.7081921402561165,472.0,4.0,6.0,0.995,3142|3143|3144|3145|3146,0.13125,0.86875,True,COMPLETE
5,-4.414991111249236,5.884459269971612,0.013297964459332606,0.003545546739499743,1.0,"[-88.0, 0.0]",0.0,-88.0,0.6835,0.5,-4.107157233735508,-4.429296801426338,-4.414991111249236,-4.713855125772787,0.2408291748316897,-5.481526832009322,-5.663726428537257,0.41930248634542017,0.3165,-6.875871068387103,-1.4344082507782296,-5.663726428537257,6.1847133757961785,4.0,10.285752367618773,138.0,0.7259619135261414,8.0,475.0,282.0439479359662,5,dro_minimax_median,-4.414991111249236,-4.414991111249236,-5.663726428537257,10.285752367618773,138.0,0.7259619135261414,475.0,4.0,6.0,0.995,3142|3143|3144|3145|3146,0.14556962025316456,0.8544303797468354,True,COMPLETE
6,-4.502934302017606,1.650846287730074,0.0018760743185387708,0.0056752810541746785,1.0,"[-76.0, 0.0]",0.0,-76.0,0.7025,0.5,-3.958979136939562,-4.54079676435623,-4.502934302017606,-5.089253871714735,0.49137087551063086,-5.887699404428322,-5.76411865800646,0.6459571155525314,0.2975,-6.443204266030956,-0.4929558753375011,-5.76411865800646,6.351351351351352,4.0,9.546722075671077,126.0,0.744775655262811,8.5,443.0,176.2027273106431,5,dro_minimax_median,-4.502934302017606,-4.502934302017606,-5.76411865800646,9.546722075671077,126.0,0.744775655262811,443.0,4.0,5.0,0.995,3142|3143|3144|3145|3146,0.1554054054054054,0.8445945945945946,True,COMPLETE
7,-3.118237546377162,1.4429230661432635,0.002963670928442278,0.003135886999746117,1.0,"[-52.0, 0.0]",0.0,-52.0,0.6925,0.5,-2.4756773188376076,-3.0777735113095828,-3.118237546377162,-3.4934045497130475,0.4415701963172588,-4.259661420352253,-4.319606323336182,0.6532834792043983,0.3075,-3.833760713448035,0.4858687844998988,-4.319606323336182,6.38562091503268,4.0,8.734709078712743,102.0,0.7922339097972124,8.0,417.0,318.8890416271251,5,dro_minimax_median,-3.118237546377162,-3.118237546377162,-4.319606323336182,8.734709078712743,102.0,0.7922339097972124,417.0,4.0,6.0,0.995,3142|3143|3144|3145|3146,0.16352201257861634,0.8364779874213837,True,COMPLETE
8,-5.682802607062502,0.7021639484127451,0.021127526447375734,0.0038687460139625275,1.0,"[-110.0, 0.0]",0.0,-110.0,0.6545,0.5,-4.6227729286760875,-5.647273180465619,-5.682802607062502,-6.552998541794228,0.773927523285427,-7.1557167963277735,-7.690271481335169,0.8958767366715499,0.34550000000000003,-7.379916052392147,-1.033777091006786,-7.690271481335169,5.9714285714285715,4.0,9.704304505886086,160.0,0.6247814909599714,8.0,523.0,258.4816879658014,5,dro_minimax_median,-5.682802607062502,-5.682802607062502,-7.690271481335169,9.704304505886086,160.0,0.6247814909599714,523.0,4.0,5.0,0.995,3142|3143|3144|3145|3146,0.12,0.88,True,COMPLETE
9,-4.219361376751818,11.424454836885744,0.006813071239863482,0.004297712225153598,1.0,"[-76.0, 0.0]",0.0,-76.0,0.7105,0.5,-3.879774706431353,-4.246537548438252,-4.219361376751818,-4.55168027878474,0.2783215766657072,-5.3772803548432435,-5.421105752607269,0.37104681495326747,0.2895,-6.455338559113585,-0.9526248844933066,-5.421105752607269,6.73943661971831,4.0,9.38020346802112,126.0,0.7162637651491032,8.5,428.0,232.681935786024,5,dro_minimax_median,-4.219361376751818,-4.219361376751818,-5.421105752607269,9.38020346802112,126.0,0.7162637651491032,428.0,4.0,5.75,0.995,3142|3143|3144|3145|3146,0.1724137931034483,0.8275862068965517,True,COMPLETE
10,-2.677575119267055,1.4585413466636183,0.0031904523613835176,0.0028447583840513083,1.0,"[-50.0, 0.0]",0.0,-50.0,0.682,0.5,-2.191150227893415,-2.719081006761485,-2.677575119267055,-3.3420420601930374,0.42458646785125126,-3.8030509669741277,-3.6392903108447485,0.6396304923316006,0.31799999999999995,-3.4183253077239875,0.44174937139456566,-3.6392903108447485,6.2594936708860756,4.0,8.06363401877549,100.0,0.7575622808337844,8.5,423.0,351.5237025423119,5,dro_minimax_median,-2.677575119267055,-2.677575119267055,-3.6392903108447485,8.06363401877549,100.0,0.7575622808337844,423.0,4.0,6.0,0.995,3142|3143|3144|3145|3146,0.1419753086419753,0.8580246913580247,True,COMPLETE
11,-3.4569702108761726,0.6330431132136766,0.002324492301853607,0.0031516537254303438,1.0,"[-59.0, 0.0]",0.0,-59.0,0.6845,0.5,-3.0045668645609878,-3.364949297432658,-3.4569702108761726,-3.5668035698919063,0.24226139057404433,-4.608209868296686,-4.77290640804537,0.3028789023368645,0.3155,-4.3644747018221155,0.4444287865719339,-4.77290640804537,6.153846153846154,4.0,9.019696786631847,109.0,0.7306409502380118,8.0,425.0,317.2937407212953,5,dro_minimax_median,-3.4569702108761726,-3.4569702108761726,-4.77290640804537,9.019696786631847,109.0,0.7306409502380118,425.0,4.0,6.0,0.995,3142|3143|3144|3145|3146,0.1346153846153846,0.8653846153846154,True,COMPLETE
12,-3.121925311985681,2.94851607683243,0.002468217695545228,0.0036198646418747096,1.0,"[-65.0, 0.0]",0.0,-65.0,0.682,0.5,-2.733911527182048,-3.016734301445618,-3.121925311985681,-3.1917140643062263,0.1935354906487951,-3.9583058478824045,-4.013801299873432,0.2992122279133887,0.31799999999999995,-4.1056425475169265,-0.331719306331076,-4.013801299873432,6.2578616352201255,4.0,8.80824909282827,115.0,0.7965443502814675,8.0,437.0,276.2534235208599,5,dro_minimax_median,-3.121925311985681,-3.121925311985681,-4.013801299873432,8.80824909282827,115.0,0.7965443502814675,437.0,4.0,6.0,0.995,3142|3143|3144|3145|3146,0.1509433962264151,0.8490566037735849,True,COMPLETE
13,-2.61296353092653,0.9937495077525981,0.003930097182147716,0.002247693734515278,1.0,"[-43.0, 0.0]",0.0,-43.0,0.702,0.5,-2.148563813102615,-2.600882182178203,-2.61296353092653,-3.053521207740671,0.4069353367579345,-3.6611357621856486,-3.315768814905873,0.6535012081575289,0.29800000000000004,-2.9222556605903933,0.47801022804824606,-3.315768814905873,6.610738255033557,4.0,8.53189706926366,93.0,0.778596941960028,9.0,403.0,444.90047048854416,5,dro_minimax_median,-2.61296353092653,-2.61296353092653,-3.315768814905873,8.53189706926366,93.0,0.778596941960028,403.0,4.0,6.0,0.995,3142|3143|3144|3145|3146,0.1456953642384106,0.8543046357615894,True,COMPLETE
14,-2.2387631113017132,0.7890133017610734,0.0028973262654707053,0.0022263418926357545,1.0,"[-44.0, 0.0]",0.0,-44.0,0.69,0.5,-2.209290014093611,-2.4536036528330563,-2.2387631113017132,-2.8687376928431516,0.317605102499099,-3.4031800872128857,-3.3354158100680245,0.39333767996315855,0.31000000000000005,-3.0031078644589315,0.2874638326662682,-3.3354158100680245,6.369426751592357,4.0,7.3292510761933105,94.0,0.7716024779427723,9.0,413.0,449.16731042423373,5,dro_minimax_median,-2.2387631113017132,-2.2387631113017132,-3.3354158100680245,7.3292510761933105,94.0,0.7716024779427723,413.0,4.0,6.0,0.995,3142|3143|3144|3145|3146,0.1377245508982036,0.8622754491017964,True,COMPLETE
15,-2.8536258690798686,1.2563977855684068,0.001155045597134131,0.0023210165237441583,1.0,"[-46.0, 0.0]",0.0,-46.0,0.706,0.5,-2.0255839892920204,-2.7276479831268956,-2.8536258690798686,-3.316006522451992,0.47533444283697984,-4.020733774333327,-4.144470420160558,0.43162551562554824,0.29400000000000004,-2.759017365776506,1.3085803125137445,-4.144470420160558,6.635761589403973,4.0,8.845492990511927,96.0,0.7908239159614301,9.0,403.0,430.8457047892298,5,dro_minimax_median,-2.8536258690798686,-2.8536258690798686,-4.144470420160558,8.845492990511927,96.0,0.7908239159614301,403.0,4.0,6.0,0.995,3142|3143|3144|3145|3146,0.152317880794702,0.847682119205298,True,COMPLETE
16,-2.4075105017250467,0.603144624246731,0.002809317800840308,0.002295107631727412,1.0,"[-47.0, 0.0]",0.0,-47.0,0.696,0.5,-2.164199383718097,-2.494604213790189,-2.4075105017250467,-2.8883506704951962,0.2745692695694926,-3.6262832890540615,-3.472045272615251,0.46643670997129927,0.30400000000000005,-2.685479746907079,0.7860938109455651,-3.472045272615251,6.56687898089172,4.0,7.720371850722241,97.0,0.7489685333531486,9.0,407.0,435.70941343929496,5,dro_minimax_median,-2.4075105017250467,-2.4075105017250467,-3.472045272615251,7.720371850722241,97.0,0.7489685333531486,407.0,4.0,6.0,0.995,3142|3143|3144|3145|3146,0.15286624203821655,0.8471337579617835,True,COMPLETE
17,-2.398793444631141,0.5527612612987765,0.00678589916029577,0.0028834920586326054,1.0,"[-56.0, 0.0]",0.0,-56.0,0.6805,0.5,-1.9444092745229402,-2.5788426992793263,-2.398793444631141,-3.40469279282799,0.5978880164652735,-3.5615179048897176,-3.1806690202852543,0.6128614632771483,0.3195,-3.309618713572408,0.2154313255652777,-3.1806690202852543,6.3625,4.0,8.518537416506,106.0,0.7569892428186439,8.5,429.0,346.80171807867396,5,dro_minimax_median,-2.398793444631141,-2.398793444631141,-3.1806690202852543,8.518537416506,106.0,0.7569892428186439,429.0,4.0,6.0,0.995,3142|3143|3144|3145|3146,0.1509433962264151,0.8490566037735849,True,COMPLETE
18,-2.6504928992155197,0.7750126168297041,0.006738105078115004,0.002790038083504112,1.0,"[-52.0, 0.0]",0.0,-52.0,0.688,0.5,-1.7385635872819256,-2.5961925986964625,-2.6504928992155197,-3.196024024226535,0.5300617612655123,-3.6428078445105796,-3.6945593664197958,0.5668256104352937,0.31200000000000006,-3.203475496920568,0.5083743071562452,-3.6945593664197958,6.198757763975156,4.0,8.412203990281263,102.0,0.8152971888582181,9.0,435.0,358.41804666123517,5,dro_minimax_median,-2.6504928992155197,-2.6504928992155197,-3.6945593664197958,8.412203990281263,102.0,0.8152971888582181,435.0,4.0,6.0,0.995,3142|3143|3144|3145|3146,0.14285714285714285,0.8571428571428571,True,COMPLETE
19,-6.359422406888255,6.077784086762197,0.023628529159362196,0.005601224198359951,1.0,"[-121.0, 0.0]",0.0,-121.0,0.6405,0.5,-4.239722547031702,-5.748838207614111,-6.359422406888255,-6.843994834291729,1.1460413295401597,-6.907440169912675,-7.7667517794105665,1.5051651382173492,0.35950000000000004,-9.738845164014036,-2.357741714256893,-7.7667517794105665,6.102409638554217,4.0,10.156292141777923,171.0,0.6585278831836877,9.0,534.0,178.53240016580693,5,dro_minimax_median,-6.359422406888255,-6.359422406888255,-7.7667517794105665,10.156292141777923,171.0,0.6585278831836877,534.0,4.0,6.0,0.995,3142|3143|3144|3145|3146,0.13372093023255813,0.8662790697674418,True,COMPLETE
20,-2.9077885017990432,2.765605731385763,0.006566910371114359,0.0022419400806381533,1.0,"[-52.0, 0.0]",0.0,-52.0,0.706,0.5,-2.1075136881522187,-2.8772053035690726,-2.9077885017990432,-3.3195874485751675,0.4763983332989354,-3.9903016535175566,-4.262003759044223,0.78451379413542,0.29400000000000004,-3.167396552857286,0.693728123088011,-4.262003759044223,6.782312925170068,4.0,9.10958344950349,102.0,0.7510839511627555,9.0,414.0,446.04225092195895,5,dro_minimax_median,-2.9077885017990432,-2.9077885017990432,-4.262003759044223,9.10958344950349,102.0,0.7510839511627555,414.0,4.0,6.0,0.995,3142|3143|3144|3145|3146,0.1597222222222222,0.8402777777777778,True,COMPLETE
21,-2.559553517580598,0.5081409822261863,0.001517822561147897,0.0024519363025627006,1.0,"[-47.0, 0.0]",0.0,-47.0,0.69,0.5,-2.3968338399873375,-2.7148261872126964,-2.559553517580598,-3.1215934466465214,0.3366050410698811,-3.81289266451164,-3.591317126939934,0.35621583652178407,0.31000000000000005,-3.073687766517471,0.5801580172070405,-3.591317126939934,6.329032258064516,4.0,7.700592492978298,97.0,0.7532044477746751,9.0,410.0,407.84093736645025,5,dro_minimax_median,-2.559553517580598,-2.559553517580598,-3.591317126939934,7.700592492978298,97.0,0.7532044477746751,410.0,4.0,6.0,0.995,3142|3143|3144|3145|3146,0.14285714285714285,0.8571428571428571,True,COMPLETE
22,-3.8601754136460045,0.5414484934972453,0.0060042344597046665,0.0037677330643696395,1.0,"[-68.0, 0.0]",0.0,-68.0,0.676,0.5,-2.860651155833577,-3.556477039475298,-3.8601754136460045,-4.04818229115231,0.5574276649884834,-4.716362282925294,-4.690560351219431,0.7419626284779541,0.32399999999999995,-5.029517984839557,0.10704969920438308,-4.690560351219431,6.144578313253012,4.0,8.663686284263306,118.0,0.7803559794640056,8.0,448.0,265.4115838132777,5,dro_minimax_median,-3.8601754136460045,-3.8601754136460045,-4.690560351219431,8.663686284263306,118.0,0.7803559794640056,448.0,4.0,5.75,0.995,3142|3143|3144|3145|3146,0.1419753086419753,0.8580246913580247,True,COMPLETE
23,-3.4087438364805562,0.5437859665920957,0.01786223576689097,0.0023830508497705836,1.0,"[-84.0, 0.0]",0.0,-84.0,0.6745,0.5,-3.20024252026649,-3.7411301475412477,-3.4087438364805562,-5.06249713399599,0.7541371425203286,-4.854821185409596,-4.584825675940348,0.9216133161894147,0.3255,-4.740787590141193,-0.08390935442863141,-4.584825675940348,6.449704142011834,4.0,9.927869837022552,134.0,0.7615704725057147,9.0,467.0,419.63015606497447,5,dro_minimax_median,-3.4087438364805562,-3.4087438364805562,-4.584825675940348,9.927869837022552,134.0,0.7615704725057147,467.0,4.0,7.0,0.995,3142|3143|3144|3145|3146,0.15822784810126583,0.8417721518987342,True,COMPLETE
24,-2.7980749171964545,0.5187814785725994,0.004530833547547386,0.0025840280261142544,1.0,"[-50.0, 0.0]",0.0,-50.0,0.691,0.5,-1.9988165710121408,-2.7811964936756874,-2.7980749171964545,-3.9490393284218284,0.7496537898700155,-3.8796886372914265,-3.7310320231169016,0.822759548461386,0.30900000000000005,-3.474573995676367,0.3833241172832606,-3.7310320231169016,6.616352201257862,4.0,8.539207516312041,100.0,0.7485969944231323,9.0,414.0,386.99270669434463,5,dro_minimax_median,-2.7980749171964545,-2.7980749171964545,-3.7310320231169016,8.539207516312041,100.0,0.7485969944231323,414.0,4.0,7.0,0.995,3142|3143|3144|3145|3146,0.16352201257861634,0.8364779874213837,True,COMPLETE
25,-5.220519460587246,28.48144686541584,0.0016631962948267986,0.005144613647681001,1.0,"[-63.0, 0.0]",0.0,-63.0,0.7325,0.5,-4.692790692449645,-5.080714969681386,-5.220519460587246,-5.359219331950955,0.27399401609770774,-6.568948602531063,-6.424000944459896,0.46321492222459243,0.26749999999999996,-7.056773829337633,-0.6407290975688595,-6.424000944459896,7.106870229007634,4.0,11.092692360259715,113.0,0.6462081380094016,9.0,387.0,194.37805605689408,5,dro_minimax_median,-5.220519460587246,-5.220519460587246,-6.424000944459896,11.092692360259715,113.0,0.6462081380094016,387.0,4.0,7.0,0.995,3142|3143|3144|3145|3146,0.19083969465648856,0.8091603053435115,True,COMPLETE
26,-5.543690339231116,17.0461426848587,0.0360642526478129,0.0024200591285669327,1.0,"[-132.0, 0.0]",0.0,-132.0,0.6285,0.5,-3.9169099894392163,-5.247091958483816,-5.543690339231116,-6.201807344066492,0.8607754592687444,-6.441212169702203,-7.122530533046031,1.289517959853299,0.37150000000000005,-7.809514411738668,-2.0492854461175694,-7.122530533046031,6.0625,4.0,9.855404259629374,182.0,0.6829771980881255,8.0,560.0,413.2130443408472,5,dro_minimax_median,-5.543690339231116,-5.543690339231116,-7.122530533046031,9.855404259629374,182.0,0.6829771980881255,560.0,4.0,6.0,0.995,3142|3143|3144|3145|3146,0.12365591397849462,0.8763440860215054,True,COMPLETE
27,-3.035776817825816,0.6814923733305657,0.004218714399061623,0.0023728753230310286,1.0,"[-51.0, 0.0]",0.0,-51.0,0.69,0.5,-1.8756425994180899,-2.8462998371199757,-3.035776817825816,-3.4857379212153226,0.6166417802810972,-3.9283931815863817,-3.9117813515209967,0.7775592774816009,0.31000000000000005,-3.7599326360170564,0.6036230982089164,-3.9117813515209967,6.470967741935484,4.0,9.024331301888576,101.0,0.7202395193656411,9.0,415.0,421.42964288685624,5,dro_minimax_median,-3.035776817825816,-3.035776817825816,-3.9117813515209967,9.024331301888576,101.0,0.7202395193656411,415.0,4.0,6.0,0.995,3142|3143|3144|3145|3146,0.14375,0.85625,True,COMPLETE
