number,value,params_lambda_prior,params_noise_std,params_one_minus_gamma,user_attrs_all_symbols_active_share,user_attrs_all_symbols_have_long_share,user_attrs_calmar_drawdown_floor_abs,user_attrs_calmar_drawdown_floor_applied,user_attrs_calmar_like,user_attrs_constraint_drawdown_ok,user_attrs_constraint_finite_objective_return_ok,user_attrs_constraint_max_trades_ok,user_attrs_constraint_min_trades_ok,user_attrs_constraint_profit_factor_ok,user_attrs_constraint_symbols_active_ok,user_attrs_constraint_symbols_have_long_ok,user_attrs_constraint_value_all_symbols_active,user_attrs_constraint_value_all_symbols_have_long,user_attrs_constraint_value_drawdown,user_attrs_constraint_value_finite_objective_return,user_attrs_constraint_value_max_trades,user_attrs_constraint_value_min_trades,user_attrs_constraint_value_profit_factor,user_attrs_constraints_values,user_attrs_diagnostic_mean_of_seed_mean_return_pct,user_attrs_diagnostic_median_mean_turnover,user_attrs_effective_drawdown_abs_for_calmar,user_attrs_invalid_score,user_attrs_max_drawdown_abs,user_attrs_max_seed_median_return_pct,user_attrs_max_total_trades,user_attrs_mean_of_seed_mean_return_pct,user_attrs_mean_of_seed_median_return_pct,user_attrs_mean_seed_half_return_gap_pct,user_attrs_mean_seed_max_half_median_return_pct,user_attrs_mean_seed_min_half_median_return_pct,user_attrs_mean_seed_second_minus_first_half_median_return_pct,user_attrs_mean_seed_val_first_max_drawdown_abs,user_attrs_mean_seed_val_first_mean_constraint_applied_ratio,user_attrs_mean_seed_val_first_mean_executed_action_1_ratio,user_attrs_mean_seed_val_first_mean_return_pct,user_attrs_mean_seed_val_first_mean_threshold_applied_ratio,user_attrs_mean_seed_val_first_mean_turnover,user_attrs_mean_seed_val_first_median_profit_factor,user_attrs_mean_seed_val_first_median_return_pct,user_attrs_mean_seed_val_first_positive_return_symbols,user_attrs_mean_seed_val_first_total_trade_events,user_attrs_mean_seed_val_first_total_trades,user_attrs_mean_seed_val_second_max_drawdown_abs,user_attrs_mean_seed_val_second_mean_constraint_applied_ratio,user_attrs_mean_seed_val_second_mean_executed_action_1_ratio,user_attrs_mean_seed_val_second_mean_return_pct,user_attrs_mean_seed_val_second_mean_threshold_applied_ratio,user_attrs_mean_seed_val_second_mean_turnover,user_attrs_mean_seed_val_second_median_profit_factor,user_attrs_mean_seed_val_second_median_return_pct,user_attrs_mean_seed_val_second_positive_return_symbols,user_attrs_mean_seed_val_second_total_trade_events,user_attrs_mean_seed_val_second_total_trades,user_attrs_median_active_symbols,user_attrs_median_long_action_symbols,user_attrs_median_max_drawdown_abs,user_attrs_median_mean_turnover,user_attrs_median_of_seed_mean_return_pct,user_attrs_median_of_seed_median_return_pct,user_attrs_median_positive_return_symbols,user_attrs_median_profit_factor,user_attrs_median_seed_half_return_gap_pct,user_attrs_median_seed_max_half_median_return_pct,user_attrs_median_seed_min_half_median_return_pct,user_attrs_median_seed_second_minus_first_half_median_return_pct,user_attrs_median_seed_val_first_max_drawdown_abs,user_attrs_median_seed_val_first_mean_constraint_applied_ratio,user_attrs_median_seed_val_first_mean_executed_action_1_ratio,user_attrs_median_seed_val_first_mean_return_pct,user_attrs_median_seed_val_first_mean_threshold_applied_ratio,user_attrs_median_seed_val_first_mean_turnover,user_attrs_median_seed_val_first_median_profit_factor,user_attrs_median_seed_val_first_median_return_pct,user_attrs_median_seed_val_first_positive_return_symbols,user_attrs_median_seed_val_first_total_trade_events,user_attrs_median_seed_val_first_total_trades,user_attrs_median_seed_val_second_max_drawdown_abs,user_attrs_median_seed_val_second_mean_constraint_applied_ratio,user_attrs_median_seed_val_second_mean_executed_action_1_ratio,user_attrs_median_seed_val_second_mean_return_pct,user_attrs_median_seed_val_second_mean_threshold_applied_ratio,user_attrs_median_seed_val_second_mean_turnover,user_attrs_median_seed_val_second_median_profit_factor,user_attrs_median_seed_val_second_median_return_pct,user_attrs_median_seed_val_second_positive_return_symbols,user_attrs_median_seed_val_second_total_trade_events,user_attrs_median_seed_val_second_total_trades,user_attrs_median_total_trade_events,user_attrs_median_total_trades,user_attrs_memory_horizon,user_attrs_memory_horizon_bars,user_attrs_min_profit_factor,user_attrs_min_seed_median_return_pct,user_attrs_min_total_trades,user_attrs_n_seeds,user_attrs_objective_metric_name,user_attrs_objective_score,user_attrs_observed_all_symbols_active_share,user_attrs_observed_all_symbols_have_long_share,user_attrs_observed_mean_of_seed_mean_return_pct,user_attrs_observed_median_max_drawdown_abs,user_attrs_observed_median_of_seed_median_return_pct,user_attrs_observed_median_profit_factor,user_attrs_observed_median_total_trades,user_attrs_optuna_constraints_convention,user_attrs_required_all_symbols_active_share,user_attrs_required_all_symbols_have_long_share,user_attrs_seeds_used,user_attrs_std_of_seed_median_return_pct,user_attrs_valid,state
37,0.027016894204856534,1.035308120572913,0.004889319056127135,0.0028379421439763855,1.0,1.0,1.0,False,0.0020334293791986974,True,True,True,True,True,True,True,0.0,0.0,-1.7136304406583633,0.0,-185.0,-365.0,-0.15663153434716837,"[-1.7136304406583633, -0.15663153434716837, -365.0, -185.0, 0.0, 0.0, 0.0]",2.735583858524577,0.0934,13.286369559341637,-1000000.0,15.0,0.6426979945940658,650.0,2.735583858524577,-0.09193864269586793,3.8008220096594747,1.9686431199605672,-1.8321788896989077,-3.8008220096594747,7.709861730055505,0.057920000000000006,0.46312,5.525605406729457,0.09228,0.07896,1.3248661015344403,1.9686431199605672,3.0,394.8,196.0,9.862542472081216,0.10276,0.44044,-2.7981105067622503,0.07991999999999999,0.10596000000000001,0.7541357609805256,-1.8321788896989077,1.0,529.8,264.0,5.0,5.0,13.286369559341637,0.0934,2.8492117007161055,0.027016894204856534,3.0,1.0066315343471683,3.9278557376650314,2.1232241414179898,-2.1313261907621284,-3.9278557376650314,8.698610741587787,0.058600000000000006,0.4640000000000001,5.833182459737159,0.0916,0.0784,1.3167519785219595,2.1232241414179898,3.0,392.0,195.0,10.557750951262545,0.10500000000000001,0.4332,-2.632608093348567,0.08059999999999999,0.1066,0.7375229758686253,-2.1313261907621284,1.0,533.0,266.0,934.0,465.0,352.3680009201488,352.3680009201509,0.85,-1.0381535483207194,100.0,5,median_of_seed_median_return_pct,0.027016894204856534,1.0,1.0,2.735583858524577,13.286369559341637,0.027016894204856534,1.0066315343471683,465.0,feasible_if_all_values_le_0,1.0,1.0,3142|3143|3144|3145|3146,0.6061731196277729,True,COMPLETE
38,1.8169019644375117,8.005954093106846,0.020014396889454576,0.0028626448587212327,1.0,1.0,1.0,False,0.16785901990612215,True,True,True,True,True,True,True,0.0,0.0,-4.176024228822238,0.0,-101.0,-449.0,-0.25433080067822733,"[-4.176024228822238, -0.25433080067822733, -449.0, -101.0, 0.0, 0.0, 0.0]",1.832423203030779,0.1103,10.823975771177762,-1000000.0,15.0,3.7428417292072913,650.0,1.832423203030779,1.9973106947483288,4.579414847714915,2.13660248334671,-2.4428123643682054,-4.579414847714915,4.716188711279203,0.06936,0.5170399999999999,4.761122623691809,0.09992,0.10251999999999999,1.3137282695676238,2.13660248334671,3.4,512.6,254.8,9.510496184009005,0.0972,0.46420000000000006,-2.8559728217422107,0.08724000000000001,0.11703999999999999,0.7960117722324177,-2.4428123643682054,1.0,585.2,292.0,5.0,5.0,10.823975771177762,0.1103,2.1024527012111456,1.8169019644375117,3.0,1.1043308006782273,4.070529564363834,2.0900835952079477,-1.9978627121948755,-4.070529564363834,4.44002852538512,0.067,0.5157999999999999,4.899785366153376,0.101,0.101,1.254638670768616,2.0900835952079477,3.0,505.0,251.0,9.356413139080754,0.09519999999999999,0.4619999999999999,-2.9105857323422435,0.0856,0.11579999999999999,0.7728596395269889,-1.9978627121948755,1.0,579.0,289.0,1103.0,549.0,349.32730022497736,349.32730022497765,0.85,0.3411487118699652,100.0,5,median_of_seed_median_return_pct,1.8169019644375117,1.0,1.0,1.832423203030779,10.823975771177762,1.8169019644375117,1.1043308006782273,549.0,feasible_if_all_values_le_0,1.0,1.0,3142|3143|3144|3145|3146,1.2365034257870835,True,COMPLETE
39,-1.3678408228585126,6.35959827472082,0.023079711842659816,0.0029198807177966512,1.0,1.0,1.0,False,-0.1358112333464293,True,True,True,True,True,True,True,0.0,0.0,-4.928367564637279,0.0,-81.0,-469.0,-0.03528583627857351,"[-4.928367564637279, -0.03528583627857351, -469.0, -81.0, 0.0, 0.0, 0.0]",2.3164560842480086,0.1143,10.071632435362721,-1000000.0,15.0,0.7410872888452991,650.0,2.3164560842480086,-1.1777915055111965,4.1228266565638005,1.2489445376517927,-2.873882118912008,-4.1228266565638005,5.471445013649232,0.07368,0.52092,5.366004393546409,0.09996000000000001,0.10804,1.106650954589547,1.2489445376517927,3.4,540.2,268.6,8.430569916062526,0.10428,0.47156000000000003,-2.975361395741131,0.0844,0.1204,0.735895462697523,-2.873882118912008,0.6,602.0,300.2,5.0,5.0,10.071632435362721,0.1143,2.756062555719665,-1.3678408228585126,2.0,0.8852858362785735,3.45163820841351,1.549052048557753,-2.962551559319837,-3.45163820841351,4.806159130379928,0.07599999999999998,0.5202,4.960830322690827,0.09980000000000001,0.10819999999999999,1.1388973469076402,1.549052048557753,4.0,541.0,269.0,8.588324412957803,0.10419999999999999,0.4726000000000001,-3.0592226905688764,0.0822,0.12079999999999999,0.719418014108287,-2.962551559319837,1.0,604.0,301.0,1143.0,569.0,342.47974374603984,342.4797437460345,0.85,-2.5177910616251076,100.0,5,median_of_seed_median_return_pct,-1.3678408228585126,1.0,1.0,2.3164560842480086,10.071632435362721,-1.3678408228585126,0.8852858362785735,569.0,feasible_if_all_values_le_0,1.0,1.0,3142|3143|3144|3145|3146,1.2334574300237717,True,COMPLETE
