number,value,params_lambda_prior,params_noise_std,params_one_minus_gamma,user_attrs_all_symbols_active_share,user_attrs_all_symbols_have_long_share,user_attrs_calmar_drawdown_floor_abs,user_attrs_calmar_drawdown_floor_applied,user_attrs_calmar_like,user_attrs_constraint_drawdown_ok,user_attrs_constraint_finite_objective_return_ok,user_attrs_constraint_max_trades_ok,user_attrs_constraint_min_trades_ok,user_attrs_constraint_profit_factor_ok,user_attrs_constraint_symbols_active_ok,user_attrs_constraint_symbols_have_long_ok,user_attrs_constraint_value_all_symbols_active,user_attrs_constraint_value_all_symbols_have_long,user_attrs_constraint_value_drawdown,user_attrs_constraint_value_finite_objective_return,user_attrs_constraint_value_max_trades,user_attrs_constraint_value_min_trades,user_attrs_constraint_value_profit_factor,user_attrs_constraints_values,user_attrs_diagnostic_mean_of_seed_mean_return_pct,user_attrs_diagnostic_median_mean_turnover,user_attrs_effective_drawdown_abs_for_calmar,user_attrs_invalid_score,user_attrs_max_drawdown_abs,user_attrs_max_seed_median_return_pct,user_attrs_max_total_trades,user_attrs_mean_of_seed_mean_return_pct,user_attrs_mean_of_seed_median_return_pct,user_attrs_mean_seed_half_return_gap_pct,user_attrs_mean_seed_max_half_median_return_pct,user_attrs_mean_seed_min_half_median_return_pct,user_attrs_mean_seed_second_minus_first_half_median_return_pct,user_attrs_mean_seed_val_first_max_drawdown_abs,user_attrs_mean_seed_val_first_mean_constraint_applied_ratio,user_attrs_mean_seed_val_first_mean_executed_action_1_ratio,user_attrs_mean_seed_val_first_mean_return_pct,user_attrs_mean_seed_val_first_mean_threshold_applied_ratio,user_attrs_mean_seed_val_first_mean_turnover,user_attrs_mean_seed_val_first_median_profit_factor,user_attrs_mean_seed_val_first_median_return_pct,user_attrs_mean_seed_val_first_positive_return_symbols,user_attrs_mean_seed_val_first_total_trade_events,user_attrs_mean_seed_val_first_total_trades,user_attrs_mean_seed_val_second_max_drawdown_abs,user_attrs_mean_seed_val_second_mean_constraint_applied_ratio,user_attrs_mean_seed_val_second_mean_executed_action_1_ratio,user_attrs_mean_seed_val_second_mean_return_pct,user_attrs_mean_seed_val_second_mean_threshold_applied_ratio,user_attrs_mean_seed_val_second_mean_turnover,user_attrs_mean_seed_val_second_median_profit_factor,user_attrs_mean_seed_val_second_median_return_pct,user_attrs_mean_seed_val_second_positive_return_symbols,user_attrs_mean_seed_val_second_total_trade_events,user_attrs_mean_seed_val_second_total_trades,user_attrs_median_active_symbols,user_attrs_median_long_action_symbols,user_attrs_median_max_drawdown_abs,user_attrs_median_mean_turnover,user_attrs_median_of_seed_mean_return_pct,user_attrs_median_of_seed_median_return_pct,user_attrs_median_positive_return_symbols,user_attrs_median_profit_factor,user_attrs_median_seed_half_return_gap_pct,user_attrs_median_seed_max_half_median_return_pct,user_attrs_median_seed_min_half_median_return_pct,user_attrs_median_seed_second_minus_first_half_median_return_pct,user_attrs_median_seed_val_first_max_drawdown_abs,user_attrs_median_seed_val_first_mean_constraint_applied_ratio,user_attrs_median_seed_val_first_mean_executed_action_1_ratio,user_attrs_median_seed_val_first_mean_return_pct,user_attrs_median_seed_val_first_mean_threshold_applied_ratio,user_attrs_median_seed_val_first_mean_turnover,user_attrs_median_seed_val_first_median_profit_factor,user_attrs_median_seed_val_first_median_return_pct,user_attrs_median_seed_val_first_positive_return_symbols,user_attrs_median_seed_val_first_total_trade_events,user_attrs_median_seed_val_first_total_trades,user_attrs_median_seed_val_second_max_drawdown_abs,user_attrs_median_seed_val_second_mean_constraint_applied_ratio,user_attrs_median_seed_val_second_mean_executed_action_1_ratio,user_attrs_median_seed_val_second_mean_return_pct,user_attrs_median_seed_val_second_mean_threshold_applied_ratio,user_attrs_median_seed_val_second_mean_turnover,user_attrs_median_seed_val_second_median_profit_factor,user_attrs_median_seed_val_second_median_return_pct,user_attrs_median_seed_val_second_positive_return_symbols,user_attrs_median_seed_val_second_total_trade_events,user_attrs_median_seed_val_second_total_trades,user_attrs_median_total_trade_events,user_attrs_median_total_trades,user_attrs_memory_horizon,user_attrs_memory_horizon_bars,user_attrs_min_profit_factor,user_attrs_min_seed_median_return_pct,user_attrs_min_total_trades,user_attrs_n_seeds,user_attrs_objective_metric_name,user_attrs_objective_score,user_attrs_observed_all_symbols_active_share,user_attrs_observed_all_symbols_have_long_share,user_attrs_observed_mean_of_seed_mean_return_pct,user_attrs_observed_median_max_drawdown_abs,user_attrs_observed_median_of_seed_median_return_pct,user_attrs_observed_median_profit_factor,user_attrs_observed_median_total_trades,user_attrs_optuna_constraints_convention,user_attrs_required_all_symbols_active_share,user_attrs_required_all_symbols_have_long_share,user_attrs_seeds_used,user_attrs_std_of_seed_median_return_pct,user_attrs_valid,state
7,-2.4312229478124836,6.7077952894132675,0.03729763244738083,0.0038339286676274693,1.0,1.0,1.0,False,-0.20916230561000618,True,True,False,True,False,True,True,0.0,0.0,-3.3763810084135173,0.0,73.0,-623.0,0.018317220210016028,"[-3.3763810084135173, 0.018317220210016028, -623.0, 73.0, 0.0, 0.0, 0.0]",0.21699086780203364,0.145,11.623618991586483,-1000000.0,15.0,-0.19970930885691018,650.0,0.21699086780203364,-2.5793728101971913,5.5964687941860705,0.9881275888086982,-4.608341205377373,-5.5964687941860705,5.661401235897588,0.11007999999999998,0.5578,4.359753473604097,0.08080000000000001,0.14404,1.0711473513897771,0.9881275888086982,2.8,720.2,358.8,9.999913597174235,0.1336,0.49416000000000004,-4.042346663586885,0.07552,0.15023999999999998,0.630698470366495,-4.608341205377373,0.8,751.2,374.8,5.0,5.0,11.623618991586483,0.145,0.030809105142537162,-2.4312229478124836,2.0,0.831682779789984,6.05147116752911,0.7779898321036871,-5.273481335425423,-6.05147116752911,5.68928686605763,0.10999999999999999,0.5576000000000001,4.25395102164932,0.08020000000000001,0.14299999999999996,1.0714160683688072,0.7779898321036871,3.0,715.0,356.0,9.45481283957459,0.13140000000000002,0.49140000000000006,-4.11464966020217,0.0764,0.14999999999999997,0.6338232089896881,-5.273481335425423,1.0,750.0,375.0,1450.0,723.0,260.8290572653833,260.82905726538536,0.85,-4.564461173219736,100.0,5,median_of_seed_median_return_pct,-2.4312229478124836,1.0,1.0,0.21699086780203364,11.623618991586483,-2.4312229478124836,0.831682779789984,723.0,feasible_if_all_values_le_0,1.0,1.0,3142|3143|3144|3145|3146,1.8219643824800416,False,COMPLETE
8,0.5831973310666649,0.346135010168059,0.028013236535592304,0.0029976285788426635,1.0,1.0,1.0,False,0.05526746044906438,True,True,True,True,True,True,True,0.0,0.0,-4.447726992917442,0.0,-8.0,-542.0,-0.13091995660325184,"[-4.447726992917442, -0.13091995660325184, -542.0, -8.0, 0.0, 0.0, 0.0]",1.8164589376720142,0.12869999999999998,10.552273007082558,-1000000.0,15.0,0.9425687343549205,650.0,1.8164589376720142,0.460385451558758,3.8467732995288024,1.8019642462270056,-2.0448090533017966,-3.8467732995288024,6.812025429158828,0.10128,0.50188,4.460074853021784,0.07904,0.12204,1.1619600493877622,1.8019642462270056,3.2,610.2,303.8,8.83801137337652,0.13380000000000003,0.47388,-2.6849889990889197,0.07236,0.13496,0.8109175591181556,-2.0448090533017966,0.8,674.8,336.8,5.0,5.0,10.552273007082558,0.12869999999999998,1.924110754026303,0.5831973310666649,3.0,0.9809199566032518,4.354719003928597,2.2048149788212124,-2.0544490772007262,-4.354719003928597,5.553009430859968,0.09899999999999999,0.5045999999999999,4.159670878032255,0.0802,0.122,1.166293229792997,2.2048149788212124,3.0,610.0,304.0,9.005513680091127,0.1298,0.4744,-3.0468168295438502,0.07239999999999999,0.13399999999999998,0.8245062146289794,-2.0544490772007262,1.0,670.0,334.0,1287.0,642.0,333.59703302071,333.5970330207092,0.85,-0.020169360741406628,100.0,5,median_of_seed_median_return_pct,0.5831973310666649,1.0,1.0,1.8164589376720142,10.552273007082558,0.5831973310666649,0.9809199566032518,642.0,feasible_if_all_values_le_0,1.0,1.0,3142|3143|3144|3145|3146,0.39769862877128787,True,COMPLETE
9,0.2633116419943127,0.35951065395153403,0.027516586951459053,0.002696783553081242,1.0,1.0,1.0,False,0.024770380814630774,True,True,True,True,True,True,True,0.0,0.0,-4.369899317866519,0.0,-33.0,-517.0,-0.10663563122165376,"[-4.369899317866519, -0.10663563122165376, -517.0, -33.0, 0.0, 0.0, 0.0]",1.8419964825548045,0.12390000000000001,10.630100682133481,-1000000.0,15.0,2.819671219698039,650.0,1.8419964825548045,0.7242340117957169,3.6210387387038367,1.6128702389964555,-2.008168499707381,-3.6210387387038367,8.091296105169077,0.09831999999999999,0.49092,4.6315791208245685,0.08131999999999999,0.11735999999999999,1.1574969454758235,1.6128702389964555,2.8,586.8,292.2,8.62511766689778,0.12120000000000002,0.46596000000000004,-2.7465747428348997,0.071,0.1286,0.7655712040718936,-2.008168499707381,0.6,643.0,320.6,5.0,5.0,10.630100682133481,0.12390000000000001,1.653056357197484,0.2633116419943127,3.0,0.9566356312216537,3.6326646894749848,2.1133050414972487,-2.021818372581352,-3.6326646894749848,8.29758625195397,0.09920000000000001,0.4928,4.392884987773289,0.08299999999999999,0.1166,1.201919818621849,2.1133050414972487,3.0,583.0,291.0,8.252971461678072,0.12440000000000002,0.46319999999999995,-2.4701805157248424,0.0718,0.1296,0.7303354601499092,-2.021818372581352,0.0,648.0,323.0,1239.0,617.0,370.8121101737802,370.8121101737822,0.85,-1.6013351485687388,100.0,5,median_of_seed_median_return_pct,0.2633116419943127,1.0,1.0,1.8419964825548045,10.630100682133481,0.2633116419943127,0.9566356312216537,617.0,feasible_if_all_values_le_0,1.0,1.0,3142|3143|3144|3145|3146,1.8617148936687702,True,COMPLETE
10,0.8954748585821903,4.603624996290848,0.018135724230616698,0.002630236118562092,1.0,1.0,1.0,False,0.08278353737981281,True,True,True,True,True,True,True,0.0,0.0,-4.182935557902887,0.0,-136.0,-414.0,-0.17241473073504132,"[-4.182935557902887, -0.17241473073504132, -414.0, -136.0, 0.0, 0.0, 0.0]",3.357657450037024,0.10310000000000001,10.817064442097113,-1000000.0,15.0,3.9316334327337277,650.0,3.357657450037024,1.190363557314471,3.3363587550139195,1.7476968818603786,-1.5886618731535407,-3.3363587550139195,6.189822980387151,0.064,0.5034000000000001,5.124862130820319,0.10076,0.0944,1.2514176048731607,1.7476968818603786,3.8,472.0,234.6,9.08287464547061,0.09664,0.46080000000000004,-1.7701420879205514,0.08800000000000001,0.11264,0.8316316756789532,-1.5886618731535407,1.6,563.2,281.0,5.0,5.0,10.817064442097113,0.10310000000000001,3.404991181707916,0.8954748585821903,3.0,1.0224147307350413,2.7701080259666777,1.8736358060752467,-1.7588064196803477,-2.7701080259666777,5.375712493790541,0.063,0.5032,5.345452887608788,0.1002,0.0946,1.2628530481425597,1.8736358060752467,4.0,473.0,235.0,8.629551626219477,0.09640000000000001,0.4614,-1.9022062738460455,0.0888,0.11280000000000001,0.84402835462266,-1.7588064196803477,2.0,564.0,281.0,1031.0,514.0,380.1940034747466,380.19400347475164,0.85,-1.3179603713930677,100.0,5,median_of_seed_median_return_pct,0.8954748585821903,1.0,1.0,3.357657450037024,10.817064442097113,0.8954748585821903,1.0224147307350413,514.0,feasible_if_all_values_le_0,1.0,1.0,3142|3143|3144|3145|3146,2.197170218201786,True,COMPLETE
11,1.7840796001162396,3.988473494397087,0.01565912575721567,0.002558894405716411,1.0,1.0,1.0,False,0.1469588352422973,True,True,True,True,True,True,True,0.0,0.0,-2.8600044891839858,0.0,-137.0,-413.0,-0.29233721126049683,"[-2.8600044891839858, -0.29233721126049683, -413.0, -137.0, 0.0, 0.0, 0.0]",3.727748570708279,0.10300000000000001,12.139995510816014,-1000000.0,15.0,2.2096886291471884,650.0,3.727748570708279,1.3970202101789075,2.8252217478272534,1.971081262967833,-0.8541404848594203,-2.8252217478272534,7.890193194194614,0.0668,0.49884000000000006,5.756756679047145,0.10628,0.09567999999999999,1.2613555338913367,1.971081262967833,3.2,478.4,237.8,9.609691865143429,0.0992,0.45312,-1.9960244670416145,0.08524,0.10888,0.8906718372013259,-0.8541404848594203,1.2,544.4,271.6,5.0,5.0,12.139995510816014,0.10300000000000001,3.8433171438829783,1.7840796001162396,3.0,1.1423372112604968,3.397332235240813,1.9684688446750087,-1.1852644475111362,-3.397332235240813,7.5151262869501245,0.06799999999999999,0.49119999999999997,6.125420674175883,0.10540000000000001,0.097,1.229053830768465,1.9684688446750087,3.0,485.0,241.0,9.986336926088068,0.0986,0.4526,-2.088288058744438,0.08499999999999999,0.1082,0.868723476824441,-1.1852644475111362,1.0,541.0,270.0,1030.0,513.0,390.7937731881637,390.79377318815943,0.85,0.1994181416017371,100.0,5,median_of_seed_median_return_pct,1.7840796001162396,1.0,1.0,3.727748570708279,12.139995510816014,1.7840796001162396,1.1423372112604968,513.0,feasible_if_all_values_le_0,1.0,1.0,3142|3143|3144|3145|3146,0.8182068538418197,True,COMPLETE
12,1.794218285892879,1.1761717273108772,0.01226425343914497,0.0026521524673305207,1.0,1.0,1.0,False,0.17549080852083002,True,True,True,True,True,True,True,0.0,0.0,-4.775998520857502,0.0,-137.0,-413.0,-0.24705659816109005,"[-4.775998520857502, -0.24705659816109005, -413.0, -137.0, 0.0, 0.0, 0.0]",3.4246917322854897,0.10300000000000001,10.224001479142498,-1000000.0,15.0,3.472408909526159,650.0,3.4246917322854897,1.4839564511018533,3.5432184607146255,2.04417010687457,-1.4990483538400556,-3.5432184607146255,7.977620395820116,0.07468,0.4659999999999999,5.9431181093245895,0.09119999999999999,0.09215999999999999,1.1345715885213725,2.04417010687457,3.4,460.8,229.2,9.202132488852786,0.11828000000000001,0.437,-2.4278638997144784,0.07964,0.11563999999999999,0.8680029242583419,-1.4990483538400556,1.0,578.2,288.2,5.0,5.0,10.224001479142498,0.10300000000000001,2.8680163519166753,1.794218285892879,3.0,1.09705659816109,3.433536902946177,2.2185220400620764,-1.47136682649468,-3.433536902946177,8.872155611889754,0.06999999999999999,0.4608,6.148331607587977,0.0914,0.09240000000000001,1.2013588575002976,2.2185220400620764,3.0,462.0,230.0,8.820422011469454,0.11760000000000001,0.43739999999999996,-2.794181406021763,0.0788,0.1162,0.8008767431183894,-1.47136682649468,1.0,581.0,290.0,1030.0,513.0,377.05222920556037,377.05222920555957,0.85,-1.0196564153412413,100.0,5,median_of_seed_median_return_pct,1.794218285892879,1.0,1.0,3.4246917322854897,10.224001479142498,1.794218285892879,1.09705659816109,513.0,feasible_if_all_values_le_0,1.0,1.0,3142|3143|3144|3145|3146,1.7297987001059005,True,COMPLETE
13,-0.15792243259461491,2.5784457016219346,0.004032586091088126,0.0025095178040978974,1.0,1.0,1.0,False,-0.016974415375625617,True,True,True,True,True,True,True,0.0,0.0,-5.696443494520384,0.0,-207.0,-343.0,-0.13025334823411017,"[-5.696443494520384, -0.13025334823411017, -343.0, -207.0, 0.0, 0.0, 0.0]",3.326901618836414,0.089,9.303556505479616,-1000000.0,15.0,1.3968834098936567,650.0,3.326901618836414,0.3068210141458927,3.320722229299853,2.0734649997081744,-1.2472572295916784,-3.320722229299853,5.167716629331915,0.05247999999999999,0.48472,5.715432421130224,0.09972,0.07556,1.2661087948493095,2.0734649997081744,4.0,377.8,187.4,8.387299579978631,0.09148,0.43807999999999997,-2.2889315943756365,0.09079999999999999,0.10148000000000001,0.8872171353025167,-1.2472572295916784,0.8,507.4,253.2,5.0,5.0,9.303556505479616,0.089,2.883107408131229,-0.15792243259461491,2.0,0.9802533482341101,3.2266077006512184,2.3766266091258093,-1.2770806031070503,-3.2266077006512184,4.543350362764209,0.0516,0.4768,5.390224994533955,0.10200000000000001,0.0758,1.207312228740911,2.3766266091258093,4.0,379.0,188.0,8.301396791731563,0.0926,0.4382,-2.3209925518205976,0.0914,0.1022,0.9200444128790275,-1.2770806031070503,1.0,511.0,255.0,890.0,443.0,398.4829270256851,398.48292702568216,0.85,-0.7466723262749331,100.0,5,median_of_seed_median_return_pct,-0.15792243259461491,1.0,1.0,3.326901618836414,9.303556505479616,-0.15792243259461491,0.9802533482341101,443.0,feasible_if_all_values_le_0,1.0,1.0,3142|3143|3144|3145|3146,0.9405120635648987,True,COMPLETE
14,1.730555661551847,2.1246443385496834,0.011379296370198565,0.002913706228035485,1.0,1.0,1.0,False,0.1556963999299069,True,True,True,True,True,True,True,0.0,0.0,-3.885063095030281,0.0,-167.0,-383.0,-0.3619958198974377,"[-3.885063095030281, -0.3619958198974377, -383.0, -167.0, 0.0, 0.0, 0.0]",2.079606511261029,0.0969,11.114936904969719,-1000000.0,15.0,3.4563008071199386,650.0,2.079606511261029,1.792754589674108,3.8881393291490256,2.629617449586315,-1.2585218795627107,-3.8881393291490256,5.63412820780029,0.06464,0.48016,4.657720624512496,0.0904,0.08604,1.3880482650131352,2.629617449586315,3.4,430.2,213.6,9.893760664298423,0.09988,0.44328,-2.530182499085991,0.0844,0.10672,0.821682642096282,-1.2585218795627107,0.8,533.6,266.2,5.0,5.0,11.114936904969719,0.0969,2.0214990984534342,1.730555661551847,3.0,1.2119958198974377,3.8402686622380444,2.88146761999577,-1.287444416748884,-3.8402686622380444,4.711472087770286,0.0626,0.4766,4.427412345859534,0.092,0.085,1.413075345475428,2.88146761999577,3.0,425.0,211.0,9.983404253817751,0.0988,0.44399999999999995,-2.3487909699926757,0.0828,0.10659999999999999,0.7936563334213739,-1.287444416748884,1.0,533.0,266.0,969.0,483.0,343.20549902322597,343.20549902323125,0.85,-0.6146150456218358,100.0,5,median_of_seed_median_return_pct,1.730555661551847,1.0,1.0,2.079606511261029,11.114936904969719,1.730555661551847,1.2119958198974377,483.0,feasible_if_all_values_le_0,1.0,1.0,3142|3143|3144|3145|3146,1.5293178249102635,True,COMPLETE
15,0.7931483420360097,8.87381391645034,0.009637067770563595,0.002641184759854775,1.0,1.0,1.0,False,0.08026027897808065,True,True,True,True,True,True,True,0.0,0.0,-5.117797344653871,0.0,-197.0,-353.0,-0.26499074346137774,"[-5.117797344653871, -0.26499074346137774, -353.0, -197.0, 0.0, 0.0, 0.0]",2.898853127748183,0.091,9.882202655346129,-1000000.0,15.0,1.7033019695241514,650.0,2.898853127748183,0.8150734198794041,3.2535522770783247,1.930605006416468,-1.3229472706618561,-3.2535522770783247,4.082376097154001,0.04932000000000001,0.49508,5.451330601199365,0.11488000000000001,0.08108,1.325138778419384,1.930605006416468,4.4,405.4,201.2,8.818965778453201,0.08484,0.44256,-2.4591982021612053,0.09556,0.09972,0.8099085177622154,-1.3229472706618561,0.4,498.6,248.8,5.0,5.0,9.882202655346129,0.091,2.954181970842227,0.7931483420360097,3.0,1.1149907434613777,3.0653130628588876,1.5047082986021643,-1.3174908090717752,-3.0653130628588876,3.9252074562658,0.05120000000000001,0.49800000000000005,5.601761291582138,0.11480000000000001,0.0794,1.1946619569767591,1.5047082986021643,4.0,397.0,197.0,9.509696570420356,0.08280000000000001,0.4484,-2.3681675181426587,0.094,0.09860000000000001,0.8039201552989664,-1.3174908090717752,0.0,493.0,246.0,910.0,453.0,378.61796539178306,378.61796539178613,0.85,0.07174652804855519,100.0,5,median_of_seed_median_return_pct,0.7931483420360097,1.0,1.0,2.898853127748183,9.882202655346129,0.7931483420360097,1.1149907434613777,453.0,feasible_if_all_values_le_0,1.0,1.0,3142|3143|3144|3145|3146,0.7409308462938146,True,COMPLETE
16,-0.04216106374616002,6.508525266141007,0.03607769697903428,0.0025265580198505517,1.0,1.0,1.0,False,-0.0035599499876090963,True,True,False,True,True,True,True,0.0,0.0,-3.156838187921881,0.0,20.0,-570.0,-0.1063642455571624,"[-3.156838187921881, -0.1063642455571624, -570.0, 20.0, 0.0, 0.0, 0.0]",0.1547764006086068,0.1343,11.843161812078119,-1000000.0,15.0,2.515021952813168,650.0,0.1547764006086068,0.1182878064234627,4.024176594198335,0.5701229677911046,-3.4540536264072292,-4.024176594198335,6.447560386570894,0.09323999999999999,0.5452,3.9508425977906905,0.09748,0.13108000000000003,1.0226053687048542,0.5701229677911046,3.0,655.4,326.4,9.593303044281935,0.11384000000000001,0.4936000000000001,-3.6841783676388395,0.08484,0.13620000000000002,0.704646370188742,-3.4540536264072292,0.6,681.0,339.6,5.0,5.0,11.843161812078119,0.1343,-0.31525342828261743,-0.04216106374616002,2.0,0.9563642455571624,3.9595771385685707,0.6192754723183702,-3.0373949380460674,-3.9595771385685707,7.297735350353651,0.09280000000000001,0.5466,4.399803864557163,0.0992,0.13,0.9808021981208024,0.6192754723183702,3.0,650.0,324.0,8.632776979043754,0.11439999999999999,0.49000000000000005,-3.547161313468596,0.0834,0.136,0.7488083638781637,-3.0373949380460674,0.0,680.0,339.0,1343.0,670.0,395.7953833409893,395.79538334098527,0.85,-1.9572192450436177,100.0,5,median_of_seed_median_return_pct,-0.04216106374616002,1.0,1.0,0.1547764006086068,11.843161812078119,-0.04216106374616002,0.9563642455571624,670.0,feasible_if_all_values_le_0,1.0,1.0,3142|3143|3144|3145|3146,1.6556973859720183,False,COMPLETE
