number,value,params_lambda_prior,params_noise_std,params_one_minus_gamma,user_attrs_all_symbols_active_share,user_attrs_all_symbols_have_long_share,user_attrs_calmar_drawdown_floor_abs,user_attrs_calmar_drawdown_floor_applied,user_attrs_calmar_like,user_attrs_constraint_drawdown_ok,user_attrs_constraint_finite_objective_return_ok,user_attrs_constraint_max_trades_ok,user_attrs_constraint_min_trades_ok,user_attrs_constraint_profit_factor_ok,user_attrs_constraint_symbols_active_ok,user_attrs_constraint_symbols_have_long_ok,user_attrs_constraint_value_all_symbols_active,user_attrs_constraint_value_all_symbols_have_long,user_attrs_constraint_value_drawdown,user_attrs_constraint_value_finite_objective_return,user_attrs_constraint_value_max_trades,user_attrs_constraint_value_min_trades,user_attrs_constraint_value_profit_factor,user_attrs_constraints_values,user_attrs_diagnostic_mean_of_seed_mean_return_pct,user_attrs_diagnostic_median_mean_turnover,user_attrs_effective_drawdown_abs_for_calmar,user_attrs_invalid_score,user_attrs_max_drawdown_abs,user_attrs_max_seed_median_return_pct,user_attrs_max_total_trades,user_attrs_mean_of_seed_mean_return_pct,user_attrs_mean_of_seed_median_return_pct,user_attrs_mean_seed_half_return_gap_pct,user_attrs_mean_seed_max_half_median_return_pct,user_attrs_mean_seed_min_half_median_return_pct,user_attrs_mean_seed_second_minus_first_half_median_return_pct,user_attrs_mean_seed_val_first_max_drawdown_abs,user_attrs_mean_seed_val_first_mean_constraint_applied_ratio,user_attrs_mean_seed_val_first_mean_executed_action_1_ratio,user_attrs_mean_seed_val_first_mean_return_pct,user_attrs_mean_seed_val_first_mean_threshold_applied_ratio,user_attrs_mean_seed_val_first_mean_turnover,user_attrs_mean_seed_val_first_median_profit_factor,user_attrs_mean_seed_val_first_median_return_pct,user_attrs_mean_seed_val_first_positive_return_symbols,user_attrs_mean_seed_val_first_total_trade_events,user_attrs_mean_seed_val_first_total_trades,user_attrs_mean_seed_val_second_max_drawdown_abs,user_attrs_mean_seed_val_second_mean_constraint_applied_ratio,user_attrs_mean_seed_val_second_mean_executed_action_1_ratio,user_attrs_mean_seed_val_second_mean_return_pct,user_attrs_mean_seed_val_second_mean_threshold_applied_ratio,user_attrs_mean_seed_val_second_mean_turnover,user_attrs_mean_seed_val_second_median_profit_factor,user_attrs_mean_seed_val_second_median_return_pct,user_attrs_mean_seed_val_second_positive_return_symbols,user_attrs_mean_seed_val_second_total_trade_events,user_attrs_mean_seed_val_second_total_trades,user_attrs_median_active_symbols,user_attrs_median_long_action_symbols,user_attrs_median_max_drawdown_abs,user_attrs_median_mean_turnover,user_attrs_median_of_seed_mean_return_pct,user_attrs_median_of_seed_median_return_pct,user_attrs_median_positive_return_symbols,user_attrs_median_profit_factor,user_attrs_median_seed_half_return_gap_pct,user_attrs_median_seed_max_half_median_return_pct,user_attrs_median_seed_min_half_median_return_pct,user_attrs_median_seed_second_minus_first_half_median_return_pct,user_attrs_median_seed_val_first_max_drawdown_abs,user_attrs_median_seed_val_first_mean_constraint_applied_ratio,user_attrs_median_seed_val_first_mean_executed_action_1_ratio,user_attrs_median_seed_val_first_mean_return_pct,user_attrs_median_seed_val_first_mean_threshold_applied_ratio,user_attrs_median_seed_val_first_mean_turnover,user_attrs_median_seed_val_first_median_profit_factor,user_attrs_median_seed_val_first_median_return_pct,user_attrs_median_seed_val_first_positive_return_symbols,user_attrs_median_seed_val_first_total_trade_events,user_attrs_median_seed_val_first_total_trades,user_attrs_median_seed_val_second_max_drawdown_abs,user_attrs_median_seed_val_second_mean_constraint_applied_ratio,user_attrs_median_seed_val_second_mean_executed_action_1_ratio,user_attrs_median_seed_val_second_mean_return_pct,user_attrs_median_seed_val_second_mean_threshold_applied_ratio,user_attrs_median_seed_val_second_mean_turnover,user_attrs_median_seed_val_second_median_profit_factor,user_attrs_median_seed_val_second_median_return_pct,user_attrs_median_seed_val_second_positive_return_symbols,user_attrs_median_seed_val_second_total_trade_events,user_attrs_median_seed_val_second_total_trades,user_attrs_median_total_trade_events,user_attrs_median_total_trades,user_attrs_memory_horizon,user_attrs_memory_horizon_bars,user_attrs_min_profit_factor,user_attrs_min_seed_median_return_pct,user_attrs_min_total_trades,user_attrs_n_seeds,user_attrs_objective_metric_name,user_attrs_objective_score,user_attrs_observed_all_symbols_active_share,user_attrs_observed_all_symbols_have_long_share,user_attrs_observed_mean_of_seed_mean_return_pct,user_attrs_observed_median_max_drawdown_abs,user_attrs_observed_median_of_seed_median_return_pct,user_attrs_observed_median_profit_factor,user_attrs_observed_median_total_trades,user_attrs_optuna_constraints_convention,user_attrs_required_all_symbols_active_share,user_attrs_required_all_symbols_have_long_share,user_attrs_seeds_used,user_attrs_std_of_seed_median_return_pct,user_attrs_valid,state
17,0.7883935154095134,0.9664300503451013,0.00887593342580686,0.002541599787440182,1.0,1.0,1.0,False,0.07483906054748567,True,True,True,True,True,True,True,0.0,0.0,-4.465480864644542,0.0,-178.0,-372.0,-0.2455716048643185,"[-4.465480864644542, -0.2455716048643185, -372.0, -178.0, 0.0, 0.0, 0.0]",2.839327327498407,0.0948,10.534519135355458,-1000000.0,15.0,2.485390379447261,650.0,2.839327327498407,0.8252489488668324,3.7117659998446313,2.2763986681965642,-1.4353673316480673,-3.7117659998446313,7.294061802207372,0.05956,0.46832,4.844874966127758,0.09031999999999998,0.08076000000000001,1.3870255090034147,2.2763986681965642,3.4,403.8,200.6,8.868956758366703,0.10504,0.4419600000000001,-2.0042948669524607,0.08404,0.10756000000000002,0.782640877080612,-1.4353673316480673,1.0,537.8,268.2,5.0,5.0,10.534519135355458,0.0948,2.8490661193475537,0.7883935154095134,3.0,1.0955716048643185,3.6187159615459263,2.4461965574649858,-1.384303295885747,-3.6187159615459263,7.633237870958975,0.057199999999999994,0.45920000000000005,5.083696263573986,0.0938,0.0806,1.4028976175186574,2.4461965574649858,3.0,403.0,200.0,8.840440822353424,0.1076,0.446,-2.05236238233939,0.08099999999999999,0.10719999999999999,0.7839153158460425,-1.384303295885747,1.0,536.0,267.0,948.0,472.0,393.45297593338563,393.4529759333869,0.85,-0.6671722934373348,100.0,5,median_of_seed_median_return_pct,0.7883935154095134,1.0,1.0,2.839327327498407,10.534519135355458,0.7883935154095134,1.0955716048643185,472.0,feasible_if_all_values_le_0,1.0,1.0,3142|3143|3144|3145|3146,1.1346350204228577,True,COMPLETE
18,-0.8328218662814191,4.048727488081244,0.021035656404679914,0.003174787720733252,1.0,1.0,1.0,False,-0.06780039996358375,True,True,True,True,True,True,True,0.0,0.0,-2.7165641098174085,0.0,-89.0,-461.0,-0.0803052322301816,"[-2.7165641098174085, -0.0803052322301816, -461.0, -89.0, 0.0, 0.0, 0.0]",0.5284646502875413,0.1127,12.283435890182592,-1000000.0,15.0,2.0413865376808893,650.0,0.5284646502875413,-0.7446039970198393,4.771961247178673,1.621024034326051,-3.1509372128526225,-4.771961247178673,5.158929281504019,0.07976,0.5036,4.18158822980741,0.09659999999999999,0.10828,1.1962558425985652,1.621024034326051,3.0,541.4,269.2,10.380581537080039,0.11048,0.46432,-3.547857774027064,0.08112,0.11907999999999999,0.7130321686172069,-3.1509372128526225,0.6,595.4,297.0,5.0,5.0,12.283435890182592,0.1127,0.2897472371360756,-0.8328218662814191,2.0,0.9303052322301816,5.054766288774959,1.9968377369389945,-3.549103743203008,-5.054766288774959,4.868839326381302,0.07859999999999999,0.503,3.9214606111511507,0.09620000000000001,0.1058,1.142435936814363,1.9968377369389945,3.0,529.0,263.0,10.091823651831898,0.1102,0.46579999999999994,-3.69851124641547,0.08159999999999999,0.1196,0.6988250898539666,-3.549103743203008,1.0,598.0,298.0,1127.0,561.0,314.9816894746711,314.9816894746755,0.85,-2.7925448687677656,100.0,5,median_of_seed_median_return_pct,-0.8328218662814191,1.0,1.0,0.5284646502875413,12.283435890182592,-0.8328218662814191,0.9303052322301816,561.0,feasible_if_all_values_le_0,1.0,1.0,3142|3143|3144|3145|3146,1.7798930037372882,True,COMPLETE
19,0.7818532433980785,4.967757817880676,0.003975079376761734,0.0032492036743008144,1.0,1.0,1.0,False,0.08433290070397507,True,True,True,True,True,True,True,0.0,0.0,-5.728965363796322,0.0,-198.0,-352.0,-0.1818503074611989,"[-5.728965363796322, -0.1818503074611989, -352.0, -198.0, 0.0, 0.0, 0.0]",1.9989664830761438,0.09090000000000001,9.271034636203678,-1000000.0,15.0,2.226206179299428,650.0,1.9989664830761438,0.43479386800337805,3.2783753119062276,1.6882843061315398,-1.5900910057746878,-3.2783753119062276,4.487471626638874,0.052039999999999996,0.47459999999999997,4.563812121516004,0.10888,0.08027999999999999,1.1641253779455007,1.6882843061315398,4.0,401.4,199.2,8.516337727605228,0.09096000000000001,0.43751999999999996,-2.53798197480714,0.08792,0.10072,0.7861632439855377,-1.5900910057746878,1.4,503.6,251.0,5.0,5.0,9.271034636203678,0.09090000000000001,1.8089269805042882,0.7818532433980785,3.0,1.0318503074611989,3.5443830119666786,1.3380272418639816,-1.8331392167499905,-3.5443830119666786,4.459949027423549,0.0522,0.4744,4.628762938838884,0.10899999999999999,0.0798,1.081344307649935,1.3380272418639816,4.0,399.0,198.0,7.44148456181618,0.09140000000000001,0.44020000000000004,-2.50803066395076,0.08940000000000001,0.1008,0.7233911424317108,-1.8331392167499905,1.0,504.0,251.0,909.0,452.0,307.76771795174915,307.76771795174903,0.85,-1.8951201404949214,100.0,5,median_of_seed_median_return_pct,0.7818532433980785,1.0,1.0,1.9989664830761438,9.271034636203678,0.7818532433980785,1.0318503074611989,452.0,feasible_if_all_values_le_0,1.0,1.0,3142|3143|3144|3145|3146,1.7594475438515684,True,COMPLETE
20,-0.36454539438861566,0.6538547179414439,0.011031251389707501,0.0029707540979904386,1.0,1.0,1.0,False,-0.033412148808084366,True,True,True,True,True,True,True,0.0,0.0,-4.089435807241147,0.0,-149.0,-401.0,-0.09382572738622941,"[-4.089435807241147, -0.09382572738622941, -401.0, -149.0, 0.0, 0.0, 0.0]",2.542100082642354,0.1006,10.910564192758853,-1000000.0,15.0,0.9397241613736673,650.0,2.542100082642354,-0.8716345662101688,3.4747126033355626,1.4001776081474393,-2.0745349951881242,-3.4747126033355626,7.557326880989092,0.07052,0.45692000000000005,5.067608065247197,0.08664000000000001,0.08936000000000001,1.1246656231134315,1.4001776081474393,3.0,446.8,222.0,8.601073364496056,0.11640000000000002,0.43868,-2.4978723596089205,0.07724,0.11316,0.7500209216940789,-2.0745349951881242,1.2,565.8,282.0,5.0,5.0,10.910564192758853,0.1006,2.7249352415175117,-0.36454539438861566,2.0,0.9438257273862294,3.8217575505439694,1.6668189022790214,-2.01967326618413,-3.8217575505439694,7.577809199118524,0.0688,0.4595999999999999,5.131429463913774,0.0876,0.0898,1.1589259374252314,1.6668189022790214,3.0,449.0,223.0,8.392975349238817,0.11640000000000002,0.4316,-2.4070168426043903,0.07859999999999999,0.11320000000000001,0.7042328551274776,-2.01967326618413,1.0,566.0,282.0,1006.0,501.0,336.6148684862366,336.61486848623946,0.85,-2.393214533888466,100.0,5,median_of_seed_median_return_pct,-0.36454539438861566,1.0,1.0,2.542100082642354,10.910564192758853,-0.36454539438861566,0.9438257273862294,501.0,feasible_if_all_values_le_0,1.0,1.0,3142|3143|3144|3145|3146,1.4241566821311678,True,COMPLETE
21,0.2706343865904959,1.481736430185892,0.008879099532702795,0.003010509867676461,1.0,1.0,1.0,False,0.02290422727776611,True,True,True,True,True,True,True,0.0,0.0,-3.1840857013670316,0.0,-161.0,-389.0,-0.17969753289181478,"[-3.1840857013670316, -0.17969753289181478, -389.0, -161.0, 0.0, 0.0, 0.0]",1.7062867619670867,0.09830000000000001,11.815914298632968,-1000000.0,15.0,2.866336481057896,650.0,1.7062867619670867,0.5974536377470718,3.782633428731283,1.7013394262554549,-2.081294002475828,-3.782633428731283,6.962496518663391,0.06464,0.46032,4.6685573535364835,0.09148,0.08444,1.1799617248192522,1.7013394262554549,3.0,422.2,209.6,9.522413926355362,0.10652000000000002,0.44264000000000003,-2.9168166127807624,0.08091999999999999,0.10972,0.7628848860500653,-2.081294002475828,1.0,548.6,273.4,5.0,5.0,11.815914298632968,0.09830000000000001,1.815782758472928,0.2706343865904959,3.0,1.0296975328918148,4.186086982574255,1.6343907067052355,-2.257514610505751,-4.186086982574255,7.5151262869501245,0.06580000000000001,0.461,4.881346411105246,0.0916,0.08620000000000001,1.0936246222903891,1.6343907067052355,3.0,431.0,214.0,8.600088164717313,0.10500000000000001,0.43999999999999995,-3.3662527749971938,0.07959999999999999,0.1092,0.7859581248283379,-2.257514610505751,1.0,546.0,272.0,983.0,489.0,332.16964698800643,332.1696469880043,0.85,-0.989137307754373,100.0,5,median_of_seed_median_return_pct,0.2706343865904959,1.0,1.0,1.7062867619670867,11.815914298632968,0.2706343865904959,1.0296975328918148,489.0,feasible_if_all_values_le_0,1.0,1.0,3142|3143|3144|3145|3146,1.5724648425944117,True,COMPLETE
22,0.5344952704317896,4.194998203845601,0.009658437293490498,0.0030551953552172477,1.0,1.0,1.0,False,0.05368124096589134,True,True,True,True,True,True,True,0.0,0.0,-5.043164785042807,0.0,-175.0,-375.0,-0.2228876220597179,"[-5.043164785042807, -0.2228876220597179, -375.0, -175.0, 0.0, 0.0, 0.0]",2.285728936925622,0.0955,9.956835214957193,-1000000.0,15.0,2.74381069448717,650.0,2.285728936925622,0.45297337591641895,3.5543613552177233,1.6918308977530707,-1.8625304574646528,-3.5543613552177233,5.423710450834034,0.056679999999999994,0.48075999999999997,4.981182750177915,0.10376,0.08512,1.2383767756119155,1.6918308977530707,4.0,425.6,211.4,9.186065491856152,0.0962,0.44292,-2.6118296914982873,0.08671999999999999,0.10524000000000003,0.8372759753858551,-1.8625304574646528,1.2,526.2,262.2,5.0,5.0,9.956835214957193,0.0955,2.3624329906398307,0.5344952704317896,3.0,1.0728876220597179,3.6645552834478567,1.8801144348845833,-1.9481312981652232,-3.6645552834478567,4.450596506254001,0.0576,0.4814,4.635468008565506,0.10700000000000001,0.08420000000000001,1.2540895402448313,1.8801144348845833,4.0,421.0,209.0,8.704232148589208,0.09739999999999999,0.446,-2.4766750020849555,0.0858,0.10500000000000002,0.8434682953424502,-1.9481312981652232,1.0,525.0,262.0,955.0,475.0,327.31131195664324,327.31131195664244,0.85,-2.5419022363380783,100.0,5,median_of_seed_median_return_pct,0.5344952704317896,1.0,1.0,2.285728936925622,9.956835214957193,0.5344952704317896,1.0728876220597179,475.0,feasible_if_all_values_le_0,1.0,1.0,3142|3143|3144|3145|3146,1.968851299810178,True,COMPLETE
23,0.5811416658763058,2.192033733588221,0.016266189780995508,0.0028653656755978857,1.0,1.0,1.0,False,0.06290968216057248,True,True,True,True,True,True,True,0.0,0.0,-5.762285773547813,0.0,-133.0,-417.0,-0.20803951223254236,"[-5.762285773547813, -0.20803951223254236, -417.0, -133.0, 0.0, 0.0, 0.0]",1.7494753716042972,0.1038,9.237714226452187,-1000000.0,15.0,1.709935923502326,650.0,1.7494753716042972,0.26901763882411833,3.6160121754658463,1.4355349739586432,-2.1804772015072027,-3.6160121754658463,6.320556860888436,0.0712,0.48751999999999995,4.534000527690125,0.09559999999999999,0.09612000000000001,1.1886267210312775,1.4355349739586432,3.6,480.6,239.0,8.58217377582329,0.10899999999999999,0.45496,-2.7066654787170847,0.08152000000000001,0.11404,0.7880688530258168,-2.1804772015072027,0.4,570.2,284.2,5.0,5.0,9.237714226452187,0.1038,1.8759048050273883,0.5811416658763058,3.0,1.0580395122325423,3.228926244953201,1.935977492733465,-2.4610059164475673,-3.228926244953201,5.468990439450739,0.0718,0.48679999999999995,4.94959115526621,0.0958,0.095,1.2770996279823543,1.935977492733465,4.0,475.0,236.0,8.534691560748497,0.11000000000000001,0.45640000000000003,-2.600491135225269,0.08080000000000001,0.11259999999999999,0.8311922917495166,-2.4610059164475673,0.0,563.0,281.0,1038.0,517.0,348.9955954020914,348.9955954020873,0.85,-1.7969402750755425,100.0,5,median_of_seed_median_return_pct,0.5811416658763058,1.0,1.0,1.7494753716042972,9.237714226452187,0.5811416658763058,1.0580395122325423,517.0,feasible_if_all_values_le_0,1.0,1.0,3142|3143|3144|3145|3146,1.3434933234087207,True,COMPLETE
24,-1.146960910642647,1.6673350406778629,0.014375581224260968,0.003527119796906882,1.0,1.0,1.0,False,-0.10268813523168402,True,True,True,True,True,True,True,0.0,0.0,-3.830638436905252,0.0,-115.0,-435.0,-0.04620276245582822,"[-3.830638436905252, -0.04620276245582822, -435.0, -115.0, 0.0, 0.0, 0.0]",1.0488406044904723,0.10740000000000001,11.169361563094748,-1000000.0,15.0,1.2228409665327122,650.0,1.0488406044904723,-0.5981491399309347,3.9923896902040923,1.1908947749615484,-2.801494915242544,-3.9923896902040923,5.228686787993581,0.08671999999999999,0.47592000000000007,4.05278255591711,0.08936,0.10324,1.1089273153059853,1.1908947749615484,3.0,516.2,256.6,9.386555419975554,0.11372000000000002,0.43988000000000005,-2.9219505337722356,0.07472000000000001,0.11448,0.7360115120948679,-2.801494915242544,1.0,572.4,285.4,5.0,5.0,11.169361563094748,0.10740000000000001,1.1772046585571025,-1.146960910642647,2.0,0.8962027624558282,3.9465639294274157,1.1670989657177389,-2.4855845262756415,-3.9465639294274157,5.030683066702101,0.08499999999999999,0.47780000000000006,3.866579636463208,0.09119999999999999,0.10300000000000001,1.1241108205046682,1.1670989657177389,3.0,515.0,256.0,9.570291351720018,0.11400000000000002,0.43760000000000004,-2.920012975031856,0.0756,0.11320000000000001,0.7569662811988365,-2.4855845262756415,1.0,566.0,282.0,1074.0,535.0,283.5174469766955,283.5174469766943,0.85,-1.2083638642795047,100.0,5,median_of_seed_median_return_pct,-1.146960910642647,1.0,1.0,1.0488406044904723,11.169361563094748,-1.146960910642647,0.8962027624558282,535.0,feasible_if_all_values_le_0,1.0,1.0,3142|3143|3144|3145|3146,1.0444645551617937,True,COMPLETE
25,-1.3077516473995021,0.8908777575613082,0.028039310030242223,0.003928622014456189,1.0,1.0,1.0,False,-0.11669070461702874,True,True,False,True,True,True,True,0.0,0.0,-3.7930092487532967,0.0,8.0,-558.0,-0.033532443890023744,"[-3.7930092487532967, -0.033532443890023744, -558.0, 8.0, 0.0, 0.0, 0.0]",0.18024232734588228,0.1321,11.206990751246703,-1000000.0,15.0,-1.1878743108905798,650.0,0.18024232734588228,-2.153525207391655,4.08554530297474,0.7653388951537843,-3.320206407820956,-4.08554530297474,6.495698729391577,0.10848,0.50596,3.7906054865971464,0.07955999999999999,0.12628,1.0111389649384726,0.7653388951537843,3.0,631.4,314.6,9.060592683904362,0.1378,0.47592000000000007,-3.5817736150057513,0.06380000000000001,0.13628,0.6831347435161764,-3.320206407820956,0.4,681.4,339.4,5.0,5.0,11.206990751246703,0.1321,0.8090351600577144,-1.3077516473995021,1.0,0.8835324438900237,3.827927074159043,0.8488268616678951,-2.702514258911415,-3.827927074159043,6.990200831160909,0.10640000000000001,0.5082000000000001,3.7106450405768583,0.07959999999999999,0.12480000000000002,1.021797654153941,0.8488268616678951,3.0,624.0,311.0,8.65540316185377,0.1342,0.4750000000000001,-3.3491475020666024,0.0622,0.1342,0.6878525369862074,-2.702514258911415,0.0,671.0,334.0,1321.0,658.0,254.54217695677775,254.54217695677661,0.85,-4.980317511929466,100.0,5,median_of_seed_median_return_pct,-1.3077516473995021,1.0,1.0,0.18024232734588228,11.206990751246703,-1.3077516473995021,0.8835324438900237,658.0,feasible_if_all_values_le_0,1.0,1.0,3142|3143|3144|3145|3146,1.6197941903941617,False,COMPLETE
26,1.3692963391546797,2.6837224343435837,0.01110732952216318,0.0025479452131143966,1.0,1.0,1.0,False,0.13713895185644398,True,True,True,True,True,True,True,0.0,0.0,-5.01526320116513,0.0,-168.0,-382.0,-0.2867132393380999,"[-5.01526320116513, -0.2867132393380999, -382.0, -168.0, 0.0, 0.0, 0.0]",3.753535146125118,0.0968,9.98473679883487,-1000000.0,15.0,2.656661422121509,650.0,3.753535146125118,1.5867176654636506,4.2545297013368595,2.8035420527148736,-1.4509876486219864,-4.2545297013368595,7.1511450533813825,0.05756,0.48100000000000004,6.179752321947614,0.1008,0.08352,1.349154433255018,2.8035420527148736,3.6,417.6,207.6,9.155745620280968,0.10307999999999999,0.44412,-2.3157103379049935,0.08212,0.10832,0.8583478933194779,-1.4509876486219864,1.2,541.6,270.0,5.0,5.0,9.98473679883487,0.0968,4.108532201108905,1.3692963391546797,3.0,1.1367132393380999,4.166452822695554,2.4236780348916076,-1.1740613019525115,-4.166452822695554,7.515126286950114,0.056600000000000004,0.4776000000000001,5.818064898656972,0.0996,0.08499999999999999,1.4011369008541765,2.4236780348916076,4.0,425.0,212.0,8.720851594806456,0.1036,0.44020000000000004,-2.060815993085068,0.0834,0.1096,0.8604446020884827,-1.1740613019525115,2.0,548.0,274.0,968.0,482.0,392.47311710352005,392.4731171035179,0.85,0.20334240915373947,100.0,5,median_of_seed_median_return_pct,1.3692963391546797,1.0,1.0,3.753535146125118,9.98473679883487,1.3692963391546797,1.1367132393380999,482.0,feasible_if_all_values_le_0,1.0,1.0,3142|3143|3144|3145|3146,1.0355371003953397,True,COMPLETE
