number,value,params_lambda_prior,params_noise_std,params_one_minus_gamma,user_attrs_bandit_consulted_ratio_overall,user_attrs_constraints_values,user_attrs_cv_finite_objective,user_attrs_cv_min_symbol_trades,user_attrs_decision_point_ratio_overall,user_attrs_dro_alpha,user_attrs_dro_minimax_max,user_attrs_dro_minimax_mean,user_attrs_dro_minimax_median,user_attrs_dro_minimax_min,user_attrs_dro_minimax_std,user_attrs_dro_pure_min_mean,user_attrs_dro_pure_min_median,user_attrs_dro_pure_min_std,user_attrs_forced_singleton_ratio_overall,user_attrs_full_mean_aggregate_median,user_attrs_h1_mean_aggregate_median,user_attrs_h2_mean_aggregate_median,user_attrs_mean_holding_bars_overall,user_attrs_median_holding_bars_overall,user_attrs_median_max_drawdown_abs,user_attrs_median_min_symbol_trades,user_attrs_median_profit_factor,user_attrs_median_time_between_entries_overall,user_attrs_median_total_trades,user_attrs_memory_horizon_bars,user_attrs_n_seeds,user_attrs_objective_metric_name,user_attrs_objective_score,user_attrs_observed_dro_minimax_median,user_attrs_observed_dro_pure_min_median,user_attrs_observed_median_max_drawdown_abs,user_attrs_observed_median_min_symbol_trades,user_attrs_observed_median_profit_factor,user_attrs_observed_median_total_trades,user_attrs_p25_holding_bars_overall,user_attrs_p75_holding_bars_overall,user_attrs_pending_update_queued_ratio_overall,user_attrs_seeds_used,user_attrs_share_trades_closed_after_horizon_overall,user_attrs_share_trades_closed_before_horizon_overall,user_attrs_valid,state
28,-2.3048998741761384,0.6328391610370294,0.004747727356257883,0.0026280379416454554,0.8265,"[-6.0, 0.0]",0.0,-6.0,0.8265,0.5,-1.0031152083300983,-2.436149452363785,-2.3048998741761384,-3.8108793201557916,1.1253892093756168,-3.0980849515762956,-2.9578618561124976,1.5022730521176304,0.1735,-3.304011843749022,-0.44761396251369695,-2.9578618561124976,6.810218978102189,4.0,6.016752713043971,56.0,0.7325970202816444,9.5,283.0,380.51201017816527,5,dro_minimax_median,-2.3048998741761384,-2.3048998741761384,-2.9578618561124976,6.016752713043971,56.0,0.7325970202816444,283.0,4.0,6.0,0.8215,3142|3143|3144|3145|3146,0.1348314606741573,0.8651685393258427,True,COMPLETE
29,-4.175585114559577,2.0908687174637284,0.01095905811633005,0.0029656344337426117,0.7465,"[-50.0, 0.0]",0.0,-50.0,0.7465,0.5,-3.001546834435233,-3.8800782572478028,-4.175585114559577,-4.849701851373128,0.7780284615183246,-4.517778954914206,-4.313408333614247,1.018923209355858,0.25349999999999995,-6.827509060580593,-1.9544976973417763,-3.762115457395565,6.214285714285714,4.0,8.937206594907643,100.0,0.621576519910865,9.0,370.0,337.19597689523937,5,dro_minimax_median,-4.175585114559577,-4.175585114559577,-4.313408333614247,8.937206594907643,100.0,0.621576519910865,370.0,4.0,5.0,0.744,3142|3143|3144|3145|3146,0.11904761904761904,0.8809523809523809,True,COMPLETE
30,-2.691692823660212,0.5568497604625452,0.0051755631784752894,0.0024256881961385564,0.8325,"[-28.0, 0.0]",0.0,-28.0,0.8325,0.5,-1.2738261707372494,-2.4104140570542865,-2.691692823660212,-3.383918087699082,0.8938031315190168,-2.78393417469601,-3.1481528705107937,1.1215620571309968,0.16749999999999998,-4.417760596439032,-1.343100817207003,-3.1481528705107937,6.666666666666667,4.0,6.2779070586501895,78.0,0.6754425544969379,9.5,243.0,412.2541395023054,5,dro_minimax_median,-2.691692823660212,-2.691692823660212,-3.1481528705107937,6.2779070586501895,78.0,0.6754425544969379,243.0,4.0,6.0,0.831,3142|3143|3144|3145|3146,0.12903225806451613,0.8709677419354839,True,COMPLETE
31,-2.418283558024965,0.8147966074384936,0.0036022366666653436,0.0023047202769612726,0.85,"[-16.0, 0.0]",0.0,-16.0,0.85,0.5,-2.0000822864084276,-2.3401232010116226,-2.418283558024965,-2.659238571399598,0.25683205014187127,-2.9039789224165475,-3.0019172607184195,0.38834338534804824,0.15000000000000002,-3.6511342820833383,-0.6673824499446016,-3.0019172607184195,6.935064935064935,4.0,5.964681548760664,66.0,0.6024585807034175,13.0,212.0,433.8921343281103,5,dro_minimax_median,-2.418283558024965,-2.418283558024965,-3.0019172607184195,5.964681548760664,66.0,0.6024585807034175,212.0,4.0,6.75,0.8455,3142|3143|3144|3145|3146,0.14814814814814814,0.8518518518518519,True,COMPLETE
32,-1.6293598962935436,0.6115598409758733,0.002761224123498433,0.0022559210849628095,0.8545,"[-3.0, 0.0]",0.0,-3.0,0.8545,0.5,-0.02712287248432626,-1.6250944708229866,-1.6293598962935436,-3.2689616933861645,1.1690735590351327,-1.9830919711722799,-2.037286214566595,1.3711402777256054,0.14549999999999996,-2.434455368636549,-0.405580941474389,-2.037286214566595,7.772151898734177,4.0,4.022067439361887,53.0,0.7480840065355333,13.0,216.0,443.2779172399489,5,dro_minimax_median,-1.6293598962935436,-1.6293598962935436,-2.037286214566595,4.022067439361887,53.0,0.7480840065355333,216.0,4.0,9.0,0.851,3142|3143|3144|3145|3146,0.2191780821917808,0.7808219178082192,True,COMPLETE
33,-2.4709942790886954,0.636104333683752,0.003514553483701658,0.0024038028059768547,0.8385,"[-6.0, 0.0]",0.0,-6.0,0.8385,0.5,-0.8889344043563239,-2.317086857628689,-2.4709942790886954,-3.3058721478865616,0.9930895439518843,-2.799489926190708,-2.6928208320380307,1.2388496540463998,0.16149999999999998,-4.4559286224058985,-0.9380704188851285,-2.6928208320380307,6.765432098765432,4.0,5.227850115952426,56.0,0.6213760515287742,11.0,272.0,416.0075017441462,5,dro_minimax_median,-2.4709942790886954,-2.4709942790886954,-2.6928208320380307,5.227850115952426,56.0,0.6213760515287742,272.0,4.0,7.0,0.837,3142|3143|3144|3145|3146,0.14814814814814814,0.8518518518518519,True,COMPLETE
34,-5.270814003767283,7.922938442744702,0.03676146665487719,0.005586809012273696,0.582,"[-154.0, 0.0]",0.0,-154.0,0.582,0.5,-2.644317923587968,-5.132812699805146,-5.270814003767283,-6.824219103612268,1.6237389996229814,-6.019521274180591,-6.839487248827617,1.817030835193677,0.41800000000000004,-7.907762385404282,-2.688290427712559,-6.839487248827617,5.094059405940594,4.0,11.27164897070001,204.0,0.68588652651573,8.0,638.0,178.99305270738515,5,dro_minimax_median,-5.270814003767283,-5.270814003767283,-6.839487248827617,11.27164897070001,204.0,0.68588652651573,638.0,4.0,5.0,0.5795,3142|3143|3144|3145|3146,0.04484304932735426,0.9551569506726457,True,COMPLETE
35,-2.837071704425175,0.6079214530327357,0.0022177306248765084,0.002277698829600643,0.8345,"[-14.0, 0.0]",0.0,-14.0,0.8345,0.5,-1.504897465872988,-2.6925537816089724,-2.837071704425175,-3.420173223162665,0.7493644331444587,-3.2614774218693072,-3.326938028556233,1.1525338188556948,0.16549999999999998,-4.336126809432117,-1.588200645103954,-3.326938028556233,6.734939759036145,4.0,4.661179361024004,64.0,0.7997479690865246,11.0,270.0,439.03960743367185,5,dro_minimax_median,-2.837071704425175,-2.837071704425175,-3.326938028556233,4.661179361024004,64.0,0.7997479690865246,270.0,4.0,7.0,0.833,3142|3143|3144|3145|3146,0.16923076923076924,0.8307692307692308,True,COMPLETE
36,-2.1213767067796496,1.2601770554257086,0.004100852618548361,0.0023108720049449527,0.8425,"[-18.0, 0.0]",0.0,-18.0,0.8425,0.5,-1.2346506764659568,-2.058769906908414,-2.1213767067796496,-2.449514937354464,0.4946304714444642,-2.485293136901622,-2.4698235523944496,0.655876120543339,0.15749999999999997,-3.4461693503983573,-0.9093097127596539,-2.4698235523944496,6.6911764705882355,4.0,5.228704625456948,68.0,0.7570297905454145,11.5,243.0,432.73707841028653,5,dro_minimax_median,-2.1213767067796496,-2.1213767067796496,-2.4698235523944496,5.228704625456948,68.0,0.7570297905454145,243.0,4.0,6.0,0.841,3142|3143|3144|3145|3146,0.1559633027522936,0.8440366972477065,True,COMPLETE
37,-2.3703631891373584,1.5148893418159886,0.0037306006959532166,0.0022462048754656404,0.8325,"[-28.0, 0.0]",0.0,-28.0,0.8325,0.5,-1.2844858201311047,-2.190442783505008,-2.3703631891373584,-3.156775504928312,0.8449648122501257,-2.588746003193838,-2.868364616427344,0.9767986241760003,0.16749999999999998,-3.7178292138940825,-0.8763589072674013,-2.868364616427344,6.510869565217392,4.0,5.29625691191018,78.0,0.6597993354138695,10.0,286.0,445.1953652681388,5,dro_minimax_median,-2.3703631891373584,-2.3703631891373584,-2.868364616427344,5.29625691191018,78.0,0.6597993354138695,286.0,4.0,5.0,0.8275,3142|3143|3144|3145|3146,0.13043478260869565,0.8695652173913043,True,COMPLETE
38,-1.9513890437757866,0.5175782551120877,0.005136026169476085,0.0022942174164122765,0.8385,"[-7.0, 0.0]",0.0,-7.0,0.8385,0.5,0.019063628424398356,-1.4756304079488172,-1.9513890437757866,-2.128744967242323,0.8888820514938063,-1.7267422640637151,-2.1017711882595864,0.9335734332464392,0.16149999999999998,-3.567550959269893,-1.1789382905849817,-2.1017711882595864,7.056338028169014,4.0,4.895435372164581,57.0,0.6456597950954508,11.0,259.0,435.8784798887158,5,dro_minimax_median,-1.9513890437757866,-1.9513890437757866,-2.1017711882595864,4.895435372164581,57.0,0.6456597950954508,259.0,4.0,6.0,0.835,3142|3143|3144|3145|3146,0.1485148514851485,0.8514851485148515,True,COMPLETE
39,-1.1623525021909988,0.5029939079985263,0.004594176018045631,0.002234068489498901,0.85,"[0.0, 0.0]",0.0,0.0,0.85,0.5,-0.4984305923364453,-1.5447058107224583,-1.1623525021909988,-3.158426874404362,1.0249478330735728,-1.8221451350053628,-1.5166496337991944,1.2033221932418712,0.15000000000000002,-2.0018125061041174,-0.5603455331668727,-1.5166496337991944,7.819444444444445,4.0,4.002572215938249,50.0,0.8201097937237805,11.5,228.0,447.6138510078976,5,dro_minimax_median,-1.1623525021909988,-1.1623525021909988,-1.5166496337991944,4.002572215938249,50.0,0.8201097937237805,228.0,4.0,7.0,0.847,3142|3143|3144|3145|3146,0.16981132075471697,0.8301886792452831,True,COMPLETE
40,-1.1409996168756837,0.5000023512066147,0.005042960402690841,0.002277440997217994,0.8525,"[-3.0, 0.0]",0.0,-3.0,0.8525,0.5,-0.6151570234627342,-1.438717305311289,-1.1409996168756837,-3.1438895829531637,0.9809643492071098,-1.7620530217731503,-1.3005479252866547,1.40735677289657,0.14749999999999996,-2.153557097851056,-0.4867873589815219,-1.1148749526958361,6.986301369863014,4.0,4.344231660435449,53.0,0.7845695307918564,12.0,203.0,439.08931174135756,5,dro_minimax_median,-1.1409996168756837,-1.1409996168756837,-1.3005479252866547,4.344231660435449,53.0,0.7845695307918564,203.0,4.0,7.0,0.8475,3142|3143|3144|3145|3146,0.17721518987341772,0.8227848101265823,True,COMPLETE
41,-2.075246040825446,0.5332020113626669,0.008931243083828058,0.0023503907123833263,0.8245,"[-16.0, 0.0]",0.0,-16.0,0.8245,0.5,-1.3827710931663666,-2.1206771162461173,-2.075246040825446,-3.2151083353654517,0.7129483806947303,-2.344602289070161,-2.231186212841337,0.6530788230177146,0.1755,-3.7612573497040542,-1.2286368305565285,-2.231186212841337,6.515151515151516,4.0,5.305508915801028,66.0,0.7034749854144412,11.0,287.0,425.46117746780374,5,dro_minimax_median,-2.075246040825446,-2.075246040825446,-2.231186212841337,5.305508915801028,66.0,0.7034749854144412,287.0,4.0,6.0,0.823,3142|3143|3144|3145|3146,0.13432835820895522,0.8656716417910447,True,COMPLETE
42,-2.2385718345381007,0.681215586750961,0.00445739763493708,0.0023318340244377973,0.8525,"[2.0, 0.0]",0.0,2.0,0.8525,0.5,-0.7323105191219823,-2.4826379320739895,-2.2385718345381007,-4.24940587265696,1.3453501884897663,-2.9862762452456613,-2.7430853777704525,1.5451297890354525,0.14749999999999996,-3.448684190424822,-1.457113944437068,-2.4500244695804105,7.168674698795181,4.0,4.776000084555454,48.0,0.6500329741420059,11.0,215.0,428.84698890226497,5,dro_minimax_median,-2.2385718345381007,-2.2385718345381007,-2.7430853777704525,4.776000084555454,48.0,0.6500329741420059,215.0,4.0,7.0,0.8475,3142|3143|3144|3145|3146,0.1686746987951807,0.8313253012048193,False,COMPLETE
43,-1.9562501601803188,0.5026630539130904,0.004730170505742116,0.0024080418230151275,0.8425,"[-12.0, 0.0]",0.0,-12.0,0.8425,0.5,-1.0442237115772106,-2.3787806187908074,-1.9562501601803188,-3.603007171884773,1.067690490267121,-2.8682702691770023,-2.254809129443221,1.4074268665658445,0.15749999999999997,-3.7867221984491106,-0.9163933203983122,-2.254809129443221,7.22093023255814,4.0,4.832805251931904,62.0,0.6727065972690028,10.0,240.0,415.27517937703107,5,dro_minimax_median,-1.9562501601803188,-1.9562501601803188,-2.254809129443221,4.832805251931904,62.0,0.6727065972690028,240.0,4.0,6.0,0.839,3142|3143|3144|3145|3146,0.19047619047619047,0.8095238095238095,True,COMPLETE
44,-3.794914688826581,29.502094025857698,0.014421522049972173,0.002791855149759447,0.6745,"[-101.0, 0.0]",0.0,-101.0,0.6745,0.5,-3.0450227609484264,-3.9734122402780856,-3.794914688826581,-4.948481981229195,0.8122774788327238,-5.11976361357639,-4.7022144705891575,0.7868652963551531,0.3255,-5.823497290345311,-0.4414670372379155,-4.7022144705891575,5.966292134831461,4.0,8.87626821619052,151.0,0.6993116409991162,8.0,481.0,358.1847719019959,5,dro_minimax_median,-3.794914688826581,-3.794914688826581,-4.7022144705891575,8.87626821619052,151.0,0.6993116409991162,481.0,4.0,5.0,0.673,3142|3143|3144|3145|3146,0.10112359550561797,0.898876404494382,True,COMPLETE
45,-1.7377039495547475,0.5080233817230154,0.008452919184579449,0.0022603299174729728,0.8145,"[-14.0, 0.0]",0.0,-14.0,0.8145,0.5,-0.2445280579115703,-1.9564993719440338,-1.7377039495547475,-3.128054713252004,1.172196769567971,-2.265639987438955,-2.108202635907952,1.4262410138357924,0.1855,-3.3181720358724385,-1.0006575751788798,-2.108202635907952,6.565217391304348,4.0,4.767375378613248,64.0,0.7438478394079056,11.0,309.0,442.41329209055925,5,dro_minimax_median,-1.7377039495547475,-1.7377039495547475,-2.108202635907952,4.767375378613248,64.0,0.7438478394079056,309.0,4.0,6.0,0.811,3142|3143|3144|3145|3146,0.125,0.875,True,COMPLETE
46,-2.0781523211735724,0.6927882423481508,0.012478929452511289,0.0022415735885353174,0.8185,"[-31.0, 0.0]",0.0,-31.0,0.8185,0.5,-1.434759285857735,-2.122756455446208,-2.0781523211735724,-3.1573913876511206,0.6372962370481494,-2.5689202085538865,-2.427501872632487,0.7107825243617456,0.1815,-3.4614259756569177,-1.3065668020246335,-1.9569059962289266,6.503225806451613,4.0,5.560750514350888,81.0,0.7560533689301487,10.5,324.0,446.115177799457,5,dro_minimax_median,-2.0781523211735724,-2.0781523211735724,-2.427501872632487,5.560750514350888,81.0,0.7560533689301487,324.0,4.0,6.0,0.8155,3142|3143|3144|3145|3146,0.12389380530973451,0.8761061946902655,True,COMPLETE
47,-3.991688059094889,0.5894123238285255,0.02600711539682223,0.002431471339490276,0.6725,"[-93.0, 0.0]",0.0,-93.0,0.6725,0.5,-2.7450754310124243,-3.729379957898813,-3.991688059094889,-4.2481733907026165,0.5924786596577641,-4.357861137166919,-4.562782673364999,0.8049506889036483,0.3275,-6.865953171349978,-2.0830085641921756,-4.562782673364999,5.814814814814815,4.0,8.856325892312656,143.0,0.6972172998681251,9.0,473.0,411.2736118903364,5,dro_minimax_median,-3.991688059094889,-3.991688059094889,-4.562782673364999,8.856325892312656,143.0,0.6972172998681251,473.0,4.0,6.0,0.669,3142|3143|3144|3145|3146,0.08994708994708994,0.91005291005291,True,COMPLETE
48,-2.7896747182484853,0.5217598986819725,0.010129894512965722,0.0027934845800841952,0.8185,"[-28.0, 0.0]",0.0,-28.0,0.8185,0.5,-2.558208227179801,-3.155900781995215,-2.7896747182484853,-4.278323677454088,0.7378452569794346,-3.7977514984967313,-3.40052948813192,1.0680695247608818,0.1815,-4.92445761339011,-1.044850836021823,-3.40052948813192,6.69,4.0,7.308613158969191,78.0,0.664031790521135,10.0,261.0,357.9758439081343,5,dro_minimax_median,-2.7896747182484853,-2.7896747182484853,-3.40052948813192,7.308613158969191,78.0,0.664031790521135,261.0,4.0,6.0,0.8135,3142|3143|3144|3145|3146,0.14492753623188406,0.855072463768116,True,COMPLETE
49,-2.064303684114131,0.5599754244306862,0.0054295814451248,0.0022718737531391806,0.8245,"[-14.0, 0.0]",0.0,-14.0,0.8245,0.5,-1.672180939838162,-2.14981602479334,-2.064303684114131,-2.6449345322763596,0.41906747414342793,-2.5307008335434213,-2.1568776368244875,0.6440091632439467,0.1755,-3.809212940271929,-0.9674851340111738,-2.0675351204090844,7.533333333333333,4.0,4.826923735333766,64.0,0.6687433501564944,11.0,252.0,440.1653034717451,5,dro_minimax_median,-2.064303684114131,-2.064303684114131,-2.1568776368244875,4.826923735333766,64.0,0.6687433501564944,252.0,4.0,6.25,0.823,3142|3143|3144|3145|3146,0.16,0.84,True,COMPLETE
