number,value,params_lambda_prior,params_noise_std,params_window_size,user_attrs_all_symbols_active_share,user_attrs_all_symbols_have_long_share,user_attrs_calmar_drawdown_floor_abs,user_attrs_calmar_drawdown_floor_applied,user_attrs_calmar_like,user_attrs_constraint_drawdown_ok,user_attrs_constraint_finite_objective_return_ok,user_attrs_constraint_max_trades_ok,user_attrs_constraint_min_trades_ok,user_attrs_constraint_profit_factor_ok,user_attrs_constraint_symbols_active_ok,user_attrs_constraint_symbols_have_long_ok,user_attrs_constraint_value_all_symbols_active,user_attrs_constraint_value_all_symbols_have_long,user_attrs_constraint_value_drawdown,user_attrs_constraint_value_finite_objective_return,user_attrs_constraint_value_max_trades,user_attrs_constraint_value_min_trades,user_attrs_constraint_value_profit_factor,user_attrs_constraints_values,user_attrs_diagnostic_mean_of_seed_mean_return_pct,user_attrs_diagnostic_median_mean_turnover,user_attrs_effective_drawdown_abs_for_calmar,user_attrs_invalid_score,user_attrs_max_drawdown_abs,user_attrs_max_seed_median_return_pct,user_attrs_max_total_trades,user_attrs_mean_of_seed_mean_return_pct,user_attrs_mean_of_seed_median_return_pct,user_attrs_mean_seed_half_return_gap_pct,user_attrs_mean_seed_max_half_median_return_pct,user_attrs_mean_seed_min_half_median_return_pct,user_attrs_mean_seed_second_minus_first_half_median_return_pct,user_attrs_mean_seed_val_first_max_drawdown_abs,user_attrs_mean_seed_val_first_mean_constraint_applied_ratio,user_attrs_mean_seed_val_first_mean_executed_action_1_ratio,user_attrs_mean_seed_val_first_mean_return_pct,user_attrs_mean_seed_val_first_mean_threshold_applied_ratio,user_attrs_mean_seed_val_first_mean_turnover,user_attrs_mean_seed_val_first_median_profit_factor,user_attrs_mean_seed_val_first_median_return_pct,user_attrs_mean_seed_val_first_positive_return_symbols,user_attrs_mean_seed_val_first_total_trade_events,user_attrs_mean_seed_val_first_total_trades,user_attrs_mean_seed_val_second_max_drawdown_abs,user_attrs_mean_seed_val_second_mean_constraint_applied_ratio,user_attrs_mean_seed_val_second_mean_executed_action_1_ratio,user_attrs_mean_seed_val_second_mean_return_pct,user_attrs_mean_seed_val_second_mean_threshold_applied_ratio,user_attrs_mean_seed_val_second_mean_turnover,user_attrs_mean_seed_val_second_median_profit_factor,user_attrs_mean_seed_val_second_median_return_pct,user_attrs_mean_seed_val_second_positive_return_symbols,user_attrs_mean_seed_val_second_total_trade_events,user_attrs_mean_seed_val_second_total_trades,user_attrs_median_active_symbols,user_attrs_median_long_action_symbols,user_attrs_median_max_drawdown_abs,user_attrs_median_mean_turnover,user_attrs_median_of_seed_mean_return_pct,user_attrs_median_of_seed_median_return_pct,user_attrs_median_positive_return_symbols,user_attrs_median_profit_factor,user_attrs_median_seed_half_return_gap_pct,user_attrs_median_seed_max_half_median_return_pct,user_attrs_median_seed_min_half_median_return_pct,user_attrs_median_seed_second_minus_first_half_median_return_pct,user_attrs_median_seed_val_first_max_drawdown_abs,user_attrs_median_seed_val_first_mean_constraint_applied_ratio,user_attrs_median_seed_val_first_mean_executed_action_1_ratio,user_attrs_median_seed_val_first_mean_return_pct,user_attrs_median_seed_val_first_mean_threshold_applied_ratio,user_attrs_median_seed_val_first_mean_turnover,user_attrs_median_seed_val_first_median_profit_factor,user_attrs_median_seed_val_first_median_return_pct,user_attrs_median_seed_val_first_positive_return_symbols,user_attrs_median_seed_val_first_total_trade_events,user_attrs_median_seed_val_first_total_trades,user_attrs_median_seed_val_second_max_drawdown_abs,user_attrs_median_seed_val_second_mean_constraint_applied_ratio,user_attrs_median_seed_val_second_mean_executed_action_1_ratio,user_attrs_median_seed_val_second_mean_return_pct,user_attrs_median_seed_val_second_mean_threshold_applied_ratio,user_attrs_median_seed_val_second_mean_turnover,user_attrs_median_seed_val_second_median_profit_factor,user_attrs_median_seed_val_second_median_return_pct,user_attrs_median_seed_val_second_positive_return_symbols,user_attrs_median_seed_val_second_total_trade_events,user_attrs_median_seed_val_second_total_trades,user_attrs_median_total_trade_events,user_attrs_median_total_trades,user_attrs_memory_horizon,user_attrs_memory_horizon_bars,user_attrs_min_profit_factor,user_attrs_min_seed_median_return_pct,user_attrs_min_total_trades,user_attrs_n_seeds,user_attrs_objective_metric_name,user_attrs_objective_score,user_attrs_observed_all_symbols_active_share,user_attrs_observed_all_symbols_have_long_share,user_attrs_observed_mean_of_seed_mean_return_pct,user_attrs_observed_median_max_drawdown_abs,user_attrs_observed_median_of_seed_median_return_pct,user_attrs_observed_median_profit_factor,user_attrs_observed_median_total_trades,user_attrs_optuna_constraints_convention,user_attrs_required_all_symbols_active_share,user_attrs_required_all_symbols_have_long_share,user_attrs_seeds_used,user_attrs_std_of_seed_median_return_pct,user_attrs_valid,state
7,-2.788774099791358,6.7077952894132675,0.03729763244738083,400,1.0,1.0,1.0,False,-0.2570541899110195,True,True,True,True,False,True,True,0.0,0.0,-4.151026479059903,0.0,-26.0,-524.0,0.038090981997027984,"[-4.151026479059903, 0.038090981997027984, -524.0, -26.0, 0.0, 0.0, 0.0]",-0.07772523599990504,0.12530000000000002,10.848973520940097,-1000000.0,15.0,-1.9598574732451968,650.0,-0.07772523599990504,-2.9614582891741414,4.160943163259708,0.600003430426912,-3.560939732832795,-4.160943163259708,8.70583407677607,0.10271999999999999,0.51936,4.379938983222857,0.0722,0.12336,0.922122684183479,0.600003430426912,3.0,616.8,307.0,10.733369475457634,0.11707999999999999,0.46279999999999993,-4.354402163048341,0.0596,0.12724000000000002,0.6787134911928043,-3.560939732832795,0.6,636.2,317.0,5.0,5.0,10.848973520940097,0.12530000000000002,0.08802419893197282,-2.788774099791358,2.0,0.811909018002972,3.4040790756453942,0.6862737814044007,-2.7178052942409936,-3.4040790756453942,8.637799018845083,0.0998,0.5202,5.519551795173756,0.0708,0.1244,0.9112406855586515,0.6862737814044007,3.0,622.0,310.0,10.329758050162607,0.121,0.46900000000000003,-4.469616600892676,0.0588,0.1312,0.6873255251461298,-2.7178052942409936,1.0,656.0,327.0,1253.0,624.0,400.0,400.0,0.85,-3.9382715207802343,100.0,5,median_of_seed_median_return_pct,-2.788774099791358,1.0,1.0,-0.07772523599990504,10.848973520940097,-2.788774099791358,0.811909018002972,624.0,feasible_if_all_values_le_0,1.0,1.0,3142|3143|3144|3145|3146,0.7614582741743635,False,COMPLETE
8,-4.229314684083619,0.346135010168059,0.028013236535592304,300,1.0,1.0,1.0,False,-0.37896499968629394,True,True,True,True,False,True,True,0.0,0.0,-3.839827721334075,0.0,-107.0,-443.0,0.045493689573784635,"[-3.839827721334075, 0.045493689573784635, -443.0, -107.0, 0.0, 0.0, 0.0]",-1.3938380288401515,0.1091,11.160172278665925,-1000000.0,15.0,-3.380552523340541,650.0,-1.3938380288401515,-4.300090845917263,3.737184585708344,0.6362330689320284,-3.100951516776316,-3.737184585708344,7.416904772462689,0.10356000000000001,0.43388,2.570459894273334,0.04307999999999999,0.10912,1.023747276686808,0.6362330689320284,2.8,545.6,271.2,9.564119433301238,0.10544,0.44084,-3.8590257065973548,0.04064,0.10932,0.6967288981589668,-3.100951516776316,0.6,546.6,272.4,5.0,5.0,11.160172278665925,0.1091,-1.5104422322184896,-4.229314684083619,1.0,0.8045063104262153,3.319983674925797,0.1230893441955816,-2.8977702268581207,-3.319983674925797,7.630518736433267,0.10500000000000001,0.4304,2.330833417708593,0.04440000000000001,0.10940000000000001,0.9887849909290126,0.1230893441955816,3.0,547.0,272.0,8.583742051121824,0.10740000000000001,0.441,-3.9756668077745116,0.0406,0.10659999999999999,0.6739896117904021,-2.8977702268581207,1.0,533.0,266.0,1091.0,543.0,300.0,300.0,0.85,-5.395152110061541,100.0,5,median_of_seed_median_return_pct,-4.229314684083619,1.0,1.0,-1.3938380288401515,11.160172278665925,-4.229314684083619,0.8045063104262153,543.0,feasible_if_all_values_le_0,1.0,1.0,3142|3143|3144|3145|3146,0.8623442107669462,False,COMPLETE
9,-3.174107937959947,0.35951065395153403,0.027516586951459053,275,1.0,1.0,1.0,False,-0.28652350464792425,True,True,True,True,False,True,True,0.0,0.0,-3.92199806832517,0.0,-108.0,-442.0,0.01283159444987636,"[-3.92199806832517, 0.01283159444987636, -442.0, -108.0, 0.0, 0.0, 0.0]",-0.40175497904643204,0.10880000000000001,11.07800193167483,-1000000.0,15.0,0.616168385446203,650.0,-0.40175497904643204,-2.840201507283407,4.316866375753534,0.8430114220473239,-3.4738549537062107,-4.316866375753534,7.049660792291109,0.09836,0.437,2.8908374418579537,0.04576,0.10608000000000002,1.113465892822802,0.8430114220473239,3.2,530.4,264.4,9.034668288880624,0.10668,0.44420000000000004,-3.3128549278173365,0.041080000000000005,0.10972,0.6759440904943015,-3.4738549537062107,0.8,548.6,272.8,5.0,5.0,11.07800193167483,0.10880000000000001,-0.9036593941189459,-3.174107937959947,2.0,0.8371684055501236,4.6429464685421635,1.0848476090756565,-3.630767085858011,-4.6429464685421635,7.254128427628448,0.1008,0.4372,2.9317262282457173,0.0466,0.10719999999999999,1.0806750613474463,1.0848476090756565,3.0,536.0,267.0,8.946401757327981,0.11080000000000001,0.43979999999999997,-3.228329203700877,0.0418,0.10959999999999999,0.6672781638588089,-3.630767085858011,1.0,548.0,273.0,1088.0,542.0,275.0,275.0,0.85,-5.151145806816293,100.0,5,median_of_seed_median_return_pct,-3.174107937959947,1.0,1.0,-0.40175497904643204,11.07800193167483,-3.174107937959947,0.8371684055501236,542.0,feasible_if_all_values_le_0,1.0,1.0,3142|3143|3144|3145|3146,2.362790328340426,False,COMPLETE
10,-1.7742033895895015,1.0043052976656504,0.005298486577523579,275,1.0,1.0,1.0,False,-0.19930830684400885,True,True,True,True,True,True,True,0.0,0.0,-6.098196469161197,0.0,-209.0,-341.0,-0.024350980344663542,"[-6.098196469161197, -0.024350980344663542, -341.0, -209.0, 0.0, 0.0, 0.0]",0.8373987326361327,0.0887,8.901803530838803,-1000000.0,15.0,0.15388424780888865,650.0,0.8373987326361327,-1.3654626786015034,4.429118198007463,1.6257385941559122,-2.80337960385155,-4.429118198007463,5.223439543909999,0.0708,0.40304,3.473844418304408,0.04996,0.07868,1.207220652459236,1.6257385941559122,3.6,393.4,196.2,7.271980675486141,0.1006,0.41684,-2.643916501871679,0.04396,0.09936,0.7126756154804292,-2.80337960385155,0.8,496.8,246.4,5.0,5.0,8.901803530838803,0.0887,0.7997241858960471,-1.7742033895895015,2.0,0.8743509803446635,4.019036490231375,1.440850867267085,-2.9548686114925116,-4.019036490231375,5.655853310053627,0.0678,0.4022,3.364087846521689,0.0514,0.079,1.2098551671308861,1.440850867267085,4.0,395.0,197.0,7.6681733449704526,0.101,0.413,-2.747658552948069,0.046,0.1,0.732643792955538,-2.9548686114925116,1.0,500.0,248.0,887.0,441.0,275.0,275.0,0.85,-3.0670624300149996,100.0,5,median_of_seed_median_return_pct,-1.7742033895895015,1.0,1.0,0.8373987326361327,8.901803530838803,-1.7742033895895015,0.8743509803446635,441.0,feasible_if_all_values_le_0,1.0,1.0,3142|3143|3144|3145|3146,1.2828104473513486,True,COMPLETE
11,-0.7651650635910001,6.4460934580582006,0.0071387952437932225,400,1.0,1.0,1.0,False,-0.09528675799996947,True,True,True,True,True,True,True,0.0,0.0,-6.969869899537926,0.0,-229.0,-321.0,-0.049430819958480754,"[-6.969869899537926, -0.049430819958480754, -321.0, -229.0, 0.0, 0.0, 0.0]",2.0133239715783895,0.0847,8.030130100462074,-1000000.0,15.0,1.2262001231321928,650.0,2.0133239715783895,-0.45739573249944376,2.908391119936702,1.3312287447928917,-1.5771623751438102,-2.908391119936702,5.4881816798787675,0.06196,0.48188,4.032452374853115,0.07348,0.08164,1.0683678628180124,1.3312287447928917,4.8,408.2,202.4,7.84169382550576,0.07348,0.4233199999999999,-1.9669910984022934,0.0598,0.08952,0.8304054116933031,-1.5771623751438102,0.8,447.6,223.0,5.0,5.0,8.030130100462074,0.0847,1.8850724951659317,-0.7651650635910001,2.0,0.8994308199584807,2.9538549470157327,1.4393503637609717,-1.8144068383014633,-2.9538549470157327,5.592247549841578,0.060399999999999995,0.48040000000000005,4.008079087727494,0.0738,0.0834,1.0824974766707787,1.4393503637609717,5.0,417.0,207.0,7.865265956134948,0.072,0.42160000000000003,-2.053790966292506,0.0602,0.09040000000000001,0.78640334237871,-1.8144068383014633,1.0,452.0,225.0,847.0,421.0,400.0,400.0,0.85,-1.5413779007030448,100.0,5,median_of_seed_median_return_pct,-0.7651650635910001,1.0,1.0,2.0133239715783895,8.030130100462074,-0.7651650635910001,0.8994308199584807,421.0,feasible_if_all_values_le_0,1.0,1.0,3142|3143|3144|3145|3146,1.0254169725287159,True,COMPLETE
12,1.0154515122721142,0.3131351375062812,0.007359581866873883,275,1.0,1.0,1.0,False,0.10614332630631218,True,True,True,True,True,True,True,0.0,0.0,-5.43320435105182,0.0,-239.0,-311.0,-0.1771005252966419,"[-5.43320435105182, -0.1771005252966419, -311.0, -239.0, 0.0, 0.0, 0.0]",1.0235650060177006,0.08270000000000001,9.56679564894818,-1000000.0,15.0,1.3385412482713743,650.0,1.0235650060177006,0.5066152216246134,4.160876325159004,1.0960390044475465,-3.0648373207114576,-4.160876325159004,5.404967104725695,0.06172,0.386,3.8480836374147516,0.040600000000000004,0.07343999999999999,1.2399915015268863,1.0960390044475465,3.4,367.2,182.8,7.274238191507029,0.08643999999999999,0.41132,-2.822573707473761,0.036359999999999996,0.09076,0.752593394899251,-3.0648373207114576,1.6,453.8,225.2,5.0,5.0,9.56679564894818,0.08270000000000001,1.0653546382176544,1.0154515122721142,3.0,1.0271005252966419,4.2608744630914686,1.2187722007853008,-2.995010452521396,-4.2608744630914686,5.174583537831556,0.0612,0.386,3.7368741995169414,0.0412,0.0722,1.2310952879102637,1.2187722007853008,3.0,361.0,180.0,7.431616116380524,0.0864,0.4114,-2.8231177183494816,0.036,0.08940000000000001,0.7077882392049942,-2.995010452521396,2.0,447.0,222.0,827.0,411.0,275.0,275.0,0.85,-0.765121840734162,100.0,5,median_of_seed_median_return_pct,1.0154515122721142,1.0,1.0,1.0235650060177006,9.56679564894818,1.0154515122721142,1.0271005252966419,411.0,feasible_if_all_values_le_0,1.0,1.0,3142|3143|3144|3145|3146,0.9898108538219705,True,COMPLETE
13,-1.2163184830042528,0.3580372722121217,0.006816034400471383,250,1.0,1.0,1.0,False,-0.1144443163033289,True,True,True,True,False,True,True,0.0,0.0,-4.3719625203538985,0.0,-244.0,-306.0,0.00849411071598516,"[-4.3719625203538985, 0.00849411071598516, -306.0, -244.0, 0.0, 0.0, 0.0]",-0.5300668643603837,0.08170000000000001,10.628037479646101,-1000000.0,15.0,-0.649277352905675,650.0,-0.5300668643603837,-3.425541378050872,5.570632116883263,1.6011710229381748,-3.969461093945088,-5.570632116883263,6.277882742209844,0.060280000000000014,0.39412,3.301974703497226,0.04312,0.0722,1.3873866209177355,1.6011710229381748,3.4,361.0,179.6,9.076433294346524,0.08628,0.4366,-3.792252520254992,0.0378,0.09072,0.5920722664829114,-3.969461093945088,0.6,453.6,225.2,5.0,5.0,10.628037479646101,0.08170000000000001,-0.724359758887276,-1.2163184830042528,2.0,0.8415058892840148,5.118581361892415,1.3366241463113493,-3.7819572155810666,-5.118581361892415,6.2241091474105055,0.0558,0.3994,3.507730620267926,0.0426,0.07139999999999999,1.4083286291249433,1.3366241463113493,3.0,357.0,178.0,7.314659425359937,0.0882,0.43,-3.7674785146391536,0.0378,0.0898,0.6047523738686322,-3.7819572155810666,1.0,449.0,223.0,817.0,406.0,250.0,250.0,0.85,-8.205177615697279,100.0,5,median_of_seed_median_return_pct,-1.2163184830042528,1.0,1.0,-0.5300668643603837,10.628037479646101,-1.2163184830042528,0.8415058892840148,406.0,feasible_if_all_values_le_0,1.0,1.0,3142|3143|3144|3145|3146,3.58204766513283,False,COMPLETE
14,-2.8588934059337157,0.3043526868173261,0.007015224111375318,350,1.0,1.0,1.0,False,-0.2579151097053669,True,True,True,True,False,True,True,0.0,0.0,-3.9153706070202166,0.0,-253.0,-297.0,0.0370918836243912,"[-3.9153706070202166, 0.0370918836243912, -297.0, -253.0, 0.0, 0.0, 0.0]",-0.21462429525923285,0.0799,11.084629392979783,-1000000.0,15.0,-1.1734431900971787,650.0,-0.21462429525923285,-2.942668440713338,5.609139966127929,0.8387763750282516,-4.770363591099678,-5.609139966127929,7.097148535187823,0.055400000000000005,0.40012,4.17007025104731,0.04532,0.06756,1.0596790785815804,0.8387763750282516,3.2,337.8,167.4,9.868376236121511,0.09579999999999998,0.43507999999999997,-4.20427159896076,0.0436,0.09632,0.6318122474623753,-4.770363591099678,0.8,481.6,239.8,5.0,5.0,11.084629392979783,0.0799,0.1720140552185434,-2.8588934059337157,2.0,0.8129081163756088,5.0284422445371675,0.8094786659627928,-4.218963578574375,-5.0284422445371675,7.37026621508795,0.054000000000000006,0.4008,4.612145465913853,0.044800000000000006,0.06620000000000001,1.035950029091361,0.8094786659627928,3.0,331.0,164.0,10.019722968630207,0.09180000000000002,0.43620000000000003,-3.9019650045697225,0.0434,0.09359999999999999,0.5940794447691309,-4.218963578574375,1.0,468.0,233.0,799.0,397.0,350.0,350.0,0.85,-4.655989043061892,100.0,5,median_of_seed_median_return_pct,-2.8588934059337157,1.0,1.0,-0.21462429525923285,11.084629392979783,-2.8588934059337157,0.8129081163756088,397.0,feasible_if_all_values_le_0,1.0,1.0,3142|3143|3144|3145|3146,1.5785661082095253,False,COMPLETE
15,-0.038852724308202635,0.6245738029197906,0.003060570724057542,250,1.0,1.0,1.0,False,-0.0034931946715294508,True,True,True,True,True,True,True,0.0,0.0,-3.8775954501294763,0.0,-236.0,-314.0,-0.09260381981253829,"[-3.8775954501294763, -0.09260381981253829, -314.0, -236.0, 0.0, 0.0, 0.0]",-0.6362919799196408,0.0833,11.122404549870524,-1000000.0,15.0,1.5823647608267377,650.0,-0.6362919799196408,-1.6579387794419786,6.588478933909494,2.1510909485593332,-4.437387985350161,-6.588478933909494,6.321416804388543,0.056519999999999994,0.4008,3.0800587231450556,0.04464,0.07168,1.4508521479591245,2.1510909485593332,3.2,358.4,178.6,9.168338292506052,0.09344,0.42228000000000004,-3.6970671669885933,0.04144,0.09487999999999999,0.6441590775235,-4.437387985350161,0.4,474.4,235.4,5.0,5.0,11.122404549870524,0.0833,-0.13558175322133473,-0.038852724308202635,2.0,0.9426038198125383,5.4975460559532285,1.614648762988291,-4.276672346540211,-5.4975460559532285,6.273111374506235,0.0586,0.40380000000000005,3.075661971131729,0.0458,0.0718,1.3485578088729917,1.614648762988291,3.0,359.0,179.0,9.057498359134053,0.099,0.41900000000000004,-3.3489904217012074,0.040999999999999995,0.09480000000000001,0.6791752141358124,-4.276672346540211,0.0,474.0,235.0,833.0,414.0,250.0,250.0,0.85,-7.911383174772924,100.0,5,median_of_seed_median_return_pct,-0.038852724308202635,1.0,1.0,-0.6362919799196408,11.122404549870524,-0.038852724308202635,0.9426038198125383,414.0,feasible_if_all_values_le_0,1.0,1.0,3142|3143|3144|3145|3146,3.8842082100908324,True,COMPLETE
16,0.2560567540803804,5.2496449763738635,0.00834975570620229,275,1.0,1.0,1.0,False,0.026926748326591896,True,True,True,True,True,True,True,0.0,0.0,-5.490617323165312,0.0,-142.0,-408.0,-0.12150247730910946,"[-5.490617323165312, -0.12150247730910946, -408.0, -142.0, 0.0, 0.0, 0.0]",1.6940655519944214,0.1021,9.509382676834688,-1000000.0,15.0,0.495688983525544,650.0,1.6940655519944214,-0.8973454357549017,5.891445379345908,2.60269809940493,-3.288747279940978,-5.891445379345908,5.956078294319414,0.08499999999999999,0.47348,3.77073925837732,0.06096,0.09400000000000001,1.2414973985478095,2.60269809940493,3.4,470.0,234.2,9.288100687626741,0.11796000000000002,0.42648,-2.1454732609993803,0.050519999999999995,0.11032,0.725690520398982,-3.288747279940978,1.6,551.6,274.2,5.0,5.0,9.509382676834688,0.1021,1.7350300071382763,0.2560567540803804,3.0,0.9715024773091094,6.064696798417979,2.3420153989527126,-3.4862938237816277,-6.064696798417979,5.854533747866397,0.08399999999999999,0.4726,3.758925446835344,0.062,0.0932,1.238947963433608,2.3420153989527126,3.0,466.0,232.0,9.507820248582632,0.12079999999999999,0.4234,-1.939459511615422,0.0506,0.11179999999999998,0.7275553714303182,-3.4862938237816277,2.0,559.0,278.0,1021.0,508.0,275.0,275.0,0.85,-4.066720461096396,100.0,5,median_of_seed_median_return_pct,0.2560567540803804,1.0,1.0,1.6940655519944214,9.509382676834688,0.2560567540803804,0.9715024773091094,508.0,feasible_if_all_values_le_0,1.0,1.0,3142|3143|3144|3145|3146,1.9900743694082987,True,COMPLETE
17,-0.36906551323235837,0.3511051108417042,0.003307985738226116,300,1.0,1.0,1.0,False,-0.03737678387689808,True,True,True,True,True,True,True,0.0,0.0,-5.125808725333611,0.0,-250.0,-300.0,-0.1144042661790593,"[-5.125808725333611, -0.1144042661790593, -300.0, -250.0, 0.0, 0.0, 0.0]",-0.1516336856309673,0.08049999999999999,9.874191274666389,-1000000.0,15.0,1.72619666085998,650.0,-0.1516336856309673,-1.3073985232896912,5.032526532031388,2.0982948095956555,-2.9342317224357317,-5.032526532031388,6.079590937675608,0.06584,0.37995999999999996,3.5801609820409737,0.04279999999999999,0.07336000000000001,1.2716876070494554,2.0982948095956555,4.0,366.8,182.2,9.785093146532505,0.08996000000000001,0.41608,-3.581015475841665,0.03896,0.09060000000000001,0.7063069502026036,-2.9342317224357317,0.6,453.0,225.2,5.0,5.0,9.874191274666389,0.08049999999999999,-0.061744166055310676,-0.36906551323235837,2.0,0.9644042661790593,4.448086831904519,1.8742956772388464,-2.573791154665672,-4.448086831904519,5.5765961531283885,0.06459999999999999,0.38239999999999996,3.6935001643858216,0.04379999999999999,0.07160000000000001,1.2474895665313634,1.8742956772388464,4.0,358.0,178.0,9.874191274666389,0.09240000000000001,0.41659999999999997,-3.2641954434210234,0.039599999999999996,0.08940000000000001,0.7077814115162532,-2.573791154665672,1.0,447.0,222.0,805.0,400.0,300.0,300.0,0.85,-7.12473560596848,100.0,5,median_of_seed_median_return_pct,-0.36906551323235837,1.0,1.0,-0.1516336856309673,9.874191274666389,-0.36906551323235837,0.9644042661790593,400.0,feasible_if_all_values_le_0,1.0,1.0,3142|3143|3144|3145|3146,3.5442475058399987,True,COMPLETE
