number,value,params_lambda_prior,params_noise_std,params_window_size,user_attrs_all_symbols_active_share,user_attrs_all_symbols_have_long_share,user_attrs_calmar_drawdown_floor_abs,user_attrs_calmar_drawdown_floor_applied,user_attrs_calmar_like,user_attrs_constraint_drawdown_ok,user_attrs_constraint_finite_objective_return_ok,user_attrs_constraint_max_trades_ok,user_attrs_constraint_min_trades_ok,user_attrs_constraint_profit_factor_ok,user_attrs_constraint_symbols_active_ok,user_attrs_constraint_symbols_have_long_ok,user_attrs_constraint_value_all_symbols_active,user_attrs_constraint_value_all_symbols_have_long,user_attrs_constraint_value_drawdown,user_attrs_constraint_value_finite_objective_return,user_attrs_constraint_value_max_trades,user_attrs_constraint_value_min_trades,user_attrs_constraint_value_profit_factor,user_attrs_constraints_values,user_attrs_diagnostic_mean_of_seed_mean_return_pct,user_attrs_diagnostic_median_mean_turnover,user_attrs_effective_drawdown_abs_for_calmar,user_attrs_invalid_score,user_attrs_max_drawdown_abs,user_attrs_max_seed_median_return_pct,user_attrs_max_total_trades,user_attrs_mean_of_seed_mean_return_pct,user_attrs_mean_of_seed_median_return_pct,user_attrs_mean_seed_half_return_gap_pct,user_attrs_mean_seed_max_half_median_return_pct,user_attrs_mean_seed_min_half_median_return_pct,user_attrs_mean_seed_second_minus_first_half_median_return_pct,user_attrs_mean_seed_val_first_max_drawdown_abs,user_attrs_mean_seed_val_first_mean_constraint_applied_ratio,user_attrs_mean_seed_val_first_mean_executed_action_1_ratio,user_attrs_mean_seed_val_first_mean_return_pct,user_attrs_mean_seed_val_first_mean_threshold_applied_ratio,user_attrs_mean_seed_val_first_mean_turnover,user_attrs_mean_seed_val_first_median_profit_factor,user_attrs_mean_seed_val_first_median_return_pct,user_attrs_mean_seed_val_first_positive_return_symbols,user_attrs_mean_seed_val_first_total_trade_events,user_attrs_mean_seed_val_first_total_trades,user_attrs_mean_seed_val_second_max_drawdown_abs,user_attrs_mean_seed_val_second_mean_constraint_applied_ratio,user_attrs_mean_seed_val_second_mean_executed_action_1_ratio,user_attrs_mean_seed_val_second_mean_return_pct,user_attrs_mean_seed_val_second_mean_threshold_applied_ratio,user_attrs_mean_seed_val_second_mean_turnover,user_attrs_mean_seed_val_second_median_profit_factor,user_attrs_mean_seed_val_second_median_return_pct,user_attrs_mean_seed_val_second_positive_return_symbols,user_attrs_mean_seed_val_second_total_trade_events,user_attrs_mean_seed_val_second_total_trades,user_attrs_median_active_symbols,user_attrs_median_long_action_symbols,user_attrs_median_max_drawdown_abs,user_attrs_median_mean_turnover,user_attrs_median_of_seed_mean_return_pct,user_attrs_median_of_seed_median_return_pct,user_attrs_median_positive_return_symbols,user_attrs_median_profit_factor,user_attrs_median_seed_half_return_gap_pct,user_attrs_median_seed_max_half_median_return_pct,user_attrs_median_seed_min_half_median_return_pct,user_attrs_median_seed_second_minus_first_half_median_return_pct,user_attrs_median_seed_val_first_max_drawdown_abs,user_attrs_median_seed_val_first_mean_constraint_applied_ratio,user_attrs_median_seed_val_first_mean_executed_action_1_ratio,user_attrs_median_seed_val_first_mean_return_pct,user_attrs_median_seed_val_first_mean_threshold_applied_ratio,user_attrs_median_seed_val_first_mean_turnover,user_attrs_median_seed_val_first_median_profit_factor,user_attrs_median_seed_val_first_median_return_pct,user_attrs_median_seed_val_first_positive_return_symbols,user_attrs_median_seed_val_first_total_trade_events,user_attrs_median_seed_val_first_total_trades,user_attrs_median_seed_val_second_max_drawdown_abs,user_attrs_median_seed_val_second_mean_constraint_applied_ratio,user_attrs_median_seed_val_second_mean_executed_action_1_ratio,user_attrs_median_seed_val_second_mean_return_pct,user_attrs_median_seed_val_second_mean_threshold_applied_ratio,user_attrs_median_seed_val_second_mean_turnover,user_attrs_median_seed_val_second_median_profit_factor,user_attrs_median_seed_val_second_median_return_pct,user_attrs_median_seed_val_second_positive_return_symbols,user_attrs_median_seed_val_second_total_trade_events,user_attrs_median_seed_val_second_total_trades,user_attrs_median_total_trade_events,user_attrs_median_total_trades,user_attrs_memory_horizon,user_attrs_memory_horizon_bars,user_attrs_min_profit_factor,user_attrs_min_seed_median_return_pct,user_attrs_min_total_trades,user_attrs_n_seeds,user_attrs_objective_metric_name,user_attrs_objective_score,user_attrs_observed_all_symbols_active_share,user_attrs_observed_all_symbols_have_long_share,user_attrs_observed_mean_of_seed_mean_return_pct,user_attrs_observed_median_max_drawdown_abs,user_attrs_observed_median_of_seed_median_return_pct,user_attrs_observed_median_profit_factor,user_attrs_observed_median_total_trades,user_attrs_optuna_constraints_convention,user_attrs_required_all_symbols_active_share,user_attrs_required_all_symbols_have_long_share,user_attrs_seeds_used,user_attrs_std_of_seed_median_return_pct,user_attrs_valid,state
18,-0.8912924513945653,0.5143961604557951,0.010534107820951615,300,1.0,1.0,1.0,False,-0.09696741481695155,True,True,True,True,True,True,True,0.0,0.0,-5.808330271802273,0.0,-215.0,-335.0,-0.08247488541948289,"[-5.808330271802273, -0.08247488541948289, -335.0, -215.0, 0.0, 0.0, 0.0]",1.1493429496353422,0.0875,9.191669728197727,-1000000.0,15.0,1.5336675949609635,650.0,1.1493429496353422,-0.5902920650270338,5.575099206094958,1.965722014768767,-3.6093771913261903,-5.575099206094958,5.465565285884904,0.075,0.40484,4.039020874615608,0.04172,0.08288,1.207731851424018,1.965722014768767,4.0,414.4,206.0,7.83355547892161,0.08975999999999998,0.42279999999999995,-2.823591914080365,0.03935999999999999,0.09412000000000001,0.7325441933555566,-3.6093771913261903,1.4,470.6,234.0,5.0,5.0,9.191669728197727,0.0875,0.9008426622006981,-0.8912924513945653,2.0,0.9324748854194829,6.212605768284507,2.0254243603223365,-4.527852607780591,-6.212605768284507,4.917697900101592,0.0774,0.40800000000000003,4.072669694628006,0.041600000000000005,0.0838,1.2119963248478511,2.0254243603223365,4.0,419.0,209.0,8.388523182871044,0.092,0.42279999999999995,-2.9552237563321015,0.0388,0.09580000000000001,0.6603601174968265,-4.527852607780591,1.0,479.0,238.0,875.0,435.0,300.0,300.0,0.85,-2.7122580765662763,100.0,5,median_of_seed_median_return_pct,-0.8912924513945653,1.0,1.0,1.1493429496353422,9.191669728197727,-0.8912924513945653,0.9324748854194829,435.0,feasible_if_all_values_le_0,1.0,1.0,3142|3143|3144|3145|3146,1.8504675877914223,True,COMPLETE
19,-3.6717020040897275,0.5799570263303279,0.03809457192267257,400,1.0,1.0,1.0,False,-0.318372809066106,True,True,True,True,False,True,True,0.0,0.0,-3.4672877220260787,0.0,-53.0,-497.0,0.07114798487295115,"[-3.4672877220260787, 0.07114798487295115, -497.0, -53.0, 0.0, 0.0, 0.0]",0.03509576294986729,0.11979999999999999,11.532712277973921,-1000000.0,15.0,-1.3001759991166706,650.0,0.03509576294986729,-3.342793067748721,5.325917813976389,1.1742689369965253,-4.151648876979863,-5.325917813976389,7.651819054864721,0.09935999999999999,0.47792,4.8074571694476305,0.05552,0.11363999999999999,1.0350990382689558,1.1742689369965253,3.6,568.2,282.8,10.93578239959876,0.12744000000000003,0.4600000000000001,-4.624543546574889,0.04768,0.1266,0.657600172227313,-4.151648876979863,0.2,633.0,315.4,5.0,5.0,11.532712277973921,0.11979999999999999,-0.34485230774515185,-3.6717020040897275,2.0,0.7788520151270488,5.719938674527203,1.4917622161473743,-4.400927684678657,-5.719938674527203,8.025937089222701,0.1004,0.47779999999999995,5.490581407769815,0.0546,0.11499999999999999,1.0433399871503684,1.4917622161473743,4.0,575.0,286.0,11.179487012871403,0.12599999999999997,0.4659999999999999,-4.821485882290686,0.048799999999999996,0.1266,0.6265092002756717,-4.400927684678657,0.0,633.0,315.0,1198.0,597.0,400.0,400.0,0.85,-5.358327925346062,100.0,5,median_of_seed_median_return_pct,-3.6717020040897275,1.0,1.0,0.03509576294986729,11.532712277973921,-3.6717020040897275,0.7788520151270488,597.0,feasible_if_all_values_le_0,1.0,1.0,3142|3143|3144|3145|3146,1.4927440982404598,False,COMPLETE
20,-1.476727347636464,2.7078299872690526,0.003202390541815614,250,1.0,1.0,1.0,False,-0.10796340778149877,True,True,True,True,True,True,True,0.0,0.0,-1.3219642841847712,0.0,-182.0,-368.0,-0.03558691915545997,"[-1.3219642841847712, -0.03558691915545997, -368.0, -182.0, 0.0, 0.0, 0.0]",-2.0048147458894876,0.09409999999999999,13.678035715815229,-1000000.0,15.0,0.5813370649951244,650.0,-2.0048147458894876,-1.7026859610002454,8.198107232010367,2.385924311993941,-5.8121829200164274,-8.198107232010367,6.77794324944179,0.05968,0.45476,3.2942745736905037,0.05724,0.07880000000000001,1.4142806540571549,2.385924311993941,3.0,394.0,196.2,11.417316709695989,0.12084000000000002,0.43572,-5.238189385680581,0.046919999999999996,0.10948,0.5832282741315093,-5.8121829200164274,0.2,547.4,272.0,5.0,5.0,13.678035715815229,0.09409999999999999,-2.0539330454219296,-1.476727347636464,2.0,0.88558691915546,7.907552579049049,2.173764563318503,-5.790416535587539,-7.907552579049049,6.810610650656157,0.0632,0.4532,3.4485969721251903,0.0576,0.0796,1.386003956739058,2.173764563318503,3.0,398.0,198.0,11.21825046457825,0.11939999999999999,0.43879999999999997,-5.164476458517053,0.047599999999999996,0.10919999999999999,0.6118279947837127,-5.790416535587539,0.0,546.0,271.0,941.0,468.0,250.0,250.0,0.85,-3.686306349417523,100.0,5,median_of_seed_median_return_pct,-1.476727347636464,1.0,1.0,-2.0048147458894876,13.678035715815229,-1.476727347636464,0.88558691915546,468.0,feasible_if_all_values_le_0,1.0,1.0,3142|3143|3144|3145|3146,1.7052121017782553,True,COMPLETE
21,-0.6712483686709181,7.729223551907902,0.013842352508177292,250,1.0,1.0,1.0,False,-0.06448315553691829,True,True,True,True,True,True,True,0.0,0.0,-4.590330015927789,0.0,-153.0,-397.0,-0.06267193891542633,"[-4.590330015927789, -0.06267193891542633, -397.0, -153.0, 0.0, 0.0, 0.0]",0.2695194757744735,0.0999,10.409669984072211,-1000000.0,15.0,0.9056335632686707,650.0,0.2695194757744735,-0.4649090181253901,6.127732285827088,1.4764210082748708,-4.6513112775522165,-6.127732285827088,6.1392375061155136,0.06720000000000001,0.4968000000000001,4.312160626493223,0.06756,0.09292,1.177920273890336,1.4764210082748708,3.2,464.6,231.4,9.863176461397808,0.09788,0.44892000000000004,-3.9741408943446723,0.05388,0.10672,0.6309220531271433,-4.6513112775522165,0.4,533.6,265.2,5.0,5.0,10.409669984072211,0.0999,0.3564628775419479,-0.6712483686709181,2.0,0.9126719389154263,5.6528888905425845,1.2999251414928414,-5.056755909235089,-5.6528888905425845,5.786907644162243,0.068,0.4936,4.332627301571104,0.06760000000000001,0.0924,1.1953858575824399,1.2999251414928414,3.0,462.0,230.0,9.867386987786853,0.1028,0.44939999999999997,-3.866789341066943,0.05299999999999999,0.10740000000000001,0.6067695899537867,-5.056755909235089,0.0,537.0,267.0,999.0,497.0,250.0,250.0,0.85,-2.4511991609998507,100.0,5,median_of_seed_median_return_pct,-0.6712483686709181,1.0,1.0,0.2695194757744735,10.409669984072211,-0.6712483686709181,0.9126719389154263,497.0,feasible_if_all_values_le_0,1.0,1.0,3142|3143|3144|3145|3146,1.3753771987637222,True,COMPLETE
22,-0.5866580478565475,4.049115996225026,0.012163410251447888,300,1.0,1.0,1.0,False,-0.05974133681881083,True,True,True,True,True,True,True,0.0,0.0,-5.180031464046085,0.0,-161.0,-389.0,-0.08403545715305183,"[-5.180031464046085, -0.08403545715305183, -389.0, -161.0, 0.0, 0.0, 0.0]",1.3055586083004607,0.0983,9.819968535953915,-1000000.0,15.0,1.6347904412020053,650.0,1.3055586083004607,-0.8550800195723408,3.886811799730058,1.3369740106799677,-2.549837789050091,-3.886811799730058,5.6477207925361705,0.0782,0.44636,3.2859878413138888,0.060520000000000004,0.09184,1.1198340366730684,1.3369740106799677,3.8,459.2,228.6,8.804474329231109,0.10056000000000001,0.4147600000000001,-2.028807431659819,0.051640000000000005,0.10347999999999999,0.7772718600501134,-2.549837789050091,1.4,517.4,257.2,5.0,5.0,9.819968535953915,0.0983,1.4320643376857547,-0.5866580478565475,2.0,0.9340354571530518,4.031253268321466,0.9774250736673817,-2.577203234691816,-4.031253268321466,6.0432317432822735,0.0772,0.4438,3.2156219558885075,0.0596,0.0912,1.045483541801835,0.9774250736673817,4.0,456.0,227.0,9.052081410250201,0.0978,0.41079999999999994,-1.9559686915790864,0.0512,0.10300000000000001,0.7904107483604546,-2.577203234691816,1.0,515.0,256.0,983.0,489.0,300.0,300.0,0.85,-3.5151954521491335,100.0,5,median_of_seed_median_return_pct,-0.5866580478565475,1.0,1.0,1.3055586083004607,9.819968535953915,-0.5866580478565475,0.9340354571530518,489.0,feasible_if_all_values_le_0,1.0,1.0,3142|3143|3144|3145|3146,2.0805605250334103,True,COMPLETE
23,-2.1600147688657367,1.0692447167283234,0.009489532646079057,250,1.0,1.0,1.0,False,-0.15816336418195498,True,True,True,True,False,True,True,0.0,0.0,-1.3431409666981846,0.0,-196.0,-354.0,0.004720772073234181,"[-1.3431409666981846, 0.004720772073234181, -354.0, -196.0, 0.0, 0.0, 0.0]",-2.0024655070345476,0.0913,13.656859033301815,-1000000.0,15.0,-1.3297535285698103,650.0,-2.0024655070345476,-2.852512579222357,6.728162628541708,1.9039658943476965,-4.824196734194011,-6.728162628541708,6.421227341078287,0.06068,0.42536000000000007,3.144739503088436,0.04752,0.07844,1.4435736892955646,1.9039658943476965,3.0,392.2,195.4,12.2911541899469,0.10647999999999999,0.43684,-5.069766748007838,0.0442,0.10468,0.6040631442895309,-4.824196734194011,0.2,523.4,260.0,5.0,5.0,13.656859033301815,0.0913,-2.0579874161002487,-2.1600147688657367,2.0,0.8452792279267658,7.408949150597877,2.0213084351556,-5.2055088787371195,-7.408949150597877,6.586506104184409,0.061,0.4258,3.255441151283847,0.047400000000000005,0.07780000000000001,1.5053299623342518,2.0213084351556,3.0,389.0,194.0,12.609715535356825,0.1026,0.4372,-5.011464540692723,0.0444,0.10500000000000001,0.5872705950950313,-5.2055088787371195,0.0,525.0,261.0,913.0,454.0,250.0,250.0,0.85,-4.543358047712265,100.0,5,median_of_seed_median_return_pct,-2.1600147688657367,1.0,1.0,-2.0024655070345476,13.656859033301815,-2.1600147688657367,0.8452792279267658,454.0,feasible_if_all_values_le_0,1.0,1.0,3142|3143|3144|3145|3146,1.4146788871688145,False,COMPLETE
24,-1.2215507516776136,6.754052565080131,0.006358439831384812,275,1.0,1.0,1.0,False,-0.12045424014038701,True,True,True,True,True,True,True,0.0,0.0,-4.8587982435992245,0.0,-168.0,-382.0,-0.050703626562123794,"[-4.8587982435992245, -0.050703626562123794, -382.0, -168.0, 0.0, 0.0, 0.0]",1.1974846478643357,0.0969,10.141201756400775,-1000000.0,15.0,0.8108573352936244,650.0,1.1974846478643357,-1.6202630987986222,5.1716895970598475,2.3644122010513158,-2.807277396008532,-5.1716895970598475,6.033518844355477,0.07571999999999998,0.47963999999999996,3.4195280675186615,0.06984000000000001,0.08964000000000001,1.238581324060167,2.3644122010513158,3.4,448.2,223.2,8.86049372547933,0.10784000000000002,0.41803999999999997,-2.293222153026047,0.05347999999999999,0.10608,0.7364586824787016,-2.807277396008532,1.2,530.4,263.6,5.0,5.0,10.141201756400775,0.0969,1.6169691583148917,-1.2215507516776136,2.0,0.9007036265621238,5.193354185431309,2.51296269050314,-2.5585204165691766,-5.193354185431309,6.365490476151415,0.0748,0.47939999999999994,3.2805088156519346,0.07020000000000001,0.0892,1.1401495162543067,2.51296269050314,3.0,446.0,222.0,8.568405201404373,0.10800000000000001,0.4128,-2.386651371060153,0.0536,0.10500000000000001,0.7381971500325528,-2.5585204165691766,1.0,525.0,261.0,969.0,482.0,275.0,275.0,0.85,-5.319899051805599,100.0,5,median_of_seed_median_return_pct,-1.2215507516776136,1.0,1.0,1.1974846478643357,10.141201756400775,-1.2215507516776136,0.9007036265621238,482.0,feasible_if_all_values_le_0,1.0,1.0,3142|3143|3144|3145|3146,2.493088152855702,True,COMPLETE
25,0.7632410342794049,0.3696409141523598,0.007360777959475963,275,1.0,1.0,1.0,False,0.07371957916433336,True,True,True,True,True,True,True,0.0,0.0,-4.646698435730187,0.0,-237.0,-313.0,-0.21231153059003305,"[-4.646698435730187, -0.21231153059003305, -313.0, -237.0, 0.0, 0.0, 0.0]",1.9236453979393051,0.0831,10.353301564269813,-1000000.0,15.0,1.2817160987331322,650.0,1.9236453979393051,-0.5956092782474022,3.666441644929601,0.8499380227882813,-2.8165036221413198,-3.666441644929601,6.667430281051128,0.0688,0.38544000000000006,4.718703503673064,0.04440000000000001,0.0766,1.1665516420594721,0.8499380227882813,3.6,383.0,190.8,8.224372729708193,0.0856,0.4129600000000001,-2.804805201568862,0.0376,0.09032,0.7519256117091102,-2.8165036221413198,1.8,451.6,224.0,5.0,5.0,10.353301564269813,0.0831,2.2997046141741166,0.7632410342794049,3.0,1.062311530590033,3.3364349546791794,0.9230186020565467,-2.347681157146664,-3.3364349546791794,6.506300386744435,0.0708,0.39,4.619422489245206,0.045,0.07780000000000001,1.1294080430054487,0.9230186020565467,4.0,389.0,194.0,8.471011881003864,0.08620000000000001,0.4138,-3.116443055142755,0.0372,0.0908,0.8059933460790477,-2.347681157146664,2.0,454.0,225.0,831.0,413.0,275.0,275.0,0.85,-4.657675966084385,100.0,5,median_of_seed_median_return_pct,0.7632410342794049,1.0,1.0,1.9236453979393051,10.353301564269813,0.7632410342794049,1.062311530590033,413.0,feasible_if_all_values_le_0,1.0,1.0,3142|3143|3144|3145|3146,2.537857462391214,True,COMPLETE
26,-2.863168862427079,0.3434843318428636,0.0073140954567736905,300,1.0,1.0,1.0,False,-0.2801447219030146,True,True,True,True,False,True,True,0.0,0.0,-4.779679435051785,0.0,-239.0,-311.0,0.040537168058074946,"[-4.779679435051785, 0.040537168058074946, -311.0, -239.0, 0.0, 0.0, 0.0]",0.7119658674040241,0.0827,10.220320564948215,-1000000.0,15.0,1.4187658941168468,650.0,0.7119658674040241,-2.423659737395123,3.75624434911735,1.0224408475993396,-2.7338035015180107,-3.75624434911735,7.453643056864808,0.06848,0.38244,4.158250898673469,0.04124,0.076,1.0798233536044584,1.0224408475993396,4.0,380.0,188.6,8.62954969236085,0.08964,0.42152,-3.2791540241621737,0.040639999999999996,0.09092000000000001,0.7198580317365829,-2.7338035015180107,0.8,454.6,226.2,5.0,5.0,10.220320564948215,0.0827,0.6301245009771321,-2.863168862427079,2.0,0.809462831941925,3.749736907953971,0.5190640310237082,-3.0000085342400062,-3.749736907953971,8.088568453805722,0.06920000000000001,0.3834,4.092045270802204,0.040600000000000004,0.07579999999999999,1.0103426875783548,0.5190640310237082,4.0,379.0,188.0,8.407034420609738,0.0856,0.42300000000000004,-2.822262623249936,0.039999999999999994,0.0896,0.7124712908043409,-3.0000085342400062,1.0,448.0,223.0,827.0,411.0,300.0,300.0,0.85,-4.49380915940475,100.0,5,median_of_seed_median_return_pct,-2.863168862427079,1.0,1.0,0.7119658674040241,10.220320564948215,-2.863168862427079,0.809462831941925,411.0,feasible_if_all_values_le_0,1.0,1.0,3142|3143|3144|3145|3146,2.2853939435278026,False,COMPLETE
27,-0.6694446891050032,0.6049127973495037,0.007025177645423329,275,1.0,1.0,1.0,False,-0.06736251486899549,True,True,True,True,True,True,True,0.0,0.0,-5.062059137683349,0.0,-224.0,-326.0,-0.07442690770279337,"[-5.062059137683349, -0.07442690770279337, -326.0, -224.0, 0.0, 0.0, 0.0]",1.5419401028809945,0.0857,9.937940862316651,-1000000.0,15.0,1.4943020674766494,650.0,1.5419401028809945,-0.21139505026907202,4.659598136512417,1.7243627823367902,-2.935235354175627,-4.659598136512417,6.047541408140544,0.0676,0.39196,4.095502312063943,0.0442,0.07851999999999999,1.3635317910244216,1.7243627823367902,3.4,392.6,195.8,6.76354777441708,0.08992,0.42152,-2.536213216646645,0.03992,0.09096,0.7241818139152201,-2.935235354175627,0.8,454.8,225.4,5.0,5.0,9.937940862316651,0.0857,2.8646485044434904,-0.6694446891050032,2.0,0.9244269077027933,5.307779113114597,1.7459470537191102,-2.8175737749002727,-5.307779113114597,5.718465698255248,0.066,0.39859999999999995,3.8839744164237127,0.0436,0.07659999999999999,1.4469531869085461,1.7459470537191102,3.0,383.0,191.0,6.756406762258971,0.0886,0.4276,-2.743863122436445,0.0412,0.092,0.7284425851056997,-2.8175737749002727,1.0,460.0,228.0,857.0,426.0,275.0,275.0,0.85,-2.2038668172942866,100.0,5,median_of_seed_median_return_pct,-0.6694446891050032,1.0,1.0,1.5419401028809945,9.937940862316651,-0.6694446891050032,0.9244269077027933,426.0,feasible_if_all_values_le_0,1.0,1.0,3142|3143|3144|3145|3146,1.5169477929939321,True,COMPLETE
28,-3.8306434402565315,4.026154253760509,0.0346978026938128,300,1.0,1.0,1.0,False,-0.33957998574510573,True,True,False,True,False,True,True,0.0,0.0,-3.7194663965506063,0.0,4.0,-554.0,0.0232029071190355,"[-3.7194663965506063, 0.0232029071190355, -554.0, 4.0, 0.0, 0.0, 0.0]",-1.2087969308044322,0.1313,11.280533603449394,-1000000.0,15.0,-2.4423187602841345,650.0,-1.2087969308044322,-3.843876722551285,5.420262322506807,0.5229364632360234,-4.897325859270785,-5.420262322506807,7.100083583358736,0.124,0.48983999999999994,2.3764629754429123,0.05955999999999999,0.13164,0.988141028124652,0.5229364632360234,3.0,658.2,327.6,8.791284706243555,0.13188000000000002,0.45183999999999996,-3.5928422977972145,0.053079999999999995,0.13248000000000001,0.6777182969464086,-4.897325859270785,0.8,662.4,330.4,5.0,5.0,11.280533603449394,0.1313,-1.2060551205354941,-3.8306434402565315,1.0,0.8267970928809645,5.544443325119319,0.44510612228896296,-5.016541147158815,-5.544443325119319,6.912624058016325,0.122,0.4904,2.153852601820556,0.06,0.1298,0.9884291514159265,0.44510612228896296,3.0,649.0,323.0,8.80462209867321,0.129,0.4516,-3.1168936927825697,0.052000000000000005,0.13240000000000002,0.6779753297594895,-5.016541147158815,1.0,662.0,330.0,1313.0,654.0,300.0,300.0,0.85,-5.706415365941919,100.0,5,median_of_seed_median_return_pct,-3.8306434402565315,1.0,1.0,-1.2087969308044322,11.280533603449394,-3.8306434402565315,0.8267970928809645,654.0,feasible_if_all_values_le_0,1.0,1.0,3142|3143|3144|3145|3146,1.2178655625986479,False,COMPLETE
