number,value,params_lambda_prior,params_noise_std,params_one_minus_gamma,user_attrs_all_symbols_active_share,user_attrs_all_symbols_have_long_share,user_attrs_calmar_drawdown_floor_abs,user_attrs_calmar_drawdown_floor_applied,user_attrs_calmar_like,user_attrs_constraint_drawdown_ok,user_attrs_constraint_finite_objective_return_ok,user_attrs_constraint_max_trades_ok,user_attrs_constraint_min_trades_ok,user_attrs_constraint_profit_factor_ok,user_attrs_constraint_symbols_active_ok,user_attrs_constraint_symbols_have_long_ok,user_attrs_constraint_value_all_symbols_active,user_attrs_constraint_value_all_symbols_have_long,user_attrs_constraint_value_drawdown,user_attrs_constraint_value_finite_objective_return,user_attrs_constraint_value_max_trades,user_attrs_constraint_value_min_trades,user_attrs_constraint_value_profit_factor,user_attrs_constraints_values,user_attrs_diagnostic_mean_of_seed_mean_return_pct,user_attrs_diagnostic_median_mean_turnover,user_attrs_effective_drawdown_abs_for_calmar,user_attrs_invalid_score,user_attrs_max_drawdown_abs,user_attrs_max_seed_median_return_pct,user_attrs_max_total_trades,user_attrs_mean_of_seed_mean_return_pct,user_attrs_mean_of_seed_median_return_pct,user_attrs_mean_seed_half_return_gap_pct,user_attrs_mean_seed_max_half_median_return_pct,user_attrs_mean_seed_min_half_median_return_pct,user_attrs_mean_seed_second_minus_first_half_median_return_pct,user_attrs_mean_seed_val_first_max_drawdown_abs,user_attrs_mean_seed_val_first_mean_constraint_applied_ratio,user_attrs_mean_seed_val_first_mean_executed_action_1_ratio,user_attrs_mean_seed_val_first_mean_return_pct,user_attrs_mean_seed_val_first_mean_threshold_applied_ratio,user_attrs_mean_seed_val_first_mean_turnover,user_attrs_mean_seed_val_first_median_profit_factor,user_attrs_mean_seed_val_first_median_return_pct,user_attrs_mean_seed_val_first_positive_return_symbols,user_attrs_mean_seed_val_first_total_trade_events,user_attrs_mean_seed_val_first_total_trades,user_attrs_mean_seed_val_second_max_drawdown_abs,user_attrs_mean_seed_val_second_mean_constraint_applied_ratio,user_attrs_mean_seed_val_second_mean_executed_action_1_ratio,user_attrs_mean_seed_val_second_mean_return_pct,user_attrs_mean_seed_val_second_mean_threshold_applied_ratio,user_attrs_mean_seed_val_second_mean_turnover,user_attrs_mean_seed_val_second_median_profit_factor,user_attrs_mean_seed_val_second_median_return_pct,user_attrs_mean_seed_val_second_positive_return_symbols,user_attrs_mean_seed_val_second_total_trade_events,user_attrs_mean_seed_val_second_total_trades,user_attrs_median_active_symbols,user_attrs_median_long_action_symbols,user_attrs_median_max_drawdown_abs,user_attrs_median_mean_turnover,user_attrs_median_of_seed_mean_return_pct,user_attrs_median_of_seed_median_return_pct,user_attrs_median_positive_return_symbols,user_attrs_median_profit_factor,user_attrs_median_seed_half_return_gap_pct,user_attrs_median_seed_max_half_median_return_pct,user_attrs_median_seed_min_half_median_return_pct,user_attrs_median_seed_second_minus_first_half_median_return_pct,user_attrs_median_seed_val_first_max_drawdown_abs,user_attrs_median_seed_val_first_mean_constraint_applied_ratio,user_attrs_median_seed_val_first_mean_executed_action_1_ratio,user_attrs_median_seed_val_first_mean_return_pct,user_attrs_median_seed_val_first_mean_threshold_applied_ratio,user_attrs_median_seed_val_first_mean_turnover,user_attrs_median_seed_val_first_median_profit_factor,user_attrs_median_seed_val_first_median_return_pct,user_attrs_median_seed_val_first_positive_return_symbols,user_attrs_median_seed_val_first_total_trade_events,user_attrs_median_seed_val_first_total_trades,user_attrs_median_seed_val_second_max_drawdown_abs,user_attrs_median_seed_val_second_mean_constraint_applied_ratio,user_attrs_median_seed_val_second_mean_executed_action_1_ratio,user_attrs_median_seed_val_second_mean_return_pct,user_attrs_median_seed_val_second_mean_threshold_applied_ratio,user_attrs_median_seed_val_second_mean_turnover,user_attrs_median_seed_val_second_median_profit_factor,user_attrs_median_seed_val_second_median_return_pct,user_attrs_median_seed_val_second_positive_return_symbols,user_attrs_median_seed_val_second_total_trade_events,user_attrs_median_seed_val_second_total_trades,user_attrs_median_total_trade_events,user_attrs_median_total_trades,user_attrs_memory_horizon,user_attrs_memory_horizon_bars,user_attrs_min_profit_factor,user_attrs_min_seed_median_return_pct,user_attrs_min_total_trades,user_attrs_n_seeds,user_attrs_objective_metric_name,user_attrs_objective_score,user_attrs_observed_all_symbols_active_share,user_attrs_observed_all_symbols_have_long_share,user_attrs_observed_mean_of_seed_mean_return_pct,user_attrs_observed_median_max_drawdown_abs,user_attrs_observed_median_of_seed_median_return_pct,user_attrs_observed_median_profit_factor,user_attrs_observed_median_total_trades,user_attrs_optuna_constraints_convention,user_attrs_required_all_symbols_active_share,user_attrs_required_all_symbols_have_long_share,user_attrs_seeds_used,user_attrs_std_of_seed_median_return_pct,user_attrs_valid,state
37,-0.05815968600419996,9.617741930146305,0.0035352675352223538,0.002588572310620421,1.0,1.0,1.0,False,-0.006516331724255903,True,True,True,True,True,True,True,0.0,0.0,-6.074781262637272,0.0,-236.0,-314.0,-0.12984150193466149,"[-6.074781262637272, -0.12984150193466149, -314.0, -236.0, 0.0, 0.0, 0.0]",1.1750367226707161,0.0831,8.925218737362728,-1000000.0,15.0,1.4457002156506027,650.0,1.1750367226707161,-0.2670795663081216,2.84359222585544,1.5186991235238345,-1.3248931023316057,-2.84359222585544,4.968228750218966,0.05568000000000001,0.45552000000000004,3.02586578168183,0.11008,0.07812,1.1652325475665326,1.5186991235238345,3.2,390.6,194.8,7.769942392805808,0.07971999999999999,0.39532,-1.828818543572736,0.09563999999999999,0.08819999999999999,0.8261161315997061,-1.3248931023316057,0.6,441.0,219.4,5.0,5.0,8.925218737362728,0.0831,1.2260835799985295,-0.05815968600419996,2.0,0.9798415019346615,2.0871777481425657,1.0353258078643623,-1.5404177575462197,-2.0871777481425657,5.266284800161625,0.055200000000000006,0.4598,3.0461826805977905,0.1096,0.0782,1.0964163315515076,1.0353258078643623,4.0,391.0,195.0,7.796387090469548,0.079,0.39299999999999996,-2.0673622064629478,0.09459999999999999,0.08739999999999999,0.8111351866253987,-1.5404177575462197,1.0,437.0,217.0,831.0,414.0,386.313334148399,386.313334148406,0.85,-2.76975927553349,100.0,5,median_of_seed_median_return_pct,-0.05815968600419996,1.0,1.0,1.1750367226707161,8.925218737362728,-0.05815968600419996,0.9798415019346615,414.0,feasible_if_all_values_le_0,1.0,1.0,3142|3143|3144|3145|3146,1.6831160902585929,True,COMPLETE
38,-1.8839472784931144,6.122738616758666,0.0032664960929829523,0.0025275174737073233,1.0,1.0,1.0,False,-0.20321268888653182,True,True,True,True,True,True,True,0.0,0.0,-5.72918483183372,0.0,-218.0,-332.0,-0.02956068716399307,"[-5.72918483183372, -0.02956068716399307, -332.0, -218.0, 0.0, 0.0, 0.0]",0.9205252653256629,0.0867,9.27081516816628,-1000000.0,15.0,-0.08735813894277245,650.0,0.9205252653256629,-1.7593517892928268,2.607650149723304,0.703317927331446,-1.904332222391858,-2.607650149723304,4.947812394684655,0.060520000000000004,0.46908000000000005,2.788886945760615,0.10188000000000001,0.08143999999999998,1.014319922352923,0.703317927331446,3.2,407.2,203.0,8.252997763569578,0.08280000000000001,0.39608,-1.827030205762209,0.09592,0.09015999999999999,0.7915472593410209,-1.904332222391858,1.2,450.8,224.4,5.0,5.0,9.27081516816628,0.0867,1.3227353174074863,-1.8839472784931144,2.0,0.879560687163993,2.6140463052819807,0.5415238318045912,-2.0700987484774225,-2.6140463052819807,4.934142713837608,0.06080000000000001,0.4708,2.7791683211720675,0.10300000000000001,0.0822,1.0459335741242992,0.5415238318045912,3.0,411.0,205.0,8.171244029587543,0.08660000000000001,0.3984,-1.3338279683427356,0.096,0.0904,0.7482496147767592,-2.0700987484774225,1.0,452.0,225.0,867.0,432.0,395.64513812567856,395.6451381256861,0.85,-3.44173609217564,100.0,5,median_of_seed_median_return_pct,-1.8839472784931144,1.0,1.0,0.9205252653256629,9.27081516816628,-1.8839472784931144,0.879560687163993,432.0,feasible_if_all_values_le_0,1.0,1.0,3142|3143|3144|3145|3146,1.2748736137414023,True,COMPLETE
39,-0.7726223413217825,1.6272746146782682,0.015949023519619458,0.003976282941701827,1.0,1.0,1.0,False,-0.05994901483600998,True,True,True,True,True,True,True,0.0,0.0,-2.1120093727097196,0.0,-89.0,-461.0,-0.04504611810176862,"[-2.1120093727097196, -0.04504611810176862, -461.0, -89.0, 0.0, 0.0, 0.0]",-1.763337021832698,0.1127,12.88799062729028,-1000000.0,15.0,0.10222299553388492,650.0,-1.763337021832698,-1.6250515450067546,3.369358495902948,0.8023132560012458,-2.5670452399017014,-3.369358495902948,5.4443825455750945,0.09892,0.47724,1.7738581254173145,0.07508000000000001,0.10895999999999999,1.006314534186042,0.8023132560012458,2.6,544.8,272.2,10.846568404591034,0.12268000000000001,0.4005599999999999,-3.5467603970300354,0.0688,0.11576,0.7415911819970993,-2.5670452399017014,0.6,578.8,287.6,5.0,5.0,12.88799062729028,0.1127,-2.018940174282979,-0.7726223413217825,2.0,0.8950461181017686,3.5956849509025557,0.1316589728453721,-3.3253842572553483,-3.5956849509025557,5.372852734775746,0.0974,0.47700000000000004,1.7289937450598056,0.0738,0.1082,0.925582670921503,0.1316589728453721,3.0,541.0,270.0,10.979422225592906,0.125,0.3992,-3.7696094344904596,0.0694,0.1172,0.6889814921959762,-3.3253842572553483,1.0,586.0,291.0,1127.0,561.0,251.49115761163756,251.49115761163768,0.85,-3.7252670674647548,100.0,5,median_of_seed_median_return_pct,-0.7726223413217825,1.0,1.0,-1.763337021832698,12.88799062729028,-0.7726223413217825,0.8950461181017686,561.0,feasible_if_all_values_le_0,1.0,1.0,3142|3143|3144|3145|3146,1.6539339390165213,True,COMPLETE
