number,value,params_lambda_prior,params_noise_std,params_one_minus_gamma,user_attrs_all_symbols_active_share,user_attrs_all_symbols_have_long_share,user_attrs_calmar_drawdown_floor_abs,user_attrs_calmar_drawdown_floor_applied,user_attrs_calmar_like,user_attrs_constraint_drawdown_ok,user_attrs_constraint_finite_objective_return_ok,user_attrs_constraint_max_trades_ok,user_attrs_constraint_min_trades_ok,user_attrs_constraint_profit_factor_ok,user_attrs_constraint_symbols_active_ok,user_attrs_constraint_symbols_have_long_ok,user_attrs_constraint_value_all_symbols_active,user_attrs_constraint_value_all_symbols_have_long,user_attrs_constraint_value_drawdown,user_attrs_constraint_value_finite_objective_return,user_attrs_constraint_value_max_trades,user_attrs_constraint_value_min_trades,user_attrs_constraint_value_profit_factor,user_attrs_constraints_values,user_attrs_diagnostic_mean_of_seed_mean_return_pct,user_attrs_diagnostic_median_mean_turnover,user_attrs_effective_drawdown_abs_for_calmar,user_attrs_invalid_score,user_attrs_max_drawdown_abs,user_attrs_max_seed_median_return_pct,user_attrs_max_total_trades,user_attrs_mean_of_seed_mean_return_pct,user_attrs_mean_of_seed_median_return_pct,user_attrs_mean_seed_half_return_gap_pct,user_attrs_mean_seed_max_half_median_return_pct,user_attrs_mean_seed_min_half_median_return_pct,user_attrs_mean_seed_second_minus_first_half_median_return_pct,user_attrs_mean_seed_val_first_max_drawdown_abs,user_attrs_mean_seed_val_first_mean_constraint_applied_ratio,user_attrs_mean_seed_val_first_mean_executed_action_1_ratio,user_attrs_mean_seed_val_first_mean_return_pct,user_attrs_mean_seed_val_first_mean_threshold_applied_ratio,user_attrs_mean_seed_val_first_mean_turnover,user_attrs_mean_seed_val_first_median_profit_factor,user_attrs_mean_seed_val_first_median_return_pct,user_attrs_mean_seed_val_first_positive_return_symbols,user_attrs_mean_seed_val_first_total_trade_events,user_attrs_mean_seed_val_first_total_trades,user_attrs_mean_seed_val_second_max_drawdown_abs,user_attrs_mean_seed_val_second_mean_constraint_applied_ratio,user_attrs_mean_seed_val_second_mean_executed_action_1_ratio,user_attrs_mean_seed_val_second_mean_return_pct,user_attrs_mean_seed_val_second_mean_threshold_applied_ratio,user_attrs_mean_seed_val_second_mean_turnover,user_attrs_mean_seed_val_second_median_profit_factor,user_attrs_mean_seed_val_second_median_return_pct,user_attrs_mean_seed_val_second_positive_return_symbols,user_attrs_mean_seed_val_second_total_trade_events,user_attrs_mean_seed_val_second_total_trades,user_attrs_median_active_symbols,user_attrs_median_long_action_symbols,user_attrs_median_max_drawdown_abs,user_attrs_median_mean_turnover,user_attrs_median_of_seed_mean_return_pct,user_attrs_median_of_seed_median_return_pct,user_attrs_median_positive_return_symbols,user_attrs_median_profit_factor,user_attrs_median_seed_half_return_gap_pct,user_attrs_median_seed_max_half_median_return_pct,user_attrs_median_seed_min_half_median_return_pct,user_attrs_median_seed_second_minus_first_half_median_return_pct,user_attrs_median_seed_val_first_max_drawdown_abs,user_attrs_median_seed_val_first_mean_constraint_applied_ratio,user_attrs_median_seed_val_first_mean_executed_action_1_ratio,user_attrs_median_seed_val_first_mean_return_pct,user_attrs_median_seed_val_first_mean_threshold_applied_ratio,user_attrs_median_seed_val_first_mean_turnover,user_attrs_median_seed_val_first_median_profit_factor,user_attrs_median_seed_val_first_median_return_pct,user_attrs_median_seed_val_first_positive_return_symbols,user_attrs_median_seed_val_first_total_trade_events,user_attrs_median_seed_val_first_total_trades,user_attrs_median_seed_val_second_max_drawdown_abs,user_attrs_median_seed_val_second_mean_constraint_applied_ratio,user_attrs_median_seed_val_second_mean_executed_action_1_ratio,user_attrs_median_seed_val_second_mean_return_pct,user_attrs_median_seed_val_second_mean_threshold_applied_ratio,user_attrs_median_seed_val_second_mean_turnover,user_attrs_median_seed_val_second_median_profit_factor,user_attrs_median_seed_val_second_median_return_pct,user_attrs_median_seed_val_second_positive_return_symbols,user_attrs_median_seed_val_second_total_trade_events,user_attrs_median_seed_val_second_total_trades,user_attrs_median_total_trade_events,user_attrs_median_total_trades,user_attrs_memory_horizon,user_attrs_memory_horizon_bars,user_attrs_min_profit_factor,user_attrs_min_seed_median_return_pct,user_attrs_min_total_trades,user_attrs_n_seeds,user_attrs_objective_metric_name,user_attrs_objective_score,user_attrs_observed_all_symbols_active_share,user_attrs_observed_all_symbols_have_long_share,user_attrs_observed_mean_of_seed_mean_return_pct,user_attrs_observed_median_max_drawdown_abs,user_attrs_observed_median_of_seed_median_return_pct,user_attrs_observed_median_profit_factor,user_attrs_observed_median_total_trades,user_attrs_optuna_constraints_convention,user_attrs_required_all_symbols_active_share,user_attrs_required_all_symbols_have_long_share,user_attrs_seeds_used,user_attrs_std_of_seed_median_return_pct,user_attrs_valid,state
17,-1.4210972293632107,1.018724631776774,0.018197415564828057,0.0025097303262738785,1.0,1.0,1.0,False,-0.12975973046639944,True,True,True,True,True,True,True,0.0,0.0,-4.048241513331472,0.0,-88.0,-462.0,-0.05909662755846079,"[-4.048241513331472, -0.05909662755846079, -462.0, -88.0, 0.0, 0.0, 0.0]",-0.29581910219097585,0.11280000000000001,10.951758486668528,-1000000.0,15.0,-0.7295706484257591,650.0,-0.29581910219097585,-1.5389381077388609,3.0679237082887045,0.9452414065894986,-2.122682301699206,-3.0679237082887045,5.156681833634458,0.09336,0.48048,2.1550196497079943,0.08856000000000001,0.1096,1.0322674052943803,0.9452414065894986,3.2,548.0,273.4,8.935133627047742,0.11191999999999999,0.42024,-2.4284942101869507,0.08280000000000001,0.11316,0.7852910638895482,-2.122682301699206,0.6,565.8,281.8,5.0,5.0,10.951758486668528,0.11280000000000001,-0.5199312596663844,-1.4210972293632107,2.0,0.9090966275584608,2.807717841181745,1.2906149833303848,-2.501334845525338,-2.807717841181745,4.8384880500525025,0.089,0.47759999999999997,1.9992257064886387,0.091,0.1086,1.073859689696011,1.2906149833303848,3.0,543.0,271.0,8.95620044176364,0.11359999999999999,0.42119999999999996,-2.472343205178922,0.08380000000000001,0.11200000000000002,0.7717196484018206,-2.501334845525338,0.0,560.0,279.0,1128.0,562.0,398.44918377532224,398.4491837753213,0.85,-3.1131973632961607,100.0,5,median_of_seed_median_return_pct,-1.4210972293632107,1.0,1.0,-0.29581910219097585,10.951758486668528,-1.4210972293632107,0.9090966275584608,562.0,feasible_if_all_values_le_0,1.0,1.0,3142|3143|3144|3145|3146,0.9608403014147562,True,COMPLETE
18,-0.7265600906911196,1.3760306047843422,0.004324298664713927,0.002643465240424996,1.0,1.0,1.0,False,-0.07720159395962027,True,True,True,True,True,True,True,0.0,0.0,-5.58879417604847,0.0,-194.0,-356.0,-0.05202626796516163,"[-5.58879417604847, -0.05202626796516163, -356.0, -194.0, 0.0, 0.0, 0.0]",1.1133439811720942,0.0915,9.41120582395153,-1000000.0,15.0,-0.06546438123985476,650.0,1.1133439811720942,-0.7968914045494113,2.29717844467664,0.8431927425297768,-1.4539857021468627,-1.8468689119547022,5.042810010142394,0.07336000000000001,0.46612,2.4754498544197645,0.08968,0.08796000000000001,1.0399107449821756,0.6180379761688082,2.8,439.8,219.4,7.967864918994339,0.09992000000000002,0.39743999999999996,-1.3509167827645903,0.08231999999999999,0.098,0.8781607475149507,-1.228830935785894,1.0,490.0,243.8,5.0,5.0,9.41120582395153,0.0915,0.7924883975328312,-0.7265600906911196,2.0,0.9020262679651616,3.1889249469387426,1.131665968745743,-1.725868295277655,-3.1889249469387426,5.056860846497935,0.07200000000000001,0.4668,2.6220499469725933,0.0884,0.08739999999999999,1.034628428123501,1.131665968745743,3.0,437.0,218.0,8.473538586341146,0.1004,0.398,-1.1172660999712414,0.08320000000000001,0.0978,0.9034232149568875,-1.2730942174088211,1.0,489.0,243.0,915.0,456.0,378.29133695710243,378.29133695709834,0.85,-1.8368530840726538,100.0,5,median_of_seed_median_return_pct,-0.7265600906911196,1.0,1.0,1.1133439811720942,9.41120582395153,-0.7265600906911196,0.9020262679651616,456.0,feasible_if_all_values_le_0,1.0,1.0,3142|3143|3144|3145|3146,0.6688566149672929,True,COMPLETE
19,-1.4412585531601962,1.1808699660399022,0.004843917259637427,0.0025083711967239207,1.0,1.0,1.0,False,-0.14984454696674787,True,True,True,True,False,True,True,0.0,0.0,-5.3816416257040895,0.0,-194.0,-356.0,0.004521864985933655,"[-5.3816416257040895, 0.004521864985933655, -356.0, -194.0, 0.0, 0.0, 0.0]",1.0900604219982637,0.0915,9.61835837429591,-1000000.0,15.0,0.16575169360046882,650.0,1.0900604219982637,-1.2975779747229965,2.1826022609875007,1.0534724778099824,-1.1291297831775182,-1.9808975237147375,4.917873530120587,0.08091999999999999,0.47232,2.827101412894424,0.09056,0.08980000000000002,1.0238201220972372,0.952620109173601,3.0,449.0,223.8,8.90488936542882,0.09652000000000001,0.39635999999999993,-1.6893560479916423,0.08924,0.09716,0.8575210508176415,-1.0282774145411366,0.8,485.8,242.0,5.0,5.0,9.61835837429591,0.0915,0.37396757033500344,-1.4412585531601962,2.0,0.8454781350140663,1.7980035043869136,1.0374000537017425,-1.6375905271213687,-1.7980035043869136,5.023077667534026,0.0784,0.4726,2.776171431412746,0.09000000000000001,0.08600000000000001,0.9539374910943367,0.5331382105198346,3.0,430.0,214.0,9.060448019934809,0.09459999999999999,0.3954,-2.054213895936981,0.08920000000000002,0.0968,0.8010677981038631,-1.6375905271213687,0.0,484.0,241.0,915.0,456.0,398.6650784804332,398.6650784804415,0.85,-2.8094984787642496,100.0,5,median_of_seed_median_return_pct,-1.4412585531601962,1.0,1.0,1.0900604219982637,9.61835837429591,-1.4412585531601962,0.8454781350140663,456.0,feasible_if_all_values_le_0,1.0,1.0,3142|3143|3144|3145|3146,1.1862965617515984,False,COMPLETE
20,-0.70940130065269,9.187460703202113,0.004232254400256428,0.0028371273900876896,1.0,1.0,1.0,False,-0.07384758908296879,True,True,True,True,True,True,True,0.0,0.0,-5.393710756682012,0.0,-236.0,-314.0,-0.07188692508070127,"[-5.393710756682012, -0.07188692508070127, -314.0, -236.0, 0.0, 0.0, 0.0]",1.0407809324887167,0.0831,9.606289243317988,-1000000.0,15.0,0.9663208002664181,650.0,1.0407809324887167,-0.4112495061444532,2.286147720322007,0.7170392455316721,-1.569108474790335,-2.286147720322007,4.26177682361333,0.05448000000000001,0.46432,3.078663277377651,0.10191999999999998,0.07692000000000002,1.0371168217783808,0.7170392455316721,3.4,384.6,191.8,8.077096352949068,0.07804,0.39580000000000004,-1.967661219974157,0.09256,0.08836,0.8155351357458229,-1.569108474790335,0.4,441.8,219.6,5.0,5.0,9.606289243317988,0.0831,1.120819180512116,-0.70940130065269,2.0,0.9218869250807012,2.191645266376696,1.0709808061400095,-1.7530354331579678,-2.191645266376696,4.197901451700803,0.0538,0.4694,3.1296660327760106,0.10200000000000001,0.0764,1.0588447666606238,1.0709808061400095,3.0,382.0,191.0,8.024794649666278,0.07659999999999999,0.39300000000000007,-1.939879731178893,0.0928,0.08759999999999998,0.8012374483481967,-1.7530354331579678,0.0,438.0,218.0,831.0,414.0,352.4691924281525,352.4691924281538,0.85,-0.9896560025458578,100.0,5,median_of_seed_median_return_pct,-0.70940130065269,1.0,1.0,1.0407809324887167,9.606289243317988,-0.70940130065269,0.9218869250807012,414.0,feasible_if_all_values_le_0,1.0,1.0,3142|3143|3144|3145|3146,0.7865208801712882,True,COMPLETE
21,-2.602009889298784,4.5973977022651615,0.0034254814485267385,0.003036112923536695,1.0,1.0,1.0,False,-0.25109655705121214,True,True,True,True,False,True,True,0.0,0.0,-4.6374131136808305,0.0,-199.0,-351.0,0.10463404002795762,"[-4.6374131136808305, 0.10463404002795762, -351.0, -199.0, 0.0, 0.0, 0.0]",-0.12060457538694572,0.0906,10.36258688631917,-1000000.0,15.0,-2.014131690536114,650.0,-0.12060457538694572,-2.6527575768194938,2.6101079312068705,0.3734065342041437,-2.236701397002727,-2.4346710773936797,5.005348500227017,0.06399999999999999,0.4535600000000001,2.4541135165373795,0.09396,0.08268,0.9722129561139304,0.2856881072975481,3.0,413.4,206.2,9.281566725938127,0.0982,0.38856,-2.551649716923954,0.08668000000000001,0.09716,0.7618720872616811,-2.1489829700961316,0.4,485.8,241.6,5.0,5.0,10.36258688631917,0.0906,-0.1313796698566126,-2.602009889298784,2.0,0.7453659599720424,1.5081348758261393,0.3413327594679938,-1.4908195087577347,-1.5081348758261393,4.6912839771365284,0.0654,0.45199999999999996,2.1675418659045653,0.0928,0.08299999999999999,0.97633694599971,0.3413327594679938,3.0,415.0,207.0,9.026979595549722,0.1008,0.38639999999999997,-2.281526034437744,0.0888,0.0984,0.7837630222903877,-1.4662777707389663,0.0,492.0,245.0,906.0,451.0,329.36851335395124,329.36851335395386,0.85,-3.3645724382304065,100.0,5,median_of_seed_median_return_pct,-2.602009889298784,1.0,1.0,-0.12060457538694572,10.36258688631917,-2.602009889298784,0.7453659599720424,451.0,feasible_if_all_values_le_0,1.0,1.0,3142|3143|3144|3145|3146,0.48257915618716113,False,COMPLETE
22,-0.9721708560325393,8.73348505679861,0.005338669712330184,0.0029963145095568385,1.0,1.0,1.0,False,-0.10662793200653706,True,True,True,True,True,True,True,0.0,0.0,-5.882587350817811,0.0,-207.0,-343.0,-0.06383407601958935,"[-5.882587350817811, -0.06383407601958935, -343.0, -207.0, 0.0, 0.0, 0.0]",0.7760599540010915,0.0889,9.117412649182189,-1000000.0,15.0,-0.34968340528434005,650.0,0.7760599540010915,-0.9972679556796283,2.557896118429277,0.8863575169047833,-1.6715386015244937,-2.557896118429277,4.721161796072428,0.06340000000000001,0.45408,2.9342211519299757,0.10500000000000001,0.08312,1.0599851994434393,0.8863575169047833,3.4,415.6,207.4,8.27573786120671,0.08624000000000001,0.3952,-2.1107880828513013,0.09120000000000002,0.09111999999999999,0.7975421212365101,-1.6715386015244937,0.0,455.6,226.6,5.0,5.0,9.117412649182189,0.0889,0.5766196050477745,-0.9721708560325393,2.0,0.9138340760195893,2.8923663732303706,0.7872368913221184,-2.0160088876701066,-2.8923663732303706,4.63432507798589,0.06539999999999999,0.44800000000000006,2.8058323817215003,0.10400000000000001,0.0848,1.0967110265031177,0.7872368913221184,3.0,424.0,212.0,8.105023115357868,0.08120000000000001,0.40099999999999997,-2.2052866505659097,0.09220000000000002,0.093,0.7905393639417831,-2.0160088876701066,0.0,465.0,231.0,889.0,443.0,333.7433359583811,333.74333595838084,0.85,-1.6699320905151138,100.0,5,median_of_seed_median_return_pct,-0.9721708560325393,1.0,1.0,0.7760599540010915,9.117412649182189,-0.9721708560325393,0.9138340760195893,443.0,feasible_if_all_values_le_0,1.0,1.0,3142|3143|3144|3145|3146,0.49006579905869907,True,COMPLETE
23,-0.3832923020810952,8.567027327289763,0.0031837544410071674,0.0027644033216758773,1.0,1.0,1.0,False,-0.04483082003229403,True,True,True,True,True,True,True,0.0,0.0,-6.450250033236301,0.0,-240.0,-310.0,-0.05013755206951431,"[-6.450250033236301, -0.05013755206951431, -310.0, -240.0, 0.0, 0.0, 0.0]",1.7432220006809218,0.0824,8.549749966763699,-1000000.0,15.0,0.32602952101998817,650.0,1.7432220006809218,-0.4485001673635436,2.6491271162089824,1.1945610673685714,-1.454566048840411,-2.6491271162089824,4.433317929693229,0.056440000000000004,0.45424,3.2427594857686186,0.1026,0.07796,1.1270156149772328,1.1945610673685714,3.2,389.8,194.4,7.80951834743963,0.08088000000000001,0.39884000000000003,-1.4652002603054561,0.0958,0.08852000000000002,0.8255625667848578,-1.454566048840411,0.6,442.6,220.0,5.0,5.0,8.549749966763699,0.0824,1.4868366133084177,-0.3832923020810952,2.0,0.9001375520695143,3.2352866894611143,1.4344539494109965,-1.3414831423096407,-3.2352866894611143,4.322973380002971,0.0546,0.4534000000000001,3.214998904948996,0.1044,0.07859999999999999,1.0877862947156254,1.4344539494109965,3.0,393.0,196.0,7.717314744224657,0.082,0.398,-1.686332822498271,0.0956,0.08800000000000001,0.797518240785258,-1.3414831423096407,0.0,440.0,219.0,824.0,410.0,361.7417155300498,361.74171553005687,0.85,-1.0607689297595146,100.0,5,median_of_seed_median_return_pct,-0.3832923020810952,1.0,1.0,1.7432220006809218,8.549749966763699,-0.3832923020810952,0.9001375520695143,410.0,feasible_if_all_values_le_0,1.0,1.0,3142|3143|3144|3145|3146,0.6078816106113747,True,COMPLETE
24,-1.5152750951701766,9.142207691549126,0.004920187922520777,0.002677188940051991,1.0,1.0,1.0,False,-0.16651336180824183,True,True,True,True,True,True,True,0.0,0.0,-5.89997896435975,0.0,-231.0,-319.0,-0.03806291508629123,"[-5.89997896435975, -0.03806291508629123, -319.0, -231.0, 0.0, 0.0, 0.0]",1.4590875320643808,0.08420000000000001,9.10002103564025,-1000000.0,15.0,1.421520312199509,650.0,1.4590875320643808,-0.5893604352457738,3.3195303116396806,1.4274192262746244,-1.892111085365056,-3.3195303116396806,4.5032070765683025,0.05616,0.45404,3.4184020099856816,0.10924,0.07855999999999999,1.1354767745456562,1.4274192262746244,3.6,392.8,195.8,8.264927372707808,0.0782,0.39636,-1.9178757733652536,0.09768,0.08912,0.8227770990550693,-1.892111085365056,0.4,445.6,221.6,5.0,5.0,9.10002103564025,0.08420000000000001,1.6712746329210493,-1.5152750951701766,2.0,0.8880629150862912,3.7160707619228295,1.5345879022532705,-1.651042732743313,-3.7160707619228295,4.333532364774606,0.05619999999999999,0.454,3.8135063042887496,0.11000000000000001,0.07780000000000001,1.1291844753937856,1.5345879022532705,3.0,389.0,194.0,8.392700005382325,0.0784,0.39540000000000003,-1.8545304915617966,0.0984,0.089,0.8351895184925434,-1.651042732743313,0.0,445.0,222.0,842.0,419.0,373.5261210142979,373.5261210142998,0.85,-2.2915435405163387,100.0,5,median_of_seed_median_return_pct,-1.5152750951701766,1.0,1.0,1.4590875320643808,9.10002103564025,-1.5152750951701766,0.8880629150862912,419.0,feasible_if_all_values_le_0,1.0,1.0,3142|3143|3144|3145|3146,1.7979299325238511,True,COMPLETE
25,-1.7776166562429307,3.9986494029247757,0.0034754587165340546,0.002731546776776515,1.0,1.0,1.0,False,-0.18404576612338405,True,True,True,True,True,True,True,0.0,0.0,-5.341442274465479,0.0,-202.0,-348.0,-0.00015363803504753193,"[-5.341442274465479, -0.00015363803504753193, -348.0, -202.0, 0.0, 0.0, 0.0]",0.846130611253319,0.08990000000000001,9.658557725534521,-1000000.0,15.0,0.35216405747284796,650.0,0.846130611253319,-1.3874977728254567,2.1453612577477843,0.4610721318550448,-1.6842891258927395,-2.055526506182912,4.797633057985512,0.06672,0.45655999999999997,2.5843068379473677,0.10084,0.08468,0.9974779003944905,0.41615475607260866,2.6,423.4,211.2,7.781625698394007,0.09419999999999999,0.39516,-1.7066633484903826,0.08888,0.09556,0.8154666319578705,-1.6393717501103033,0.6,477.8,237.8,5.0,5.0,9.658557725534521,0.08990000000000001,0.7885321169369128,-1.7776166562429307,2.0,0.8501536380350475,1.3900430472247316,0.43646384567346264,-2.120210286976132,-1.3900430472247316,4.917867122816366,0.067,0.45600000000000007,2.721928618133378,0.101,0.08460000000000001,0.9908164210240709,0.43646384567346264,3.0,423.0,211.0,7.66232854206812,0.0948,0.3954,-1.810935567468544,0.0872,0.09559999999999999,0.7715136388455497,-2.120210286976132,1.0,478.0,238.0,899.0,448.0,366.0929435666099,366.09294356660376,0.85,-2.7926196183311713,100.0,5,median_of_seed_median_return_pct,-1.7776166562429307,1.0,1.0,0.846130611253319,9.658557725534521,-1.7776166562429307,0.8501536380350475,448.0,feasible_if_all_values_le_0,1.0,1.0,3142|3143|3144|3145|3146,1.1930117521239152,True,COMPLETE
26,-0.5449176265188149,7.625296548737528,0.003893133650626325,0.0029925813239757093,1.0,1.0,1.0,False,-0.05871204926904803,True,True,True,True,True,True,True,0.0,0.0,-5.718810988495235,0.0,-223.0,-327.0,-0.1004982025645278,"[-5.718810988495235, -0.1004982025645278, -327.0, -223.0, 0.0, 0.0, 0.0]",0.6164049459034614,0.0857,9.281189011504765,-1000000.0,15.0,0.9068039868025624,650.0,0.6164049459034614,-0.36627274297761137,3.3588948523969835,1.2497235953528874,-2.1091712570440957,-3.3588948523969835,4.862641429019503,0.05968,0.45199999999999996,2.7602033607757486,0.10107999999999999,0.0794,1.0739560967761934,1.2497235953528874,3.6,397.0,198.0,8.121253111841078,0.08376,0.39784,-2.0944384011899877,0.08996,0.09016000000000002,0.7832386760784529,-2.1091712570440957,0.2,450.8,224.2,5.0,5.0,9.281189011504765,0.0857,0.8514527656087312,-0.5449176265188149,2.0,0.9504982025645278,3.203029892155551,0.8074751227403976,-2.525392598548415,-3.203029892155551,4.716066910411332,0.0568,0.4474,2.4069386193690034,0.1,0.0794,1.0526083352318076,0.8074751227403976,4.0,397.0,198.0,8.115901932788283,0.08560000000000001,0.39780000000000004,-2.1454666504198916,0.09079999999999999,0.09000000000000001,0.7289937149313296,-2.525392598548415,0.0,450.0,224.0,857.0,427.0,334.15967412089515,334.15967412089293,0.85,-1.8888281279943353,100.0,5,median_of_seed_median_return_pct,-0.5449176265188149,1.0,1.0,0.6164049459034614,9.281189011504765,-0.5449176265188149,0.9504982025645278,427.0,feasible_if_all_values_le_0,1.0,1.0,3142|3143|3144|3145|3146,1.2533429763879422,True,COMPLETE
