number,value,params_lambda_prior,params_noise_std,params_one_minus_gamma,user_attrs_all_symbols_active_share,user_attrs_all_symbols_have_long_share,user_attrs_calmar_drawdown_floor_abs,user_attrs_calmar_drawdown_floor_applied,user_attrs_calmar_like,user_attrs_constraint_drawdown_ok,user_attrs_constraint_finite_objective_return_ok,user_attrs_constraint_max_trades_ok,user_attrs_constraint_min_trades_ok,user_attrs_constraint_profit_factor_ok,user_attrs_constraint_symbols_active_ok,user_attrs_constraint_symbols_have_long_ok,user_attrs_constraint_value_all_symbols_active,user_attrs_constraint_value_all_symbols_have_long,user_attrs_constraint_value_drawdown,user_attrs_constraint_value_finite_objective_return,user_attrs_constraint_value_max_trades,user_attrs_constraint_value_min_trades,user_attrs_constraint_value_profit_factor,user_attrs_constraints_values,user_attrs_diagnostic_mean_of_seed_mean_return_pct,user_attrs_diagnostic_median_mean_turnover,user_attrs_effective_drawdown_abs_for_calmar,user_attrs_invalid_score,user_attrs_max_drawdown_abs,user_attrs_max_seed_median_return_pct,user_attrs_max_total_trades,user_attrs_mean_of_seed_mean_return_pct,user_attrs_mean_of_seed_median_return_pct,user_attrs_mean_seed_half_return_gap_pct,user_attrs_mean_seed_max_half_median_return_pct,user_attrs_mean_seed_min_half_median_return_pct,user_attrs_mean_seed_second_minus_first_half_median_return_pct,user_attrs_mean_seed_val_first_max_drawdown_abs,user_attrs_mean_seed_val_first_mean_constraint_applied_ratio,user_attrs_mean_seed_val_first_mean_executed_action_1_ratio,user_attrs_mean_seed_val_first_mean_return_pct,user_attrs_mean_seed_val_first_mean_threshold_applied_ratio,user_attrs_mean_seed_val_first_mean_turnover,user_attrs_mean_seed_val_first_median_profit_factor,user_attrs_mean_seed_val_first_median_return_pct,user_attrs_mean_seed_val_first_positive_return_symbols,user_attrs_mean_seed_val_first_total_trade_events,user_attrs_mean_seed_val_first_total_trades,user_attrs_mean_seed_val_second_max_drawdown_abs,user_attrs_mean_seed_val_second_mean_constraint_applied_ratio,user_attrs_mean_seed_val_second_mean_executed_action_1_ratio,user_attrs_mean_seed_val_second_mean_return_pct,user_attrs_mean_seed_val_second_mean_threshold_applied_ratio,user_attrs_mean_seed_val_second_mean_turnover,user_attrs_mean_seed_val_second_median_profit_factor,user_attrs_mean_seed_val_second_median_return_pct,user_attrs_mean_seed_val_second_positive_return_symbols,user_attrs_mean_seed_val_second_total_trade_events,user_attrs_mean_seed_val_second_total_trades,user_attrs_median_active_symbols,user_attrs_median_long_action_symbols,user_attrs_median_max_drawdown_abs,user_attrs_median_mean_turnover,user_attrs_median_of_seed_mean_return_pct,user_attrs_median_of_seed_median_return_pct,user_attrs_median_positive_return_symbols,user_attrs_median_profit_factor,user_attrs_median_seed_half_return_gap_pct,user_attrs_median_seed_max_half_median_return_pct,user_attrs_median_seed_min_half_median_return_pct,user_attrs_median_seed_second_minus_first_half_median_return_pct,user_attrs_median_seed_val_first_max_drawdown_abs,user_attrs_median_seed_val_first_mean_constraint_applied_ratio,user_attrs_median_seed_val_first_mean_executed_action_1_ratio,user_attrs_median_seed_val_first_mean_return_pct,user_attrs_median_seed_val_first_mean_threshold_applied_ratio,user_attrs_median_seed_val_first_mean_turnover,user_attrs_median_seed_val_first_median_profit_factor,user_attrs_median_seed_val_first_median_return_pct,user_attrs_median_seed_val_first_positive_return_symbols,user_attrs_median_seed_val_first_total_trade_events,user_attrs_median_seed_val_first_total_trades,user_attrs_median_seed_val_second_max_drawdown_abs,user_attrs_median_seed_val_second_mean_constraint_applied_ratio,user_attrs_median_seed_val_second_mean_executed_action_1_ratio,user_attrs_median_seed_val_second_mean_return_pct,user_attrs_median_seed_val_second_mean_threshold_applied_ratio,user_attrs_median_seed_val_second_mean_turnover,user_attrs_median_seed_val_second_median_profit_factor,user_attrs_median_seed_val_second_median_return_pct,user_attrs_median_seed_val_second_positive_return_symbols,user_attrs_median_seed_val_second_total_trade_events,user_attrs_median_seed_val_second_total_trades,user_attrs_median_total_trade_events,user_attrs_median_total_trades,user_attrs_memory_horizon,user_attrs_memory_horizon_bars,user_attrs_min_profit_factor,user_attrs_min_seed_median_return_pct,user_attrs_min_total_trades,user_attrs_n_seeds,user_attrs_objective_metric_name,user_attrs_objective_score,user_attrs_observed_all_symbols_active_share,user_attrs_observed_all_symbols_have_long_share,user_attrs_observed_mean_of_seed_mean_return_pct,user_attrs_observed_median_max_drawdown_abs,user_attrs_observed_median_of_seed_median_return_pct,user_attrs_observed_median_profit_factor,user_attrs_observed_median_total_trades,user_attrs_optuna_constraints_convention,user_attrs_required_all_symbols_active_share,user_attrs_required_all_symbols_have_long_share,user_attrs_seeds_used,user_attrs_std_of_seed_median_return_pct,user_attrs_valid,state
7,-2.387613929238297,0.3999384989689106,0.0038594701586030697,0.0027551351726875332,1.0,1.0,1.0,False,-0.2669564689301993,True,True,True,True,True,True,True,0.0,0.0,-6.056167551187595,0.0,-180.0,-370.0,-0.0013789869870272087,"[-6.056167551187595, -0.0013789869870272087, -370.0, -180.0, 0.0, 0.0, 0.0]",0.43669710178949284,0.0944,8.943832448812405,-1000000.0,15.0,0.5469444807652657,650.0,0.43669710178949284,-1.5035769008100908,1.077234891104386,-0.5342734103656821,-1.6115083014700684,-1.077234891104386,5.58731895019187,0.08096,0.471,2.1060142552320777,0.08692,0.0906,0.8746245327378347,-0.5342734103656821,2.2,453.0,226.0,8.354974850480923,0.0982,0.39408000000000004,-1.6450439971801245,0.08452000000000001,0.09896,0.8235621587934607,-1.6115083014700684,1.0,494.8,246.2,5.0,5.0,8.943832448812405,0.0944,0.5212283240656056,-2.387613929238297,2.0,0.8513789869870272,1.0913217107131445,-0.796259282822176,-1.8957498478755164,-1.0913217107131445,5.705062289758733,0.07999999999999999,0.47300000000000003,2.1276421575884363,0.08779999999999999,0.0898,0.8435250931133974,-0.796259282822176,2.0,449.0,224.0,8.00283338694161,0.099,0.3942,-1.5743174049991682,0.08360000000000001,0.0988,0.7981227813889529,-1.8957498478755164,1.0,494.0,246.0,944.0,470.0,362.95859815274935,362.958598152747,0.85,-2.8346192615559485,100.0,5,median_of_seed_median_return_pct,-2.387613929238297,1.0,1.0,0.43669710178949284,8.943832448812405,-2.387613929238297,0.8513789869870272,470.0,feasible_if_all_values_le_0,1.0,1.0,3142|3143|3144|3145|3146,1.584584018399248,True,COMPLETE
8,-0.3592899829716778,0.4491579476345678,0.003985601095823479,0.003117935957651857,1.0,1.0,1.0,False,-0.04010500954607118,True,True,True,True,True,True,True,0.0,0.0,-6.041269231991118,0.0,-161.0,-389.0,-0.10164368848443617,"[-6.041269231991118, -0.10164368848443617, -389.0, -161.0, 0.0, 0.0, 0.0]",0.47525973840067115,0.09809999999999999,8.958730768008882,-1000000.0,15.0,0.2820335195068635,650.0,0.47525973840067115,-0.662913840277195,1.9583789874546522,0.8593499690150175,-1.0990290184396343,-1.9583789874546522,5.216828750446529,0.08524000000000001,0.46227999999999997,1.9850351895796454,0.08368,0.09459999999999999,1.0028920245258013,0.8593499690150175,2.8,473.0,236.0,8.217331530420992,0.1034,0.3888,-1.4837052470735952,0.07656,0.10124,0.890337231598355,-1.0990290184396343,0.8,506.2,252.0,5.0,5.0,8.958730768008882,0.09809999999999999,0.32970009877719236,-0.3592899829716778,2.0,0.9516436884844361,1.9225088627986442,1.0024383731725095,-1.2938563671278547,-1.9225088627986442,5.005011862590292,0.0818,0.4628,1.667062427652668,0.0816,0.0922,1.019353771913654,1.0024383731725095,3.0,461.0,230.0,8.453371336095516,0.1008,0.3888,-1.593161153573408,0.07680000000000001,0.1002,0.892939930097619,-1.2938563671278547,1.0,501.0,249.0,981.0,489.0,320.72499678701166,320.7249967870111,0.85,-2.3271035527127726,100.0,5,median_of_seed_median_return_pct,-0.3592899829716778,1.0,1.0,0.47525973840067115,8.958730768008882,-0.3592899829716778,0.9516436884844361,489.0,feasible_if_all_values_le_0,1.0,1.0,3142|3143|3144|3145|3146,1.0928474491616522,True,COMPLETE
9,-1.6307050128292921,1.3291529720524704,0.03478395209918766,0.0032024966776234036,1.0,1.0,1.0,False,-0.16837474236647074,True,True,False,True,True,True,True,0.0,0.0,-5.315025936134575,0.0,84.0,-634.0,-0.057120152461466844,"[-5.315025936134575, -0.057120152461466844, -634.0, 84.0, 0.0, 0.0, 0.0]",-1.806316422974166,0.1473,9.684974063865425,-1000000.0,15.0,-0.7695646538306455,650.0,-1.806316422974166,-2.53973159174822,3.392151961608922,0.05015074170894973,-3.3420012198999727,-3.392151961608922,5.246107460018343,0.12775999999999998,0.52616,1.5843313445244565,0.07576000000000001,0.14340000000000003,0.9638383434132625,0.05015074170894973,2.6,717.0,358.0,8.51506739065233,0.15184000000000003,0.46319999999999995,-3.3292213505758257,0.07168,0.15,0.7167497716466876,-3.3420012198999727,0.4,750.0,373.6,5.0,5.0,9.684974063865425,0.1473,-1.7554043563332988,-1.6307050128292921,1.0,0.9071201524614668,3.6836106839262195,-0.001450706441086247,-3.5498783977424564,-3.6836106839262195,5.3583788756453865,0.1306,0.5248,1.6215849943699374,0.078,0.14140000000000003,0.977881661132954,-0.001450706441086247,2.0,707.0,353.0,8.517989809991766,0.1544,0.4646,-3.0784558186947275,0.0718,0.1494,0.7246423181580985,-3.5498783977424564,0.0,747.0,372.0,1473.0,734.0,312.2563739057826,312.2563739057828,0.85,-6.786987198416283,100.0,5,median_of_seed_median_return_pct,-1.6307050128292921,1.0,1.0,-1.806316422974166,9.684974063865425,-1.6307050128292921,0.9071201524614668,734.0,feasible_if_all_values_le_0,1.0,1.0,3142|3143|3144|3145|3146,2.500266885581972,False,COMPLETE
10,-2.028859430112906,0.8220333085199437,0.003595364565237227,0.0034404443099711754,1.0,1.0,1.0,False,-0.2005993443947164,True,True,True,True,False,True,True,0.0,0.0,-4.886011660532905,0.0,-164.0,-386.0,0.007557882497763235,"[-4.886011660532905, 0.007557882497763235, -386.0, -164.0, 0.0, 0.0, 0.0]",-0.04671107605736315,0.09749999999999999,10.113988339467095,-1000000.0,15.0,-0.5494806427059684,650.0,-0.04671107605736315,-1.96327771653539,3.205924974687389,0.8575213816057324,-2.3484035930816565,-3.205924974687389,4.987303345354393,0.07915999999999998,0.45608000000000004,2.405839142633454,0.08076,0.09284,1.0218956794329679,0.8575213816057324,2.6,464.2,231.6,8.774969444295099,0.10755999999999999,0.38512,-2.4350961091987857,0.07492000000000001,0.10300000000000001,0.8004662739746694,-2.3484035930816565,0.8,515.0,256.2,5.0,5.0,10.113988339467095,0.09749999999999999,0.057788164811223196,-2.028859430112906,2.0,0.8424421175022367,3.500458376789428,0.38762686536288893,-2.700476490460757,-3.500458376789428,4.85340415492419,0.07999999999999999,0.458,2.131890130775993,0.0806,0.0922,0.9974316346460463,0.38762686536288893,3.0,461.0,230.0,8.868654035587674,0.10739999999999998,0.38520000000000004,-2.6094271569948657,0.0746,0.1036,0.7679617224631063,-2.700476490460757,1.0,518.0,258.0,975.0,486.0,290.6601327920864,290.66013279208886,0.85,-3.2276309861056784,100.0,5,median_of_seed_median_return_pct,-2.028859430112906,1.0,1.0,-0.04671107605736315,10.113988339467095,-2.028859430112906,0.8424421175022367,486.0,feasible_if_all_values_le_0,1.0,1.0,3142|3143|3144|3145|3146,0.9601642520907179,False,COMPLETE
11,-2.1612514141888695,5.7896005303003,0.028535218317205617,0.002724630948977317,1.0,1.0,1.0,False,-0.1934672152537741,True,True,True,True,True,True,True,0.0,0.0,-3.82884931509496,0.0,-12.0,-538.0,-0.011639791100136354,"[-3.82884931509496, -0.011639791100136354, -538.0, -12.0, 0.0, 0.0, 0.0]",-1.2040022647412776,0.1278,11.17115068490504,-1000000.0,15.0,-1.2624333622400785,650.0,-1.2040022647412776,-2.2895825924276636,3.596901811879731,0.5475323999540072,-3.049369411925724,-3.596901811879731,5.15274612915591,0.10832000000000001,0.50564,1.6629804800196974,0.08792,0.12732000000000002,0.9890213718515781,0.5475323999540072,3.4,636.6,318.2,9.042761275963645,0.12168000000000001,0.4431999999999999,-2.8217490559286023,0.08712,0.13052000000000002,0.7339833545471715,-3.049369411925724,0.4,652.6,324.6,5.0,5.0,11.17115068490504,0.1278,-1.2680065290084097,-2.1612514141888695,1.0,0.8616397911001363,2.849654516126865,0.5070099659994165,-2.529990200914556,-2.849654516126865,4.840313139831542,0.1078,0.5072,1.910006521203893,0.08880000000000002,0.1264,0.9624922176069004,0.5070099659994165,3.0,632.0,316.0,9.277753679552504,0.12179999999999999,0.44279999999999997,-3.103487062733201,0.0866,0.1288,0.7825521155602702,-2.529990200914556,0.0,644.0,320.0,1278.0,638.0,367.0221834540004,367.0221834539964,0.85,-3.8562019990455387,100.0,5,median_of_seed_median_return_pct,-2.1612514141888695,1.0,1.0,-1.2040022647412776,11.17115068490504,-2.1612514141888695,0.8616397911001363,638.0,feasible_if_all_values_le_0,1.0,1.0,3142|3143|3144|3145|3146,1.0931887283332415,True,COMPLETE
12,-1.93221847313092,7.110152326376518,0.01364355624753253,0.003352731719784772,1.0,1.0,1.0,False,-0.18759076805604127,True,True,True,True,False,True,True,0.0,0.0,-4.699821088457377,0.0,-123.0,-427.0,0.00249222988111919,"[-4.699821088457377, 0.00249222988111919, -427.0, -123.0, 0.0, 0.0, 0.0]",-0.30007492669698027,0.1058,10.300178911542623,-1000000.0,15.0,0.7492968829757363,650.0,-0.30007492669698027,-1.9027102949115158,2.6157502003235438,0.44834757493962485,-2.167402625383919,-2.6157502003235438,5.147155803534405,0.08756,0.47248,2.056616677790703,0.09511999999999998,0.10224,1.003818455146057,0.44834757493962485,3.0,511.2,255.6,8.449603319248789,0.10116,0.40671999999999997,-2.331269290211407,0.08564000000000001,0.10688,0.7388087911817821,-2.167402625383919,0.6,534.4,265.2,5.0,5.0,10.300178911542623,0.1058,-0.1359414953931303,-1.93221847313092,2.0,0.8475077701188808,2.5412867834032737,0.4802115851008537,-2.67038932837389,-2.5412867834032737,5.399649161036679,0.0838,0.46840000000000004,2.0772240920960794,0.09539999999999998,0.1028,1.025161872270833,0.4802115851008537,3.0,514.0,257.0,8.094578344235103,0.0984,0.4088,-2.303043400614924,0.0852,0.1052,0.7219856107149484,-2.67038932837389,0.0,526.0,261.0,1058.0,527.0,298.264246464729,298.2642464647279,0.85,-3.527438955968021,100.0,5,median_of_seed_median_return_pct,-1.93221847313092,1.0,1.0,-0.30007492669698027,10.300178911542623,-1.93221847313092,0.8475077701188808,527.0,feasible_if_all_values_le_0,1.0,1.0,3142|3143|3144|3145|3146,1.632301720609753,False,COMPLETE
13,-2.2146935154199965,5.085935611348041,0.008835386660859486,0.002612041418035566,1.0,1.0,1.0,False,-0.21554679917433214,True,True,True,True,False,True,True,0.0,0.0,-4.725231254170589,0.0,-184.0,-366.0,0.030753852057885722,"[-4.725231254170589, 0.030753852057885722, -366.0, -184.0, 0.0, 0.0, 0.0]",-0.21235076389802243,0.0934,10.27476874582941,-1000000.0,15.0,-1.7903886342935937,650.0,-0.21235076389802243,-2.104238460451633,2.5254666006536253,0.21789459799089972,-2.3075720026627256,-2.5254666006536253,5.383640343705293,0.06720000000000001,0.46504,2.506991085057378,0.10152000000000001,0.08756,0.9487676866589645,0.21789459799089972,3.0,437.8,218.4,9.07798994891887,0.09491999999999999,0.39724,-2.6569058848663443,0.09344,0.0998,0.7487152006597603,-2.3075720026627256,0.0,499.0,248.4,5.0,5.0,10.27476874582941,0.0934,-0.06271612203920149,-2.2146935154199965,2.0,0.8192461479421143,2.2364483718616324,0.27276514609482216,-2.127643979512095,-2.2364483718616324,5.474601869874974,0.06620000000000001,0.46480000000000005,2.60837634414697,0.1012,0.0866,0.9468877922860172,0.27276514609482216,3.0,433.0,216.0,9.054359219075803,0.0932,0.3966,-2.580512028012938,0.092,0.0998,0.7588332707829069,-2.127643979512095,0.0,499.0,248.0,934.0,466.0,382.84232137179066,382.84232137178344,0.85,-2.4583944807211155,100.0,5,median_of_seed_median_return_pct,-2.2146935154199965,1.0,1.0,-0.21235076389802243,10.27476874582941,-2.2146935154199965,0.8192461479421143,466.0,feasible_if_all_values_le_0,1.0,1.0,3142|3143|3144|3145|3146,0.29753496377272154,False,COMPLETE
14,-1.2436567110140295,2.6920026665995027,0.01872057840370247,0.0029417961694123357,1.0,1.0,1.0,False,-0.1270760199769497,True,True,True,True,True,True,True,0.0,0.0,-5.213285628243501,0.0,-89.0,-461.0,-0.026715190027220892,"[-5.213285628243501, -0.026715190027220892, -461.0, -89.0, 0.0, 0.0, 0.0]",0.15705651758687633,0.1125,9.7867143717565,-1000000.0,15.0,-1.2063170683695446,650.0,0.15705651758687633,-1.4252010283514194,3.6064347426565413,1.134183711634762,-2.4722510310217793,-3.6064347426565413,5.029044113754909,0.09304,0.48668000000000006,2.8037820313759663,0.08944,0.10880000000000001,1.0635573194825958,1.134183711634762,3.2,544.0,271.8,8.790510300274128,0.10964,0.41924,-2.569924745660296,0.0816,0.11383999999999998,0.7503513061832268,-2.4722510310217793,0.6,569.2,283.2,5.0,5.0,9.7867143717565,0.1125,-0.01320587613931501,-1.2436567110140295,1.0,0.8767151900272209,3.4878813910827478,0.7960306846408916,-2.146257007279051,-3.4878813910827478,5.169565317843849,0.09440000000000001,0.4852,2.897558132925162,0.088,0.10839999999999998,0.9967174884441945,0.7960306846408916,3.0,542.0,271.0,9.203462884012891,0.10979999999999998,0.42160000000000003,-2.8237023281792872,0.08280000000000001,0.11499999999999999,0.7736137146155065,-2.146257007279051,1.0,575.0,286.0,1125.0,561.0,339.9283779065372,339.9283779065333,0.85,-1.895177139195059,100.0,5,median_of_seed_median_return_pct,-1.2436567110140295,1.0,1.0,0.15705651758687633,9.7867143717565,-1.2436567110140295,0.8767151900272209,561.0,feasible_if_all_values_le_0,1.0,1.0,3142|3143|3144|3145|3146,0.3027674434872664,True,COMPLETE
15,-3.2727163010930926,4.89692063872005,0.030046374310129107,0.003336442860693859,1.0,1.0,1.0,False,-0.2798358757404681,True,True,False,True,False,True,True,0.0,0.0,-3.304872302619442,0.0,19.0,-569.0,0.04330950582132154,"[-3.304872302619442, 0.04330950582132154, -569.0, 19.0, 0.0, 0.0, 0.0]",-1.8524747712180634,0.13410000000000002,11.695127697380558,-1000000.0,15.0,-2.0862747954751404,650.0,-1.8524747712180634,-3.1929732257955945,4.83193667930358,0.6326473640533559,-4.199289315250225,-4.83193667930358,5.758074513748331,0.11499999999999999,0.51712,2.255365842807101,0.07755999999999999,0.1338,1.0498692382469972,0.6326473640533559,3.0,669.0,334.2,9.084644472771732,0.13408,0.44419999999999993,-3.999037518654096,0.08084,0.137,0.6633185586063608,-4.199289315250225,0.0,685.0,341.2,5.0,5.0,11.695127697380558,0.13410000000000002,-1.863698468209207,-3.2727163010930926,1.0,0.8066904941786784,5.048066812189156,0.8370761998197418,-4.270057442863962,-5.048066812189156,5.193809041417429,0.11579999999999999,0.5186,2.6829780699498,0.0784,0.132,1.0615854497159216,0.8370761998197418,3.0,660.0,329.0,8.797336036354942,0.134,0.44699999999999995,-3.6175342141539746,0.08199999999999999,0.13820000000000002,0.6619419740309734,-4.270057442863962,0.0,691.0,344.0,1341.0,669.0,299.7204033615718,299.7204033615681,0.85,-4.481295004976749,100.0,5,median_of_seed_median_return_pct,-3.2727163010930926,1.0,1.0,-1.8524747712180634,11.695127697380558,-3.2727163010930926,0.8066904941786784,669.0,feasible_if_all_values_le_0,1.0,1.0,3142|3143|3144|3145|3146,0.9156650085760709,False,COMPLETE
16,-2.1525901261412295,0.3857885582631179,0.006148120697313641,0.0036218443546222703,1.0,1.0,1.0,False,-0.23564599903541178,True,True,True,True,False,True,True,0.0,0.0,-5.865153090005368,0.0,-150.0,-400.0,0.014216278264331694,"[-5.865153090005368, 0.014216278264331694, -400.0, -150.0, 0.0, 0.0, 0.0]",0.3209281065454098,0.10029999999999999,9.134846909994632,-1000000.0,15.0,-0.951788601887249,650.0,0.3209281065454098,-2.0025470999226003,1.5980711841643624,0.14999691878814891,-1.4480742653762135,-1.5980711841643624,5.218678039188383,0.08471999999999999,0.46324000000000004,1.9714177364336725,0.07724,0.09652,0.9372668945430359,0.14999691878814891,2.4,482.6,240.8,7.818998082591255,0.10868,0.38984,-1.625990866769584,0.06892000000000001,0.10307999999999999,0.8606081833701328,-1.4480742653762135,1.4,515.4,256.4,5.0,5.0,9.134846909994632,0.10029999999999999,-0.4902152481936682,-2.1525901261412295,1.0,0.8357837217356683,1.5835043864914522,-0.6432837897390464,-1.990185653468679,-1.5835043864914522,5.168976397525038,0.08499999999999999,0.46319999999999995,1.9370922155747803,0.0784,0.097,0.8783592643794521,-0.6432837897390464,2.0,485.0,242.0,7.142406790369005,0.1052,0.3928,-1.8409981388557093,0.0688,0.1036,0.7839148095399505,-1.990185653468679,1.0,518.0,258.0,1003.0,500.0,276.10242243672894,276.1024224367254,0.85,-2.8674336519557753,100.0,5,median_of_seed_median_return_pct,-2.1525901261412295,1.0,1.0,0.3209281065454098,9.134846909994632,-2.1525901261412295,0.8357837217356683,500.0,feasible_if_all_values_le_0,1.0,1.0,3142|3143|3144|3145|3146,0.8339557641402137,False,COMPLETE
